[2023-05-04T18:50:15.451+0200] {processor.py:156} INFO - Started process (PID=7462) to work on /Users/brenda/miniconda3/envs/airflow/lib/python3.8/site-packages/airflow/example_dags/example_python_operator.py
[2023-05-04T18:50:15.454+0200] {processor.py:758} INFO - Processing file /Users/brenda/miniconda3/envs/airflow/lib/python3.8/site-packages/airflow/example_dags/example_python_operator.py for tasks to queue
[2023-05-04T18:50:15.455+0200] {logging_mixin.py:117} INFO - [2023-05-04T18:50:15.455+0200] {dagbag.py:525} INFO - Filling up the DagBag from /Users/brenda/miniconda3/envs/airflow/lib/python3.8/site-packages/airflow/example_dags/example_python_operator.py
[2023-05-04T18:50:15.484+0200] {logging_mixin.py:117} INFO - [2023-05-04T18:50:15.484+0200] {example_python_operator.py:85} WARNING - The virtalenv_python example task requires virtualenv, please install it.
[2023-05-04T18:50:15.488+0200] {processor.py:768} INFO - DAG(s) dict_keys(['example_python_operator']) retrieved from /Users/brenda/miniconda3/envs/airflow/lib/python3.8/site-packages/airflow/example_dags/example_python_operator.py
[2023-05-04T18:50:15.593+0200] {logging_mixin.py:117} INFO - [2023-05-04T18:50:15.593+0200] {dag.py:2573} INFO - Sync 1 DAGs
[2023-05-04T18:50:15.603+0200] {logging_mixin.py:117} INFO - [2023-05-04T18:50:15.603+0200] {dag.py:3324} INFO - Setting next_dagrun for example_python_operator to None, run_after=None
[2023-05-04T18:50:15.613+0200] {processor.py:178} INFO - Processing /Users/brenda/miniconda3/envs/airflow/lib/python3.8/site-packages/airflow/example_dags/example_python_operator.py took 0.162 seconds
[2023-05-04T18:51:09.355+0200] {processor.py:156} INFO - Started process (PID=7551) to work on /Users/brenda/miniconda3/envs/airflow/lib/python3.8/site-packages/airflow/example_dags/example_python_operator.py
[2023-05-04T18:51:09.359+0200] {processor.py:758} INFO - Processing file /Users/brenda/miniconda3/envs/airflow/lib/python3.8/site-packages/airflow/example_dags/example_python_operator.py for tasks to queue
[2023-05-04T18:51:09.359+0200] {logging_mixin.py:117} INFO - [2023-05-04T18:51:09.359+0200] {dagbag.py:525} INFO - Filling up the DagBag from /Users/brenda/miniconda3/envs/airflow/lib/python3.8/site-packages/airflow/example_dags/example_python_operator.py
[2023-05-04T18:51:09.386+0200] {logging_mixin.py:117} INFO - [2023-05-04T18:51:09.386+0200] {example_python_operator.py:85} WARNING - The virtalenv_python example task requires virtualenv, please install it.
[2023-05-04T18:51:09.391+0200] {processor.py:768} INFO - DAG(s) dict_keys(['example_python_operator']) retrieved from /Users/brenda/miniconda3/envs/airflow/lib/python3.8/site-packages/airflow/example_dags/example_python_operator.py
[2023-05-04T18:51:09.495+0200] {logging_mixin.py:117} INFO - [2023-05-04T18:51:09.495+0200] {dag.py:2573} INFO - Sync 1 DAGs
[2023-05-04T18:51:09.505+0200] {logging_mixin.py:117} INFO - [2023-05-04T18:51:09.505+0200] {dag.py:3324} INFO - Setting next_dagrun for example_python_operator to None, run_after=None
[2023-05-04T18:51:09.515+0200] {processor.py:178} INFO - Processing /Users/brenda/miniconda3/envs/airflow/lib/python3.8/site-packages/airflow/example_dags/example_python_operator.py took 0.160 seconds
[2023-05-04T18:52:24.591+0200] {processor.py:156} INFO - Started process (PID=7734) to work on /Users/brenda/miniconda3/envs/airflow/lib/python3.8/site-packages/airflow/example_dags/example_python_operator.py
[2023-05-04T18:52:24.594+0200] {processor.py:758} INFO - Processing file /Users/brenda/miniconda3/envs/airflow/lib/python3.8/site-packages/airflow/example_dags/example_python_operator.py for tasks to queue
[2023-05-04T18:52:24.594+0200] {logging_mixin.py:117} INFO - [2023-05-04T18:52:24.594+0200] {dagbag.py:525} INFO - Filling up the DagBag from /Users/brenda/miniconda3/envs/airflow/lib/python3.8/site-packages/airflow/example_dags/example_python_operator.py
[2023-05-04T18:52:24.621+0200] {logging_mixin.py:117} INFO - [2023-05-04T18:52:24.621+0200] {example_python_operator.py:85} WARNING - The virtalenv_python example task requires virtualenv, please install it.
[2023-05-04T18:52:24.624+0200] {processor.py:768} INFO - DAG(s) dict_keys(['example_python_operator']) retrieved from /Users/brenda/miniconda3/envs/airflow/lib/python3.8/site-packages/airflow/example_dags/example_python_operator.py
[2023-05-04T18:52:24.735+0200] {logging_mixin.py:117} INFO - [2023-05-04T18:52:24.734+0200] {dag.py:2573} INFO - Sync 1 DAGs
[2023-05-04T18:52:24.745+0200] {logging_mixin.py:117} INFO - [2023-05-04T18:52:24.745+0200] {dag.py:3324} INFO - Setting next_dagrun for example_python_operator to None, run_after=None
[2023-05-04T18:52:24.754+0200] {processor.py:178} INFO - Processing /Users/brenda/miniconda3/envs/airflow/lib/python3.8/site-packages/airflow/example_dags/example_python_operator.py took 0.164 seconds
[2023-05-04T18:53:19.498+0200] {processor.py:156} INFO - Started process (PID=7832) to work on /Users/brenda/miniconda3/envs/airflow/lib/python3.8/site-packages/airflow/example_dags/example_python_operator.py
[2023-05-04T18:53:19.501+0200] {processor.py:758} INFO - Processing file /Users/brenda/miniconda3/envs/airflow/lib/python3.8/site-packages/airflow/example_dags/example_python_operator.py for tasks to queue
[2023-05-04T18:53:19.502+0200] {logging_mixin.py:117} INFO - [2023-05-04T18:53:19.501+0200] {dagbag.py:525} INFO - Filling up the DagBag from /Users/brenda/miniconda3/envs/airflow/lib/python3.8/site-packages/airflow/example_dags/example_python_operator.py
[2023-05-04T18:53:19.529+0200] {logging_mixin.py:117} INFO - [2023-05-04T18:53:19.529+0200] {example_python_operator.py:85} WARNING - The virtalenv_python example task requires virtualenv, please install it.
[2023-05-04T18:53:19.532+0200] {processor.py:768} INFO - DAG(s) dict_keys(['example_python_operator']) retrieved from /Users/brenda/miniconda3/envs/airflow/lib/python3.8/site-packages/airflow/example_dags/example_python_operator.py
[2023-05-04T18:53:19.643+0200] {logging_mixin.py:117} INFO - [2023-05-04T18:53:19.643+0200] {dag.py:2573} INFO - Sync 1 DAGs
[2023-05-04T18:53:19.655+0200] {logging_mixin.py:117} INFO - [2023-05-04T18:53:19.655+0200] {dag.py:3324} INFO - Setting next_dagrun for example_python_operator to None, run_after=None
[2023-05-04T18:53:19.666+0200] {processor.py:178} INFO - Processing /Users/brenda/miniconda3/envs/airflow/lib/python3.8/site-packages/airflow/example_dags/example_python_operator.py took 0.169 seconds
[2023-05-04T18:54:11.127+0200] {processor.py:156} INFO - Started process (PID=7908) to work on /Users/brenda/miniconda3/envs/airflow/lib/python3.8/site-packages/airflow/example_dags/example_python_operator.py
[2023-05-04T18:54:11.131+0200] {processor.py:758} INFO - Processing file /Users/brenda/miniconda3/envs/airflow/lib/python3.8/site-packages/airflow/example_dags/example_python_operator.py for tasks to queue
[2023-05-04T18:54:11.131+0200] {logging_mixin.py:117} INFO - [2023-05-04T18:54:11.131+0200] {dagbag.py:525} INFO - Filling up the DagBag from /Users/brenda/miniconda3/envs/airflow/lib/python3.8/site-packages/airflow/example_dags/example_python_operator.py
[2023-05-04T18:54:11.158+0200] {logging_mixin.py:117} INFO - [2023-05-04T18:54:11.158+0200] {example_python_operator.py:85} WARNING - The virtalenv_python example task requires virtualenv, please install it.
[2023-05-04T18:54:11.162+0200] {processor.py:768} INFO - DAG(s) dict_keys(['example_python_operator']) retrieved from /Users/brenda/miniconda3/envs/airflow/lib/python3.8/site-packages/airflow/example_dags/example_python_operator.py
[2023-05-04T18:54:11.275+0200] {logging_mixin.py:117} INFO - [2023-05-04T18:54:11.275+0200] {dag.py:2573} INFO - Sync 1 DAGs
[2023-05-04T18:54:11.286+0200] {logging_mixin.py:117} INFO - [2023-05-04T18:54:11.286+0200] {dag.py:3324} INFO - Setting next_dagrun for example_python_operator to None, run_after=None
[2023-05-04T18:54:11.296+0200] {processor.py:178} INFO - Processing /Users/brenda/miniconda3/envs/airflow/lib/python3.8/site-packages/airflow/example_dags/example_python_operator.py took 0.169 seconds
[2023-05-04T18:55:25.338+0200] {processor.py:156} INFO - Started process (PID=7992) to work on /Users/brenda/miniconda3/envs/airflow/lib/python3.8/site-packages/airflow/example_dags/example_python_operator.py
[2023-05-04T18:55:25.342+0200] {processor.py:758} INFO - Processing file /Users/brenda/miniconda3/envs/airflow/lib/python3.8/site-packages/airflow/example_dags/example_python_operator.py for tasks to queue
[2023-05-04T18:55:25.342+0200] {logging_mixin.py:117} INFO - [2023-05-04T18:55:25.342+0200] {dagbag.py:525} INFO - Filling up the DagBag from /Users/brenda/miniconda3/envs/airflow/lib/python3.8/site-packages/airflow/example_dags/example_python_operator.py
[2023-05-04T18:55:25.369+0200] {logging_mixin.py:117} INFO - [2023-05-04T18:55:25.369+0200] {example_python_operator.py:85} WARNING - The virtalenv_python example task requires virtualenv, please install it.
[2023-05-04T18:55:25.372+0200] {processor.py:768} INFO - DAG(s) dict_keys(['example_python_operator']) retrieved from /Users/brenda/miniconda3/envs/airflow/lib/python3.8/site-packages/airflow/example_dags/example_python_operator.py
[2023-05-04T18:55:25.471+0200] {logging_mixin.py:117} INFO - [2023-05-04T18:55:25.471+0200] {dag.py:2573} INFO - Sync 1 DAGs
[2023-05-04T18:55:25.481+0200] {logging_mixin.py:117} INFO - [2023-05-04T18:55:25.481+0200] {dag.py:3324} INFO - Setting next_dagrun for example_python_operator to None, run_after=None
[2023-05-04T18:55:25.491+0200] {processor.py:178} INFO - Processing /Users/brenda/miniconda3/envs/airflow/lib/python3.8/site-packages/airflow/example_dags/example_python_operator.py took 0.154 seconds
[2023-05-04T19:59:46.960+0200] {processor.py:156} INFO - Started process (PID=8110) to work on /Users/brenda/miniconda3/envs/airflow/lib/python3.8/site-packages/airflow/example_dags/example_python_operator.py
[2023-05-04T19:59:46.963+0200] {processor.py:758} INFO - Processing file /Users/brenda/miniconda3/envs/airflow/lib/python3.8/site-packages/airflow/example_dags/example_python_operator.py for tasks to queue
[2023-05-04T19:59:46.963+0200] {logging_mixin.py:117} INFO - [2023-05-04T19:59:46.963+0200] {dagbag.py:525} INFO - Filling up the DagBag from /Users/brenda/miniconda3/envs/airflow/lib/python3.8/site-packages/airflow/example_dags/example_python_operator.py
[2023-05-04T19:59:46.989+0200] {logging_mixin.py:117} INFO - [2023-05-04T19:59:46.989+0200] {example_python_operator.py:85} WARNING - The virtalenv_python example task requires virtualenv, please install it.
[2023-05-04T19:59:46.993+0200] {processor.py:768} INFO - DAG(s) dict_keys(['example_python_operator']) retrieved from /Users/brenda/miniconda3/envs/airflow/lib/python3.8/site-packages/airflow/example_dags/example_python_operator.py
[2023-05-04T19:59:47.094+0200] {logging_mixin.py:117} INFO - [2023-05-04T19:59:47.094+0200] {dag.py:2573} INFO - Sync 1 DAGs
[2023-05-04T19:59:47.105+0200] {logging_mixin.py:117} INFO - [2023-05-04T19:59:47.105+0200] {dag.py:3324} INFO - Setting next_dagrun for example_python_operator to None, run_after=None
[2023-05-04T19:59:47.115+0200] {processor.py:178} INFO - Processing /Users/brenda/miniconda3/envs/airflow/lib/python3.8/site-packages/airflow/example_dags/example_python_operator.py took 0.156 seconds
[2023-05-04T21:39:55.963+0200] {processor.py:156} INFO - Started process (PID=8215) to work on /Users/brenda/miniconda3/envs/airflow/lib/python3.8/site-packages/airflow/example_dags/example_python_operator.py
[2023-05-04T21:39:55.968+0200] {processor.py:758} INFO - Processing file /Users/brenda/miniconda3/envs/airflow/lib/python3.8/site-packages/airflow/example_dags/example_python_operator.py for tasks to queue
[2023-05-04T21:39:55.968+0200] {logging_mixin.py:117} INFO - [2023-05-04T21:39:55.968+0200] {dagbag.py:525} INFO - Filling up the DagBag from /Users/brenda/miniconda3/envs/airflow/lib/python3.8/site-packages/airflow/example_dags/example_python_operator.py
[2023-05-04T21:39:55.997+0200] {logging_mixin.py:117} INFO - [2023-05-04T21:39:55.997+0200] {example_python_operator.py:85} WARNING - The virtalenv_python example task requires virtualenv, please install it.
[2023-05-04T21:39:56.001+0200] {processor.py:768} INFO - DAG(s) dict_keys(['example_python_operator']) retrieved from /Users/brenda/miniconda3/envs/airflow/lib/python3.8/site-packages/airflow/example_dags/example_python_operator.py
[2023-05-04T21:39:56.195+0200] {logging_mixin.py:117} INFO - [2023-05-04T21:39:56.194+0200] {dag.py:2573} INFO - Sync 1 DAGs
[2023-05-04T21:39:56.214+0200] {logging_mixin.py:117} INFO - [2023-05-04T21:39:56.214+0200] {dag.py:3324} INFO - Setting next_dagrun for example_python_operator to None, run_after=None
[2023-05-04T21:39:56.245+0200] {processor.py:178} INFO - Processing /Users/brenda/miniconda3/envs/airflow/lib/python3.8/site-packages/airflow/example_dags/example_python_operator.py took 0.282 seconds
[2023-05-04T22:30:14.373+0200] {processor.py:156} INFO - Started process (PID=8317) to work on /Users/brenda/miniconda3/envs/airflow/lib/python3.8/site-packages/airflow/example_dags/example_python_operator.py
[2023-05-04T22:30:14.378+0200] {processor.py:758} INFO - Processing file /Users/brenda/miniconda3/envs/airflow/lib/python3.8/site-packages/airflow/example_dags/example_python_operator.py for tasks to queue
[2023-05-04T22:30:14.378+0200] {logging_mixin.py:117} INFO - [2023-05-04T22:30:14.378+0200] {dagbag.py:525} INFO - Filling up the DagBag from /Users/brenda/miniconda3/envs/airflow/lib/python3.8/site-packages/airflow/example_dags/example_python_operator.py
[2023-05-04T22:30:14.405+0200] {logging_mixin.py:117} INFO - [2023-05-04T22:30:14.405+0200] {example_python_operator.py:85} WARNING - The virtalenv_python example task requires virtualenv, please install it.
[2023-05-04T22:30:14.409+0200] {processor.py:768} INFO - DAG(s) dict_keys(['example_python_operator']) retrieved from /Users/brenda/miniconda3/envs/airflow/lib/python3.8/site-packages/airflow/example_dags/example_python_operator.py
[2023-05-04T22:30:14.509+0200] {logging_mixin.py:117} INFO - [2023-05-04T22:30:14.509+0200] {dag.py:2573} INFO - Sync 1 DAGs
[2023-05-04T22:30:14.519+0200] {logging_mixin.py:117} INFO - [2023-05-04T22:30:14.519+0200] {dag.py:3324} INFO - Setting next_dagrun for example_python_operator to None, run_after=None
[2023-05-04T22:30:14.531+0200] {processor.py:178} INFO - Processing /Users/brenda/miniconda3/envs/airflow/lib/python3.8/site-packages/airflow/example_dags/example_python_operator.py took 0.158 seconds
[2023-05-04T23:54:42.851+0200] {processor.py:156} INFO - Started process (PID=8462) to work on /Users/brenda/miniconda3/envs/airflow/lib/python3.8/site-packages/airflow/example_dags/example_python_operator.py
[2023-05-04T23:54:42.855+0200] {processor.py:758} INFO - Processing file /Users/brenda/miniconda3/envs/airflow/lib/python3.8/site-packages/airflow/example_dags/example_python_operator.py for tasks to queue
[2023-05-04T23:54:42.855+0200] {logging_mixin.py:117} INFO - [2023-05-04T23:54:42.855+0200] {dagbag.py:525} INFO - Filling up the DagBag from /Users/brenda/miniconda3/envs/airflow/lib/python3.8/site-packages/airflow/example_dags/example_python_operator.py
[2023-05-04T23:54:42.881+0200] {logging_mixin.py:117} INFO - [2023-05-04T23:54:42.881+0200] {example_python_operator.py:85} WARNING - The virtalenv_python example task requires virtualenv, please install it.
[2023-05-04T23:54:42.892+0200] {processor.py:768} INFO - DAG(s) dict_keys(['example_python_operator']) retrieved from /Users/brenda/miniconda3/envs/airflow/lib/python3.8/site-packages/airflow/example_dags/example_python_operator.py
[2023-05-04T23:54:42.992+0200] {logging_mixin.py:117} INFO - [2023-05-04T23:54:42.992+0200] {dag.py:2573} INFO - Sync 1 DAGs
[2023-05-04T23:54:43.002+0200] {logging_mixin.py:117} INFO - [2023-05-04T23:54:43.002+0200] {dag.py:3324} INFO - Setting next_dagrun for example_python_operator to None, run_after=None
[2023-05-04T23:54:43.012+0200] {processor.py:178} INFO - Processing /Users/brenda/miniconda3/envs/airflow/lib/python3.8/site-packages/airflow/example_dags/example_python_operator.py took 0.162 seconds
[2023-05-05T01:31:41.750+0200] {processor.py:156} INFO - Started process (PID=8598) to work on /Users/brenda/miniconda3/envs/airflow/lib/python3.8/site-packages/airflow/example_dags/example_python_operator.py
[2023-05-05T01:31:41.755+0200] {processor.py:758} INFO - Processing file /Users/brenda/miniconda3/envs/airflow/lib/python3.8/site-packages/airflow/example_dags/example_python_operator.py for tasks to queue
[2023-05-05T01:31:41.755+0200] {logging_mixin.py:117} INFO - [2023-05-05T01:31:41.755+0200] {dagbag.py:525} INFO - Filling up the DagBag from /Users/brenda/miniconda3/envs/airflow/lib/python3.8/site-packages/airflow/example_dags/example_python_operator.py
[2023-05-05T01:31:41.804+0200] {logging_mixin.py:117} INFO - [2023-05-05T01:31:41.804+0200] {example_python_operator.py:85} WARNING - The virtalenv_python example task requires virtualenv, please install it.
[2023-05-05T01:31:41.809+0200] {processor.py:768} INFO - DAG(s) dict_keys(['example_python_operator']) retrieved from /Users/brenda/miniconda3/envs/airflow/lib/python3.8/site-packages/airflow/example_dags/example_python_operator.py
[2023-05-05T01:31:41.977+0200] {logging_mixin.py:117} INFO - [2023-05-05T01:31:41.977+0200] {dag.py:2573} INFO - Sync 1 DAGs
[2023-05-05T01:31:41.993+0200] {logging_mixin.py:117} INFO - [2023-05-05T01:31:41.993+0200] {dag.py:3324} INFO - Setting next_dagrun for example_python_operator to None, run_after=None
[2023-05-05T01:31:42.010+0200] {processor.py:178} INFO - Processing /Users/brenda/miniconda3/envs/airflow/lib/python3.8/site-packages/airflow/example_dags/example_python_operator.py took 0.261 seconds
