[2023-05-04T18:50:27.245+0200] {processor.py:156} INFO - Started process (PID=7479) to work on /Users/brenda/miniconda3/envs/airflow/lib/python3.8/site-packages/airflow/example_dags/example_datasets.py
[2023-05-04T18:50:27.248+0200] {processor.py:758} INFO - Processing file /Users/brenda/miniconda3/envs/airflow/lib/python3.8/site-packages/airflow/example_dags/example_datasets.py for tasks to queue
[2023-05-04T18:50:27.249+0200] {logging_mixin.py:117} INFO - [2023-05-04T18:50:27.249+0200] {dagbag.py:525} INFO - Filling up the DagBag from /Users/brenda/miniconda3/envs/airflow/lib/python3.8/site-packages/airflow/example_dags/example_datasets.py
[2023-05-04T18:50:27.267+0200] {processor.py:768} INFO - DAG(s) dict_keys(['dataset_produces_2', 'dataset_consumes_1_never_scheduled', 'dataset_consumes_1', 'dataset_consumes_unknown_never_scheduled', 'dataset_produces_1', 'dataset_consumes_1_and_2']) retrieved from /Users/brenda/miniconda3/envs/airflow/lib/python3.8/site-packages/airflow/example_dags/example_datasets.py
[2023-05-04T18:50:27.761+0200] {logging_mixin.py:117} INFO - [2023-05-04T18:50:27.760+0200] {dag.py:2573} INFO - Sync 6 DAGs
[2023-05-04T18:50:27.772+0200] {logging_mixin.py:117} INFO - [2023-05-04T18:50:27.772+0200] {dag.py:3324} INFO - Setting next_dagrun for dataset_consumes_1 to None, run_after=None
[2023-05-04T18:50:27.774+0200] {logging_mixin.py:117} INFO - [2023-05-04T18:50:27.774+0200] {dag.py:3324} INFO - Setting next_dagrun for dataset_consumes_1_and_2 to None, run_after=None
[2023-05-04T18:50:27.774+0200] {logging_mixin.py:117} INFO - [2023-05-04T18:50:27.774+0200] {dag.py:3324} INFO - Setting next_dagrun for dataset_consumes_1_never_scheduled to None, run_after=None
[2023-05-04T18:50:27.775+0200] {logging_mixin.py:117} INFO - [2023-05-04T18:50:27.775+0200] {dag.py:3324} INFO - Setting next_dagrun for dataset_consumes_unknown_never_scheduled to None, run_after=None
[2023-05-04T18:50:27.776+0200] {logging_mixin.py:117} INFO - [2023-05-04T18:50:27.776+0200] {dag.py:3324} INFO - Setting next_dagrun for dataset_produces_1 to 2023-05-03T00:00:00+00:00, run_after=2023-05-04T00:00:00+00:00
[2023-05-04T18:50:27.777+0200] {logging_mixin.py:117} INFO - [2023-05-04T18:50:27.777+0200] {dag.py:3324} INFO - Setting next_dagrun for dataset_produces_2 to None, run_after=None
[2023-05-04T18:50:27.792+0200] {processor.py:178} INFO - Processing /Users/brenda/miniconda3/envs/airflow/lib/python3.8/site-packages/airflow/example_dags/example_datasets.py took 0.547 seconds
[2023-05-04T18:51:33.627+0200] {processor.py:156} INFO - Started process (PID=7593) to work on /Users/brenda/miniconda3/envs/airflow/lib/python3.8/site-packages/airflow/example_dags/example_datasets.py
[2023-05-04T18:51:33.631+0200] {processor.py:758} INFO - Processing file /Users/brenda/miniconda3/envs/airflow/lib/python3.8/site-packages/airflow/example_dags/example_datasets.py for tasks to queue
[2023-05-04T18:51:33.631+0200] {logging_mixin.py:117} INFO - [2023-05-04T18:51:33.631+0200] {dagbag.py:525} INFO - Filling up the DagBag from /Users/brenda/miniconda3/envs/airflow/lib/python3.8/site-packages/airflow/example_dags/example_datasets.py
[2023-05-04T18:51:33.649+0200] {processor.py:768} INFO - DAG(s) dict_keys(['dataset_produces_1', 'dataset_consumes_unknown_never_scheduled', 'dataset_consumes_1_never_scheduled', 'dataset_produces_2', 'dataset_consumes_1', 'dataset_consumes_1_and_2']) retrieved from /Users/brenda/miniconda3/envs/airflow/lib/python3.8/site-packages/airflow/example_dags/example_datasets.py
[2023-05-04T18:51:34.205+0200] {logging_mixin.py:117} INFO - [2023-05-04T18:51:34.204+0200] {dag.py:2573} INFO - Sync 6 DAGs
[2023-05-04T18:51:34.215+0200] {logging_mixin.py:117} INFO - [2023-05-04T18:51:34.215+0200] {dag.py:3324} INFO - Setting next_dagrun for dataset_consumes_1 to None, run_after=None
[2023-05-04T18:51:34.217+0200] {logging_mixin.py:117} INFO - [2023-05-04T18:51:34.217+0200] {dag.py:3324} INFO - Setting next_dagrun for dataset_consumes_1_and_2 to None, run_after=None
[2023-05-04T18:51:34.217+0200] {logging_mixin.py:117} INFO - [2023-05-04T18:51:34.217+0200] {dag.py:3324} INFO - Setting next_dagrun for dataset_consumes_1_never_scheduled to None, run_after=None
[2023-05-04T18:51:34.218+0200] {logging_mixin.py:117} INFO - [2023-05-04T18:51:34.218+0200] {dag.py:3324} INFO - Setting next_dagrun for dataset_consumes_unknown_never_scheduled to None, run_after=None
[2023-05-04T18:51:34.219+0200] {logging_mixin.py:117} INFO - [2023-05-04T18:51:34.219+0200] {dag.py:3324} INFO - Setting next_dagrun for dataset_produces_1 to 2023-05-03T00:00:00+00:00, run_after=2023-05-04T00:00:00+00:00
[2023-05-04T18:51:34.219+0200] {logging_mixin.py:117} INFO - [2023-05-04T18:51:34.219+0200] {dag.py:3324} INFO - Setting next_dagrun for dataset_produces_2 to None, run_after=None
[2023-05-04T18:51:34.233+0200] {processor.py:178} INFO - Processing /Users/brenda/miniconda3/envs/airflow/lib/python3.8/site-packages/airflow/example_dags/example_datasets.py took 0.606 seconds
[2023-05-04T18:52:51.517+0200] {processor.py:156} INFO - Started process (PID=7784) to work on /Users/brenda/miniconda3/envs/airflow/lib/python3.8/site-packages/airflow/example_dags/example_datasets.py
[2023-05-04T18:52:51.521+0200] {processor.py:758} INFO - Processing file /Users/brenda/miniconda3/envs/airflow/lib/python3.8/site-packages/airflow/example_dags/example_datasets.py for tasks to queue
[2023-05-04T18:52:51.521+0200] {logging_mixin.py:117} INFO - [2023-05-04T18:52:51.521+0200] {dagbag.py:525} INFO - Filling up the DagBag from /Users/brenda/miniconda3/envs/airflow/lib/python3.8/site-packages/airflow/example_dags/example_datasets.py
[2023-05-04T18:52:51.539+0200] {processor.py:768} INFO - DAG(s) dict_keys(['dataset_consumes_unknown_never_scheduled', 'dataset_produces_2', 'dataset_consumes_1', 'dataset_produces_1', 'dataset_consumes_1_never_scheduled', 'dataset_consumes_1_and_2']) retrieved from /Users/brenda/miniconda3/envs/airflow/lib/python3.8/site-packages/airflow/example_dags/example_datasets.py
[2023-05-04T18:52:52.123+0200] {logging_mixin.py:117} INFO - [2023-05-04T18:52:52.123+0200] {dag.py:2573} INFO - Sync 6 DAGs
[2023-05-04T18:52:52.135+0200] {logging_mixin.py:117} INFO - [2023-05-04T18:52:52.135+0200] {dag.py:3324} INFO - Setting next_dagrun for dataset_consumes_1 to None, run_after=None
[2023-05-04T18:52:52.137+0200] {logging_mixin.py:117} INFO - [2023-05-04T18:52:52.136+0200] {dag.py:3324} INFO - Setting next_dagrun for dataset_consumes_1_and_2 to None, run_after=None
[2023-05-04T18:52:52.137+0200] {logging_mixin.py:117} INFO - [2023-05-04T18:52:52.137+0200] {dag.py:3324} INFO - Setting next_dagrun for dataset_consumes_1_never_scheduled to None, run_after=None
[2023-05-04T18:52:52.137+0200] {logging_mixin.py:117} INFO - [2023-05-04T18:52:52.137+0200] {dag.py:3324} INFO - Setting next_dagrun for dataset_consumes_unknown_never_scheduled to None, run_after=None
[2023-05-04T18:52:52.139+0200] {logging_mixin.py:117} INFO - [2023-05-04T18:52:52.139+0200] {dag.py:3324} INFO - Setting next_dagrun for dataset_produces_1 to 2023-05-03T00:00:00+00:00, run_after=2023-05-04T00:00:00+00:00
[2023-05-04T18:52:52.139+0200] {logging_mixin.py:117} INFO - [2023-05-04T18:52:52.139+0200] {dag.py:3324} INFO - Setting next_dagrun for dataset_produces_2 to None, run_after=None
[2023-05-04T18:52:52.154+0200] {processor.py:178} INFO - Processing /Users/brenda/miniconda3/envs/airflow/lib/python3.8/site-packages/airflow/example_dags/example_datasets.py took 0.637 seconds
[2023-05-04T18:53:41.868+0200] {processor.py:156} INFO - Started process (PID=7862) to work on /Users/brenda/miniconda3/envs/airflow/lib/python3.8/site-packages/airflow/example_dags/example_datasets.py
[2023-05-04T18:53:41.872+0200] {processor.py:758} INFO - Processing file /Users/brenda/miniconda3/envs/airflow/lib/python3.8/site-packages/airflow/example_dags/example_datasets.py for tasks to queue
[2023-05-04T18:53:41.872+0200] {logging_mixin.py:117} INFO - [2023-05-04T18:53:41.872+0200] {dagbag.py:525} INFO - Filling up the DagBag from /Users/brenda/miniconda3/envs/airflow/lib/python3.8/site-packages/airflow/example_dags/example_datasets.py
[2023-05-04T18:53:41.890+0200] {processor.py:768} INFO - DAG(s) dict_keys(['dataset_consumes_1_never_scheduled', 'dataset_produces_2', 'dataset_produces_1', 'dataset_consumes_1_and_2', 'dataset_consumes_unknown_never_scheduled', 'dataset_consumes_1']) retrieved from /Users/brenda/miniconda3/envs/airflow/lib/python3.8/site-packages/airflow/example_dags/example_datasets.py
[2023-05-04T18:53:42.328+0200] {logging_mixin.py:117} INFO - [2023-05-04T18:53:42.328+0200] {dag.py:2573} INFO - Sync 6 DAGs
[2023-05-04T18:53:42.339+0200] {logging_mixin.py:117} INFO - [2023-05-04T18:53:42.339+0200] {dag.py:3324} INFO - Setting next_dagrun for dataset_consumes_1 to None, run_after=None
[2023-05-04T18:53:42.340+0200] {logging_mixin.py:117} INFO - [2023-05-04T18:53:42.340+0200] {dag.py:3324} INFO - Setting next_dagrun for dataset_consumes_1_and_2 to None, run_after=None
[2023-05-04T18:53:42.341+0200] {logging_mixin.py:117} INFO - [2023-05-04T18:53:42.341+0200] {dag.py:3324} INFO - Setting next_dagrun for dataset_consumes_1_never_scheduled to None, run_after=None
[2023-05-04T18:53:42.341+0200] {logging_mixin.py:117} INFO - [2023-05-04T18:53:42.341+0200] {dag.py:3324} INFO - Setting next_dagrun for dataset_consumes_unknown_never_scheduled to None, run_after=None
[2023-05-04T18:53:42.343+0200] {logging_mixin.py:117} INFO - [2023-05-04T18:53:42.343+0200] {dag.py:3324} INFO - Setting next_dagrun for dataset_produces_1 to 2023-05-03T00:00:00+00:00, run_after=2023-05-04T00:00:00+00:00
[2023-05-04T18:53:42.343+0200] {logging_mixin.py:117} INFO - [2023-05-04T18:53:42.343+0200] {dag.py:3324} INFO - Setting next_dagrun for dataset_produces_2 to None, run_after=None
[2023-05-04T18:53:42.357+0200] {processor.py:178} INFO - Processing /Users/brenda/miniconda3/envs/airflow/lib/python3.8/site-packages/airflow/example_dags/example_datasets.py took 0.490 seconds
[2023-05-04T18:55:37.243+0200] {processor.py:156} INFO - Started process (PID=8011) to work on /Users/brenda/miniconda3/envs/airflow/lib/python3.8/site-packages/airflow/example_dags/example_datasets.py
[2023-05-04T18:55:37.247+0200] {processor.py:758} INFO - Processing file /Users/brenda/miniconda3/envs/airflow/lib/python3.8/site-packages/airflow/example_dags/example_datasets.py for tasks to queue
[2023-05-04T18:55:37.248+0200] {logging_mixin.py:117} INFO - [2023-05-04T18:55:37.248+0200] {dagbag.py:525} INFO - Filling up the DagBag from /Users/brenda/miniconda3/envs/airflow/lib/python3.8/site-packages/airflow/example_dags/example_datasets.py
[2023-05-04T18:55:37.266+0200] {processor.py:768} INFO - DAG(s) dict_keys(['dataset_consumes_unknown_never_scheduled', 'dataset_produces_2', 'dataset_consumes_1', 'dataset_consumes_1_never_scheduled', 'dataset_consumes_1_and_2', 'dataset_produces_1']) retrieved from /Users/brenda/miniconda3/envs/airflow/lib/python3.8/site-packages/airflow/example_dags/example_datasets.py
[2023-05-04T18:55:37.722+0200] {logging_mixin.py:117} INFO - [2023-05-04T18:55:37.722+0200] {dag.py:2573} INFO - Sync 6 DAGs
[2023-05-04T18:55:37.733+0200] {logging_mixin.py:117} INFO - [2023-05-04T18:55:37.733+0200] {dag.py:3324} INFO - Setting next_dagrun for dataset_consumes_1 to None, run_after=None
[2023-05-04T18:55:37.735+0200] {logging_mixin.py:117} INFO - [2023-05-04T18:55:37.734+0200] {dag.py:3324} INFO - Setting next_dagrun for dataset_consumes_1_and_2 to None, run_after=None
[2023-05-04T18:55:37.735+0200] {logging_mixin.py:117} INFO - [2023-05-04T18:55:37.735+0200] {dag.py:3324} INFO - Setting next_dagrun for dataset_consumes_1_never_scheduled to None, run_after=None
[2023-05-04T18:55:37.735+0200] {logging_mixin.py:117} INFO - [2023-05-04T18:55:37.735+0200] {dag.py:3324} INFO - Setting next_dagrun for dataset_consumes_unknown_never_scheduled to None, run_after=None
[2023-05-04T18:55:37.737+0200] {logging_mixin.py:117} INFO - [2023-05-04T18:55:37.737+0200] {dag.py:3324} INFO - Setting next_dagrun for dataset_produces_1 to 2023-05-03T00:00:00+00:00, run_after=2023-05-04T00:00:00+00:00
[2023-05-04T18:55:37.737+0200] {logging_mixin.py:117} INFO - [2023-05-04T18:55:37.737+0200] {dag.py:3324} INFO - Setting next_dagrun for dataset_produces_2 to None, run_after=None
[2023-05-04T18:55:37.755+0200] {processor.py:178} INFO - Processing /Users/brenda/miniconda3/envs/airflow/lib/python3.8/site-packages/airflow/example_dags/example_datasets.py took 0.512 seconds
[2023-05-04T20:33:01.606+0200] {processor.py:156} INFO - Started process (PID=8141) to work on /Users/brenda/miniconda3/envs/airflow/lib/python3.8/site-packages/airflow/example_dags/example_datasets.py
[2023-05-04T20:33:01.609+0200] {processor.py:758} INFO - Processing file /Users/brenda/miniconda3/envs/airflow/lib/python3.8/site-packages/airflow/example_dags/example_datasets.py for tasks to queue
[2023-05-04T20:33:01.609+0200] {logging_mixin.py:117} INFO - [2023-05-04T20:33:01.609+0200] {dagbag.py:525} INFO - Filling up the DagBag from /Users/brenda/miniconda3/envs/airflow/lib/python3.8/site-packages/airflow/example_dags/example_datasets.py
[2023-05-04T20:33:01.627+0200] {processor.py:768} INFO - DAG(s) dict_keys(['dataset_produces_2', 'dataset_produces_1', 'dataset_consumes_1', 'dataset_consumes_1_and_2', 'dataset_consumes_unknown_never_scheduled', 'dataset_consumes_1_never_scheduled']) retrieved from /Users/brenda/miniconda3/envs/airflow/lib/python3.8/site-packages/airflow/example_dags/example_datasets.py
[2023-05-04T20:33:02.156+0200] {logging_mixin.py:117} INFO - [2023-05-04T20:33:02.156+0200] {dag.py:2573} INFO - Sync 6 DAGs
[2023-05-04T20:33:02.167+0200] {logging_mixin.py:117} INFO - [2023-05-04T20:33:02.167+0200] {dag.py:3324} INFO - Setting next_dagrun for dataset_consumes_1 to None, run_after=None
[2023-05-04T20:33:02.169+0200] {logging_mixin.py:117} INFO - [2023-05-04T20:33:02.169+0200] {dag.py:3324} INFO - Setting next_dagrun for dataset_consumes_1_and_2 to None, run_after=None
[2023-05-04T20:33:02.169+0200] {logging_mixin.py:117} INFO - [2023-05-04T20:33:02.169+0200] {dag.py:3324} INFO - Setting next_dagrun for dataset_consumes_1_never_scheduled to None, run_after=None
[2023-05-04T20:33:02.170+0200] {logging_mixin.py:117} INFO - [2023-05-04T20:33:02.170+0200] {dag.py:3324} INFO - Setting next_dagrun for dataset_consumes_unknown_never_scheduled to None, run_after=None
[2023-05-04T20:33:02.171+0200] {logging_mixin.py:117} INFO - [2023-05-04T20:33:02.171+0200] {dag.py:3324} INFO - Setting next_dagrun for dataset_produces_1 to 2023-05-03T00:00:00+00:00, run_after=2023-05-04T00:00:00+00:00
[2023-05-04T20:33:02.172+0200] {logging_mixin.py:117} INFO - [2023-05-04T20:33:02.171+0200] {dag.py:3324} INFO - Setting next_dagrun for dataset_produces_2 to None, run_after=None
[2023-05-04T20:33:02.186+0200] {processor.py:178} INFO - Processing /Users/brenda/miniconda3/envs/airflow/lib/python3.8/site-packages/airflow/example_dags/example_datasets.py took 0.580 seconds
[2023-05-04T23:04:28.547+0200] {processor.py:156} INFO - Started process (PID=8355) to work on /Users/brenda/miniconda3/envs/airflow/lib/python3.8/site-packages/airflow/example_dags/example_datasets.py
[2023-05-04T23:04:28.551+0200] {processor.py:758} INFO - Processing file /Users/brenda/miniconda3/envs/airflow/lib/python3.8/site-packages/airflow/example_dags/example_datasets.py for tasks to queue
[2023-05-04T23:04:28.551+0200] {logging_mixin.py:117} INFO - [2023-05-04T23:04:28.551+0200] {dagbag.py:525} INFO - Filling up the DagBag from /Users/brenda/miniconda3/envs/airflow/lib/python3.8/site-packages/airflow/example_dags/example_datasets.py
[2023-05-04T23:04:28.574+0200] {processor.py:768} INFO - DAG(s) dict_keys(['dataset_produces_2', 'dataset_consumes_unknown_never_scheduled', 'dataset_consumes_1_and_2', 'dataset_consumes_1', 'dataset_produces_1', 'dataset_consumes_1_never_scheduled']) retrieved from /Users/brenda/miniconda3/envs/airflow/lib/python3.8/site-packages/airflow/example_dags/example_datasets.py
[2023-05-04T23:04:29.148+0200] {logging_mixin.py:117} INFO - [2023-05-04T23:04:29.148+0200] {dag.py:2573} INFO - Sync 6 DAGs
[2023-05-04T23:04:29.164+0200] {logging_mixin.py:117} INFO - [2023-05-04T23:04:29.164+0200] {dag.py:3324} INFO - Setting next_dagrun for dataset_consumes_1 to None, run_after=None
[2023-05-04T23:04:29.167+0200] {logging_mixin.py:117} INFO - [2023-05-04T23:04:29.167+0200] {dag.py:3324} INFO - Setting next_dagrun for dataset_consumes_1_and_2 to None, run_after=None
[2023-05-04T23:04:29.168+0200] {logging_mixin.py:117} INFO - [2023-05-04T23:04:29.168+0200] {dag.py:3324} INFO - Setting next_dagrun for dataset_consumes_1_never_scheduled to None, run_after=None
[2023-05-04T23:04:29.168+0200] {logging_mixin.py:117} INFO - [2023-05-04T23:04:29.168+0200] {dag.py:3324} INFO - Setting next_dagrun for dataset_consumes_unknown_never_scheduled to None, run_after=None
[2023-05-04T23:04:29.170+0200] {logging_mixin.py:117} INFO - [2023-05-04T23:04:29.170+0200] {dag.py:3324} INFO - Setting next_dagrun for dataset_produces_1 to 2023-05-03T00:00:00+00:00, run_after=2023-05-04T00:00:00+00:00
[2023-05-04T23:04:29.170+0200] {logging_mixin.py:117} INFO - [2023-05-04T23:04:29.170+0200] {dag.py:3324} INFO - Setting next_dagrun for dataset_produces_2 to None, run_after=None
[2023-05-04T23:04:29.190+0200] {processor.py:178} INFO - Processing /Users/brenda/miniconda3/envs/airflow/lib/python3.8/site-packages/airflow/example_dags/example_datasets.py took 0.643 seconds
[2023-05-05T00:26:48.092+0200] {processor.py:156} INFO - Started process (PID=8506) to work on /Users/brenda/miniconda3/envs/airflow/lib/python3.8/site-packages/airflow/example_dags/example_datasets.py
[2023-05-05T00:26:48.096+0200] {processor.py:758} INFO - Processing file /Users/brenda/miniconda3/envs/airflow/lib/python3.8/site-packages/airflow/example_dags/example_datasets.py for tasks to queue
[2023-05-05T00:26:48.097+0200] {logging_mixin.py:117} INFO - [2023-05-05T00:26:48.096+0200] {dagbag.py:525} INFO - Filling up the DagBag from /Users/brenda/miniconda3/envs/airflow/lib/python3.8/site-packages/airflow/example_dags/example_datasets.py
[2023-05-05T00:26:48.119+0200] {processor.py:768} INFO - DAG(s) dict_keys(['dataset_produces_1', 'dataset_consumes_1_never_scheduled', 'dataset_consumes_1_and_2', 'dataset_produces_2', 'dataset_consumes_unknown_never_scheduled', 'dataset_consumes_1']) retrieved from /Users/brenda/miniconda3/envs/airflow/lib/python3.8/site-packages/airflow/example_dags/example_datasets.py
[2023-05-05T00:26:48.649+0200] {logging_mixin.py:117} INFO - [2023-05-05T00:26:48.649+0200] {dag.py:2573} INFO - Sync 6 DAGs
[2023-05-05T00:26:48.660+0200] {logging_mixin.py:117} INFO - [2023-05-05T00:26:48.660+0200] {dag.py:3324} INFO - Setting next_dagrun for dataset_consumes_1 to None, run_after=None
[2023-05-05T00:26:48.661+0200] {logging_mixin.py:117} INFO - [2023-05-05T00:26:48.661+0200] {dag.py:3324} INFO - Setting next_dagrun for dataset_consumes_1_and_2 to None, run_after=None
[2023-05-05T00:26:48.662+0200] {logging_mixin.py:117} INFO - [2023-05-05T00:26:48.662+0200] {dag.py:3324} INFO - Setting next_dagrun for dataset_consumes_1_never_scheduled to None, run_after=None
[2023-05-05T00:26:48.662+0200] {logging_mixin.py:117} INFO - [2023-05-05T00:26:48.662+0200] {dag.py:3324} INFO - Setting next_dagrun for dataset_consumes_unknown_never_scheduled to None, run_after=None
[2023-05-05T00:26:48.664+0200] {logging_mixin.py:117} INFO - [2023-05-05T00:26:48.663+0200] {dag.py:3324} INFO - Setting next_dagrun for dataset_produces_1 to 2023-05-03T00:00:00+00:00, run_after=2023-05-04T00:00:00+00:00
[2023-05-05T00:26:48.664+0200] {logging_mixin.py:117} INFO - [2023-05-05T00:26:48.664+0200] {dag.py:3324} INFO - Setting next_dagrun for dataset_produces_2 to None, run_after=None
[2023-05-05T00:26:48.678+0200] {processor.py:178} INFO - Processing /Users/brenda/miniconda3/envs/airflow/lib/python3.8/site-packages/airflow/example_dags/example_datasets.py took 0.586 seconds
[2023-05-05T01:47:30.352+0200] {processor.py:156} INFO - Started process (PID=8626) to work on /Users/brenda/miniconda3/envs/airflow/lib/python3.8/site-packages/airflow/example_dags/example_datasets.py
[2023-05-05T01:47:30.356+0200] {processor.py:758} INFO - Processing file /Users/brenda/miniconda3/envs/airflow/lib/python3.8/site-packages/airflow/example_dags/example_datasets.py for tasks to queue
[2023-05-05T01:47:30.356+0200] {logging_mixin.py:117} INFO - [2023-05-05T01:47:30.356+0200] {dagbag.py:525} INFO - Filling up the DagBag from /Users/brenda/miniconda3/envs/airflow/lib/python3.8/site-packages/airflow/example_dags/example_datasets.py
[2023-05-05T01:47:30.374+0200] {processor.py:768} INFO - DAG(s) dict_keys(['dataset_consumes_1', 'dataset_produces_2', 'dataset_consumes_1_and_2', 'dataset_consumes_unknown_never_scheduled', 'dataset_produces_1', 'dataset_consumes_1_never_scheduled']) retrieved from /Users/brenda/miniconda3/envs/airflow/lib/python3.8/site-packages/airflow/example_dags/example_datasets.py
[2023-05-05T01:47:30.857+0200] {logging_mixin.py:117} INFO - [2023-05-05T01:47:30.857+0200] {dag.py:2573} INFO - Sync 6 DAGs
[2023-05-05T01:47:30.868+0200] {logging_mixin.py:117} INFO - [2023-05-05T01:47:30.868+0200] {dag.py:3324} INFO - Setting next_dagrun for dataset_consumes_1 to None, run_after=None
[2023-05-05T01:47:30.870+0200] {logging_mixin.py:117} INFO - [2023-05-05T01:47:30.870+0200] {dag.py:3324} INFO - Setting next_dagrun for dataset_consumes_1_and_2 to None, run_after=None
[2023-05-05T01:47:30.870+0200] {logging_mixin.py:117} INFO - [2023-05-05T01:47:30.870+0200] {dag.py:3324} INFO - Setting next_dagrun for dataset_consumes_1_never_scheduled to None, run_after=None
[2023-05-05T01:47:30.871+0200] {logging_mixin.py:117} INFO - [2023-05-05T01:47:30.870+0200] {dag.py:3324} INFO - Setting next_dagrun for dataset_consumes_unknown_never_scheduled to None, run_after=None
[2023-05-05T01:47:30.872+0200] {logging_mixin.py:117} INFO - [2023-05-05T01:47:30.872+0200] {dag.py:3324} INFO - Setting next_dagrun for dataset_produces_1 to 2023-05-03T00:00:00+00:00, run_after=2023-05-04T00:00:00+00:00
[2023-05-05T01:47:30.872+0200] {logging_mixin.py:117} INFO - [2023-05-05T01:47:30.872+0200] {dag.py:3324} INFO - Setting next_dagrun for dataset_produces_2 to None, run_after=None
[2023-05-05T01:47:30.886+0200] {processor.py:178} INFO - Processing /Users/brenda/miniconda3/envs/airflow/lib/python3.8/site-packages/airflow/example_dags/example_datasets.py took 0.534 seconds
