[2023-05-04T18:50:36.130+0200] {processor.py:156} INFO - Started process (PID=7490) to work on /Users/brenda/miniconda3/envs/airflow/lib/python3.8/site-packages/airflow/example_dags/example_branch_operator.py
[2023-05-04T18:50:36.133+0200] {processor.py:758} INFO - Processing file /Users/brenda/miniconda3/envs/airflow/lib/python3.8/site-packages/airflow/example_dags/example_branch_operator.py for tasks to queue
[2023-05-04T18:50:36.133+0200] {logging_mixin.py:117} INFO - [2023-05-04T18:50:36.133+0200] {dagbag.py:525} INFO - Filling up the DagBag from /Users/brenda/miniconda3/envs/airflow/lib/python3.8/site-packages/airflow/example_dags/example_branch_operator.py
[2023-05-04T18:50:36.157+0200] {processor.py:768} INFO - DAG(s) dict_keys(['example_branch_operator']) retrieved from /Users/brenda/miniconda3/envs/airflow/lib/python3.8/site-packages/airflow/example_dags/example_branch_operator.py
[2023-05-04T18:50:36.266+0200] {logging_mixin.py:117} INFO - [2023-05-04T18:50:36.265+0200] {dag.py:2573} INFO - Sync 1 DAGs
[2023-05-04T18:50:36.277+0200] {logging_mixin.py:117} INFO - [2023-05-04T18:50:36.277+0200] {dag.py:3324} INFO - Setting next_dagrun for example_branch_operator to 2023-05-03T00:00:00+00:00, run_after=2023-05-04T00:00:00+00:00
[2023-05-04T18:50:36.286+0200] {processor.py:178} INFO - Processing /Users/brenda/miniconda3/envs/airflow/lib/python3.8/site-packages/airflow/example_dags/example_branch_operator.py took 0.157 seconds
[2023-05-04T18:52:28.560+0200] {processor.py:156} INFO - Started process (PID=7746) to work on /Users/brenda/miniconda3/envs/airflow/lib/python3.8/site-packages/airflow/example_dags/example_branch_operator.py
[2023-05-04T18:52:28.563+0200] {processor.py:758} INFO - Processing file /Users/brenda/miniconda3/envs/airflow/lib/python3.8/site-packages/airflow/example_dags/example_branch_operator.py for tasks to queue
[2023-05-04T18:52:28.563+0200] {logging_mixin.py:117} INFO - [2023-05-04T18:52:28.563+0200] {dagbag.py:525} INFO - Filling up the DagBag from /Users/brenda/miniconda3/envs/airflow/lib/python3.8/site-packages/airflow/example_dags/example_branch_operator.py
[2023-05-04T18:52:28.587+0200] {processor.py:768} INFO - DAG(s) dict_keys(['example_branch_operator']) retrieved from /Users/brenda/miniconda3/envs/airflow/lib/python3.8/site-packages/airflow/example_dags/example_branch_operator.py
[2023-05-04T18:52:28.696+0200] {logging_mixin.py:117} INFO - [2023-05-04T18:52:28.696+0200] {dag.py:2573} INFO - Sync 1 DAGs
[2023-05-04T18:52:28.707+0200] {logging_mixin.py:117} INFO - [2023-05-04T18:52:28.707+0200] {dag.py:3324} INFO - Setting next_dagrun for example_branch_operator to 2023-05-03T00:00:00+00:00, run_after=2023-05-04T00:00:00+00:00
[2023-05-04T18:52:28.717+0200] {processor.py:178} INFO - Processing /Users/brenda/miniconda3/envs/airflow/lib/python3.8/site-packages/airflow/example_dags/example_branch_operator.py took 0.158 seconds
[2023-05-04T18:53:24.508+0200] {processor.py:156} INFO - Started process (PID=7838) to work on /Users/brenda/miniconda3/envs/airflow/lib/python3.8/site-packages/airflow/example_dags/example_branch_operator.py
[2023-05-04T18:53:24.512+0200] {processor.py:758} INFO - Processing file /Users/brenda/miniconda3/envs/airflow/lib/python3.8/site-packages/airflow/example_dags/example_branch_operator.py for tasks to queue
[2023-05-04T18:53:24.513+0200] {logging_mixin.py:117} INFO - [2023-05-04T18:53:24.513+0200] {dagbag.py:525} INFO - Filling up the DagBag from /Users/brenda/miniconda3/envs/airflow/lib/python3.8/site-packages/airflow/example_dags/example_branch_operator.py
[2023-05-04T18:53:24.537+0200] {processor.py:768} INFO - DAG(s) dict_keys(['example_branch_operator']) retrieved from /Users/brenda/miniconda3/envs/airflow/lib/python3.8/site-packages/airflow/example_dags/example_branch_operator.py
[2023-05-04T18:53:24.639+0200] {logging_mixin.py:117} INFO - [2023-05-04T18:53:24.639+0200] {dag.py:2573} INFO - Sync 1 DAGs
[2023-05-04T18:53:24.650+0200] {logging_mixin.py:117} INFO - [2023-05-04T18:53:24.650+0200] {dag.py:3324} INFO - Setting next_dagrun for example_branch_operator to 2023-05-03T00:00:00+00:00, run_after=2023-05-04T00:00:00+00:00
[2023-05-04T18:53:24.660+0200] {processor.py:178} INFO - Processing /Users/brenda/miniconda3/envs/airflow/lib/python3.8/site-packages/airflow/example_dags/example_branch_operator.py took 0.152 seconds
[2023-05-04T19:12:05.834+0200] {processor.py:156} INFO - Started process (PID=8035) to work on /Users/brenda/miniconda3/envs/airflow/lib/python3.8/site-packages/airflow/example_dags/example_branch_operator.py
[2023-05-04T19:12:05.837+0200] {processor.py:758} INFO - Processing file /Users/brenda/miniconda3/envs/airflow/lib/python3.8/site-packages/airflow/example_dags/example_branch_operator.py for tasks to queue
[2023-05-04T19:12:05.838+0200] {logging_mixin.py:117} INFO - [2023-05-04T19:12:05.837+0200] {dagbag.py:525} INFO - Filling up the DagBag from /Users/brenda/miniconda3/envs/airflow/lib/python3.8/site-packages/airflow/example_dags/example_branch_operator.py
[2023-05-04T19:12:05.863+0200] {processor.py:768} INFO - DAG(s) dict_keys(['example_branch_operator']) retrieved from /Users/brenda/miniconda3/envs/airflow/lib/python3.8/site-packages/airflow/example_dags/example_branch_operator.py
[2023-05-04T19:12:05.973+0200] {logging_mixin.py:117} INFO - [2023-05-04T19:12:05.972+0200] {dag.py:2573} INFO - Sync 1 DAGs
[2023-05-04T19:12:05.984+0200] {logging_mixin.py:117} INFO - [2023-05-04T19:12:05.984+0200] {dag.py:3324} INFO - Setting next_dagrun for example_branch_operator to 2023-05-03T00:00:00+00:00, run_after=2023-05-04T00:00:00+00:00
[2023-05-04T19:12:05.993+0200] {processor.py:178} INFO - Processing /Users/brenda/miniconda3/envs/airflow/lib/python3.8/site-packages/airflow/example_dags/example_branch_operator.py took 0.159 seconds
[2023-05-04T21:40:08.033+0200] {processor.py:156} INFO - Started process (PID=8240) to work on /Users/brenda/miniconda3/envs/airflow/lib/python3.8/site-packages/airflow/example_dags/example_branch_operator.py
[2023-05-04T21:40:08.037+0200] {processor.py:758} INFO - Processing file /Users/brenda/miniconda3/envs/airflow/lib/python3.8/site-packages/airflow/example_dags/example_branch_operator.py for tasks to queue
[2023-05-04T21:40:08.037+0200] {logging_mixin.py:117} INFO - [2023-05-04T21:40:08.037+0200] {dagbag.py:525} INFO - Filling up the DagBag from /Users/brenda/miniconda3/envs/airflow/lib/python3.8/site-packages/airflow/example_dags/example_branch_operator.py
[2023-05-04T21:40:08.061+0200] {processor.py:768} INFO - DAG(s) dict_keys(['example_branch_operator']) retrieved from /Users/brenda/miniconda3/envs/airflow/lib/python3.8/site-packages/airflow/example_dags/example_branch_operator.py
[2023-05-04T21:40:08.164+0200] {logging_mixin.py:117} INFO - [2023-05-04T21:40:08.164+0200] {dag.py:2573} INFO - Sync 1 DAGs
[2023-05-04T21:40:08.175+0200] {logging_mixin.py:117} INFO - [2023-05-04T21:40:08.175+0200] {dag.py:3324} INFO - Setting next_dagrun for example_branch_operator to 2023-05-03T00:00:00+00:00, run_after=2023-05-04T00:00:00+00:00
[2023-05-04T21:40:08.186+0200] {processor.py:178} INFO - Processing /Users/brenda/miniconda3/envs/airflow/lib/python3.8/site-packages/airflow/example_dags/example_branch_operator.py took 0.153 seconds
[2023-05-04T23:04:36.753+0200] {processor.py:156} INFO - Started process (PID=8383) to work on /Users/brenda/miniconda3/envs/airflow/lib/python3.8/site-packages/airflow/example_dags/example_branch_operator.py
[2023-05-04T23:04:36.757+0200] {processor.py:758} INFO - Processing file /Users/brenda/miniconda3/envs/airflow/lib/python3.8/site-packages/airflow/example_dags/example_branch_operator.py for tasks to queue
[2023-05-04T23:04:36.757+0200] {logging_mixin.py:117} INFO - [2023-05-04T23:04:36.757+0200] {dagbag.py:525} INFO - Filling up the DagBag from /Users/brenda/miniconda3/envs/airflow/lib/python3.8/site-packages/airflow/example_dags/example_branch_operator.py
[2023-05-04T23:04:36.781+0200] {processor.py:768} INFO - DAG(s) dict_keys(['example_branch_operator']) retrieved from /Users/brenda/miniconda3/envs/airflow/lib/python3.8/site-packages/airflow/example_dags/example_branch_operator.py
[2023-05-04T23:04:36.883+0200] {logging_mixin.py:117} INFO - [2023-05-04T23:04:36.883+0200] {dag.py:2573} INFO - Sync 1 DAGs
[2023-05-04T23:04:36.894+0200] {logging_mixin.py:117} INFO - [2023-05-04T23:04:36.894+0200] {dag.py:3324} INFO - Setting next_dagrun for example_branch_operator to 2023-05-03T00:00:00+00:00, run_after=2023-05-04T00:00:00+00:00
[2023-05-04T23:04:36.904+0200] {processor.py:178} INFO - Processing /Users/brenda/miniconda3/envs/airflow/lib/python3.8/site-packages/airflow/example_dags/example_branch_operator.py took 0.151 seconds
[2023-05-05T00:41:57.661+0200] {processor.py:156} INFO - Started process (PID=8524) to work on /Users/brenda/miniconda3/envs/airflow/lib/python3.8/site-packages/airflow/example_dags/example_branch_operator.py
[2023-05-05T00:41:57.666+0200] {processor.py:758} INFO - Processing file /Users/brenda/miniconda3/envs/airflow/lib/python3.8/site-packages/airflow/example_dags/example_branch_operator.py for tasks to queue
[2023-05-05T00:41:57.667+0200] {logging_mixin.py:117} INFO - [2023-05-05T00:41:57.667+0200] {dagbag.py:525} INFO - Filling up the DagBag from /Users/brenda/miniconda3/envs/airflow/lib/python3.8/site-packages/airflow/example_dags/example_branch_operator.py
[2023-05-05T00:41:57.704+0200] {processor.py:768} INFO - DAG(s) dict_keys(['example_branch_operator']) retrieved from /Users/brenda/miniconda3/envs/airflow/lib/python3.8/site-packages/airflow/example_dags/example_branch_operator.py
[2023-05-05T00:41:57.929+0200] {logging_mixin.py:117} INFO - [2023-05-05T00:41:57.929+0200] {dag.py:2573} INFO - Sync 1 DAGs
[2023-05-05T00:41:57.947+0200] {logging_mixin.py:117} INFO - [2023-05-05T00:41:57.947+0200] {dag.py:3324} INFO - Setting next_dagrun for example_branch_operator to 2023-05-03T00:00:00+00:00, run_after=2023-05-04T00:00:00+00:00
[2023-05-05T00:41:57.965+0200] {processor.py:178} INFO - Processing /Users/brenda/miniconda3/envs/airflow/lib/python3.8/site-packages/airflow/example_dags/example_branch_operator.py took 0.305 seconds
