[2023-05-04T18:50:36.837+0200] {processor.py:156} INFO - Started process (PID=7493) to work on /Users/brenda/miniconda3/envs/airflow/lib/python3.8/site-packages/airflow/example_dags/example_branch_labels.py
[2023-05-04T18:50:36.841+0200] {processor.py:758} INFO - Processing file /Users/brenda/miniconda3/envs/airflow/lib/python3.8/site-packages/airflow/example_dags/example_branch_labels.py for tasks to queue
[2023-05-04T18:50:36.841+0200] {logging_mixin.py:117} INFO - [2023-05-04T18:50:36.841+0200] {dagbag.py:525} INFO - Filling up the DagBag from /Users/brenda/miniconda3/envs/airflow/lib/python3.8/site-packages/airflow/example_dags/example_branch_labels.py
[2023-05-04T18:50:36.857+0200] {processor.py:768} INFO - DAG(s) dict_keys(['example_branch_labels']) retrieved from /Users/brenda/miniconda3/envs/airflow/lib/python3.8/site-packages/airflow/example_dags/example_branch_labels.py
[2023-05-04T18:50:36.969+0200] {logging_mixin.py:117} INFO - [2023-05-04T18:50:36.969+0200] {dag.py:2573} INFO - Sync 1 DAGs
[2023-05-04T18:50:36.979+0200] {logging_mixin.py:117} INFO - [2023-05-04T18:50:36.979+0200] {dag.py:3324} INFO - Setting next_dagrun for example_branch_labels to 2023-05-03T00:00:00+00:00, run_after=2023-05-04T00:00:00+00:00
[2023-05-04T18:50:36.990+0200] {processor.py:178} INFO - Processing /Users/brenda/miniconda3/envs/airflow/lib/python3.8/site-packages/airflow/example_dags/example_branch_labels.py took 0.153 seconds
[2023-05-04T18:52:30.223+0200] {processor.py:156} INFO - Started process (PID=7748) to work on /Users/brenda/miniconda3/envs/airflow/lib/python3.8/site-packages/airflow/example_dags/example_branch_labels.py
[2023-05-04T18:52:30.227+0200] {processor.py:758} INFO - Processing file /Users/brenda/miniconda3/envs/airflow/lib/python3.8/site-packages/airflow/example_dags/example_branch_labels.py for tasks to queue
[2023-05-04T18:52:30.227+0200] {logging_mixin.py:117} INFO - [2023-05-04T18:52:30.227+0200] {dagbag.py:525} INFO - Filling up the DagBag from /Users/brenda/miniconda3/envs/airflow/lib/python3.8/site-packages/airflow/example_dags/example_branch_labels.py
[2023-05-04T18:52:30.243+0200] {processor.py:768} INFO - DAG(s) dict_keys(['example_branch_labels']) retrieved from /Users/brenda/miniconda3/envs/airflow/lib/python3.8/site-packages/airflow/example_dags/example_branch_labels.py
[2023-05-04T18:52:30.351+0200] {logging_mixin.py:117} INFO - [2023-05-04T18:52:30.351+0200] {dag.py:2573} INFO - Sync 1 DAGs
[2023-05-04T18:52:30.362+0200] {logging_mixin.py:117} INFO - [2023-05-04T18:52:30.362+0200] {dag.py:3324} INFO - Setting next_dagrun for example_branch_labels to 2023-05-03T00:00:00+00:00, run_after=2023-05-04T00:00:00+00:00
[2023-05-04T18:52:30.372+0200] {processor.py:178} INFO - Processing /Users/brenda/miniconda3/envs/airflow/lib/python3.8/site-packages/airflow/example_dags/example_branch_labels.py took 0.150 seconds
[2023-05-04T18:53:45.904+0200] {processor.py:156} INFO - Started process (PID=7866) to work on /Users/brenda/miniconda3/envs/airflow/lib/python3.8/site-packages/airflow/example_dags/example_branch_labels.py
[2023-05-04T18:53:45.908+0200] {processor.py:758} INFO - Processing file /Users/brenda/miniconda3/envs/airflow/lib/python3.8/site-packages/airflow/example_dags/example_branch_labels.py for tasks to queue
[2023-05-04T18:53:45.908+0200] {logging_mixin.py:117} INFO - [2023-05-04T18:53:45.908+0200] {dagbag.py:525} INFO - Filling up the DagBag from /Users/brenda/miniconda3/envs/airflow/lib/python3.8/site-packages/airflow/example_dags/example_branch_labels.py
[2023-05-04T18:53:45.925+0200] {processor.py:768} INFO - DAG(s) dict_keys(['example_branch_labels']) retrieved from /Users/brenda/miniconda3/envs/airflow/lib/python3.8/site-packages/airflow/example_dags/example_branch_labels.py
[2023-05-04T18:53:46.039+0200] {logging_mixin.py:117} INFO - [2023-05-04T18:53:46.039+0200] {dag.py:2573} INFO - Sync 1 DAGs
[2023-05-04T18:53:46.050+0200] {logging_mixin.py:117} INFO - [2023-05-04T18:53:46.050+0200] {dag.py:3324} INFO - Setting next_dagrun for example_branch_labels to 2023-05-03T00:00:00+00:00, run_after=2023-05-04T00:00:00+00:00
[2023-05-04T18:53:46.060+0200] {processor.py:178} INFO - Processing /Users/brenda/miniconda3/envs/airflow/lib/python3.8/site-packages/airflow/example_dags/example_branch_labels.py took 0.157 seconds
[2023-05-04T19:12:07.475+0200] {processor.py:156} INFO - Started process (PID=8037) to work on /Users/brenda/miniconda3/envs/airflow/lib/python3.8/site-packages/airflow/example_dags/example_branch_labels.py
[2023-05-04T19:12:07.479+0200] {processor.py:758} INFO - Processing file /Users/brenda/miniconda3/envs/airflow/lib/python3.8/site-packages/airflow/example_dags/example_branch_labels.py for tasks to queue
[2023-05-04T19:12:07.479+0200] {logging_mixin.py:117} INFO - [2023-05-04T19:12:07.479+0200] {dagbag.py:525} INFO - Filling up the DagBag from /Users/brenda/miniconda3/envs/airflow/lib/python3.8/site-packages/airflow/example_dags/example_branch_labels.py
[2023-05-04T19:12:07.496+0200] {processor.py:768} INFO - DAG(s) dict_keys(['example_branch_labels']) retrieved from /Users/brenda/miniconda3/envs/airflow/lib/python3.8/site-packages/airflow/example_dags/example_branch_labels.py
[2023-05-04T19:12:07.604+0200] {logging_mixin.py:117} INFO - [2023-05-04T19:12:07.604+0200] {dag.py:2573} INFO - Sync 1 DAGs
[2023-05-04T19:12:07.615+0200] {logging_mixin.py:117} INFO - [2023-05-04T19:12:07.615+0200] {dag.py:3324} INFO - Setting next_dagrun for example_branch_labels to 2023-05-03T00:00:00+00:00, run_after=2023-05-04T00:00:00+00:00
[2023-05-04T19:12:07.625+0200] {processor.py:178} INFO - Processing /Users/brenda/miniconda3/envs/airflow/lib/python3.8/site-packages/airflow/example_dags/example_branch_labels.py took 0.150 seconds
[2023-05-04T21:40:09.655+0200] {processor.py:156} INFO - Started process (PID=8242) to work on /Users/brenda/miniconda3/envs/airflow/lib/python3.8/site-packages/airflow/example_dags/example_branch_labels.py
[2023-05-04T21:40:09.659+0200] {processor.py:758} INFO - Processing file /Users/brenda/miniconda3/envs/airflow/lib/python3.8/site-packages/airflow/example_dags/example_branch_labels.py for tasks to queue
[2023-05-04T21:40:09.659+0200] {logging_mixin.py:117} INFO - [2023-05-04T21:40:09.659+0200] {dagbag.py:525} INFO - Filling up the DagBag from /Users/brenda/miniconda3/envs/airflow/lib/python3.8/site-packages/airflow/example_dags/example_branch_labels.py
[2023-05-04T21:40:09.675+0200] {processor.py:768} INFO - DAG(s) dict_keys(['example_branch_labels']) retrieved from /Users/brenda/miniconda3/envs/airflow/lib/python3.8/site-packages/airflow/example_dags/example_branch_labels.py
[2023-05-04T21:40:09.783+0200] {logging_mixin.py:117} INFO - [2023-05-04T21:40:09.783+0200] {dag.py:2573} INFO - Sync 1 DAGs
[2023-05-04T21:40:09.794+0200] {logging_mixin.py:117} INFO - [2023-05-04T21:40:09.794+0200] {dag.py:3324} INFO - Setting next_dagrun for example_branch_labels to 2023-05-03T00:00:00+00:00, run_after=2023-05-04T00:00:00+00:00
[2023-05-04T21:40:09.804+0200] {processor.py:178} INFO - Processing /Users/brenda/miniconda3/envs/airflow/lib/python3.8/site-packages/airflow/example_dags/example_branch_labels.py took 0.149 seconds
[2023-05-04T23:04:38.386+0200] {processor.py:156} INFO - Started process (PID=8385) to work on /Users/brenda/miniconda3/envs/airflow/lib/python3.8/site-packages/airflow/example_dags/example_branch_labels.py
[2023-05-04T23:04:38.390+0200] {processor.py:758} INFO - Processing file /Users/brenda/miniconda3/envs/airflow/lib/python3.8/site-packages/airflow/example_dags/example_branch_labels.py for tasks to queue
[2023-05-04T23:04:38.390+0200] {logging_mixin.py:117} INFO - [2023-05-04T23:04:38.390+0200] {dagbag.py:525} INFO - Filling up the DagBag from /Users/brenda/miniconda3/envs/airflow/lib/python3.8/site-packages/airflow/example_dags/example_branch_labels.py
[2023-05-04T23:04:38.406+0200] {processor.py:768} INFO - DAG(s) dict_keys(['example_branch_labels']) retrieved from /Users/brenda/miniconda3/envs/airflow/lib/python3.8/site-packages/airflow/example_dags/example_branch_labels.py
[2023-05-04T23:04:38.516+0200] {logging_mixin.py:117} INFO - [2023-05-04T23:04:38.516+0200] {dag.py:2573} INFO - Sync 1 DAGs
[2023-05-04T23:04:38.527+0200] {logging_mixin.py:117} INFO - [2023-05-04T23:04:38.527+0200] {dag.py:3324} INFO - Setting next_dagrun for example_branch_labels to 2023-05-03T00:00:00+00:00, run_after=2023-05-04T00:00:00+00:00
[2023-05-04T23:04:38.537+0200] {processor.py:178} INFO - Processing /Users/brenda/miniconda3/envs/airflow/lib/python3.8/site-packages/airflow/example_dags/example_branch_labels.py took 0.152 seconds
[2023-05-05T00:41:59.616+0200] {processor.py:156} INFO - Started process (PID=8526) to work on /Users/brenda/miniconda3/envs/airflow/lib/python3.8/site-packages/airflow/example_dags/example_branch_labels.py
[2023-05-05T00:41:59.620+0200] {processor.py:758} INFO - Processing file /Users/brenda/miniconda3/envs/airflow/lib/python3.8/site-packages/airflow/example_dags/example_branch_labels.py for tasks to queue
[2023-05-05T00:41:59.620+0200] {logging_mixin.py:117} INFO - [2023-05-05T00:41:59.620+0200] {dagbag.py:525} INFO - Filling up the DagBag from /Users/brenda/miniconda3/envs/airflow/lib/python3.8/site-packages/airflow/example_dags/example_branch_labels.py
[2023-05-05T00:41:59.635+0200] {processor.py:768} INFO - DAG(s) dict_keys(['example_branch_labels']) retrieved from /Users/brenda/miniconda3/envs/airflow/lib/python3.8/site-packages/airflow/example_dags/example_branch_labels.py
[2023-05-05T00:41:59.744+0200] {logging_mixin.py:117} INFO - [2023-05-05T00:41:59.744+0200] {dag.py:2573} INFO - Sync 1 DAGs
[2023-05-05T00:41:59.754+0200] {logging_mixin.py:117} INFO - [2023-05-05T00:41:59.754+0200] {dag.py:3324} INFO - Setting next_dagrun for example_branch_labels to 2023-05-03T00:00:00+00:00, run_after=2023-05-04T00:00:00+00:00
[2023-05-05T00:41:59.764+0200] {processor.py:178} INFO - Processing /Users/brenda/miniconda3/envs/airflow/lib/python3.8/site-packages/airflow/example_dags/example_branch_labels.py took 0.149 seconds
