[2023-05-04T18:50:11.554+0200] {processor.py:156} INFO - Started process (PID=7454) to work on /Users/brenda/miniconda3/envs/airflow/lib/python3.8/site-packages/airflow/example_dags/example_skip_dag.py
[2023-05-04T18:50:11.558+0200] {processor.py:758} INFO - Processing file /Users/brenda/miniconda3/envs/airflow/lib/python3.8/site-packages/airflow/example_dags/example_skip_dag.py for tasks to queue
[2023-05-04T18:50:11.558+0200] {logging_mixin.py:117} INFO - [2023-05-04T18:50:11.558+0200] {dagbag.py:525} INFO - Filling up the DagBag from /Users/brenda/miniconda3/envs/airflow/lib/python3.8/site-packages/airflow/example_dags/example_skip_dag.py
[2023-05-04T18:50:11.573+0200] {processor.py:768} INFO - DAG(s) dict_keys(['example_skip_dag']) retrieved from /Users/brenda/miniconda3/envs/airflow/lib/python3.8/site-packages/airflow/example_dags/example_skip_dag.py
[2023-05-04T18:50:11.601+0200] {logging_mixin.py:117} INFO - [2023-05-04T18:50:11.601+0200] {dag.py:2573} INFO - Sync 1 DAGs
[2023-05-04T18:50:11.669+0200] {logging_mixin.py:117} INFO - [2023-05-04T18:50:11.669+0200] {dag.py:3324} INFO - Setting next_dagrun for example_skip_dag to 2023-05-03T16:50:11.669165+00:00, run_after=2023-05-04T16:50:11.669165+00:00
[2023-05-04T18:50:11.680+0200] {processor.py:178} INFO - Processing /Users/brenda/miniconda3/envs/airflow/lib/python3.8/site-packages/airflow/example_dags/example_skip_dag.py took 0.126 seconds
[2023-05-04T18:51:04.490+0200] {processor.py:156} INFO - Started process (PID=7539) to work on /Users/brenda/miniconda3/envs/airflow/lib/python3.8/site-packages/airflow/example_dags/example_skip_dag.py
[2023-05-04T18:51:04.493+0200] {processor.py:758} INFO - Processing file /Users/brenda/miniconda3/envs/airflow/lib/python3.8/site-packages/airflow/example_dags/example_skip_dag.py for tasks to queue
[2023-05-04T18:51:04.494+0200] {logging_mixin.py:117} INFO - [2023-05-04T18:51:04.494+0200] {dagbag.py:525} INFO - Filling up the DagBag from /Users/brenda/miniconda3/envs/airflow/lib/python3.8/site-packages/airflow/example_dags/example_skip_dag.py
[2023-05-04T18:51:04.508+0200] {processor.py:768} INFO - DAG(s) dict_keys(['example_skip_dag']) retrieved from /Users/brenda/miniconda3/envs/airflow/lib/python3.8/site-packages/airflow/example_dags/example_skip_dag.py
[2023-05-04T18:51:04.617+0200] {logging_mixin.py:117} INFO - [2023-05-04T18:51:04.617+0200] {dag.py:2573} INFO - Sync 1 DAGs
[2023-05-04T18:51:04.626+0200] {logging_mixin.py:117} INFO - [2023-05-04T18:51:04.626+0200] {dag.py:3324} INFO - Setting next_dagrun for example_skip_dag to 2023-05-03T16:51:04.626605+00:00, run_after=2023-05-04T16:51:04.626605+00:00
[2023-05-04T18:51:04.638+0200] {processor.py:178} INFO - Processing /Users/brenda/miniconda3/envs/airflow/lib/python3.8/site-packages/airflow/example_dags/example_skip_dag.py took 0.149 seconds
[2023-05-04T18:52:19.626+0200] {processor.py:156} INFO - Started process (PID=7699) to work on /Users/brenda/miniconda3/envs/airflow/lib/python3.8/site-packages/airflow/example_dags/example_skip_dag.py
[2023-05-04T18:52:19.629+0200] {processor.py:758} INFO - Processing file /Users/brenda/miniconda3/envs/airflow/lib/python3.8/site-packages/airflow/example_dags/example_skip_dag.py for tasks to queue
[2023-05-04T18:52:19.630+0200] {logging_mixin.py:117} INFO - [2023-05-04T18:52:19.629+0200] {dagbag.py:525} INFO - Filling up the DagBag from /Users/brenda/miniconda3/envs/airflow/lib/python3.8/site-packages/airflow/example_dags/example_skip_dag.py
[2023-05-04T18:52:19.645+0200] {processor.py:768} INFO - DAG(s) dict_keys(['example_skip_dag']) retrieved from /Users/brenda/miniconda3/envs/airflow/lib/python3.8/site-packages/airflow/example_dags/example_skip_dag.py
[2023-05-04T18:52:19.762+0200] {logging_mixin.py:117} INFO - [2023-05-04T18:52:19.761+0200] {dag.py:2573} INFO - Sync 1 DAGs
[2023-05-04T18:52:19.772+0200] {logging_mixin.py:117} INFO - [2023-05-04T18:52:19.772+0200] {dag.py:3324} INFO - Setting next_dagrun for example_skip_dag to 2023-05-03T16:52:19.772463+00:00, run_after=2023-05-04T16:52:19.772463+00:00
[2023-05-04T18:52:19.787+0200] {processor.py:178} INFO - Processing /Users/brenda/miniconda3/envs/airflow/lib/python3.8/site-packages/airflow/example_dags/example_skip_dag.py took 0.161 seconds
[2023-05-04T18:53:14.536+0200] {processor.py:156} INFO - Started process (PID=7826) to work on /Users/brenda/miniconda3/envs/airflow/lib/python3.8/site-packages/airflow/example_dags/example_skip_dag.py
[2023-05-04T18:53:14.540+0200] {processor.py:758} INFO - Processing file /Users/brenda/miniconda3/envs/airflow/lib/python3.8/site-packages/airflow/example_dags/example_skip_dag.py for tasks to queue
[2023-05-04T18:53:14.541+0200] {logging_mixin.py:117} INFO - [2023-05-04T18:53:14.540+0200] {dagbag.py:525} INFO - Filling up the DagBag from /Users/brenda/miniconda3/envs/airflow/lib/python3.8/site-packages/airflow/example_dags/example_skip_dag.py
[2023-05-04T18:53:14.556+0200] {processor.py:768} INFO - DAG(s) dict_keys(['example_skip_dag']) retrieved from /Users/brenda/miniconda3/envs/airflow/lib/python3.8/site-packages/airflow/example_dags/example_skip_dag.py
[2023-05-04T18:53:14.664+0200] {logging_mixin.py:117} INFO - [2023-05-04T18:53:14.663+0200] {dag.py:2573} INFO - Sync 1 DAGs
[2023-05-04T18:53:14.673+0200] {logging_mixin.py:117} INFO - [2023-05-04T18:53:14.673+0200] {dag.py:3324} INFO - Setting next_dagrun for example_skip_dag to 2023-05-03T16:53:14.673543+00:00, run_after=2023-05-04T16:53:14.673543+00:00
[2023-05-04T18:53:14.684+0200] {processor.py:178} INFO - Processing /Users/brenda/miniconda3/envs/airflow/lib/python3.8/site-packages/airflow/example_dags/example_skip_dag.py took 0.148 seconds
[2023-05-04T18:54:05.995+0200] {processor.py:156} INFO - Started process (PID=7894) to work on /Users/brenda/miniconda3/envs/airflow/lib/python3.8/site-packages/airflow/example_dags/example_skip_dag.py
[2023-05-04T18:54:05.998+0200] {processor.py:758} INFO - Processing file /Users/brenda/miniconda3/envs/airflow/lib/python3.8/site-packages/airflow/example_dags/example_skip_dag.py for tasks to queue
[2023-05-04T18:54:05.999+0200] {logging_mixin.py:117} INFO - [2023-05-04T18:54:05.999+0200] {dagbag.py:525} INFO - Filling up the DagBag from /Users/brenda/miniconda3/envs/airflow/lib/python3.8/site-packages/airflow/example_dags/example_skip_dag.py
[2023-05-04T18:54:06.014+0200] {processor.py:768} INFO - DAG(s) dict_keys(['example_skip_dag']) retrieved from /Users/brenda/miniconda3/envs/airflow/lib/python3.8/site-packages/airflow/example_dags/example_skip_dag.py
[2023-05-04T18:54:06.128+0200] {logging_mixin.py:117} INFO - [2023-05-04T18:54:06.128+0200] {dag.py:2573} INFO - Sync 1 DAGs
[2023-05-04T18:54:06.138+0200] {logging_mixin.py:117} INFO - [2023-05-04T18:54:06.138+0200] {dag.py:3324} INFO - Setting next_dagrun for example_skip_dag to 2023-05-03T16:54:06.138073+00:00, run_after=2023-05-04T16:54:06.138073+00:00
[2023-05-04T18:54:06.148+0200] {processor.py:178} INFO - Processing /Users/brenda/miniconda3/envs/airflow/lib/python3.8/site-packages/airflow/example_dags/example_skip_dag.py took 0.154 seconds
[2023-05-04T18:55:21.364+0200] {processor.py:156} INFO - Started process (PID=7986) to work on /Users/brenda/miniconda3/envs/airflow/lib/python3.8/site-packages/airflow/example_dags/example_skip_dag.py
[2023-05-04T18:55:21.370+0200] {processor.py:758} INFO - Processing file /Users/brenda/miniconda3/envs/airflow/lib/python3.8/site-packages/airflow/example_dags/example_skip_dag.py for tasks to queue
[2023-05-04T18:55:21.370+0200] {logging_mixin.py:117} INFO - [2023-05-04T18:55:21.370+0200] {dagbag.py:525} INFO - Filling up the DagBag from /Users/brenda/miniconda3/envs/airflow/lib/python3.8/site-packages/airflow/example_dags/example_skip_dag.py
[2023-05-04T18:55:21.386+0200] {processor.py:768} INFO - DAG(s) dict_keys(['example_skip_dag']) retrieved from /Users/brenda/miniconda3/envs/airflow/lib/python3.8/site-packages/airflow/example_dags/example_skip_dag.py
[2023-05-04T18:55:21.493+0200] {logging_mixin.py:117} INFO - [2023-05-04T18:55:21.493+0200] {dag.py:2573} INFO - Sync 1 DAGs
[2023-05-04T18:55:21.503+0200] {logging_mixin.py:117} INFO - [2023-05-04T18:55:21.503+0200] {dag.py:3324} INFO - Setting next_dagrun for example_skip_dag to 2023-05-03T16:55:21.503063+00:00, run_after=2023-05-04T16:55:21.503063+00:00
[2023-05-04T18:55:21.514+0200] {processor.py:178} INFO - Processing /Users/brenda/miniconda3/envs/airflow/lib/python3.8/site-packages/airflow/example_dags/example_skip_dag.py took 0.150 seconds
[2023-05-04T19:59:41.934+0200] {processor.py:156} INFO - Started process (PID=8104) to work on /Users/brenda/miniconda3/envs/airflow/lib/python3.8/site-packages/airflow/example_dags/example_skip_dag.py
[2023-05-04T19:59:41.938+0200] {processor.py:758} INFO - Processing file /Users/brenda/miniconda3/envs/airflow/lib/python3.8/site-packages/airflow/example_dags/example_skip_dag.py for tasks to queue
[2023-05-04T19:59:41.938+0200] {logging_mixin.py:117} INFO - [2023-05-04T19:59:41.938+0200] {dagbag.py:525} INFO - Filling up the DagBag from /Users/brenda/miniconda3/envs/airflow/lib/python3.8/site-packages/airflow/example_dags/example_skip_dag.py
[2023-05-04T19:59:41.956+0200] {processor.py:768} INFO - DAG(s) dict_keys(['example_skip_dag']) retrieved from /Users/brenda/miniconda3/envs/airflow/lib/python3.8/site-packages/airflow/example_dags/example_skip_dag.py
[2023-05-04T19:59:42.072+0200] {logging_mixin.py:117} INFO - [2023-05-04T19:59:42.072+0200] {dag.py:2573} INFO - Sync 1 DAGs
[2023-05-04T19:59:42.081+0200] {logging_mixin.py:117} INFO - [2023-05-04T19:59:42.081+0200] {dag.py:3324} INFO - Setting next_dagrun for example_skip_dag to 2023-05-03T17:59:42.081780+00:00, run_after=2023-05-04T17:59:42.081780+00:00
[2023-05-04T19:59:42.092+0200] {processor.py:178} INFO - Processing /Users/brenda/miniconda3/envs/airflow/lib/python3.8/site-packages/airflow/example_dags/example_skip_dag.py took 0.158 seconds
[2023-05-04T21:22:17.783+0200] {processor.py:156} INFO - Started process (PID=8209) to work on /Users/brenda/miniconda3/envs/airflow/lib/python3.8/site-packages/airflow/example_dags/example_skip_dag.py
[2023-05-04T21:22:17.786+0200] {processor.py:758} INFO - Processing file /Users/brenda/miniconda3/envs/airflow/lib/python3.8/site-packages/airflow/example_dags/example_skip_dag.py for tasks to queue
[2023-05-04T21:22:17.787+0200] {logging_mixin.py:117} INFO - [2023-05-04T21:22:17.786+0200] {dagbag.py:525} INFO - Filling up the DagBag from /Users/brenda/miniconda3/envs/airflow/lib/python3.8/site-packages/airflow/example_dags/example_skip_dag.py
[2023-05-04T21:22:17.801+0200] {processor.py:768} INFO - DAG(s) dict_keys(['example_skip_dag']) retrieved from /Users/brenda/miniconda3/envs/airflow/lib/python3.8/site-packages/airflow/example_dags/example_skip_dag.py
[2023-05-04T21:22:17.912+0200] {logging_mixin.py:117} INFO - [2023-05-04T21:22:17.912+0200] {dag.py:2573} INFO - Sync 1 DAGs
[2023-05-04T21:22:17.922+0200] {logging_mixin.py:117} INFO - [2023-05-04T21:22:17.922+0200] {dag.py:3324} INFO - Setting next_dagrun for example_skip_dag to 2023-05-03T19:22:17.922478+00:00, run_after=2023-05-04T19:22:17.922478+00:00
[2023-05-04T21:22:17.934+0200] {processor.py:178} INFO - Processing /Users/brenda/miniconda3/envs/airflow/lib/python3.8/site-packages/airflow/example_dags/example_skip_dag.py took 0.152 seconds
[2023-05-04T22:30:10.448+0200] {processor.py:156} INFO - Started process (PID=8309) to work on /Users/brenda/miniconda3/envs/airflow/lib/python3.8/site-packages/airflow/example_dags/example_skip_dag.py
[2023-05-04T22:30:10.451+0200] {processor.py:758} INFO - Processing file /Users/brenda/miniconda3/envs/airflow/lib/python3.8/site-packages/airflow/example_dags/example_skip_dag.py for tasks to queue
[2023-05-04T22:30:10.452+0200] {logging_mixin.py:117} INFO - [2023-05-04T22:30:10.452+0200] {dagbag.py:525} INFO - Filling up the DagBag from /Users/brenda/miniconda3/envs/airflow/lib/python3.8/site-packages/airflow/example_dags/example_skip_dag.py
[2023-05-04T22:30:10.468+0200] {processor.py:768} INFO - DAG(s) dict_keys(['example_skip_dag']) retrieved from /Users/brenda/miniconda3/envs/airflow/lib/python3.8/site-packages/airflow/example_dags/example_skip_dag.py
[2023-05-04T22:30:10.583+0200] {logging_mixin.py:117} INFO - [2023-05-04T22:30:10.583+0200] {dag.py:2573} INFO - Sync 1 DAGs
[2023-05-04T22:30:10.593+0200] {logging_mixin.py:117} INFO - [2023-05-04T22:30:10.593+0200] {dag.py:3324} INFO - Setting next_dagrun for example_skip_dag to 2023-05-03T20:30:10.593304+00:00, run_after=2023-05-04T20:30:10.593304+00:00
[2023-05-04T22:30:10.604+0200] {processor.py:178} INFO - Processing /Users/brenda/miniconda3/envs/airflow/lib/python3.8/site-packages/airflow/example_dags/example_skip_dag.py took 0.156 seconds
[2023-05-04T23:54:37.936+0200] {processor.py:156} INFO - Started process (PID=8456) to work on /Users/brenda/miniconda3/envs/airflow/lib/python3.8/site-packages/airflow/example_dags/example_skip_dag.py
[2023-05-04T23:54:37.940+0200] {processor.py:758} INFO - Processing file /Users/brenda/miniconda3/envs/airflow/lib/python3.8/site-packages/airflow/example_dags/example_skip_dag.py for tasks to queue
[2023-05-04T23:54:37.940+0200] {logging_mixin.py:117} INFO - [2023-05-04T23:54:37.940+0200] {dagbag.py:525} INFO - Filling up the DagBag from /Users/brenda/miniconda3/envs/airflow/lib/python3.8/site-packages/airflow/example_dags/example_skip_dag.py
[2023-05-04T23:54:37.959+0200] {processor.py:768} INFO - DAG(s) dict_keys(['example_skip_dag']) retrieved from /Users/brenda/miniconda3/envs/airflow/lib/python3.8/site-packages/airflow/example_dags/example_skip_dag.py
[2023-05-04T23:54:38.068+0200] {logging_mixin.py:117} INFO - [2023-05-04T23:54:38.068+0200] {dag.py:2573} INFO - Sync 1 DAGs
[2023-05-04T23:54:38.078+0200] {logging_mixin.py:117} INFO - [2023-05-04T23:54:38.078+0200] {dag.py:3324} INFO - Setting next_dagrun for example_skip_dag to 2023-05-03T21:54:38.078316+00:00, run_after=2023-05-04T21:54:38.078316+00:00
[2023-05-04T23:54:38.089+0200] {processor.py:178} INFO - Processing /Users/brenda/miniconda3/envs/airflow/lib/python3.8/site-packages/airflow/example_dags/example_skip_dag.py took 0.153 seconds
[2023-05-05T01:16:14.510+0200] {processor.py:156} INFO - Started process (PID=8584) to work on /Users/brenda/miniconda3/envs/airflow/lib/python3.8/site-packages/airflow/example_dags/example_skip_dag.py
[2023-05-05T01:16:14.513+0200] {processor.py:758} INFO - Processing file /Users/brenda/miniconda3/envs/airflow/lib/python3.8/site-packages/airflow/example_dags/example_skip_dag.py for tasks to queue
[2023-05-05T01:16:14.513+0200] {logging_mixin.py:117} INFO - [2023-05-05T01:16:14.513+0200] {dagbag.py:525} INFO - Filling up the DagBag from /Users/brenda/miniconda3/envs/airflow/lib/python3.8/site-packages/airflow/example_dags/example_skip_dag.py
[2023-05-05T01:16:14.528+0200] {processor.py:768} INFO - DAG(s) dict_keys(['example_skip_dag']) retrieved from /Users/brenda/miniconda3/envs/airflow/lib/python3.8/site-packages/airflow/example_dags/example_skip_dag.py
[2023-05-05T01:16:14.640+0200] {logging_mixin.py:117} INFO - [2023-05-05T01:16:14.640+0200] {dag.py:2573} INFO - Sync 1 DAGs
[2023-05-05T01:16:14.650+0200] {logging_mixin.py:117} INFO - [2023-05-05T01:16:14.650+0200] {dag.py:3324} INFO - Setting next_dagrun for example_skip_dag to 2023-05-03T23:16:14.649919+00:00, run_after=2023-05-04T23:16:14.649919+00:00
[2023-05-05T01:16:14.660+0200] {processor.py:178} INFO - Processing /Users/brenda/miniconda3/envs/airflow/lib/python3.8/site-packages/airflow/example_dags/example_skip_dag.py took 0.150 seconds
