[2023-05-04T18:50:34.397+0200] {processor.py:156} INFO - Started process (PID=7488) to work on /Users/brenda/miniconda3/envs/airflow/lib/python3.8/site-packages/airflow/example_dags/example_branch_operator_decorator.py
[2023-05-04T18:50:34.400+0200] {processor.py:758} INFO - Processing file /Users/brenda/miniconda3/envs/airflow/lib/python3.8/site-packages/airflow/example_dags/example_branch_operator_decorator.py for tasks to queue
[2023-05-04T18:50:34.401+0200] {logging_mixin.py:117} INFO - [2023-05-04T18:50:34.401+0200] {dagbag.py:525} INFO - Filling up the DagBag from /Users/brenda/miniconda3/envs/airflow/lib/python3.8/site-packages/airflow/example_dags/example_branch_operator_decorator.py
[2023-05-04T18:50:34.444+0200] {processor.py:768} INFO - DAG(s) dict_keys(['example_branch_python_operator_decorator']) retrieved from /Users/brenda/miniconda3/envs/airflow/lib/python3.8/site-packages/airflow/example_dags/example_branch_operator_decorator.py
[2023-05-04T18:50:34.607+0200] {logging_mixin.py:117} INFO - [2023-05-04T18:50:34.606+0200] {dag.py:2573} INFO - Sync 1 DAGs
[2023-05-04T18:50:34.619+0200] {logging_mixin.py:117} INFO - [2023-05-04T18:50:34.618+0200] {dag.py:3324} INFO - Setting next_dagrun for example_branch_python_operator_decorator to 2023-05-03T00:00:00+00:00, run_after=2023-05-04T00:00:00+00:00
[2023-05-04T18:50:34.629+0200] {processor.py:178} INFO - Processing /Users/brenda/miniconda3/envs/airflow/lib/python3.8/site-packages/airflow/example_dags/example_branch_operator_decorator.py took 0.232 seconds
[2023-05-04T18:51:40.908+0200] {processor.py:156} INFO - Started process (PID=7614) to work on /Users/brenda/miniconda3/envs/airflow/lib/python3.8/site-packages/airflow/example_dags/example_branch_operator_decorator.py
[2023-05-04T18:51:40.912+0200] {processor.py:758} INFO - Processing file /Users/brenda/miniconda3/envs/airflow/lib/python3.8/site-packages/airflow/example_dags/example_branch_operator_decorator.py for tasks to queue
[2023-05-04T18:51:40.912+0200] {logging_mixin.py:117} INFO - [2023-05-04T18:51:40.912+0200] {dagbag.py:525} INFO - Filling up the DagBag from /Users/brenda/miniconda3/envs/airflow/lib/python3.8/site-packages/airflow/example_dags/example_branch_operator_decorator.py
[2023-05-04T18:51:40.942+0200] {processor.py:768} INFO - DAG(s) dict_keys(['example_branch_python_operator_decorator']) retrieved from /Users/brenda/miniconda3/envs/airflow/lib/python3.8/site-packages/airflow/example_dags/example_branch_operator_decorator.py
[2023-05-04T18:51:41.048+0200] {logging_mixin.py:117} INFO - [2023-05-04T18:51:41.048+0200] {dag.py:2573} INFO - Sync 1 DAGs
[2023-05-04T18:51:41.059+0200] {logging_mixin.py:117} INFO - [2023-05-04T18:51:41.059+0200] {dag.py:3324} INFO - Setting next_dagrun for example_branch_python_operator_decorator to 2023-05-03T00:00:00+00:00, run_after=2023-05-04T00:00:00+00:00
[2023-05-04T18:51:41.069+0200] {processor.py:178} INFO - Processing /Users/brenda/miniconda3/envs/airflow/lib/python3.8/site-packages/airflow/example_dags/example_branch_operator_decorator.py took 0.161 seconds
[2023-05-04T18:52:58.141+0200] {processor.py:156} INFO - Started process (PID=7794) to work on /Users/brenda/miniconda3/envs/airflow/lib/python3.8/site-packages/airflow/example_dags/example_branch_operator_decorator.py
[2023-05-04T18:52:58.147+0200] {processor.py:758} INFO - Processing file /Users/brenda/miniconda3/envs/airflow/lib/python3.8/site-packages/airflow/example_dags/example_branch_operator_decorator.py for tasks to queue
[2023-05-04T18:52:58.148+0200] {logging_mixin.py:117} INFO - [2023-05-04T18:52:58.148+0200] {dagbag.py:525} INFO - Filling up the DagBag from /Users/brenda/miniconda3/envs/airflow/lib/python3.8/site-packages/airflow/example_dags/example_branch_operator_decorator.py
[2023-05-04T18:52:58.183+0200] {processor.py:768} INFO - DAG(s) dict_keys(['example_branch_python_operator_decorator']) retrieved from /Users/brenda/miniconda3/envs/airflow/lib/python3.8/site-packages/airflow/example_dags/example_branch_operator_decorator.py
[2023-05-04T18:52:58.285+0200] {logging_mixin.py:117} INFO - [2023-05-04T18:52:58.285+0200] {dag.py:2573} INFO - Sync 1 DAGs
[2023-05-04T18:52:58.299+0200] {logging_mixin.py:117} INFO - [2023-05-04T18:52:58.299+0200] {dag.py:3324} INFO - Setting next_dagrun for example_branch_python_operator_decorator to 2023-05-03T00:00:00+00:00, run_after=2023-05-04T00:00:00+00:00
[2023-05-04T18:52:58.313+0200] {processor.py:178} INFO - Processing /Users/brenda/miniconda3/envs/airflow/lib/python3.8/site-packages/airflow/example_dags/example_branch_operator_decorator.py took 0.173 seconds
[2023-05-04T18:54:53.890+0200] {processor.py:156} INFO - Started process (PID=7919) to work on /Users/brenda/miniconda3/envs/airflow/lib/python3.8/site-packages/airflow/example_dags/example_branch_operator_decorator.py
[2023-05-04T18:54:53.893+0200] {processor.py:758} INFO - Processing file /Users/brenda/miniconda3/envs/airflow/lib/python3.8/site-packages/airflow/example_dags/example_branch_operator_decorator.py for tasks to queue
[2023-05-04T18:54:53.894+0200] {logging_mixin.py:117} INFO - [2023-05-04T18:54:53.894+0200] {dagbag.py:525} INFO - Filling up the DagBag from /Users/brenda/miniconda3/envs/airflow/lib/python3.8/site-packages/airflow/example_dags/example_branch_operator_decorator.py
[2023-05-04T18:54:53.938+0200] {processor.py:768} INFO - DAG(s) dict_keys(['example_branch_python_operator_decorator']) retrieved from /Users/brenda/miniconda3/envs/airflow/lib/python3.8/site-packages/airflow/example_dags/example_branch_operator_decorator.py
[2023-05-04T18:54:54.061+0200] {logging_mixin.py:117} INFO - [2023-05-04T18:54:54.061+0200] {dag.py:2573} INFO - Sync 1 DAGs
[2023-05-04T18:54:54.073+0200] {logging_mixin.py:117} INFO - [2023-05-04T18:54:54.073+0200] {dag.py:3324} INFO - Setting next_dagrun for example_branch_python_operator_decorator to 2023-05-03T00:00:00+00:00, run_after=2023-05-04T00:00:00+00:00
[2023-05-04T18:54:54.085+0200] {processor.py:178} INFO - Processing /Users/brenda/miniconda3/envs/airflow/lib/python3.8/site-packages/airflow/example_dags/example_branch_operator_decorator.py took 0.195 seconds
[2023-05-04T20:33:03.722+0200] {processor.py:156} INFO - Started process (PID=8143) to work on /Users/brenda/miniconda3/envs/airflow/lib/python3.8/site-packages/airflow/example_dags/example_branch_operator_decorator.py
[2023-05-04T20:33:03.726+0200] {processor.py:758} INFO - Processing file /Users/brenda/miniconda3/envs/airflow/lib/python3.8/site-packages/airflow/example_dags/example_branch_operator_decorator.py for tasks to queue
[2023-05-04T20:33:03.726+0200] {logging_mixin.py:117} INFO - [2023-05-04T20:33:03.726+0200] {dagbag.py:525} INFO - Filling up the DagBag from /Users/brenda/miniconda3/envs/airflow/lib/python3.8/site-packages/airflow/example_dags/example_branch_operator_decorator.py
[2023-05-04T20:33:03.756+0200] {processor.py:768} INFO - DAG(s) dict_keys(['example_branch_python_operator_decorator']) retrieved from /Users/brenda/miniconda3/envs/airflow/lib/python3.8/site-packages/airflow/example_dags/example_branch_operator_decorator.py
[2023-05-04T20:33:03.857+0200] {logging_mixin.py:117} INFO - [2023-05-04T20:33:03.857+0200] {dag.py:2573} INFO - Sync 1 DAGs
[2023-05-04T20:33:03.869+0200] {logging_mixin.py:117} INFO - [2023-05-04T20:33:03.868+0200] {dag.py:3324} INFO - Setting next_dagrun for example_branch_python_operator_decorator to 2023-05-03T00:00:00+00:00, run_after=2023-05-04T00:00:00+00:00
[2023-05-04T20:33:03.878+0200] {processor.py:178} INFO - Processing /Users/brenda/miniconda3/envs/airflow/lib/python3.8/site-packages/airflow/example_dags/example_branch_operator_decorator.py took 0.157 seconds
[2023-05-04T23:04:35.795+0200] {processor.py:156} INFO - Started process (PID=8381) to work on /Users/brenda/miniconda3/envs/airflow/lib/python3.8/site-packages/airflow/example_dags/example_branch_operator_decorator.py
[2023-05-04T23:04:35.801+0200] {processor.py:758} INFO - Processing file /Users/brenda/miniconda3/envs/airflow/lib/python3.8/site-packages/airflow/example_dags/example_branch_operator_decorator.py for tasks to queue
[2023-05-04T23:04:35.802+0200] {logging_mixin.py:117} INFO - [2023-05-04T23:04:35.801+0200] {dagbag.py:525} INFO - Filling up the DagBag from /Users/brenda/miniconda3/envs/airflow/lib/python3.8/site-packages/airflow/example_dags/example_branch_operator_decorator.py
[2023-05-04T23:04:35.833+0200] {processor.py:768} INFO - DAG(s) dict_keys(['example_branch_python_operator_decorator']) retrieved from /Users/brenda/miniconda3/envs/airflow/lib/python3.8/site-packages/airflow/example_dags/example_branch_operator_decorator.py
[2023-05-04T23:04:35.934+0200] {logging_mixin.py:117} INFO - [2023-05-04T23:04:35.934+0200] {dag.py:2573} INFO - Sync 1 DAGs
[2023-05-04T23:04:35.945+0200] {logging_mixin.py:117} INFO - [2023-05-04T23:04:35.945+0200] {dag.py:3324} INFO - Setting next_dagrun for example_branch_python_operator_decorator to 2023-05-03T00:00:00+00:00, run_after=2023-05-04T00:00:00+00:00
[2023-05-04T23:04:35.955+0200] {processor.py:178} INFO - Processing /Users/brenda/miniconda3/envs/airflow/lib/python3.8/site-packages/airflow/example_dags/example_branch_operator_decorator.py took 0.160 seconds
[2023-05-05T00:26:55.058+0200] {processor.py:156} INFO - Started process (PID=8514) to work on /Users/brenda/miniconda3/envs/airflow/lib/python3.8/site-packages/airflow/example_dags/example_branch_operator_decorator.py
[2023-05-05T00:26:55.062+0200] {processor.py:758} INFO - Processing file /Users/brenda/miniconda3/envs/airflow/lib/python3.8/site-packages/airflow/example_dags/example_branch_operator_decorator.py for tasks to queue
[2023-05-05T00:26:55.062+0200] {logging_mixin.py:117} INFO - [2023-05-05T00:26:55.062+0200] {dagbag.py:525} INFO - Filling up the DagBag from /Users/brenda/miniconda3/envs/airflow/lib/python3.8/site-packages/airflow/example_dags/example_branch_operator_decorator.py
[2023-05-05T00:26:55.092+0200] {processor.py:768} INFO - DAG(s) dict_keys(['example_branch_python_operator_decorator']) retrieved from /Users/brenda/miniconda3/envs/airflow/lib/python3.8/site-packages/airflow/example_dags/example_branch_operator_decorator.py
[2023-05-05T00:26:55.196+0200] {logging_mixin.py:117} INFO - [2023-05-05T00:26:55.196+0200] {dag.py:2573} INFO - Sync 1 DAGs
[2023-05-05T00:41:55.694+0200] {logging_mixin.py:117} INFO - [2023-05-05T00:41:55.694+0200] {dag.py:3324} INFO - Setting next_dagrun for example_branch_python_operator_decorator to 2023-05-03T00:00:00+00:00, run_after=2023-05-04T00:00:00+00:00
[2023-05-05T00:41:55.803+0200] {processor.py:178} INFO - Processing /Users/brenda/miniconda3/envs/airflow/lib/python3.8/site-packages/airflow/example_dags/example_branch_operator_decorator.py took 0.359 seconds
