[2023-05-04T18:50:01.634+0200] {processor.py:156} INFO - Started process (PID=7439) to work on /Users/brenda/miniconda3/envs/airflow/lib/python3.8/site-packages/airflow/example_dags/example_trigger_target_dag.py
[2023-05-04T18:50:01.637+0200] {processor.py:758} INFO - Processing file /Users/brenda/miniconda3/envs/airflow/lib/python3.8/site-packages/airflow/example_dags/example_trigger_target_dag.py for tasks to queue
[2023-05-04T18:50:01.637+0200] {logging_mixin.py:117} INFO - [2023-05-04T18:50:01.637+0200] {dagbag.py:525} INFO - Filling up the DagBag from /Users/brenda/miniconda3/envs/airflow/lib/python3.8/site-packages/airflow/example_dags/example_trigger_target_dag.py
[2023-05-04T18:50:01.665+0200] {processor.py:768} INFO - DAG(s) dict_keys(['example_trigger_target_dag']) retrieved from /Users/brenda/miniconda3/envs/airflow/lib/python3.8/site-packages/airflow/example_dags/example_trigger_target_dag.py
[2023-05-04T18:50:01.691+0200] {logging_mixin.py:117} INFO - [2023-05-04T18:50:01.690+0200] {dag.py:2573} INFO - Sync 1 DAGs
[2023-05-04T18:50:01.752+0200] {logging_mixin.py:117} INFO - [2023-05-04T18:50:01.752+0200] {dag.py:3324} INFO - Setting next_dagrun for example_trigger_target_dag to None, run_after=None
[2023-05-04T18:50:01.762+0200] {processor.py:178} INFO - Processing /Users/brenda/miniconda3/envs/airflow/lib/python3.8/site-packages/airflow/example_dags/example_trigger_target_dag.py took 0.128 seconds
[2023-05-04T18:50:55.408+0200] {processor.py:156} INFO - Started process (PID=7522) to work on /Users/brenda/miniconda3/envs/airflow/lib/python3.8/site-packages/airflow/example_dags/example_trigger_target_dag.py
[2023-05-04T18:50:55.412+0200] {processor.py:758} INFO - Processing file /Users/brenda/miniconda3/envs/airflow/lib/python3.8/site-packages/airflow/example_dags/example_trigger_target_dag.py for tasks to queue
[2023-05-04T18:50:55.412+0200] {logging_mixin.py:117} INFO - [2023-05-04T18:50:55.412+0200] {dagbag.py:525} INFO - Filling up the DagBag from /Users/brenda/miniconda3/envs/airflow/lib/python3.8/site-packages/airflow/example_dags/example_trigger_target_dag.py
[2023-05-04T18:50:55.441+0200] {processor.py:768} INFO - DAG(s) dict_keys(['example_trigger_target_dag']) retrieved from /Users/brenda/miniconda3/envs/airflow/lib/python3.8/site-packages/airflow/example_dags/example_trigger_target_dag.py
[2023-05-04T18:50:55.608+0200] {logging_mixin.py:117} INFO - [2023-05-04T18:50:55.608+0200] {dag.py:2573} INFO - Sync 1 DAGs
[2023-05-04T18:50:55.618+0200] {logging_mixin.py:117} INFO - [2023-05-04T18:50:55.618+0200] {dag.py:3324} INFO - Setting next_dagrun for example_trigger_target_dag to None, run_after=None
[2023-05-04T18:50:55.628+0200] {processor.py:178} INFO - Processing /Users/brenda/miniconda3/envs/airflow/lib/python3.8/site-packages/airflow/example_dags/example_trigger_target_dag.py took 0.220 seconds
[2023-05-04T18:52:09.964+0200] {processor.py:156} INFO - Started process (PID=7655) to work on /Users/brenda/miniconda3/envs/airflow/lib/python3.8/site-packages/airflow/example_dags/example_trigger_target_dag.py
[2023-05-04T18:52:09.967+0200] {processor.py:758} INFO - Processing file /Users/brenda/miniconda3/envs/airflow/lib/python3.8/site-packages/airflow/example_dags/example_trigger_target_dag.py for tasks to queue
[2023-05-04T18:52:09.968+0200] {logging_mixin.py:117} INFO - [2023-05-04T18:52:09.968+0200] {dagbag.py:525} INFO - Filling up the DagBag from /Users/brenda/miniconda3/envs/airflow/lib/python3.8/site-packages/airflow/example_dags/example_trigger_target_dag.py
[2023-05-04T18:52:09.999+0200] {processor.py:768} INFO - DAG(s) dict_keys(['example_trigger_target_dag']) retrieved from /Users/brenda/miniconda3/envs/airflow/lib/python3.8/site-packages/airflow/example_dags/example_trigger_target_dag.py
[2023-05-04T18:52:10.110+0200] {logging_mixin.py:117} INFO - [2023-05-04T18:52:10.110+0200] {dag.py:2573} INFO - Sync 1 DAGs
[2023-05-04T18:52:10.120+0200] {logging_mixin.py:117} INFO - [2023-05-04T18:52:10.120+0200] {dag.py:3324} INFO - Setting next_dagrun for example_trigger_target_dag to None, run_after=None
[2023-05-04T18:52:10.130+0200] {processor.py:178} INFO - Processing /Users/brenda/miniconda3/envs/airflow/lib/python3.8/site-packages/airflow/example_dags/example_trigger_target_dag.py took 0.167 seconds
[2023-05-04T18:53:03.809+0200] {processor.py:156} INFO - Started process (PID=7805) to work on /Users/brenda/miniconda3/envs/airflow/lib/python3.8/site-packages/airflow/example_dags/example_trigger_target_dag.py
[2023-05-04T18:53:03.813+0200] {processor.py:758} INFO - Processing file /Users/brenda/miniconda3/envs/airflow/lib/python3.8/site-packages/airflow/example_dags/example_trigger_target_dag.py for tasks to queue
[2023-05-04T18:53:03.813+0200] {logging_mixin.py:117} INFO - [2023-05-04T18:53:03.813+0200] {dagbag.py:525} INFO - Filling up the DagBag from /Users/brenda/miniconda3/envs/airflow/lib/python3.8/site-packages/airflow/example_dags/example_trigger_target_dag.py
[2023-05-04T18:53:03.842+0200] {processor.py:768} INFO - DAG(s) dict_keys(['example_trigger_target_dag']) retrieved from /Users/brenda/miniconda3/envs/airflow/lib/python3.8/site-packages/airflow/example_dags/example_trigger_target_dag.py
[2023-05-04T18:53:03.943+0200] {logging_mixin.py:117} INFO - [2023-05-04T18:53:03.943+0200] {dag.py:2573} INFO - Sync 1 DAGs
[2023-05-04T18:53:03.954+0200] {logging_mixin.py:117} INFO - [2023-05-04T18:53:03.954+0200] {dag.py:3324} INFO - Setting next_dagrun for example_trigger_target_dag to None, run_after=None
[2023-05-04T18:53:03.964+0200] {processor.py:178} INFO - Processing /Users/brenda/miniconda3/envs/airflow/lib/python3.8/site-packages/airflow/example_dags/example_trigger_target_dag.py took 0.155 seconds
[2023-05-04T18:53:56.292+0200] {processor.py:156} INFO - Started process (PID=7880) to work on /Users/brenda/miniconda3/envs/airflow/lib/python3.8/site-packages/airflow/example_dags/example_trigger_target_dag.py
[2023-05-04T18:53:56.296+0200] {processor.py:758} INFO - Processing file /Users/brenda/miniconda3/envs/airflow/lib/python3.8/site-packages/airflow/example_dags/example_trigger_target_dag.py for tasks to queue
[2023-05-04T18:53:56.296+0200] {logging_mixin.py:117} INFO - [2023-05-04T18:53:56.296+0200] {dagbag.py:525} INFO - Filling up the DagBag from /Users/brenda/miniconda3/envs/airflow/lib/python3.8/site-packages/airflow/example_dags/example_trigger_target_dag.py
[2023-05-04T18:53:56.324+0200] {processor.py:768} INFO - DAG(s) dict_keys(['example_trigger_target_dag']) retrieved from /Users/brenda/miniconda3/envs/airflow/lib/python3.8/site-packages/airflow/example_dags/example_trigger_target_dag.py
[2023-05-04T18:53:56.426+0200] {logging_mixin.py:117} INFO - [2023-05-04T18:53:56.426+0200] {dag.py:2573} INFO - Sync 1 DAGs
[2023-05-04T18:53:56.436+0200] {logging_mixin.py:117} INFO - [2023-05-04T18:53:56.436+0200] {dag.py:3324} INFO - Setting next_dagrun for example_trigger_target_dag to None, run_after=None
[2023-05-04T18:53:56.446+0200] {processor.py:178} INFO - Processing /Users/brenda/miniconda3/envs/airflow/lib/python3.8/site-packages/airflow/example_dags/example_trigger_target_dag.py took 0.155 seconds
[2023-05-04T18:55:09.691+0200] {processor.py:156} INFO - Started process (PID=7964) to work on /Users/brenda/miniconda3/envs/airflow/lib/python3.8/site-packages/airflow/example_dags/example_trigger_target_dag.py
[2023-05-04T18:55:09.695+0200] {processor.py:758} INFO - Processing file /Users/brenda/miniconda3/envs/airflow/lib/python3.8/site-packages/airflow/example_dags/example_trigger_target_dag.py for tasks to queue
[2023-05-04T18:55:09.696+0200] {logging_mixin.py:117} INFO - [2023-05-04T18:55:09.695+0200] {dagbag.py:525} INFO - Filling up the DagBag from /Users/brenda/miniconda3/envs/airflow/lib/python3.8/site-packages/airflow/example_dags/example_trigger_target_dag.py
[2023-05-04T18:55:09.724+0200] {processor.py:768} INFO - DAG(s) dict_keys(['example_trigger_target_dag']) retrieved from /Users/brenda/miniconda3/envs/airflow/lib/python3.8/site-packages/airflow/example_dags/example_trigger_target_dag.py
[2023-05-04T18:55:09.825+0200] {logging_mixin.py:117} INFO - [2023-05-04T18:55:09.825+0200] {dag.py:2573} INFO - Sync 1 DAGs
[2023-05-04T18:55:09.835+0200] {logging_mixin.py:117} INFO - [2023-05-04T18:55:09.835+0200] {dag.py:3324} INFO - Setting next_dagrun for example_trigger_target_dag to None, run_after=None
[2023-05-04T18:55:09.845+0200] {processor.py:178} INFO - Processing /Users/brenda/miniconda3/envs/airflow/lib/python3.8/site-packages/airflow/example_dags/example_trigger_target_dag.py took 0.154 seconds
[2023-05-04T19:44:17.772+0200] {processor.py:156} INFO - Started process (PID=8083) to work on /Users/brenda/miniconda3/envs/airflow/lib/python3.8/site-packages/airflow/example_dags/example_trigger_target_dag.py
[2023-05-04T19:44:17.777+0200] {processor.py:758} INFO - Processing file /Users/brenda/miniconda3/envs/airflow/lib/python3.8/site-packages/airflow/example_dags/example_trigger_target_dag.py for tasks to queue
[2023-05-04T19:44:17.778+0200] {logging_mixin.py:117} INFO - [2023-05-04T19:44:17.778+0200] {dagbag.py:525} INFO - Filling up the DagBag from /Users/brenda/miniconda3/envs/airflow/lib/python3.8/site-packages/airflow/example_dags/example_trigger_target_dag.py
[2023-05-04T19:44:17.825+0200] {processor.py:768} INFO - DAG(s) dict_keys(['example_trigger_target_dag']) retrieved from /Users/brenda/miniconda3/envs/airflow/lib/python3.8/site-packages/airflow/example_dags/example_trigger_target_dag.py
[2023-05-04T19:44:17.983+0200] {logging_mixin.py:117} INFO - [2023-05-04T19:44:17.982+0200] {dag.py:2573} INFO - Sync 1 DAGs
[2023-05-04T19:44:17.998+0200] {logging_mixin.py:117} INFO - [2023-05-04T19:44:17.998+0200] {dag.py:3324} INFO - Setting next_dagrun for example_trigger_target_dag to None, run_after=None
[2023-05-04T19:44:18.017+0200] {processor.py:178} INFO - Processing /Users/brenda/miniconda3/envs/airflow/lib/python3.8/site-packages/airflow/example_dags/example_trigger_target_dag.py took 0.246 seconds
[2023-05-04T21:05:54.300+0200] {processor.py:156} INFO - Started process (PID=8170) to work on /Users/brenda/miniconda3/envs/airflow/lib/python3.8/site-packages/airflow/example_dags/example_trigger_target_dag.py
[2023-05-04T21:05:54.306+0200] {processor.py:758} INFO - Processing file /Users/brenda/miniconda3/envs/airflow/lib/python3.8/site-packages/airflow/example_dags/example_trigger_target_dag.py for tasks to queue
[2023-05-04T21:05:54.306+0200] {logging_mixin.py:117} INFO - [2023-05-04T21:05:54.306+0200] {dagbag.py:525} INFO - Filling up the DagBag from /Users/brenda/miniconda3/envs/airflow/lib/python3.8/site-packages/airflow/example_dags/example_trigger_target_dag.py
[2023-05-04T21:05:54.559+0200] {processor.py:768} INFO - DAG(s) dict_keys(['example_trigger_target_dag']) retrieved from /Users/brenda/miniconda3/envs/airflow/lib/python3.8/site-packages/airflow/example_dags/example_trigger_target_dag.py
[2023-05-04T21:05:56.308+0200] {logging_mixin.py:117} INFO - [2023-05-04T21:05:56.308+0200] {dag.py:2573} INFO - Sync 1 DAGs
[2023-05-04T21:05:56.329+0200] {logging_mixin.py:117} INFO - [2023-05-04T21:05:56.329+0200] {dag.py:3324} INFO - Setting next_dagrun for example_trigger_target_dag to None, run_after=None
[2023-05-04T21:05:56.350+0200] {processor.py:178} INFO - Processing /Users/brenda/miniconda3/envs/airflow/lib/python3.8/site-packages/airflow/example_dags/example_trigger_target_dag.py took 2.051 seconds
[2023-05-04T22:13:18.310+0200] {processor.py:156} INFO - Started process (PID=8281) to work on /Users/brenda/miniconda3/envs/airflow/lib/python3.8/site-packages/airflow/example_dags/example_trigger_target_dag.py
[2023-05-04T22:13:18.314+0200] {processor.py:758} INFO - Processing file /Users/brenda/miniconda3/envs/airflow/lib/python3.8/site-packages/airflow/example_dags/example_trigger_target_dag.py for tasks to queue
[2023-05-04T22:13:18.314+0200] {logging_mixin.py:117} INFO - [2023-05-04T22:13:18.314+0200] {dagbag.py:525} INFO - Filling up the DagBag from /Users/brenda/miniconda3/envs/airflow/lib/python3.8/site-packages/airflow/example_dags/example_trigger_target_dag.py
[2023-05-04T22:13:18.344+0200] {processor.py:768} INFO - DAG(s) dict_keys(['example_trigger_target_dag']) retrieved from /Users/brenda/miniconda3/envs/airflow/lib/python3.8/site-packages/airflow/example_dags/example_trigger_target_dag.py
[2023-05-04T22:13:18.445+0200] {logging_mixin.py:117} INFO - [2023-05-04T22:13:18.445+0200] {dag.py:2573} INFO - Sync 1 DAGs
[2023-05-04T22:13:18.457+0200] {logging_mixin.py:117} INFO - [2023-05-04T22:13:18.456+0200] {dag.py:3324} INFO - Setting next_dagrun for example_trigger_target_dag to None, run_after=None
[2023-05-04T22:13:18.466+0200] {processor.py:178} INFO - Processing /Users/brenda/miniconda3/envs/airflow/lib/python3.8/site-packages/airflow/example_dags/example_trigger_target_dag.py took 0.157 seconds
[2023-05-04T23:38:41.058+0200] {processor.py:156} INFO - Started process (PID=8433) to work on /Users/brenda/miniconda3/envs/airflow/lib/python3.8/site-packages/airflow/example_dags/example_trigger_target_dag.py
[2023-05-04T23:38:41.062+0200] {processor.py:758} INFO - Processing file /Users/brenda/miniconda3/envs/airflow/lib/python3.8/site-packages/airflow/example_dags/example_trigger_target_dag.py for tasks to queue
[2023-05-04T23:38:41.062+0200] {logging_mixin.py:117} INFO - [2023-05-04T23:38:41.062+0200] {dagbag.py:525} INFO - Filling up the DagBag from /Users/brenda/miniconda3/envs/airflow/lib/python3.8/site-packages/airflow/example_dags/example_trigger_target_dag.py
[2023-05-04T23:38:41.094+0200] {processor.py:768} INFO - DAG(s) dict_keys(['example_trigger_target_dag']) retrieved from /Users/brenda/miniconda3/envs/airflow/lib/python3.8/site-packages/airflow/example_dags/example_trigger_target_dag.py
[2023-05-04T23:38:41.194+0200] {logging_mixin.py:117} INFO - [2023-05-04T23:38:41.194+0200] {dag.py:2573} INFO - Sync 1 DAGs
[2023-05-04T23:38:41.204+0200] {logging_mixin.py:117} INFO - [2023-05-04T23:38:41.204+0200] {dag.py:3324} INFO - Setting next_dagrun for example_trigger_target_dag to None, run_after=None
[2023-05-04T23:38:41.214+0200] {processor.py:178} INFO - Processing /Users/brenda/miniconda3/envs/airflow/lib/python3.8/site-packages/airflow/example_dags/example_trigger_target_dag.py took 0.156 seconds
[2023-05-05T00:59:42.028+0200] {processor.py:156} INFO - Started process (PID=8562) to work on /Users/brenda/miniconda3/envs/airflow/lib/python3.8/site-packages/airflow/example_dags/example_trigger_target_dag.py
[2023-05-05T00:59:42.032+0200] {processor.py:758} INFO - Processing file /Users/brenda/miniconda3/envs/airflow/lib/python3.8/site-packages/airflow/example_dags/example_trigger_target_dag.py for tasks to queue
[2023-05-05T00:59:42.033+0200] {logging_mixin.py:117} INFO - [2023-05-05T00:59:42.033+0200] {dagbag.py:525} INFO - Filling up the DagBag from /Users/brenda/miniconda3/envs/airflow/lib/python3.8/site-packages/airflow/example_dags/example_trigger_target_dag.py
[2023-05-05T00:59:42.062+0200] {processor.py:768} INFO - DAG(s) dict_keys(['example_trigger_target_dag']) retrieved from /Users/brenda/miniconda3/envs/airflow/lib/python3.8/site-packages/airflow/example_dags/example_trigger_target_dag.py
[2023-05-05T00:59:42.165+0200] {logging_mixin.py:117} INFO - [2023-05-05T00:59:42.165+0200] {dag.py:2573} INFO - Sync 1 DAGs
[2023-05-05T00:59:42.176+0200] {logging_mixin.py:117} INFO - [2023-05-05T00:59:42.175+0200] {dag.py:3324} INFO - Setting next_dagrun for example_trigger_target_dag to None, run_after=None
[2023-05-05T00:59:42.185+0200] {processor.py:178} INFO - Processing /Users/brenda/miniconda3/envs/airflow/lib/python3.8/site-packages/airflow/example_dags/example_trigger_target_dag.py took 0.158 seconds
