[2023-05-04T18:50:05.848+0200] {processor.py:156} INFO - Started process (PID=7446) to work on /Users/brenda/miniconda3/envs/airflow/lib/python3.8/site-packages/airflow/example_dags/example_task_group_decorator.py
[2023-05-04T18:50:05.851+0200] {processor.py:758} INFO - Processing file /Users/brenda/miniconda3/envs/airflow/lib/python3.8/site-packages/airflow/example_dags/example_task_group_decorator.py for tasks to queue
[2023-05-04T18:50:05.852+0200] {logging_mixin.py:117} INFO - [2023-05-04T18:50:05.852+0200] {dagbag.py:525} INFO - Filling up the DagBag from /Users/brenda/miniconda3/envs/airflow/lib/python3.8/site-packages/airflow/example_dags/example_task_group_decorator.py
[2023-05-04T18:50:05.885+0200] {processor.py:768} INFO - DAG(s) dict_keys(['example_task_group_decorator']) retrieved from /Users/brenda/miniconda3/envs/airflow/lib/python3.8/site-packages/airflow/example_dags/example_task_group_decorator.py
[2023-05-04T18:50:05.911+0200] {logging_mixin.py:117} INFO - [2023-05-04T18:50:05.911+0200] {dag.py:2573} INFO - Sync 1 DAGs
[2023-05-04T18:50:05.976+0200] {logging_mixin.py:117} INFO - [2023-05-04T18:50:05.976+0200] {dag.py:3324} INFO - Setting next_dagrun for example_task_group_decorator to 2023-05-03T16:50:05.976211+00:00, run_after=2023-05-04T16:50:05.976211+00:00
[2023-05-04T18:50:05.986+0200] {processor.py:178} INFO - Processing /Users/brenda/miniconda3/envs/airflow/lib/python3.8/site-packages/airflow/example_dags/example_task_group_decorator.py took 0.139 seconds
[2023-05-04T18:50:59.620+0200] {processor.py:156} INFO - Started process (PID=7531) to work on /Users/brenda/miniconda3/envs/airflow/lib/python3.8/site-packages/airflow/example_dags/example_task_group_decorator.py
[2023-05-04T18:50:59.624+0200] {processor.py:758} INFO - Processing file /Users/brenda/miniconda3/envs/airflow/lib/python3.8/site-packages/airflow/example_dags/example_task_group_decorator.py for tasks to queue
[2023-05-04T18:50:59.624+0200] {logging_mixin.py:117} INFO - [2023-05-04T18:50:59.624+0200] {dagbag.py:525} INFO - Filling up the DagBag from /Users/brenda/miniconda3/envs/airflow/lib/python3.8/site-packages/airflow/example_dags/example_task_group_decorator.py
[2023-05-04T18:50:59.668+0200] {processor.py:768} INFO - DAG(s) dict_keys(['example_task_group_decorator']) retrieved from /Users/brenda/miniconda3/envs/airflow/lib/python3.8/site-packages/airflow/example_dags/example_task_group_decorator.py
[2023-05-04T18:50:59.773+0200] {logging_mixin.py:117} INFO - [2023-05-04T18:50:59.773+0200] {dag.py:2573} INFO - Sync 1 DAGs
[2023-05-04T18:50:59.783+0200] {logging_mixin.py:117} INFO - [2023-05-04T18:50:59.783+0200] {dag.py:3324} INFO - Setting next_dagrun for example_task_group_decorator to 2023-05-03T16:50:59.783320+00:00, run_after=2023-05-04T16:50:59.783320+00:00
[2023-05-04T18:50:59.793+0200] {processor.py:178} INFO - Processing /Users/brenda/miniconda3/envs/airflow/lib/python3.8/site-packages/airflow/example_dags/example_task_group_decorator.py took 0.173 seconds
[2023-05-04T18:52:13.946+0200] {processor.py:156} INFO - Started process (PID=7673) to work on /Users/brenda/miniconda3/envs/airflow/lib/python3.8/site-packages/airflow/example_dags/example_task_group_decorator.py
[2023-05-04T18:52:13.949+0200] {processor.py:758} INFO - Processing file /Users/brenda/miniconda3/envs/airflow/lib/python3.8/site-packages/airflow/example_dags/example_task_group_decorator.py for tasks to queue
[2023-05-04T18:52:13.949+0200] {logging_mixin.py:117} INFO - [2023-05-04T18:52:13.949+0200] {dagbag.py:525} INFO - Filling up the DagBag from /Users/brenda/miniconda3/envs/airflow/lib/python3.8/site-packages/airflow/example_dags/example_task_group_decorator.py
[2023-05-04T18:52:13.983+0200] {processor.py:768} INFO - DAG(s) dict_keys(['example_task_group_decorator']) retrieved from /Users/brenda/miniconda3/envs/airflow/lib/python3.8/site-packages/airflow/example_dags/example_task_group_decorator.py
[2023-05-04T18:52:14.094+0200] {logging_mixin.py:117} INFO - [2023-05-04T18:52:14.094+0200] {dag.py:2573} INFO - Sync 1 DAGs
[2023-05-04T18:52:14.106+0200] {logging_mixin.py:117} INFO - [2023-05-04T18:52:14.105+0200] {dag.py:3324} INFO - Setting next_dagrun for example_task_group_decorator to 2023-05-03T16:52:14.105862+00:00, run_after=2023-05-04T16:52:14.105862+00:00
[2023-05-04T18:52:14.116+0200] {processor.py:178} INFO - Processing /Users/brenda/miniconda3/envs/airflow/lib/python3.8/site-packages/airflow/example_dags/example_task_group_decorator.py took 0.170 seconds
[2023-05-04T18:53:08.881+0200] {processor.py:156} INFO - Started process (PID=7818) to work on /Users/brenda/miniconda3/envs/airflow/lib/python3.8/site-packages/airflow/example_dags/example_task_group_decorator.py
[2023-05-04T18:53:08.885+0200] {processor.py:758} INFO - Processing file /Users/brenda/miniconda3/envs/airflow/lib/python3.8/site-packages/airflow/example_dags/example_task_group_decorator.py for tasks to queue
[2023-05-04T18:53:08.885+0200] {logging_mixin.py:117} INFO - [2023-05-04T18:53:08.885+0200] {dagbag.py:525} INFO - Filling up the DagBag from /Users/brenda/miniconda3/envs/airflow/lib/python3.8/site-packages/airflow/example_dags/example_task_group_decorator.py
[2023-05-04T18:53:08.921+0200] {processor.py:768} INFO - DAG(s) dict_keys(['example_task_group_decorator']) retrieved from /Users/brenda/miniconda3/envs/airflow/lib/python3.8/site-packages/airflow/example_dags/example_task_group_decorator.py
[2023-05-04T18:53:09.027+0200] {logging_mixin.py:117} INFO - [2023-05-04T18:53:09.027+0200] {dag.py:2573} INFO - Sync 1 DAGs
[2023-05-04T18:53:09.037+0200] {logging_mixin.py:117} INFO - [2023-05-04T18:53:09.037+0200] {dag.py:3324} INFO - Setting next_dagrun for example_task_group_decorator to 2023-05-03T16:53:09.037475+00:00, run_after=2023-05-04T16:53:09.037475+00:00
[2023-05-04T18:53:09.047+0200] {processor.py:178} INFO - Processing /Users/brenda/miniconda3/envs/airflow/lib/python3.8/site-packages/airflow/example_dags/example_task_group_decorator.py took 0.167 seconds
[2023-05-04T18:54:00.352+0200] {processor.py:156} INFO - Started process (PID=7886) to work on /Users/brenda/miniconda3/envs/airflow/lib/python3.8/site-packages/airflow/example_dags/example_task_group_decorator.py
[2023-05-04T18:54:00.355+0200] {processor.py:758} INFO - Processing file /Users/brenda/miniconda3/envs/airflow/lib/python3.8/site-packages/airflow/example_dags/example_task_group_decorator.py for tasks to queue
[2023-05-04T18:54:00.356+0200] {logging_mixin.py:117} INFO - [2023-05-04T18:54:00.356+0200] {dagbag.py:525} INFO - Filling up the DagBag from /Users/brenda/miniconda3/envs/airflow/lib/python3.8/site-packages/airflow/example_dags/example_task_group_decorator.py
[2023-05-04T18:54:00.389+0200] {processor.py:768} INFO - DAG(s) dict_keys(['example_task_group_decorator']) retrieved from /Users/brenda/miniconda3/envs/airflow/lib/python3.8/site-packages/airflow/example_dags/example_task_group_decorator.py
[2023-05-04T18:54:00.494+0200] {logging_mixin.py:117} INFO - [2023-05-04T18:54:00.493+0200] {dag.py:2573} INFO - Sync 1 DAGs
[2023-05-04T18:54:00.504+0200] {logging_mixin.py:117} INFO - [2023-05-04T18:54:00.504+0200] {dag.py:3324} INFO - Setting next_dagrun for example_task_group_decorator to 2023-05-03T16:54:00.504206+00:00, run_after=2023-05-04T16:54:00.504206+00:00
[2023-05-04T18:54:00.514+0200] {processor.py:178} INFO - Processing /Users/brenda/miniconda3/envs/airflow/lib/python3.8/site-packages/airflow/example_dags/example_task_group_decorator.py took 0.163 seconds
[2023-05-04T18:55:14.693+0200] {processor.py:156} INFO - Started process (PID=7978) to work on /Users/brenda/miniconda3/envs/airflow/lib/python3.8/site-packages/airflow/example_dags/example_task_group_decorator.py
[2023-05-04T18:55:14.697+0200] {processor.py:758} INFO - Processing file /Users/brenda/miniconda3/envs/airflow/lib/python3.8/site-packages/airflow/example_dags/example_task_group_decorator.py for tasks to queue
[2023-05-04T18:55:14.697+0200] {logging_mixin.py:117} INFO - [2023-05-04T18:55:14.697+0200] {dagbag.py:525} INFO - Filling up the DagBag from /Users/brenda/miniconda3/envs/airflow/lib/python3.8/site-packages/airflow/example_dags/example_task_group_decorator.py
[2023-05-04T18:55:14.731+0200] {processor.py:768} INFO - DAG(s) dict_keys(['example_task_group_decorator']) retrieved from /Users/brenda/miniconda3/envs/airflow/lib/python3.8/site-packages/airflow/example_dags/example_task_group_decorator.py
[2023-05-04T18:55:14.835+0200] {logging_mixin.py:117} INFO - [2023-05-04T18:55:14.835+0200] {dag.py:2573} INFO - Sync 1 DAGs
[2023-05-04T18:55:14.845+0200] {logging_mixin.py:117} INFO - [2023-05-04T18:55:14.845+0200] {dag.py:3324} INFO - Setting next_dagrun for example_task_group_decorator to 2023-05-03T16:55:14.845637+00:00, run_after=2023-05-04T16:55:14.845637+00:00
[2023-05-04T18:55:14.856+0200] {processor.py:178} INFO - Processing /Users/brenda/miniconda3/envs/airflow/lib/python3.8/site-packages/airflow/example_dags/example_task_group_decorator.py took 0.163 seconds
[2023-05-04T19:44:23.011+0200] {processor.py:156} INFO - Started process (PID=8089) to work on /Users/brenda/miniconda3/envs/airflow/lib/python3.8/site-packages/airflow/example_dags/example_task_group_decorator.py
[2023-05-04T19:44:23.015+0200] {processor.py:758} INFO - Processing file /Users/brenda/miniconda3/envs/airflow/lib/python3.8/site-packages/airflow/example_dags/example_task_group_decorator.py for tasks to queue
[2023-05-04T19:44:23.015+0200] {logging_mixin.py:117} INFO - [2023-05-04T19:44:23.015+0200] {dagbag.py:525} INFO - Filling up the DagBag from /Users/brenda/miniconda3/envs/airflow/lib/python3.8/site-packages/airflow/example_dags/example_task_group_decorator.py
[2023-05-04T19:44:23.048+0200] {processor.py:768} INFO - DAG(s) dict_keys(['example_task_group_decorator']) retrieved from /Users/brenda/miniconda3/envs/airflow/lib/python3.8/site-packages/airflow/example_dags/example_task_group_decorator.py
[2023-05-04T19:44:23.155+0200] {logging_mixin.py:117} INFO - [2023-05-04T19:44:23.155+0200] {dag.py:2573} INFO - Sync 1 DAGs
[2023-05-04T19:44:23.165+0200] {logging_mixin.py:117} INFO - [2023-05-04T19:44:23.165+0200] {dag.py:3324} INFO - Setting next_dagrun for example_task_group_decorator to 2023-05-03T17:44:23.165533+00:00, run_after=2023-05-04T17:44:23.165533+00:00
[2023-05-04T19:44:23.175+0200] {processor.py:178} INFO - Processing /Users/brenda/miniconda3/envs/airflow/lib/python3.8/site-packages/airflow/example_dags/example_task_group_decorator.py took 0.165 seconds
[2023-05-04T21:22:10.946+0200] {processor.py:156} INFO - Started process (PID=8192) to work on /Users/brenda/miniconda3/envs/airflow/lib/python3.8/site-packages/airflow/example_dags/example_task_group_decorator.py
[2023-05-04T21:22:10.951+0200] {processor.py:758} INFO - Processing file /Users/brenda/miniconda3/envs/airflow/lib/python3.8/site-packages/airflow/example_dags/example_task_group_decorator.py for tasks to queue
[2023-05-04T21:22:10.952+0200] {logging_mixin.py:117} INFO - [2023-05-04T21:22:10.952+0200] {dagbag.py:525} INFO - Filling up the DagBag from /Users/brenda/miniconda3/envs/airflow/lib/python3.8/site-packages/airflow/example_dags/example_task_group_decorator.py
[2023-05-04T21:22:11.001+0200] {processor.py:768} INFO - DAG(s) dict_keys(['example_task_group_decorator']) retrieved from /Users/brenda/miniconda3/envs/airflow/lib/python3.8/site-packages/airflow/example_dags/example_task_group_decorator.py
[2023-05-04T21:22:11.107+0200] {logging_mixin.py:117} INFO - [2023-05-04T21:22:11.107+0200] {dag.py:2573} INFO - Sync 1 DAGs
[2023-05-04T21:22:11.118+0200] {logging_mixin.py:117} INFO - [2023-05-04T21:22:11.118+0200] {dag.py:3324} INFO - Setting next_dagrun for example_task_group_decorator to 2023-05-03T19:22:11.118001+00:00, run_after=2023-05-04T19:22:11.118001+00:00
[2023-05-04T21:22:11.127+0200] {processor.py:178} INFO - Processing /Users/brenda/miniconda3/envs/airflow/lib/python3.8/site-packages/airflow/example_dags/example_task_group_decorator.py took 0.183 seconds
[2023-05-04T22:30:03.214+0200] {processor.py:156} INFO - Started process (PID=8289) to work on /Users/brenda/miniconda3/envs/airflow/lib/python3.8/site-packages/airflow/example_dags/example_task_group_decorator.py
[2023-05-04T22:30:03.217+0200] {processor.py:758} INFO - Processing file /Users/brenda/miniconda3/envs/airflow/lib/python3.8/site-packages/airflow/example_dags/example_task_group_decorator.py for tasks to queue
[2023-05-04T22:30:03.217+0200] {logging_mixin.py:117} INFO - [2023-05-04T22:30:03.217+0200] {dagbag.py:525} INFO - Filling up the DagBag from /Users/brenda/miniconda3/envs/airflow/lib/python3.8/site-packages/airflow/example_dags/example_task_group_decorator.py
[2023-05-04T22:30:03.251+0200] {processor.py:768} INFO - DAG(s) dict_keys(['example_task_group_decorator']) retrieved from /Users/brenda/miniconda3/envs/airflow/lib/python3.8/site-packages/airflow/example_dags/example_task_group_decorator.py
[2023-05-04T22:30:03.381+0200] {logging_mixin.py:117} INFO - [2023-05-04T22:30:03.381+0200] {dag.py:2573} INFO - Sync 1 DAGs
[2023-05-04T22:30:03.400+0200] {logging_mixin.py:117} INFO - [2023-05-04T22:30:03.399+0200] {dag.py:3324} INFO - Setting next_dagrun for example_task_group_decorator to 2023-05-03T20:30:03.399743+00:00, run_after=2023-05-04T20:30:03.399743+00:00
[2023-05-04T22:30:03.413+0200] {processor.py:178} INFO - Processing /Users/brenda/miniconda3/envs/airflow/lib/python3.8/site-packages/airflow/example_dags/example_task_group_decorator.py took 0.200 seconds
[2023-05-04T23:38:45.882+0200] {processor.py:156} INFO - Started process (PID=8440) to work on /Users/brenda/miniconda3/envs/airflow/lib/python3.8/site-packages/airflow/example_dags/example_task_group_decorator.py
[2023-05-04T23:38:45.886+0200] {processor.py:758} INFO - Processing file /Users/brenda/miniconda3/envs/airflow/lib/python3.8/site-packages/airflow/example_dags/example_task_group_decorator.py for tasks to queue
[2023-05-04T23:38:45.887+0200] {logging_mixin.py:117} INFO - [2023-05-04T23:38:45.887+0200] {dagbag.py:525} INFO - Filling up the DagBag from /Users/brenda/miniconda3/envs/airflow/lib/python3.8/site-packages/airflow/example_dags/example_task_group_decorator.py
[2023-05-04T23:38:45.920+0200] {processor.py:768} INFO - DAG(s) dict_keys(['example_task_group_decorator']) retrieved from /Users/brenda/miniconda3/envs/airflow/lib/python3.8/site-packages/airflow/example_dags/example_task_group_decorator.py
[2023-05-04T23:38:46.025+0200] {logging_mixin.py:117} INFO - [2023-05-04T23:38:46.025+0200] {dag.py:2573} INFO - Sync 1 DAGs
[2023-05-04T23:38:46.035+0200] {logging_mixin.py:117} INFO - [2023-05-04T23:38:46.035+0200] {dag.py:3324} INFO - Setting next_dagrun for example_task_group_decorator to 2023-05-03T21:38:46.035538+00:00, run_after=2023-05-04T21:38:46.035538+00:00
[2023-05-04T23:38:46.045+0200] {processor.py:178} INFO - Processing /Users/brenda/miniconda3/envs/airflow/lib/python3.8/site-packages/airflow/example_dags/example_task_group_decorator.py took 0.163 seconds
[2023-05-05T01:16:08.950+0200] {processor.py:156} INFO - Started process (PID=8575) to work on /Users/brenda/miniconda3/envs/airflow/lib/python3.8/site-packages/airflow/example_dags/example_task_group_decorator.py
[2023-05-05T01:16:08.954+0200] {processor.py:758} INFO - Processing file /Users/brenda/miniconda3/envs/airflow/lib/python3.8/site-packages/airflow/example_dags/example_task_group_decorator.py for tasks to queue
[2023-05-05T01:16:08.954+0200] {logging_mixin.py:117} INFO - [2023-05-05T01:16:08.954+0200] {dagbag.py:525} INFO - Filling up the DagBag from /Users/brenda/miniconda3/envs/airflow/lib/python3.8/site-packages/airflow/example_dags/example_task_group_decorator.py
[2023-05-05T01:16:08.989+0200] {processor.py:768} INFO - DAG(s) dict_keys(['example_task_group_decorator']) retrieved from /Users/brenda/miniconda3/envs/airflow/lib/python3.8/site-packages/airflow/example_dags/example_task_group_decorator.py
[2023-05-05T01:16:09.095+0200] {logging_mixin.py:117} INFO - [2023-05-05T01:16:09.094+0200] {dag.py:2573} INFO - Sync 1 DAGs
[2023-05-05T01:16:09.105+0200] {logging_mixin.py:117} INFO - [2023-05-05T01:16:09.105+0200] {dag.py:3324} INFO - Setting next_dagrun for example_task_group_decorator to 2023-05-03T23:16:09.105052+00:00, run_after=2023-05-04T23:16:09.105052+00:00
[2023-05-05T01:16:09.114+0200] {processor.py:178} INFO - Processing /Users/brenda/miniconda3/envs/airflow/lib/python3.8/site-packages/airflow/example_dags/example_task_group_decorator.py took 0.165 seconds
