[2023-05-04T18:49:56.344+0200] {processor.py:156} INFO - Started process (PID=7430) to work on /Users/brenda/miniconda3/envs/airflow/lib/python3.8/site-packages/airflow/example_dags/tutorial_dag.py
[2023-05-04T18:49:56.347+0200] {processor.py:758} INFO - Processing file /Users/brenda/miniconda3/envs/airflow/lib/python3.8/site-packages/airflow/example_dags/tutorial_dag.py for tasks to queue
[2023-05-04T18:49:56.347+0200] {logging_mixin.py:117} INFO - [2023-05-04T18:49:56.347+0200] {dagbag.py:525} INFO - Filling up the DagBag from /Users/brenda/miniconda3/envs/airflow/lib/python3.8/site-packages/airflow/example_dags/tutorial_dag.py
[2023-05-04T18:49:56.370+0200] {processor.py:768} INFO - DAG(s) dict_keys(['tutorial_dag']) retrieved from /Users/brenda/miniconda3/envs/airflow/lib/python3.8/site-packages/airflow/example_dags/tutorial_dag.py
[2023-05-04T18:49:56.397+0200] {logging_mixin.py:117} INFO - [2023-05-04T18:49:56.397+0200] {dag.py:2573} INFO - Sync 1 DAGs
[2023-05-04T18:49:56.457+0200] {logging_mixin.py:117} INFO - [2023-05-04T18:49:56.457+0200] {dag.py:3324} INFO - Setting next_dagrun for tutorial_dag to None, run_after=None
[2023-05-04T18:49:56.468+0200] {processor.py:178} INFO - Processing /Users/brenda/miniconda3/envs/airflow/lib/python3.8/site-packages/airflow/example_dags/tutorial_dag.py took 0.125 seconds
[2023-05-04T18:50:49.016+0200] {processor.py:156} INFO - Started process (PID=7514) to work on /Users/brenda/miniconda3/envs/airflow/lib/python3.8/site-packages/airflow/example_dags/tutorial_dag.py
[2023-05-04T18:50:49.020+0200] {processor.py:758} INFO - Processing file /Users/brenda/miniconda3/envs/airflow/lib/python3.8/site-packages/airflow/example_dags/tutorial_dag.py for tasks to queue
[2023-05-04T18:50:49.020+0200] {logging_mixin.py:117} INFO - [2023-05-04T18:50:49.020+0200] {dagbag.py:525} INFO - Filling up the DagBag from /Users/brenda/miniconda3/envs/airflow/lib/python3.8/site-packages/airflow/example_dags/tutorial_dag.py
[2023-05-04T18:50:49.041+0200] {processor.py:768} INFO - DAG(s) dict_keys(['tutorial_dag']) retrieved from /Users/brenda/miniconda3/envs/airflow/lib/python3.8/site-packages/airflow/example_dags/tutorial_dag.py
[2023-05-04T18:50:49.144+0200] {logging_mixin.py:117} INFO - [2023-05-04T18:50:49.143+0200] {dag.py:2573} INFO - Sync 1 DAGs
[2023-05-04T18:50:49.153+0200] {logging_mixin.py:117} INFO - [2023-05-04T18:50:49.153+0200] {dag.py:3324} INFO - Setting next_dagrun for tutorial_dag to None, run_after=None
[2023-05-04T18:50:49.163+0200] {processor.py:178} INFO - Processing /Users/brenda/miniconda3/envs/airflow/lib/python3.8/site-packages/airflow/example_dags/tutorial_dag.py took 0.148 seconds
[2023-05-04T18:52:04.308+0200] {processor.py:156} INFO - Started process (PID=7646) to work on /Users/brenda/miniconda3/envs/airflow/lib/python3.8/site-packages/airflow/example_dags/tutorial_dag.py
[2023-05-04T18:52:04.312+0200] {processor.py:758} INFO - Processing file /Users/brenda/miniconda3/envs/airflow/lib/python3.8/site-packages/airflow/example_dags/tutorial_dag.py for tasks to queue
[2023-05-04T18:52:04.312+0200] {logging_mixin.py:117} INFO - [2023-05-04T18:52:04.312+0200] {dagbag.py:525} INFO - Filling up the DagBag from /Users/brenda/miniconda3/envs/airflow/lib/python3.8/site-packages/airflow/example_dags/tutorial_dag.py
[2023-05-04T18:52:04.334+0200] {processor.py:768} INFO - DAG(s) dict_keys(['tutorial_dag']) retrieved from /Users/brenda/miniconda3/envs/airflow/lib/python3.8/site-packages/airflow/example_dags/tutorial_dag.py
[2023-05-04T18:52:04.437+0200] {logging_mixin.py:117} INFO - [2023-05-04T18:52:04.437+0200] {dag.py:2573} INFO - Sync 1 DAGs
[2023-05-04T18:52:04.447+0200] {logging_mixin.py:117} INFO - [2023-05-04T18:52:04.447+0200] {dag.py:3324} INFO - Setting next_dagrun for tutorial_dag to None, run_after=None
[2023-05-04T18:52:04.457+0200] {processor.py:178} INFO - Processing /Users/brenda/miniconda3/envs/airflow/lib/python3.8/site-packages/airflow/example_dags/tutorial_dag.py took 0.149 seconds
[2023-05-04T18:52:42.042+0200] {processor.py:156} INFO - Started process (PID=7769) to work on /Users/brenda/miniconda3/envs/airflow/lib/python3.8/site-packages/airflow/example_dags/tutorial_dag.py
[2023-05-04T18:52:42.045+0200] {processor.py:758} INFO - Processing file /Users/brenda/miniconda3/envs/airflow/lib/python3.8/site-packages/airflow/example_dags/tutorial_dag.py for tasks to queue
[2023-05-04T18:52:42.045+0200] {logging_mixin.py:117} INFO - [2023-05-04T18:52:42.045+0200] {dagbag.py:525} INFO - Filling up the DagBag from /Users/brenda/miniconda3/envs/airflow/lib/python3.8/site-packages/airflow/example_dags/tutorial_dag.py
[2023-05-04T18:52:42.070+0200] {processor.py:768} INFO - DAG(s) dict_keys(['tutorial_dag']) retrieved from /Users/brenda/miniconda3/envs/airflow/lib/python3.8/site-packages/airflow/example_dags/tutorial_dag.py
[2023-05-04T18:52:42.177+0200] {logging_mixin.py:117} INFO - [2023-05-04T18:52:42.176+0200] {dag.py:2573} INFO - Sync 1 DAGs
[2023-05-04T18:52:42.187+0200] {logging_mixin.py:117} INFO - [2023-05-04T18:52:42.186+0200] {dag.py:3324} INFO - Setting next_dagrun for tutorial_dag to None, run_after=None
[2023-05-04T18:52:42.198+0200] {processor.py:178} INFO - Processing /Users/brenda/miniconda3/envs/airflow/lib/python3.8/site-packages/airflow/example_dags/tutorial_dag.py took 0.156 seconds
[2023-05-04T18:53:31.814+0200] {processor.py:156} INFO - Started process (PID=7850) to work on /Users/brenda/miniconda3/envs/airflow/lib/python3.8/site-packages/airflow/example_dags/tutorial_dag.py
[2023-05-04T18:53:31.818+0200] {processor.py:758} INFO - Processing file /Users/brenda/miniconda3/envs/airflow/lib/python3.8/site-packages/airflow/example_dags/tutorial_dag.py for tasks to queue
[2023-05-04T18:53:31.818+0200] {logging_mixin.py:117} INFO - [2023-05-04T18:53:31.818+0200] {dagbag.py:525} INFO - Filling up the DagBag from /Users/brenda/miniconda3/envs/airflow/lib/python3.8/site-packages/airflow/example_dags/tutorial_dag.py
[2023-05-04T18:53:31.839+0200] {processor.py:768} INFO - DAG(s) dict_keys(['tutorial_dag']) retrieved from /Users/brenda/miniconda3/envs/airflow/lib/python3.8/site-packages/airflow/example_dags/tutorial_dag.py
[2023-05-04T18:53:31.944+0200] {logging_mixin.py:117} INFO - [2023-05-04T18:53:31.944+0200] {dag.py:2573} INFO - Sync 1 DAGs
[2023-05-04T18:53:31.953+0200] {logging_mixin.py:117} INFO - [2023-05-04T18:53:31.953+0200] {dag.py:3324} INFO - Setting next_dagrun for tutorial_dag to None, run_after=None
[2023-05-04T18:53:31.964+0200] {processor.py:178} INFO - Processing /Users/brenda/miniconda3/envs/airflow/lib/python3.8/site-packages/airflow/example_dags/tutorial_dag.py took 0.150 seconds
[2023-05-04T18:55:04.050+0200] {processor.py:156} INFO - Started process (PID=7955) to work on /Users/brenda/miniconda3/envs/airflow/lib/python3.8/site-packages/airflow/example_dags/tutorial_dag.py
[2023-05-04T18:55:04.054+0200] {processor.py:758} INFO - Processing file /Users/brenda/miniconda3/envs/airflow/lib/python3.8/site-packages/airflow/example_dags/tutorial_dag.py for tasks to queue
[2023-05-04T18:55:04.054+0200] {logging_mixin.py:117} INFO - [2023-05-04T18:55:04.054+0200] {dagbag.py:525} INFO - Filling up the DagBag from /Users/brenda/miniconda3/envs/airflow/lib/python3.8/site-packages/airflow/example_dags/tutorial_dag.py
[2023-05-04T18:55:04.075+0200] {processor.py:768} INFO - DAG(s) dict_keys(['tutorial_dag']) retrieved from /Users/brenda/miniconda3/envs/airflow/lib/python3.8/site-packages/airflow/example_dags/tutorial_dag.py
[2023-05-04T18:55:04.183+0200] {logging_mixin.py:117} INFO - [2023-05-04T18:55:04.183+0200] {dag.py:2573} INFO - Sync 1 DAGs
[2023-05-04T18:55:04.193+0200] {logging_mixin.py:117} INFO - [2023-05-04T18:55:04.193+0200] {dag.py:3324} INFO - Setting next_dagrun for tutorial_dag to None, run_after=None
[2023-05-04T18:55:04.203+0200] {processor.py:178} INFO - Processing /Users/brenda/miniconda3/envs/airflow/lib/python3.8/site-packages/airflow/example_dags/tutorial_dag.py took 0.154 seconds
[2023-05-04T19:27:38.965+0200] {processor.py:156} INFO - Started process (PID=8066) to work on /Users/brenda/miniconda3/envs/airflow/lib/python3.8/site-packages/airflow/example_dags/tutorial_dag.py
[2023-05-04T19:27:38.969+0200] {processor.py:758} INFO - Processing file /Users/brenda/miniconda3/envs/airflow/lib/python3.8/site-packages/airflow/example_dags/tutorial_dag.py for tasks to queue
[2023-05-04T19:27:38.969+0200] {logging_mixin.py:117} INFO - [2023-05-04T19:27:38.969+0200] {dagbag.py:525} INFO - Filling up the DagBag from /Users/brenda/miniconda3/envs/airflow/lib/python3.8/site-packages/airflow/example_dags/tutorial_dag.py
[2023-05-04T19:27:38.991+0200] {processor.py:768} INFO - DAG(s) dict_keys(['tutorial_dag']) retrieved from /Users/brenda/miniconda3/envs/airflow/lib/python3.8/site-packages/airflow/example_dags/tutorial_dag.py
[2023-05-04T19:27:39.092+0200] {logging_mixin.py:117} INFO - [2023-05-04T19:27:39.092+0200] {dag.py:2573} INFO - Sync 1 DAGs
[2023-05-04T19:27:39.101+0200] {logging_mixin.py:117} INFO - [2023-05-04T19:27:39.101+0200] {dag.py:3324} INFO - Setting next_dagrun for tutorial_dag to None, run_after=None
[2023-05-04T19:27:39.112+0200] {processor.py:178} INFO - Processing /Users/brenda/miniconda3/envs/airflow/lib/python3.8/site-packages/airflow/example_dags/tutorial_dag.py took 0.147 seconds
[2023-05-04T20:50:22.311+0200] {processor.py:156} INFO - Started process (PID=8162) to work on /Users/brenda/miniconda3/envs/airflow/lib/python3.8/site-packages/airflow/example_dags/tutorial_dag.py
[2023-05-04T20:50:22.314+0200] {processor.py:758} INFO - Processing file /Users/brenda/miniconda3/envs/airflow/lib/python3.8/site-packages/airflow/example_dags/tutorial_dag.py for tasks to queue
[2023-05-04T20:50:22.315+0200] {logging_mixin.py:117} INFO - [2023-05-04T20:50:22.315+0200] {dagbag.py:525} INFO - Filling up the DagBag from /Users/brenda/miniconda3/envs/airflow/lib/python3.8/site-packages/airflow/example_dags/tutorial_dag.py
[2023-05-04T20:50:22.337+0200] {processor.py:768} INFO - DAG(s) dict_keys(['tutorial_dag']) retrieved from /Users/brenda/miniconda3/envs/airflow/lib/python3.8/site-packages/airflow/example_dags/tutorial_dag.py
[2023-05-04T20:50:22.443+0200] {logging_mixin.py:117} INFO - [2023-05-04T20:50:22.443+0200] {dag.py:2573} INFO - Sync 1 DAGs
[2023-05-04T20:50:22.453+0200] {logging_mixin.py:117} INFO - [2023-05-04T20:50:22.453+0200] {dag.py:3324} INFO - Setting next_dagrun for tutorial_dag to None, run_after=None
[2023-05-04T20:50:22.463+0200] {processor.py:178} INFO - Processing /Users/brenda/miniconda3/envs/airflow/lib/python3.8/site-packages/airflow/example_dags/tutorial_dag.py took 0.153 seconds
[2023-05-04T22:13:11.667+0200] {processor.py:156} INFO - Started process (PID=8267) to work on /Users/brenda/miniconda3/envs/airflow/lib/python3.8/site-packages/airflow/example_dags/tutorial_dag.py
[2023-05-04T22:13:11.671+0200] {processor.py:758} INFO - Processing file /Users/brenda/miniconda3/envs/airflow/lib/python3.8/site-packages/airflow/example_dags/tutorial_dag.py for tasks to queue
[2023-05-04T22:13:11.672+0200] {logging_mixin.py:117} INFO - [2023-05-04T22:13:11.671+0200] {dagbag.py:525} INFO - Filling up the DagBag from /Users/brenda/miniconda3/envs/airflow/lib/python3.8/site-packages/airflow/example_dags/tutorial_dag.py
[2023-05-04T22:13:11.697+0200] {processor.py:768} INFO - DAG(s) dict_keys(['tutorial_dag']) retrieved from /Users/brenda/miniconda3/envs/airflow/lib/python3.8/site-packages/airflow/example_dags/tutorial_dag.py
[2023-05-04T22:13:11.837+0200] {logging_mixin.py:117} INFO - [2023-05-04T22:13:11.836+0200] {dag.py:2573} INFO - Sync 1 DAGs
[2023-05-04T22:13:11.851+0200] {logging_mixin.py:117} INFO - [2023-05-04T22:13:11.851+0200] {dag.py:3324} INFO - Setting next_dagrun for tutorial_dag to None, run_after=None
[2023-05-04T22:13:11.867+0200] {processor.py:178} INFO - Processing /Users/brenda/miniconda3/envs/airflow/lib/python3.8/site-packages/airflow/example_dags/tutorial_dag.py took 0.200 seconds
[2023-05-04T23:22:09.758+0200] {processor.py:156} INFO - Started process (PID=8413) to work on /Users/brenda/miniconda3/envs/airflow/lib/python3.8/site-packages/airflow/example_dags/tutorial_dag.py
[2023-05-04T23:22:09.763+0200] {processor.py:758} INFO - Processing file /Users/brenda/miniconda3/envs/airflow/lib/python3.8/site-packages/airflow/example_dags/tutorial_dag.py for tasks to queue
[2023-05-04T23:22:09.763+0200] {logging_mixin.py:117} INFO - [2023-05-04T23:22:09.763+0200] {dagbag.py:525} INFO - Filling up the DagBag from /Users/brenda/miniconda3/envs/airflow/lib/python3.8/site-packages/airflow/example_dags/tutorial_dag.py
[2023-05-04T23:22:09.784+0200] {processor.py:768} INFO - DAG(s) dict_keys(['tutorial_dag']) retrieved from /Users/brenda/miniconda3/envs/airflow/lib/python3.8/site-packages/airflow/example_dags/tutorial_dag.py
[2023-05-04T23:22:09.886+0200] {logging_mixin.py:117} INFO - [2023-05-04T23:22:09.886+0200] {dag.py:2573} INFO - Sync 1 DAGs
[2023-05-04T23:22:09.895+0200] {logging_mixin.py:117} INFO - [2023-05-04T23:22:09.895+0200] {dag.py:3324} INFO - Setting next_dagrun for tutorial_dag to None, run_after=None
[2023-05-04T23:22:09.906+0200] {processor.py:178} INFO - Processing /Users/brenda/miniconda3/envs/airflow/lib/python3.8/site-packages/airflow/example_dags/tutorial_dag.py took 0.148 seconds
[2023-05-05T00:59:36.777+0200] {processor.py:156} INFO - Started process (PID=8553) to work on /Users/brenda/miniconda3/envs/airflow/lib/python3.8/site-packages/airflow/example_dags/tutorial_dag.py
[2023-05-05T00:59:36.782+0200] {processor.py:758} INFO - Processing file /Users/brenda/miniconda3/envs/airflow/lib/python3.8/site-packages/airflow/example_dags/tutorial_dag.py for tasks to queue
[2023-05-05T00:59:36.782+0200] {logging_mixin.py:117} INFO - [2023-05-05T00:59:36.782+0200] {dagbag.py:525} INFO - Filling up the DagBag from /Users/brenda/miniconda3/envs/airflow/lib/python3.8/site-packages/airflow/example_dags/tutorial_dag.py
[2023-05-05T00:59:36.804+0200] {processor.py:768} INFO - DAG(s) dict_keys(['tutorial_dag']) retrieved from /Users/brenda/miniconda3/envs/airflow/lib/python3.8/site-packages/airflow/example_dags/tutorial_dag.py
[2023-05-05T00:59:36.912+0200] {logging_mixin.py:117} INFO - [2023-05-05T00:59:36.912+0200] {dag.py:2573} INFO - Sync 1 DAGs
[2023-05-05T00:59:36.921+0200] {logging_mixin.py:117} INFO - [2023-05-05T00:59:36.921+0200] {dag.py:3324} INFO - Setting next_dagrun for tutorial_dag to None, run_after=None
[2023-05-05T00:59:36.931+0200] {processor.py:178} INFO - Processing /Users/brenda/miniconda3/envs/airflow/lib/python3.8/site-packages/airflow/example_dags/tutorial_dag.py took 0.155 seconds
