[2023-04-27T23:00:05.682+0200] {processor.py:156} INFO - Started process (PID=46161) to work on /Users/brenda/miniconda3/envs/airflow/lib/python3.8/site-packages/airflow/example_dags/example_dag_decorator.py
[2023-04-27T23:00:05.685+0200] {processor.py:758} INFO - Processing file /Users/brenda/miniconda3/envs/airflow/lib/python3.8/site-packages/airflow/example_dags/example_dag_decorator.py for tasks to queue
[2023-04-27T23:00:05.685+0200] {logging_mixin.py:117} INFO - [2023-04-27T23:00:05.685+0200] {dagbag.py:525} INFO - Filling up the DagBag from /Users/brenda/miniconda3/envs/airflow/lib/python3.8/site-packages/airflow/example_dags/example_dag_decorator.py
[2023-04-27T23:00:05.837+0200] {processor.py:768} INFO - DAG(s) dict_keys(['example_dag_decorator']) retrieved from /Users/brenda/miniconda3/envs/airflow/lib/python3.8/site-packages/airflow/example_dags/example_dag_decorator.py
[2023-04-27T23:00:06.151+0200] {logging_mixin.py:117} INFO - [2023-04-27T23:00:06.151+0200] {dag.py:2573} INFO - Sync 1 DAGs
[2023-04-27T23:00:06.162+0200] {logging_mixin.py:117} INFO - [2023-04-27T23:00:06.162+0200] {dag.py:3324} INFO - Setting next_dagrun for example_dag_decorator to None, run_after=None
[2023-04-27T23:00:06.172+0200] {processor.py:178} INFO - Processing /Users/brenda/miniconda3/envs/airflow/lib/python3.8/site-packages/airflow/example_dags/example_dag_decorator.py took 0.491 seconds
[2023-04-27T23:01:01.856+0200] {processor.py:156} INFO - Started process (PID=46264) to work on /Users/brenda/miniconda3/envs/airflow/lib/python3.8/site-packages/airflow/example_dags/example_dag_decorator.py
[2023-04-27T23:01:01.859+0200] {processor.py:758} INFO - Processing file /Users/brenda/miniconda3/envs/airflow/lib/python3.8/site-packages/airflow/example_dags/example_dag_decorator.py for tasks to queue
[2023-04-27T23:01:01.860+0200] {logging_mixin.py:117} INFO - [2023-04-27T23:01:01.860+0200] {dagbag.py:525} INFO - Filling up the DagBag from /Users/brenda/miniconda3/envs/airflow/lib/python3.8/site-packages/airflow/example_dags/example_dag_decorator.py
[2023-04-27T23:01:02.019+0200] {processor.py:768} INFO - DAG(s) dict_keys(['example_dag_decorator']) retrieved from /Users/brenda/miniconda3/envs/airflow/lib/python3.8/site-packages/airflow/example_dags/example_dag_decorator.py
[2023-04-27T23:01:02.349+0200] {logging_mixin.py:117} INFO - [2023-04-27T23:01:02.349+0200] {dag.py:2573} INFO - Sync 1 DAGs
[2023-04-27T23:01:02.362+0200] {logging_mixin.py:117} INFO - [2023-04-27T23:01:02.362+0200] {dag.py:3324} INFO - Setting next_dagrun for example_dag_decorator to None, run_after=None
[2023-04-27T23:01:02.373+0200] {processor.py:178} INFO - Processing /Users/brenda/miniconda3/envs/airflow/lib/python3.8/site-packages/airflow/example_dags/example_dag_decorator.py took 0.518 seconds
[2023-04-27T23:01:57.346+0200] {processor.py:156} INFO - Started process (PID=46405) to work on /Users/brenda/miniconda3/envs/airflow/lib/python3.8/site-packages/airflow/example_dags/example_dag_decorator.py
[2023-04-27T23:01:57.349+0200] {processor.py:758} INFO - Processing file /Users/brenda/miniconda3/envs/airflow/lib/python3.8/site-packages/airflow/example_dags/example_dag_decorator.py for tasks to queue
[2023-04-27T23:01:57.350+0200] {logging_mixin.py:117} INFO - [2023-04-27T23:01:57.350+0200] {dagbag.py:525} INFO - Filling up the DagBag from /Users/brenda/miniconda3/envs/airflow/lib/python3.8/site-packages/airflow/example_dags/example_dag_decorator.py
[2023-04-27T23:01:57.499+0200] {processor.py:768} INFO - DAG(s) dict_keys(['example_dag_decorator']) retrieved from /Users/brenda/miniconda3/envs/airflow/lib/python3.8/site-packages/airflow/example_dags/example_dag_decorator.py
[2023-04-27T23:01:57.832+0200] {logging_mixin.py:117} INFO - [2023-04-27T23:01:57.832+0200] {dag.py:2573} INFO - Sync 1 DAGs
[2023-04-27T23:01:57.842+0200] {logging_mixin.py:117} INFO - [2023-04-27T23:01:57.842+0200] {dag.py:3324} INFO - Setting next_dagrun for example_dag_decorator to None, run_after=None
[2023-04-27T23:01:57.853+0200] {processor.py:178} INFO - Processing /Users/brenda/miniconda3/envs/airflow/lib/python3.8/site-packages/airflow/example_dags/example_dag_decorator.py took 0.507 seconds
[2023-04-27T23:02:51.403+0200] {processor.py:156} INFO - Started process (PID=46486) to work on /Users/brenda/miniconda3/envs/airflow/lib/python3.8/site-packages/airflow/example_dags/example_dag_decorator.py
[2023-04-27T23:02:51.407+0200] {processor.py:758} INFO - Processing file /Users/brenda/miniconda3/envs/airflow/lib/python3.8/site-packages/airflow/example_dags/example_dag_decorator.py for tasks to queue
[2023-04-27T23:02:51.407+0200] {logging_mixin.py:117} INFO - [2023-04-27T23:02:51.407+0200] {dagbag.py:525} INFO - Filling up the DagBag from /Users/brenda/miniconda3/envs/airflow/lib/python3.8/site-packages/airflow/example_dags/example_dag_decorator.py
[2023-04-27T23:02:51.559+0200] {processor.py:768} INFO - DAG(s) dict_keys(['example_dag_decorator']) retrieved from /Users/brenda/miniconda3/envs/airflow/lib/python3.8/site-packages/airflow/example_dags/example_dag_decorator.py
[2023-04-27T23:02:51.873+0200] {logging_mixin.py:117} INFO - [2023-04-27T23:02:51.872+0200] {dag.py:2573} INFO - Sync 1 DAGs
[2023-04-27T23:02:51.883+0200] {logging_mixin.py:117} INFO - [2023-04-27T23:02:51.883+0200] {dag.py:3324} INFO - Setting next_dagrun for example_dag_decorator to None, run_after=None
[2023-04-27T23:02:51.893+0200] {processor.py:178} INFO - Processing /Users/brenda/miniconda3/envs/airflow/lib/python3.8/site-packages/airflow/example_dags/example_dag_decorator.py took 0.490 seconds
[2023-04-27T23:03:44.149+0200] {processor.py:156} INFO - Started process (PID=46559) to work on /Users/brenda/miniconda3/envs/airflow/lib/python3.8/site-packages/airflow/example_dags/example_dag_decorator.py
[2023-04-27T23:03:44.153+0200] {processor.py:758} INFO - Processing file /Users/brenda/miniconda3/envs/airflow/lib/python3.8/site-packages/airflow/example_dags/example_dag_decorator.py for tasks to queue
[2023-04-27T23:03:44.153+0200] {logging_mixin.py:117} INFO - [2023-04-27T23:03:44.153+0200] {dagbag.py:525} INFO - Filling up the DagBag from /Users/brenda/miniconda3/envs/airflow/lib/python3.8/site-packages/airflow/example_dags/example_dag_decorator.py
[2023-04-27T23:03:44.307+0200] {processor.py:768} INFO - DAG(s) dict_keys(['example_dag_decorator']) retrieved from /Users/brenda/miniconda3/envs/airflow/lib/python3.8/site-packages/airflow/example_dags/example_dag_decorator.py
[2023-04-27T23:03:44.628+0200] {logging_mixin.py:117} INFO - [2023-04-27T23:03:44.628+0200] {dag.py:2573} INFO - Sync 1 DAGs
[2023-04-27T23:03:44.639+0200] {logging_mixin.py:117} INFO - [2023-04-27T23:03:44.639+0200] {dag.py:3324} INFO - Setting next_dagrun for example_dag_decorator to None, run_after=None
[2023-04-27T23:03:44.649+0200] {processor.py:178} INFO - Processing /Users/brenda/miniconda3/envs/airflow/lib/python3.8/site-packages/airflow/example_dags/example_dag_decorator.py took 0.500 seconds
[2023-04-27T23:04:38.448+0200] {processor.py:156} INFO - Started process (PID=46661) to work on /Users/brenda/miniconda3/envs/airflow/lib/python3.8/site-packages/airflow/example_dags/example_dag_decorator.py
[2023-04-27T23:04:38.452+0200] {processor.py:758} INFO - Processing file /Users/brenda/miniconda3/envs/airflow/lib/python3.8/site-packages/airflow/example_dags/example_dag_decorator.py for tasks to queue
[2023-04-27T23:04:38.452+0200] {logging_mixin.py:117} INFO - [2023-04-27T23:04:38.452+0200] {dagbag.py:525} INFO - Filling up the DagBag from /Users/brenda/miniconda3/envs/airflow/lib/python3.8/site-packages/airflow/example_dags/example_dag_decorator.py
[2023-04-27T23:04:38.615+0200] {processor.py:768} INFO - DAG(s) dict_keys(['example_dag_decorator']) retrieved from /Users/brenda/miniconda3/envs/airflow/lib/python3.8/site-packages/airflow/example_dags/example_dag_decorator.py
[2023-04-27T23:04:38.952+0200] {logging_mixin.py:117} INFO - [2023-04-27T23:04:38.952+0200] {dag.py:2573} INFO - Sync 1 DAGs
[2023-04-27T23:04:38.965+0200] {logging_mixin.py:117} INFO - [2023-04-27T23:04:38.965+0200] {dag.py:3324} INFO - Setting next_dagrun for example_dag_decorator to None, run_after=None
[2023-04-27T23:04:38.984+0200] {processor.py:178} INFO - Processing /Users/brenda/miniconda3/envs/airflow/lib/python3.8/site-packages/airflow/example_dags/example_dag_decorator.py took 0.536 seconds
[2023-04-27T23:05:46.413+0200] {processor.py:156} INFO - Started process (PID=46867) to work on /Users/brenda/miniconda3/envs/airflow/lib/python3.8/site-packages/airflow/example_dags/example_dag_decorator.py
[2023-04-27T23:05:46.416+0200] {processor.py:758} INFO - Processing file /Users/brenda/miniconda3/envs/airflow/lib/python3.8/site-packages/airflow/example_dags/example_dag_decorator.py for tasks to queue
[2023-04-27T23:05:46.416+0200] {logging_mixin.py:117} INFO - [2023-04-27T23:05:46.416+0200] {dagbag.py:525} INFO - Filling up the DagBag from /Users/brenda/miniconda3/envs/airflow/lib/python3.8/site-packages/airflow/example_dags/example_dag_decorator.py
[2023-04-27T23:05:46.566+0200] {processor.py:768} INFO - DAG(s) dict_keys(['example_dag_decorator']) retrieved from /Users/brenda/miniconda3/envs/airflow/lib/python3.8/site-packages/airflow/example_dags/example_dag_decorator.py
[2023-04-27T23:05:46.880+0200] {logging_mixin.py:117} INFO - [2023-04-27T23:05:46.879+0200] {dag.py:2573} INFO - Sync 1 DAGs
[2023-04-27T23:05:46.891+0200] {logging_mixin.py:117} INFO - [2023-04-27T23:05:46.891+0200] {dag.py:3324} INFO - Setting next_dagrun for example_dag_decorator to None, run_after=None
[2023-04-27T23:05:46.901+0200] {processor.py:178} INFO - Processing /Users/brenda/miniconda3/envs/airflow/lib/python3.8/site-packages/airflow/example_dags/example_dag_decorator.py took 0.489 seconds
[2023-04-27T23:06:35.584+0200] {processor.py:156} INFO - Started process (PID=46941) to work on /Users/brenda/miniconda3/envs/airflow/lib/python3.8/site-packages/airflow/example_dags/example_dag_decorator.py
[2023-04-27T23:06:35.587+0200] {processor.py:758} INFO - Processing file /Users/brenda/miniconda3/envs/airflow/lib/python3.8/site-packages/airflow/example_dags/example_dag_decorator.py for tasks to queue
[2023-04-27T23:06:35.587+0200] {logging_mixin.py:117} INFO - [2023-04-27T23:06:35.587+0200] {dagbag.py:525} INFO - Filling up the DagBag from /Users/brenda/miniconda3/envs/airflow/lib/python3.8/site-packages/airflow/example_dags/example_dag_decorator.py
[2023-04-27T23:06:35.736+0200] {processor.py:768} INFO - DAG(s) dict_keys(['example_dag_decorator']) retrieved from /Users/brenda/miniconda3/envs/airflow/lib/python3.8/site-packages/airflow/example_dags/example_dag_decorator.py
[2023-04-27T23:06:36.059+0200] {logging_mixin.py:117} INFO - [2023-04-27T23:06:36.058+0200] {dag.py:2573} INFO - Sync 1 DAGs
[2023-04-27T23:06:36.069+0200] {logging_mixin.py:117} INFO - [2023-04-27T23:06:36.069+0200] {dag.py:3324} INFO - Setting next_dagrun for example_dag_decorator to None, run_after=None
[2023-04-27T23:06:36.080+0200] {processor.py:178} INFO - Processing /Users/brenda/miniconda3/envs/airflow/lib/python3.8/site-packages/airflow/example_dags/example_dag_decorator.py took 0.496 seconds
[2023-04-27T23:07:29.604+0200] {processor.py:156} INFO - Started process (PID=47079) to work on /Users/brenda/miniconda3/envs/airflow/lib/python3.8/site-packages/airflow/example_dags/example_dag_decorator.py
[2023-04-27T23:07:29.608+0200] {processor.py:758} INFO - Processing file /Users/brenda/miniconda3/envs/airflow/lib/python3.8/site-packages/airflow/example_dags/example_dag_decorator.py for tasks to queue
[2023-04-27T23:07:29.608+0200] {logging_mixin.py:117} INFO - [2023-04-27T23:07:29.608+0200] {dagbag.py:525} INFO - Filling up the DagBag from /Users/brenda/miniconda3/envs/airflow/lib/python3.8/site-packages/airflow/example_dags/example_dag_decorator.py
[2023-04-27T23:07:29.757+0200] {processor.py:768} INFO - DAG(s) dict_keys(['example_dag_decorator']) retrieved from /Users/brenda/miniconda3/envs/airflow/lib/python3.8/site-packages/airflow/example_dags/example_dag_decorator.py
[2023-04-27T23:07:30.079+0200] {logging_mixin.py:117} INFO - [2023-04-27T23:07:30.079+0200] {dag.py:2573} INFO - Sync 1 DAGs
[2023-04-27T23:07:30.089+0200] {logging_mixin.py:117} INFO - [2023-04-27T23:07:30.089+0200] {dag.py:3324} INFO - Setting next_dagrun for example_dag_decorator to None, run_after=None
[2023-04-27T23:07:30.099+0200] {processor.py:178} INFO - Processing /Users/brenda/miniconda3/envs/airflow/lib/python3.8/site-packages/airflow/example_dags/example_dag_decorator.py took 0.496 seconds
[2023-04-27T23:08:27.666+0200] {processor.py:156} INFO - Started process (PID=47168) to work on /Users/brenda/miniconda3/envs/airflow/lib/python3.8/site-packages/airflow/example_dags/example_dag_decorator.py
[2023-04-27T23:08:27.669+0200] {processor.py:758} INFO - Processing file /Users/brenda/miniconda3/envs/airflow/lib/python3.8/site-packages/airflow/example_dags/example_dag_decorator.py for tasks to queue
[2023-04-27T23:08:27.670+0200] {logging_mixin.py:117} INFO - [2023-04-27T23:08:27.670+0200] {dagbag.py:525} INFO - Filling up the DagBag from /Users/brenda/miniconda3/envs/airflow/lib/python3.8/site-packages/airflow/example_dags/example_dag_decorator.py
[2023-04-27T23:08:28.072+0200] {processor.py:768} INFO - DAG(s) dict_keys(['example_dag_decorator']) retrieved from /Users/brenda/miniconda3/envs/airflow/lib/python3.8/site-packages/airflow/example_dags/example_dag_decorator.py
[2023-04-27T23:08:28.419+0200] {logging_mixin.py:117} INFO - [2023-04-27T23:08:28.419+0200] {dag.py:2573} INFO - Sync 1 DAGs
[2023-04-27T23:08:28.431+0200] {logging_mixin.py:117} INFO - [2023-04-27T23:08:28.431+0200] {dag.py:3324} INFO - Setting next_dagrun for example_dag_decorator to None, run_after=None
[2023-04-27T23:08:28.442+0200] {processor.py:178} INFO - Processing /Users/brenda/miniconda3/envs/airflow/lib/python3.8/site-packages/airflow/example_dags/example_dag_decorator.py took 0.777 seconds
[2023-04-27T23:09:22.754+0200] {processor.py:156} INFO - Started process (PID=47260) to work on /Users/brenda/miniconda3/envs/airflow/lib/python3.8/site-packages/airflow/example_dags/example_dag_decorator.py
[2023-04-27T23:09:22.757+0200] {processor.py:758} INFO - Processing file /Users/brenda/miniconda3/envs/airflow/lib/python3.8/site-packages/airflow/example_dags/example_dag_decorator.py for tasks to queue
[2023-04-27T23:09:22.758+0200] {logging_mixin.py:117} INFO - [2023-04-27T23:09:22.758+0200] {dagbag.py:525} INFO - Filling up the DagBag from /Users/brenda/miniconda3/envs/airflow/lib/python3.8/site-packages/airflow/example_dags/example_dag_decorator.py
[2023-04-27T23:09:22.924+0200] {processor.py:768} INFO - DAG(s) dict_keys(['example_dag_decorator']) retrieved from /Users/brenda/miniconda3/envs/airflow/lib/python3.8/site-packages/airflow/example_dags/example_dag_decorator.py
[2023-04-27T23:09:23.271+0200] {logging_mixin.py:117} INFO - [2023-04-27T23:09:23.271+0200] {dag.py:2573} INFO - Sync 1 DAGs
[2023-04-27T23:09:23.282+0200] {logging_mixin.py:117} INFO - [2023-04-27T23:09:23.282+0200] {dag.py:3324} INFO - Setting next_dagrun for example_dag_decorator to None, run_after=None
[2023-04-27T23:09:23.293+0200] {processor.py:178} INFO - Processing /Users/brenda/miniconda3/envs/airflow/lib/python3.8/site-packages/airflow/example_dags/example_dag_decorator.py took 0.539 seconds
[2023-04-27T23:10:19.045+0200] {processor.py:156} INFO - Started process (PID=47352) to work on /Users/brenda/miniconda3/envs/airflow/lib/python3.8/site-packages/airflow/example_dags/example_dag_decorator.py
[2023-04-27T23:10:19.049+0200] {processor.py:758} INFO - Processing file /Users/brenda/miniconda3/envs/airflow/lib/python3.8/site-packages/airflow/example_dags/example_dag_decorator.py for tasks to queue
[2023-04-27T23:10:19.049+0200] {logging_mixin.py:117} INFO - [2023-04-27T23:10:19.049+0200] {dagbag.py:525} INFO - Filling up the DagBag from /Users/brenda/miniconda3/envs/airflow/lib/python3.8/site-packages/airflow/example_dags/example_dag_decorator.py
[2023-04-27T23:10:19.201+0200] {processor.py:768} INFO - DAG(s) dict_keys(['example_dag_decorator']) retrieved from /Users/brenda/miniconda3/envs/airflow/lib/python3.8/site-packages/airflow/example_dags/example_dag_decorator.py
[2023-04-27T23:10:19.560+0200] {logging_mixin.py:117} INFO - [2023-04-27T23:10:19.560+0200] {dag.py:2573} INFO - Sync 1 DAGs
[2023-04-27T23:10:19.573+0200] {logging_mixin.py:117} INFO - [2023-04-27T23:10:19.573+0200] {dag.py:3324} INFO - Setting next_dagrun for example_dag_decorator to None, run_after=None
[2023-04-27T23:10:19.586+0200] {processor.py:178} INFO - Processing /Users/brenda/miniconda3/envs/airflow/lib/python3.8/site-packages/airflow/example_dags/example_dag_decorator.py took 0.541 seconds
[2023-04-27T23:11:13.258+0200] {processor.py:156} INFO - Started process (PID=47440) to work on /Users/brenda/miniconda3/envs/airflow/lib/python3.8/site-packages/airflow/example_dags/example_dag_decorator.py
[2023-04-27T23:11:13.262+0200] {processor.py:758} INFO - Processing file /Users/brenda/miniconda3/envs/airflow/lib/python3.8/site-packages/airflow/example_dags/example_dag_decorator.py for tasks to queue
[2023-04-27T23:11:13.262+0200] {logging_mixin.py:117} INFO - [2023-04-27T23:11:13.262+0200] {dagbag.py:525} INFO - Filling up the DagBag from /Users/brenda/miniconda3/envs/airflow/lib/python3.8/site-packages/airflow/example_dags/example_dag_decorator.py
[2023-04-27T23:11:13.411+0200] {processor.py:768} INFO - DAG(s) dict_keys(['example_dag_decorator']) retrieved from /Users/brenda/miniconda3/envs/airflow/lib/python3.8/site-packages/airflow/example_dags/example_dag_decorator.py
[2023-04-27T23:11:13.731+0200] {logging_mixin.py:117} INFO - [2023-04-27T23:11:13.731+0200] {dag.py:2573} INFO - Sync 1 DAGs
[2023-04-27T23:11:13.741+0200] {logging_mixin.py:117} INFO - [2023-04-27T23:11:13.741+0200] {dag.py:3324} INFO - Setting next_dagrun for example_dag_decorator to None, run_after=None
[2023-04-27T23:11:13.751+0200] {processor.py:178} INFO - Processing /Users/brenda/miniconda3/envs/airflow/lib/python3.8/site-packages/airflow/example_dags/example_dag_decorator.py took 0.494 seconds
[2023-04-27T23:12:18.072+0200] {processor.py:156} INFO - Started process (PID=47543) to work on /Users/brenda/miniconda3/envs/airflow/lib/python3.8/site-packages/airflow/example_dags/example_dag_decorator.py
[2023-04-27T23:12:18.075+0200] {processor.py:758} INFO - Processing file /Users/brenda/miniconda3/envs/airflow/lib/python3.8/site-packages/airflow/example_dags/example_dag_decorator.py for tasks to queue
[2023-04-27T23:12:18.075+0200] {logging_mixin.py:117} INFO - [2023-04-27T23:12:18.075+0200] {dagbag.py:525} INFO - Filling up the DagBag from /Users/brenda/miniconda3/envs/airflow/lib/python3.8/site-packages/airflow/example_dags/example_dag_decorator.py
[2023-04-27T23:12:18.242+0200] {processor.py:768} INFO - DAG(s) dict_keys(['example_dag_decorator']) retrieved from /Users/brenda/miniconda3/envs/airflow/lib/python3.8/site-packages/airflow/example_dags/example_dag_decorator.py
[2023-04-27T23:12:18.558+0200] {logging_mixin.py:117} INFO - [2023-04-27T23:12:18.558+0200] {dag.py:2573} INFO - Sync 1 DAGs
[2023-04-27T23:12:18.564+0200] {logging_mixin.py:117} INFO - [2023-04-27T23:12:18.564+0200] {dag.py:3324} INFO - Setting next_dagrun for example_dag_decorator to None, run_after=None
[2023-04-27T23:12:18.571+0200] {processor.py:178} INFO - Processing /Users/brenda/miniconda3/envs/airflow/lib/python3.8/site-packages/airflow/example_dags/example_dag_decorator.py took 0.500 seconds
[2023-04-27T23:28:28.596+0200] {processor.py:156} INFO - Started process (PID=47641) to work on /Users/brenda/miniconda3/envs/airflow/lib/python3.8/site-packages/airflow/example_dags/example_dag_decorator.py
[2023-04-27T23:28:28.598+0200] {processor.py:758} INFO - Processing file /Users/brenda/miniconda3/envs/airflow/lib/python3.8/site-packages/airflow/example_dags/example_dag_decorator.py for tasks to queue
[2023-04-27T23:28:28.598+0200] {logging_mixin.py:117} INFO - [2023-04-27T23:28:28.598+0200] {dagbag.py:525} INFO - Filling up the DagBag from /Users/brenda/miniconda3/envs/airflow/lib/python3.8/site-packages/airflow/example_dags/example_dag_decorator.py
[2023-04-27T23:28:28.684+0200] {processor.py:768} INFO - DAG(s) dict_keys(['example_dag_decorator']) retrieved from /Users/brenda/miniconda3/envs/airflow/lib/python3.8/site-packages/airflow/example_dags/example_dag_decorator.py
[2023-04-27T23:28:28.868+0200] {logging_mixin.py:117} INFO - [2023-04-27T23:28:28.867+0200] {dag.py:2573} INFO - Sync 1 DAGs
[2023-04-27T23:28:28.874+0200] {logging_mixin.py:117} INFO - [2023-04-27T23:28:28.874+0200] {dag.py:3324} INFO - Setting next_dagrun for example_dag_decorator to None, run_after=None
[2023-04-27T23:28:28.883+0200] {processor.py:178} INFO - Processing /Users/brenda/miniconda3/envs/airflow/lib/python3.8/site-packages/airflow/example_dags/example_dag_decorator.py took 0.288 seconds
[2023-04-27T23:29:15.243+0200] {processor.py:156} INFO - Started process (PID=47724) to work on /Users/brenda/miniconda3/envs/airflow/lib/python3.8/site-packages/airflow/example_dags/example_dag_decorator.py
[2023-04-27T23:29:15.245+0200] {processor.py:758} INFO - Processing file /Users/brenda/miniconda3/envs/airflow/lib/python3.8/site-packages/airflow/example_dags/example_dag_decorator.py for tasks to queue
[2023-04-27T23:29:15.245+0200] {logging_mixin.py:117} INFO - [2023-04-27T23:29:15.245+0200] {dagbag.py:525} INFO - Filling up the DagBag from /Users/brenda/miniconda3/envs/airflow/lib/python3.8/site-packages/airflow/example_dags/example_dag_decorator.py
[2023-04-27T23:29:15.333+0200] {processor.py:768} INFO - DAG(s) dict_keys(['example_dag_decorator']) retrieved from /Users/brenda/miniconda3/envs/airflow/lib/python3.8/site-packages/airflow/example_dags/example_dag_decorator.py
[2023-04-27T23:29:15.516+0200] {logging_mixin.py:117} INFO - [2023-04-27T23:29:15.516+0200] {dag.py:2573} INFO - Sync 1 DAGs
[2023-04-27T23:29:15.522+0200] {logging_mixin.py:117} INFO - [2023-04-27T23:29:15.522+0200] {dag.py:3324} INFO - Setting next_dagrun for example_dag_decorator to None, run_after=None
[2023-04-27T23:29:15.528+0200] {processor.py:178} INFO - Processing /Users/brenda/miniconda3/envs/airflow/lib/python3.8/site-packages/airflow/example_dags/example_dag_decorator.py took 0.286 seconds
[2023-04-27T23:30:02.173+0200] {processor.py:156} INFO - Started process (PID=47814) to work on /Users/brenda/miniconda3/envs/airflow/lib/python3.8/site-packages/airflow/example_dags/example_dag_decorator.py
[2023-04-27T23:30:02.175+0200] {processor.py:758} INFO - Processing file /Users/brenda/miniconda3/envs/airflow/lib/python3.8/site-packages/airflow/example_dags/example_dag_decorator.py for tasks to queue
[2023-04-27T23:30:02.175+0200] {logging_mixin.py:117} INFO - [2023-04-27T23:30:02.175+0200] {dagbag.py:525} INFO - Filling up the DagBag from /Users/brenda/miniconda3/envs/airflow/lib/python3.8/site-packages/airflow/example_dags/example_dag_decorator.py
[2023-04-27T23:30:02.260+0200] {processor.py:768} INFO - DAG(s) dict_keys(['example_dag_decorator']) retrieved from /Users/brenda/miniconda3/envs/airflow/lib/python3.8/site-packages/airflow/example_dags/example_dag_decorator.py
[2023-04-27T23:30:02.451+0200] {logging_mixin.py:117} INFO - [2023-04-27T23:30:02.451+0200] {dag.py:2573} INFO - Sync 1 DAGs
[2023-04-27T23:30:02.457+0200] {logging_mixin.py:117} INFO - [2023-04-27T23:30:02.457+0200] {dag.py:3324} INFO - Setting next_dagrun for example_dag_decorator to None, run_after=None
[2023-04-27T23:30:02.463+0200] {processor.py:178} INFO - Processing /Users/brenda/miniconda3/envs/airflow/lib/python3.8/site-packages/airflow/example_dags/example_dag_decorator.py took 0.291 seconds
[2023-04-27T23:30:50.975+0200] {processor.py:156} INFO - Started process (PID=47908) to work on /Users/brenda/miniconda3/envs/airflow/lib/python3.8/site-packages/airflow/example_dags/example_dag_decorator.py
[2023-04-27T23:30:50.977+0200] {processor.py:758} INFO - Processing file /Users/brenda/miniconda3/envs/airflow/lib/python3.8/site-packages/airflow/example_dags/example_dag_decorator.py for tasks to queue
[2023-04-27T23:30:50.977+0200] {logging_mixin.py:117} INFO - [2023-04-27T23:30:50.977+0200] {dagbag.py:525} INFO - Filling up the DagBag from /Users/brenda/miniconda3/envs/airflow/lib/python3.8/site-packages/airflow/example_dags/example_dag_decorator.py
[2023-04-27T23:30:51.078+0200] {processor.py:768} INFO - DAG(s) dict_keys(['example_dag_decorator']) retrieved from /Users/brenda/miniconda3/envs/airflow/lib/python3.8/site-packages/airflow/example_dags/example_dag_decorator.py
[2023-04-27T23:30:51.290+0200] {logging_mixin.py:117} INFO - [2023-04-27T23:30:51.290+0200] {dag.py:2573} INFO - Sync 1 DAGs
[2023-04-27T23:30:51.296+0200] {logging_mixin.py:117} INFO - [2023-04-27T23:30:51.296+0200] {dag.py:3324} INFO - Setting next_dagrun for example_dag_decorator to None, run_after=None
[2023-04-27T23:30:51.303+0200] {processor.py:178} INFO - Processing /Users/brenda/miniconda3/envs/airflow/lib/python3.8/site-packages/airflow/example_dags/example_dag_decorator.py took 0.328 seconds
[2023-04-27T23:31:37.462+0200] {processor.py:156} INFO - Started process (PID=47993) to work on /Users/brenda/miniconda3/envs/airflow/lib/python3.8/site-packages/airflow/example_dags/example_dag_decorator.py
[2023-04-27T23:31:37.464+0200] {processor.py:758} INFO - Processing file /Users/brenda/miniconda3/envs/airflow/lib/python3.8/site-packages/airflow/example_dags/example_dag_decorator.py for tasks to queue
[2023-04-27T23:31:37.464+0200] {logging_mixin.py:117} INFO - [2023-04-27T23:31:37.464+0200] {dagbag.py:525} INFO - Filling up the DagBag from /Users/brenda/miniconda3/envs/airflow/lib/python3.8/site-packages/airflow/example_dags/example_dag_decorator.py
[2023-04-27T23:31:37.551+0200] {processor.py:768} INFO - DAG(s) dict_keys(['example_dag_decorator']) retrieved from /Users/brenda/miniconda3/envs/airflow/lib/python3.8/site-packages/airflow/example_dags/example_dag_decorator.py
[2023-04-27T23:31:37.744+0200] {logging_mixin.py:117} INFO - [2023-04-27T23:31:37.744+0200] {dag.py:2573} INFO - Sync 1 DAGs
[2023-04-27T23:31:37.751+0200] {logging_mixin.py:117} INFO - [2023-04-27T23:31:37.751+0200] {dag.py:3324} INFO - Setting next_dagrun for example_dag_decorator to None, run_after=None
[2023-04-27T23:31:37.758+0200] {processor.py:178} INFO - Processing /Users/brenda/miniconda3/envs/airflow/lib/python3.8/site-packages/airflow/example_dags/example_dag_decorator.py took 0.297 seconds
[2023-04-27T23:32:24.862+0200] {processor.py:156} INFO - Started process (PID=48069) to work on /Users/brenda/miniconda3/envs/airflow/lib/python3.8/site-packages/airflow/example_dags/example_dag_decorator.py
[2023-04-27T23:32:24.865+0200] {processor.py:758} INFO - Processing file /Users/brenda/miniconda3/envs/airflow/lib/python3.8/site-packages/airflow/example_dags/example_dag_decorator.py for tasks to queue
[2023-04-27T23:32:24.865+0200] {logging_mixin.py:117} INFO - [2023-04-27T23:32:24.865+0200] {dagbag.py:525} INFO - Filling up the DagBag from /Users/brenda/miniconda3/envs/airflow/lib/python3.8/site-packages/airflow/example_dags/example_dag_decorator.py
[2023-04-27T23:32:24.956+0200] {processor.py:768} INFO - DAG(s) dict_keys(['example_dag_decorator']) retrieved from /Users/brenda/miniconda3/envs/airflow/lib/python3.8/site-packages/airflow/example_dags/example_dag_decorator.py
[2023-04-27T23:32:25.166+0200] {logging_mixin.py:117} INFO - [2023-04-27T23:32:25.166+0200] {dag.py:2573} INFO - Sync 1 DAGs
[2023-04-27T23:32:25.172+0200] {logging_mixin.py:117} INFO - [2023-04-27T23:32:25.172+0200] {dag.py:3324} INFO - Setting next_dagrun for example_dag_decorator to None, run_after=None
[2023-04-27T23:32:25.179+0200] {processor.py:178} INFO - Processing /Users/brenda/miniconda3/envs/airflow/lib/python3.8/site-packages/airflow/example_dags/example_dag_decorator.py took 0.317 seconds
[2023-04-27T23:33:11.368+0200] {processor.py:156} INFO - Started process (PID=48144) to work on /Users/brenda/miniconda3/envs/airflow/lib/python3.8/site-packages/airflow/example_dags/example_dag_decorator.py
[2023-04-27T23:33:11.370+0200] {processor.py:758} INFO - Processing file /Users/brenda/miniconda3/envs/airflow/lib/python3.8/site-packages/airflow/example_dags/example_dag_decorator.py for tasks to queue
[2023-04-27T23:33:11.371+0200] {logging_mixin.py:117} INFO - [2023-04-27T23:33:11.371+0200] {dagbag.py:525} INFO - Filling up the DagBag from /Users/brenda/miniconda3/envs/airflow/lib/python3.8/site-packages/airflow/example_dags/example_dag_decorator.py
[2023-04-27T23:33:11.467+0200] {processor.py:768} INFO - DAG(s) dict_keys(['example_dag_decorator']) retrieved from /Users/brenda/miniconda3/envs/airflow/lib/python3.8/site-packages/airflow/example_dags/example_dag_decorator.py
[2023-04-27T23:33:11.673+0200] {logging_mixin.py:117} INFO - [2023-04-27T23:33:11.673+0200] {dag.py:2573} INFO - Sync 1 DAGs
[2023-04-27T23:33:11.679+0200] {logging_mixin.py:117} INFO - [2023-04-27T23:33:11.679+0200] {dag.py:3324} INFO - Setting next_dagrun for example_dag_decorator to None, run_after=None
[2023-04-27T23:33:11.697+0200] {processor.py:178} INFO - Processing /Users/brenda/miniconda3/envs/airflow/lib/python3.8/site-packages/airflow/example_dags/example_dag_decorator.py took 0.329 seconds
[2023-04-27T23:33:58.243+0200] {processor.py:156} INFO - Started process (PID=48221) to work on /Users/brenda/miniconda3/envs/airflow/lib/python3.8/site-packages/airflow/example_dags/example_dag_decorator.py
[2023-04-27T23:33:58.246+0200] {processor.py:758} INFO - Processing file /Users/brenda/miniconda3/envs/airflow/lib/python3.8/site-packages/airflow/example_dags/example_dag_decorator.py for tasks to queue
[2023-04-27T23:33:58.246+0200] {logging_mixin.py:117} INFO - [2023-04-27T23:33:58.246+0200] {dagbag.py:525} INFO - Filling up the DagBag from /Users/brenda/miniconda3/envs/airflow/lib/python3.8/site-packages/airflow/example_dags/example_dag_decorator.py
[2023-04-27T23:33:58.331+0200] {processor.py:768} INFO - DAG(s) dict_keys(['example_dag_decorator']) retrieved from /Users/brenda/miniconda3/envs/airflow/lib/python3.8/site-packages/airflow/example_dags/example_dag_decorator.py
[2023-04-27T23:33:58.519+0200] {logging_mixin.py:117} INFO - [2023-04-27T23:33:58.519+0200] {dag.py:2573} INFO - Sync 1 DAGs
[2023-04-27T23:33:58.525+0200] {logging_mixin.py:117} INFO - [2023-04-27T23:33:58.525+0200] {dag.py:3324} INFO - Setting next_dagrun for example_dag_decorator to None, run_after=None
[2023-04-27T23:33:58.531+0200] {processor.py:178} INFO - Processing /Users/brenda/miniconda3/envs/airflow/lib/python3.8/site-packages/airflow/example_dags/example_dag_decorator.py took 0.289 seconds
[2023-04-27T23:34:46.874+0200] {processor.py:156} INFO - Started process (PID=48295) to work on /Users/brenda/miniconda3/envs/airflow/lib/python3.8/site-packages/airflow/example_dags/example_dag_decorator.py
[2023-04-27T23:34:46.876+0200] {processor.py:758} INFO - Processing file /Users/brenda/miniconda3/envs/airflow/lib/python3.8/site-packages/airflow/example_dags/example_dag_decorator.py for tasks to queue
[2023-04-27T23:34:46.876+0200] {logging_mixin.py:117} INFO - [2023-04-27T23:34:46.876+0200] {dagbag.py:525} INFO - Filling up the DagBag from /Users/brenda/miniconda3/envs/airflow/lib/python3.8/site-packages/airflow/example_dags/example_dag_decorator.py
[2023-04-27T23:34:46.972+0200] {processor.py:768} INFO - DAG(s) dict_keys(['example_dag_decorator']) retrieved from /Users/brenda/miniconda3/envs/airflow/lib/python3.8/site-packages/airflow/example_dags/example_dag_decorator.py
[2023-04-27T23:34:47.158+0200] {logging_mixin.py:117} INFO - [2023-04-27T23:34:47.158+0200] {dag.py:2573} INFO - Sync 1 DAGs
[2023-04-27T23:34:47.164+0200] {logging_mixin.py:117} INFO - [2023-04-27T23:34:47.164+0200] {dag.py:3324} INFO - Setting next_dagrun for example_dag_decorator to None, run_after=None
[2023-04-27T23:34:47.170+0200] {processor.py:178} INFO - Processing /Users/brenda/miniconda3/envs/airflow/lib/python3.8/site-packages/airflow/example_dags/example_dag_decorator.py took 0.296 seconds
[2023-04-27T23:35:32.342+0200] {processor.py:156} INFO - Started process (PID=48375) to work on /Users/brenda/miniconda3/envs/airflow/lib/python3.8/site-packages/airflow/example_dags/example_dag_decorator.py
[2023-04-27T23:35:32.345+0200] {processor.py:758} INFO - Processing file /Users/brenda/miniconda3/envs/airflow/lib/python3.8/site-packages/airflow/example_dags/example_dag_decorator.py for tasks to queue
[2023-04-27T23:35:32.345+0200] {logging_mixin.py:117} INFO - [2023-04-27T23:35:32.345+0200] {dagbag.py:525} INFO - Filling up the DagBag from /Users/brenda/miniconda3/envs/airflow/lib/python3.8/site-packages/airflow/example_dags/example_dag_decorator.py
[2023-04-27T23:35:32.437+0200] {processor.py:768} INFO - DAG(s) dict_keys(['example_dag_decorator']) retrieved from /Users/brenda/miniconda3/envs/airflow/lib/python3.8/site-packages/airflow/example_dags/example_dag_decorator.py
[2023-04-27T23:35:32.634+0200] {logging_mixin.py:117} INFO - [2023-04-27T23:35:32.633+0200] {dag.py:2573} INFO - Sync 1 DAGs
[2023-04-27T23:35:32.640+0200] {logging_mixin.py:117} INFO - [2023-04-27T23:35:32.640+0200] {dag.py:3324} INFO - Setting next_dagrun for example_dag_decorator to None, run_after=None
[2023-04-27T23:35:32.647+0200] {processor.py:178} INFO - Processing /Users/brenda/miniconda3/envs/airflow/lib/python3.8/site-packages/airflow/example_dags/example_dag_decorator.py took 0.305 seconds
[2023-04-27T23:36:17.738+0200] {processor.py:156} INFO - Started process (PID=48464) to work on /Users/brenda/miniconda3/envs/airflow/lib/python3.8/site-packages/airflow/example_dags/example_dag_decorator.py
[2023-04-27T23:36:17.740+0200] {processor.py:758} INFO - Processing file /Users/brenda/miniconda3/envs/airflow/lib/python3.8/site-packages/airflow/example_dags/example_dag_decorator.py for tasks to queue
[2023-04-27T23:36:17.740+0200] {logging_mixin.py:117} INFO - [2023-04-27T23:36:17.740+0200] {dagbag.py:525} INFO - Filling up the DagBag from /Users/brenda/miniconda3/envs/airflow/lib/python3.8/site-packages/airflow/example_dags/example_dag_decorator.py
[2023-04-27T23:36:17.825+0200] {processor.py:768} INFO - DAG(s) dict_keys(['example_dag_decorator']) retrieved from /Users/brenda/miniconda3/envs/airflow/lib/python3.8/site-packages/airflow/example_dags/example_dag_decorator.py
[2023-04-27T23:36:18.010+0200] {logging_mixin.py:117} INFO - [2023-04-27T23:36:18.010+0200] {dag.py:2573} INFO - Sync 1 DAGs
[2023-04-27T23:36:18.016+0200] {logging_mixin.py:117} INFO - [2023-04-27T23:36:18.016+0200] {dag.py:3324} INFO - Setting next_dagrun for example_dag_decorator to None, run_after=None
[2023-04-27T23:36:18.022+0200] {processor.py:178} INFO - Processing /Users/brenda/miniconda3/envs/airflow/lib/python3.8/site-packages/airflow/example_dags/example_dag_decorator.py took 0.284 seconds
[2023-04-27T23:37:04.254+0200] {processor.py:156} INFO - Started process (PID=48540) to work on /Users/brenda/miniconda3/envs/airflow/lib/python3.8/site-packages/airflow/example_dags/example_dag_decorator.py
[2023-04-27T23:37:04.257+0200] {processor.py:758} INFO - Processing file /Users/brenda/miniconda3/envs/airflow/lib/python3.8/site-packages/airflow/example_dags/example_dag_decorator.py for tasks to queue
[2023-04-27T23:37:04.257+0200] {logging_mixin.py:117} INFO - [2023-04-27T23:37:04.257+0200] {dagbag.py:525} INFO - Filling up the DagBag from /Users/brenda/miniconda3/envs/airflow/lib/python3.8/site-packages/airflow/example_dags/example_dag_decorator.py
[2023-04-27T23:37:04.346+0200] {processor.py:768} INFO - DAG(s) dict_keys(['example_dag_decorator']) retrieved from /Users/brenda/miniconda3/envs/airflow/lib/python3.8/site-packages/airflow/example_dags/example_dag_decorator.py
[2023-04-27T23:37:04.539+0200] {logging_mixin.py:117} INFO - [2023-04-27T23:37:04.539+0200] {dag.py:2573} INFO - Sync 1 DAGs
[2023-04-27T23:37:04.545+0200] {logging_mixin.py:117} INFO - [2023-04-27T23:37:04.545+0200] {dag.py:3324} INFO - Setting next_dagrun for example_dag_decorator to None, run_after=None
[2023-04-27T23:37:04.552+0200] {processor.py:178} INFO - Processing /Users/brenda/miniconda3/envs/airflow/lib/python3.8/site-packages/airflow/example_dags/example_dag_decorator.py took 0.298 seconds
[2023-04-27T23:37:50.037+0200] {processor.py:156} INFO - Started process (PID=48618) to work on /Users/brenda/miniconda3/envs/airflow/lib/python3.8/site-packages/airflow/example_dags/example_dag_decorator.py
[2023-04-27T23:37:50.040+0200] {processor.py:758} INFO - Processing file /Users/brenda/miniconda3/envs/airflow/lib/python3.8/site-packages/airflow/example_dags/example_dag_decorator.py for tasks to queue
[2023-04-27T23:37:50.040+0200] {logging_mixin.py:117} INFO - [2023-04-27T23:37:50.040+0200] {dagbag.py:525} INFO - Filling up the DagBag from /Users/brenda/miniconda3/envs/airflow/lib/python3.8/site-packages/airflow/example_dags/example_dag_decorator.py
[2023-04-27T23:37:50.136+0200] {processor.py:768} INFO - DAG(s) dict_keys(['example_dag_decorator']) retrieved from /Users/brenda/miniconda3/envs/airflow/lib/python3.8/site-packages/airflow/example_dags/example_dag_decorator.py
[2023-04-27T23:37:50.355+0200] {logging_mixin.py:117} INFO - [2023-04-27T23:37:50.355+0200] {dag.py:2573} INFO - Sync 1 DAGs
[2023-04-27T23:37:50.362+0200] {logging_mixin.py:117} INFO - [2023-04-27T23:37:50.362+0200] {dag.py:3324} INFO - Setting next_dagrun for example_dag_decorator to None, run_after=None
[2023-04-27T23:37:50.369+0200] {processor.py:178} INFO - Processing /Users/brenda/miniconda3/envs/airflow/lib/python3.8/site-packages/airflow/example_dags/example_dag_decorator.py took 0.332 seconds
[2023-04-27T23:38:36.505+0200] {processor.py:156} INFO - Started process (PID=48694) to work on /Users/brenda/miniconda3/envs/airflow/lib/python3.8/site-packages/airflow/example_dags/example_dag_decorator.py
[2023-04-27T23:38:36.508+0200] {processor.py:758} INFO - Processing file /Users/brenda/miniconda3/envs/airflow/lib/python3.8/site-packages/airflow/example_dags/example_dag_decorator.py for tasks to queue
[2023-04-27T23:38:36.508+0200] {logging_mixin.py:117} INFO - [2023-04-27T23:38:36.508+0200] {dagbag.py:525} INFO - Filling up the DagBag from /Users/brenda/miniconda3/envs/airflow/lib/python3.8/site-packages/airflow/example_dags/example_dag_decorator.py
[2023-04-27T23:38:36.594+0200] {processor.py:768} INFO - DAG(s) dict_keys(['example_dag_decorator']) retrieved from /Users/brenda/miniconda3/envs/airflow/lib/python3.8/site-packages/airflow/example_dags/example_dag_decorator.py
[2023-04-27T23:38:36.776+0200] {logging_mixin.py:117} INFO - [2023-04-27T23:38:36.776+0200] {dag.py:2573} INFO - Sync 1 DAGs
[2023-04-27T23:38:36.782+0200] {logging_mixin.py:117} INFO - [2023-04-27T23:38:36.782+0200] {dag.py:3324} INFO - Setting next_dagrun for example_dag_decorator to None, run_after=None
[2023-04-27T23:38:36.789+0200] {processor.py:178} INFO - Processing /Users/brenda/miniconda3/envs/airflow/lib/python3.8/site-packages/airflow/example_dags/example_dag_decorator.py took 0.283 seconds
[2023-04-28T00:30:29.273+0200] {processor.py:156} INFO - Started process (PID=48800) to work on /Users/brenda/miniconda3/envs/airflow/lib/python3.8/site-packages/airflow/example_dags/example_dag_decorator.py
[2023-04-28T00:30:29.277+0200] {processor.py:758} INFO - Processing file /Users/brenda/miniconda3/envs/airflow/lib/python3.8/site-packages/airflow/example_dags/example_dag_decorator.py for tasks to queue
[2023-04-28T00:30:29.277+0200] {logging_mixin.py:117} INFO - [2023-04-28T00:30:29.277+0200] {dagbag.py:525} INFO - Filling up the DagBag from /Users/brenda/miniconda3/envs/airflow/lib/python3.8/site-packages/airflow/example_dags/example_dag_decorator.py
[2023-04-28T00:30:29.470+0200] {processor.py:768} INFO - DAG(s) dict_keys(['example_dag_decorator']) retrieved from /Users/brenda/miniconda3/envs/airflow/lib/python3.8/site-packages/airflow/example_dags/example_dag_decorator.py
[2023-04-28T00:30:29.891+0200] {logging_mixin.py:117} INFO - [2023-04-28T00:30:29.891+0200] {dag.py:2573} INFO - Sync 1 DAGs
[2023-04-28T00:30:29.904+0200] {logging_mixin.py:117} INFO - [2023-04-28T00:30:29.904+0200] {dag.py:3324} INFO - Setting next_dagrun for example_dag_decorator to None, run_after=None
[2023-04-28T00:30:29.914+0200] {processor.py:178} INFO - Processing /Users/brenda/miniconda3/envs/airflow/lib/python3.8/site-packages/airflow/example_dags/example_dag_decorator.py took 0.642 seconds
