[2023-04-27T22:59:57.956+0200] {processor.py:156} INFO - Started process (PID=46148) to work on /Users/brenda/miniconda3/envs/airflow/lib/python3.8/site-packages/airflow/example_dags/example_latest_only_with_trigger.py
[2023-04-27T22:59:57.959+0200] {processor.py:758} INFO - Processing file /Users/brenda/miniconda3/envs/airflow/lib/python3.8/site-packages/airflow/example_dags/example_latest_only_with_trigger.py for tasks to queue
[2023-04-27T22:59:57.959+0200] {logging_mixin.py:117} INFO - [2023-04-27T22:59:57.959+0200] {dagbag.py:525} INFO - Filling up the DagBag from /Users/brenda/miniconda3/envs/airflow/lib/python3.8/site-packages/airflow/example_dags/example_latest_only_with_trigger.py
[2023-04-27T22:59:57.975+0200] {processor.py:768} INFO - DAG(s) dict_keys(['latest_only_with_trigger']) retrieved from /Users/brenda/miniconda3/envs/airflow/lib/python3.8/site-packages/airflow/example_dags/example_latest_only_with_trigger.py
[2023-04-27T22:59:58.084+0200] {logging_mixin.py:117} INFO - [2023-04-27T22:59:58.084+0200] {dag.py:2573} INFO - Sync 1 DAGs
[2023-04-27T22:59:58.094+0200] {logging_mixin.py:117} INFO - [2023-04-27T22:59:58.094+0200] {dag.py:3324} INFO - Setting next_dagrun for latest_only_with_trigger to 2023-04-27T16:59:58.094164+00:00, run_after=2023-04-27T20:59:58.094164+00:00
[2023-04-27T22:59:58.104+0200] {processor.py:178} INFO - Processing /Users/brenda/miniconda3/envs/airflow/lib/python3.8/site-packages/airflow/example_dags/example_latest_only_with_trigger.py took 0.149 seconds
[2023-04-27T23:00:54.009+0200] {processor.py:156} INFO - Started process (PID=46254) to work on /Users/brenda/miniconda3/envs/airflow/lib/python3.8/site-packages/airflow/example_dags/example_latest_only_with_trigger.py
[2023-04-27T23:00:54.013+0200] {processor.py:758} INFO - Processing file /Users/brenda/miniconda3/envs/airflow/lib/python3.8/site-packages/airflow/example_dags/example_latest_only_with_trigger.py for tasks to queue
[2023-04-27T23:00:54.013+0200] {logging_mixin.py:117} INFO - [2023-04-27T23:00:54.013+0200] {dagbag.py:525} INFO - Filling up the DagBag from /Users/brenda/miniconda3/envs/airflow/lib/python3.8/site-packages/airflow/example_dags/example_latest_only_with_trigger.py
[2023-04-27T23:00:54.029+0200] {processor.py:768} INFO - DAG(s) dict_keys(['latest_only_with_trigger']) retrieved from /Users/brenda/miniconda3/envs/airflow/lib/python3.8/site-packages/airflow/example_dags/example_latest_only_with_trigger.py
[2023-04-27T23:00:54.138+0200] {logging_mixin.py:117} INFO - [2023-04-27T23:00:54.138+0200] {dag.py:2573} INFO - Sync 1 DAGs
[2023-04-27T23:00:54.149+0200] {logging_mixin.py:117} INFO - [2023-04-27T23:00:54.149+0200] {dag.py:3324} INFO - Setting next_dagrun for latest_only_with_trigger to 2023-04-27T17:00:54.148958+00:00, run_after=2023-04-27T21:00:54.148958+00:00
[2023-04-27T23:00:54.161+0200] {processor.py:178} INFO - Processing /Users/brenda/miniconda3/envs/airflow/lib/python3.8/site-packages/airflow/example_dags/example_latest_only_with_trigger.py took 0.152 seconds
[2023-04-27T23:01:49.415+0200] {processor.py:156} INFO - Started process (PID=46379) to work on /Users/brenda/miniconda3/envs/airflow/lib/python3.8/site-packages/airflow/example_dags/example_latest_only_with_trigger.py
[2023-04-27T23:01:49.418+0200] {processor.py:758} INFO - Processing file /Users/brenda/miniconda3/envs/airflow/lib/python3.8/site-packages/airflow/example_dags/example_latest_only_with_trigger.py for tasks to queue
[2023-04-27T23:01:49.418+0200] {logging_mixin.py:117} INFO - [2023-04-27T23:01:49.418+0200] {dagbag.py:525} INFO - Filling up the DagBag from /Users/brenda/miniconda3/envs/airflow/lib/python3.8/site-packages/airflow/example_dags/example_latest_only_with_trigger.py
[2023-04-27T23:01:49.436+0200] {processor.py:768} INFO - DAG(s) dict_keys(['latest_only_with_trigger']) retrieved from /Users/brenda/miniconda3/envs/airflow/lib/python3.8/site-packages/airflow/example_dags/example_latest_only_with_trigger.py
[2023-04-27T23:01:49.549+0200] {logging_mixin.py:117} INFO - [2023-04-27T23:01:49.549+0200] {dag.py:2573} INFO - Sync 1 DAGs
[2023-04-27T23:01:49.559+0200] {logging_mixin.py:117} INFO - [2023-04-27T23:01:49.559+0200] {dag.py:3324} INFO - Setting next_dagrun for latest_only_with_trigger to 2023-04-27T17:01:49.559246+00:00, run_after=2023-04-27T21:01:49.559246+00:00
[2023-04-27T23:01:49.570+0200] {processor.py:178} INFO - Processing /Users/brenda/miniconda3/envs/airflow/lib/python3.8/site-packages/airflow/example_dags/example_latest_only_with_trigger.py took 0.155 seconds
[2023-04-27T23:02:42.371+0200] {processor.py:156} INFO - Started process (PID=46475) to work on /Users/brenda/miniconda3/envs/airflow/lib/python3.8/site-packages/airflow/example_dags/example_latest_only_with_trigger.py
[2023-04-27T23:02:42.377+0200] {processor.py:758} INFO - Processing file /Users/brenda/miniconda3/envs/airflow/lib/python3.8/site-packages/airflow/example_dags/example_latest_only_with_trigger.py for tasks to queue
[2023-04-27T23:02:42.377+0200] {logging_mixin.py:117} INFO - [2023-04-27T23:02:42.377+0200] {dagbag.py:525} INFO - Filling up the DagBag from /Users/brenda/miniconda3/envs/airflow/lib/python3.8/site-packages/airflow/example_dags/example_latest_only_with_trigger.py
[2023-04-27T23:02:42.396+0200] {processor.py:768} INFO - DAG(s) dict_keys(['latest_only_with_trigger']) retrieved from /Users/brenda/miniconda3/envs/airflow/lib/python3.8/site-packages/airflow/example_dags/example_latest_only_with_trigger.py
[2023-04-27T23:02:42.525+0200] {logging_mixin.py:117} INFO - [2023-04-27T23:02:42.525+0200] {dag.py:2573} INFO - Sync 1 DAGs
[2023-04-27T23:02:42.535+0200] {logging_mixin.py:117} INFO - [2023-04-27T23:02:42.535+0200] {dag.py:3324} INFO - Setting next_dagrun for latest_only_with_trigger to 2023-04-27T17:02:42.535656+00:00, run_after=2023-04-27T21:02:42.535656+00:00
[2023-04-27T23:02:42.547+0200] {processor.py:178} INFO - Processing /Users/brenda/miniconda3/envs/airflow/lib/python3.8/site-packages/airflow/example_dags/example_latest_only_with_trigger.py took 0.177 seconds
[2023-04-27T23:03:36.172+0200] {processor.py:156} INFO - Started process (PID=46549) to work on /Users/brenda/miniconda3/envs/airflow/lib/python3.8/site-packages/airflow/example_dags/example_latest_only_with_trigger.py
[2023-04-27T23:03:36.176+0200] {processor.py:758} INFO - Processing file /Users/brenda/miniconda3/envs/airflow/lib/python3.8/site-packages/airflow/example_dags/example_latest_only_with_trigger.py for tasks to queue
[2023-04-27T23:03:36.176+0200] {logging_mixin.py:117} INFO - [2023-04-27T23:03:36.176+0200] {dagbag.py:525} INFO - Filling up the DagBag from /Users/brenda/miniconda3/envs/airflow/lib/python3.8/site-packages/airflow/example_dags/example_latest_only_with_trigger.py
[2023-04-27T23:03:36.192+0200] {processor.py:768} INFO - DAG(s) dict_keys(['latest_only_with_trigger']) retrieved from /Users/brenda/miniconda3/envs/airflow/lib/python3.8/site-packages/airflow/example_dags/example_latest_only_with_trigger.py
[2023-04-27T23:03:36.305+0200] {logging_mixin.py:117} INFO - [2023-04-27T23:03:36.305+0200] {dag.py:2573} INFO - Sync 1 DAGs
[2023-04-27T23:03:36.316+0200] {logging_mixin.py:117} INFO - [2023-04-27T23:03:36.315+0200] {dag.py:3324} INFO - Setting next_dagrun for latest_only_with_trigger to 2023-04-27T17:03:36.315860+00:00, run_after=2023-04-27T21:03:36.315860+00:00
[2023-04-27T23:03:36.327+0200] {processor.py:178} INFO - Processing /Users/brenda/miniconda3/envs/airflow/lib/python3.8/site-packages/airflow/example_dags/example_latest_only_with_trigger.py took 0.155 seconds
[2023-04-27T23:04:28.794+0200] {processor.py:156} INFO - Started process (PID=46626) to work on /Users/brenda/miniconda3/envs/airflow/lib/python3.8/site-packages/airflow/example_dags/example_latest_only_with_trigger.py
[2023-04-27T23:04:28.797+0200] {processor.py:758} INFO - Processing file /Users/brenda/miniconda3/envs/airflow/lib/python3.8/site-packages/airflow/example_dags/example_latest_only_with_trigger.py for tasks to queue
[2023-04-27T23:04:28.798+0200] {logging_mixin.py:117} INFO - [2023-04-27T23:04:28.798+0200] {dagbag.py:525} INFO - Filling up the DagBag from /Users/brenda/miniconda3/envs/airflow/lib/python3.8/site-packages/airflow/example_dags/example_latest_only_with_trigger.py
[2023-04-27T23:04:28.814+0200] {processor.py:768} INFO - DAG(s) dict_keys(['latest_only_with_trigger']) retrieved from /Users/brenda/miniconda3/envs/airflow/lib/python3.8/site-packages/airflow/example_dags/example_latest_only_with_trigger.py
[2023-04-27T23:04:28.928+0200] {logging_mixin.py:117} INFO - [2023-04-27T23:04:28.928+0200] {dag.py:2573} INFO - Sync 1 DAGs
[2023-04-27T23:04:28.938+0200] {logging_mixin.py:117} INFO - [2023-04-27T23:04:28.938+0200] {dag.py:3324} INFO - Setting next_dagrun for latest_only_with_trigger to 2023-04-27T17:04:28.938076+00:00, run_after=2023-04-27T21:04:28.938076+00:00
[2023-04-27T23:04:28.953+0200] {processor.py:178} INFO - Processing /Users/brenda/miniconda3/envs/airflow/lib/python3.8/site-packages/airflow/example_dags/example_latest_only_with_trigger.py took 0.160 seconds
[2023-04-27T23:05:37.423+0200] {processor.py:156} INFO - Started process (PID=46825) to work on /Users/brenda/miniconda3/envs/airflow/lib/python3.8/site-packages/airflow/example_dags/example_latest_only_with_trigger.py
[2023-04-27T23:05:37.426+0200] {processor.py:758} INFO - Processing file /Users/brenda/miniconda3/envs/airflow/lib/python3.8/site-packages/airflow/example_dags/example_latest_only_with_trigger.py for tasks to queue
[2023-04-27T23:05:37.426+0200] {logging_mixin.py:117} INFO - [2023-04-27T23:05:37.426+0200] {dagbag.py:525} INFO - Filling up the DagBag from /Users/brenda/miniconda3/envs/airflow/lib/python3.8/site-packages/airflow/example_dags/example_latest_only_with_trigger.py
[2023-04-27T23:05:37.443+0200] {processor.py:768} INFO - DAG(s) dict_keys(['latest_only_with_trigger']) retrieved from /Users/brenda/miniconda3/envs/airflow/lib/python3.8/site-packages/airflow/example_dags/example_latest_only_with_trigger.py
[2023-04-27T23:05:37.567+0200] {logging_mixin.py:117} INFO - [2023-04-27T23:05:37.567+0200] {dag.py:2573} INFO - Sync 1 DAGs
[2023-04-27T23:05:37.577+0200] {logging_mixin.py:117} INFO - [2023-04-27T23:05:37.577+0200] {dag.py:3324} INFO - Setting next_dagrun for latest_only_with_trigger to 2023-04-27T17:05:37.577301+00:00, run_after=2023-04-27T21:05:37.577301+00:00
[2023-04-27T23:05:37.588+0200] {processor.py:178} INFO - Processing /Users/brenda/miniconda3/envs/airflow/lib/python3.8/site-packages/airflow/example_dags/example_latest_only_with_trigger.py took 0.166 seconds
[2023-04-27T23:06:28.883+0200] {processor.py:156} INFO - Started process (PID=46930) to work on /Users/brenda/miniconda3/envs/airflow/lib/python3.8/site-packages/airflow/example_dags/example_latest_only_with_trigger.py
[2023-04-27T23:06:28.887+0200] {processor.py:758} INFO - Processing file /Users/brenda/miniconda3/envs/airflow/lib/python3.8/site-packages/airflow/example_dags/example_latest_only_with_trigger.py for tasks to queue
[2023-04-27T23:06:28.888+0200] {logging_mixin.py:117} INFO - [2023-04-27T23:06:28.888+0200] {dagbag.py:525} INFO - Filling up the DagBag from /Users/brenda/miniconda3/envs/airflow/lib/python3.8/site-packages/airflow/example_dags/example_latest_only_with_trigger.py
[2023-04-27T23:06:28.903+0200] {processor.py:768} INFO - DAG(s) dict_keys(['latest_only_with_trigger']) retrieved from /Users/brenda/miniconda3/envs/airflow/lib/python3.8/site-packages/airflow/example_dags/example_latest_only_with_trigger.py
[2023-04-27T23:06:29.010+0200] {logging_mixin.py:117} INFO - [2023-04-27T23:06:29.010+0200] {dag.py:2573} INFO - Sync 1 DAGs
[2023-04-27T23:06:29.019+0200] {logging_mixin.py:117} INFO - [2023-04-27T23:06:29.019+0200] {dag.py:3324} INFO - Setting next_dagrun for latest_only_with_trigger to 2023-04-27T17:06:29.019684+00:00, run_after=2023-04-27T21:06:29.019684+00:00
[2023-04-27T23:06:29.030+0200] {processor.py:178} INFO - Processing /Users/brenda/miniconda3/envs/airflow/lib/python3.8/site-packages/airflow/example_dags/example_latest_only_with_trigger.py took 0.147 seconds
[2023-04-27T23:07:21.279+0200] {processor.py:156} INFO - Started process (PID=47062) to work on /Users/brenda/miniconda3/envs/airflow/lib/python3.8/site-packages/airflow/example_dags/example_latest_only_with_trigger.py
[2023-04-27T23:07:21.282+0200] {processor.py:758} INFO - Processing file /Users/brenda/miniconda3/envs/airflow/lib/python3.8/site-packages/airflow/example_dags/example_latest_only_with_trigger.py for tasks to queue
[2023-04-27T23:07:21.282+0200] {logging_mixin.py:117} INFO - [2023-04-27T23:07:21.282+0200] {dagbag.py:525} INFO - Filling up the DagBag from /Users/brenda/miniconda3/envs/airflow/lib/python3.8/site-packages/airflow/example_dags/example_latest_only_with_trigger.py
[2023-04-27T23:07:21.302+0200] {processor.py:768} INFO - DAG(s) dict_keys(['latest_only_with_trigger']) retrieved from /Users/brenda/miniconda3/envs/airflow/lib/python3.8/site-packages/airflow/example_dags/example_latest_only_with_trigger.py
[2023-04-27T23:07:21.439+0200] {logging_mixin.py:117} INFO - [2023-04-27T23:07:21.439+0200] {dag.py:2573} INFO - Sync 1 DAGs
[2023-04-27T23:07:21.451+0200] {logging_mixin.py:117} INFO - [2023-04-27T23:07:21.451+0200] {dag.py:3324} INFO - Setting next_dagrun for latest_only_with_trigger to 2023-04-27T17:07:21.451646+00:00, run_after=2023-04-27T21:07:21.451646+00:00
[2023-04-27T23:07:21.465+0200] {processor.py:178} INFO - Processing /Users/brenda/miniconda3/envs/airflow/lib/python3.8/site-packages/airflow/example_dags/example_latest_only_with_trigger.py took 0.187 seconds
[2023-04-27T23:08:19.660+0200] {processor.py:156} INFO - Started process (PID=47156) to work on /Users/brenda/miniconda3/envs/airflow/lib/python3.8/site-packages/airflow/example_dags/example_latest_only_with_trigger.py
[2023-04-27T23:08:19.664+0200] {processor.py:758} INFO - Processing file /Users/brenda/miniconda3/envs/airflow/lib/python3.8/site-packages/airflow/example_dags/example_latest_only_with_trigger.py for tasks to queue
[2023-04-27T23:08:19.664+0200] {logging_mixin.py:117} INFO - [2023-04-27T23:08:19.664+0200] {dagbag.py:525} INFO - Filling up the DagBag from /Users/brenda/miniconda3/envs/airflow/lib/python3.8/site-packages/airflow/example_dags/example_latest_only_with_trigger.py
[2023-04-27T23:08:19.680+0200] {processor.py:768} INFO - DAG(s) dict_keys(['latest_only_with_trigger']) retrieved from /Users/brenda/miniconda3/envs/airflow/lib/python3.8/site-packages/airflow/example_dags/example_latest_only_with_trigger.py
[2023-04-27T23:08:19.797+0200] {logging_mixin.py:117} INFO - [2023-04-27T23:08:19.797+0200] {dag.py:2573} INFO - Sync 1 DAGs
[2023-04-27T23:08:19.807+0200] {logging_mixin.py:117} INFO - [2023-04-27T23:08:19.807+0200] {dag.py:3324} INFO - Setting next_dagrun for latest_only_with_trigger to 2023-04-27T17:08:19.807295+00:00, run_after=2023-04-27T21:08:19.807295+00:00
[2023-04-27T23:08:19.820+0200] {processor.py:178} INFO - Processing /Users/brenda/miniconda3/envs/airflow/lib/python3.8/site-packages/airflow/example_dags/example_latest_only_with_trigger.py took 0.160 seconds
[2023-04-27T23:09:14.965+0200] {processor.py:156} INFO - Started process (PID=47248) to work on /Users/brenda/miniconda3/envs/airflow/lib/python3.8/site-packages/airflow/example_dags/example_latest_only_with_trigger.py
[2023-04-27T23:09:14.969+0200] {processor.py:758} INFO - Processing file /Users/brenda/miniconda3/envs/airflow/lib/python3.8/site-packages/airflow/example_dags/example_latest_only_with_trigger.py for tasks to queue
[2023-04-27T23:09:14.969+0200] {logging_mixin.py:117} INFO - [2023-04-27T23:09:14.969+0200] {dagbag.py:525} INFO - Filling up the DagBag from /Users/brenda/miniconda3/envs/airflow/lib/python3.8/site-packages/airflow/example_dags/example_latest_only_with_trigger.py
[2023-04-27T23:09:14.985+0200] {processor.py:768} INFO - DAG(s) dict_keys(['latest_only_with_trigger']) retrieved from /Users/brenda/miniconda3/envs/airflow/lib/python3.8/site-packages/airflow/example_dags/example_latest_only_with_trigger.py
[2023-04-27T23:09:15.095+0200] {logging_mixin.py:117} INFO - [2023-04-27T23:09:15.095+0200] {dag.py:2573} INFO - Sync 1 DAGs
[2023-04-27T23:09:15.104+0200] {logging_mixin.py:117} INFO - [2023-04-27T23:09:15.104+0200] {dag.py:3324} INFO - Setting next_dagrun for latest_only_with_trigger to 2023-04-27T17:09:15.104741+00:00, run_after=2023-04-27T21:09:15.104741+00:00
[2023-04-27T23:09:15.115+0200] {processor.py:178} INFO - Processing /Users/brenda/miniconda3/envs/airflow/lib/python3.8/site-packages/airflow/example_dags/example_latest_only_with_trigger.py took 0.150 seconds
[2023-04-27T23:10:10.695+0200] {processor.py:156} INFO - Started process (PID=47338) to work on /Users/brenda/miniconda3/envs/airflow/lib/python3.8/site-packages/airflow/example_dags/example_latest_only_with_trigger.py
[2023-04-27T23:10:10.699+0200] {processor.py:758} INFO - Processing file /Users/brenda/miniconda3/envs/airflow/lib/python3.8/site-packages/airflow/example_dags/example_latest_only_with_trigger.py for tasks to queue
[2023-04-27T23:10:10.699+0200] {logging_mixin.py:117} INFO - [2023-04-27T23:10:10.699+0200] {dagbag.py:525} INFO - Filling up the DagBag from /Users/brenda/miniconda3/envs/airflow/lib/python3.8/site-packages/airflow/example_dags/example_latest_only_with_trigger.py
[2023-04-27T23:10:10.715+0200] {processor.py:768} INFO - DAG(s) dict_keys(['latest_only_with_trigger']) retrieved from /Users/brenda/miniconda3/envs/airflow/lib/python3.8/site-packages/airflow/example_dags/example_latest_only_with_trigger.py
[2023-04-27T23:10:10.833+0200] {logging_mixin.py:117} INFO - [2023-04-27T23:10:10.833+0200] {dag.py:2573} INFO - Sync 1 DAGs
[2023-04-27T23:10:10.844+0200] {logging_mixin.py:117} INFO - [2023-04-27T23:10:10.844+0200] {dag.py:3324} INFO - Setting next_dagrun for latest_only_with_trigger to 2023-04-27T17:10:10.843890+00:00, run_after=2023-04-27T21:10:10.843890+00:00
[2023-04-27T23:10:10.855+0200] {processor.py:178} INFO - Processing /Users/brenda/miniconda3/envs/airflow/lib/python3.8/site-packages/airflow/example_dags/example_latest_only_with_trigger.py took 0.160 seconds
[2023-04-27T23:11:05.486+0200] {processor.py:156} INFO - Started process (PID=47429) to work on /Users/brenda/miniconda3/envs/airflow/lib/python3.8/site-packages/airflow/example_dags/example_latest_only_with_trigger.py
[2023-04-27T23:11:05.490+0200] {processor.py:758} INFO - Processing file /Users/brenda/miniconda3/envs/airflow/lib/python3.8/site-packages/airflow/example_dags/example_latest_only_with_trigger.py for tasks to queue
[2023-04-27T23:11:05.490+0200] {logging_mixin.py:117} INFO - [2023-04-27T23:11:05.490+0200] {dagbag.py:525} INFO - Filling up the DagBag from /Users/brenda/miniconda3/envs/airflow/lib/python3.8/site-packages/airflow/example_dags/example_latest_only_with_trigger.py
[2023-04-27T23:11:05.506+0200] {processor.py:768} INFO - DAG(s) dict_keys(['latest_only_with_trigger']) retrieved from /Users/brenda/miniconda3/envs/airflow/lib/python3.8/site-packages/airflow/example_dags/example_latest_only_with_trigger.py
[2023-04-27T23:11:05.621+0200] {logging_mixin.py:117} INFO - [2023-04-27T23:11:05.621+0200] {dag.py:2573} INFO - Sync 1 DAGs
[2023-04-27T23:11:05.630+0200] {logging_mixin.py:117} INFO - [2023-04-27T23:11:05.630+0200] {dag.py:3324} INFO - Setting next_dagrun for latest_only_with_trigger to 2023-04-27T17:11:05.630673+00:00, run_after=2023-04-27T21:11:05.630673+00:00
[2023-04-27T23:11:05.641+0200] {processor.py:178} INFO - Processing /Users/brenda/miniconda3/envs/airflow/lib/python3.8/site-packages/airflow/example_dags/example_latest_only_with_trigger.py took 0.155 seconds
[2023-04-27T23:12:01.146+0200] {processor.py:156} INFO - Started process (PID=47521) to work on /Users/brenda/miniconda3/envs/airflow/lib/python3.8/site-packages/airflow/example_dags/example_latest_only_with_trigger.py
[2023-04-27T23:12:01.150+0200] {processor.py:758} INFO - Processing file /Users/brenda/miniconda3/envs/airflow/lib/python3.8/site-packages/airflow/example_dags/example_latest_only_with_trigger.py for tasks to queue
[2023-04-27T23:12:01.150+0200] {logging_mixin.py:117} INFO - [2023-04-27T23:12:01.150+0200] {dagbag.py:525} INFO - Filling up the DagBag from /Users/brenda/miniconda3/envs/airflow/lib/python3.8/site-packages/airflow/example_dags/example_latest_only_with_trigger.py
[2023-04-27T23:12:01.170+0200] {processor.py:768} INFO - DAG(s) dict_keys(['latest_only_with_trigger']) retrieved from /Users/brenda/miniconda3/envs/airflow/lib/python3.8/site-packages/airflow/example_dags/example_latest_only_with_trigger.py
[2023-04-27T23:12:01.324+0200] {logging_mixin.py:117} INFO - [2023-04-27T23:12:01.324+0200] {dag.py:2573} INFO - Sync 1 DAGs
[2023-04-27T23:12:01.340+0200] {logging_mixin.py:117} INFO - [2023-04-27T23:12:01.339+0200] {dag.py:3324} INFO - Setting next_dagrun for latest_only_with_trigger to 2023-04-27T17:12:01.339688+00:00, run_after=2023-04-27T21:12:01.339688+00:00
[2023-04-27T23:12:01.357+0200] {processor.py:178} INFO - Processing /Users/brenda/miniconda3/envs/airflow/lib/python3.8/site-packages/airflow/example_dags/example_latest_only_with_trigger.py took 0.212 seconds
[2023-04-27T23:12:59.949+0200] {processor.py:156} INFO - Started process (PID=47624) to work on /Users/brenda/miniconda3/envs/airflow/lib/python3.8/site-packages/airflow/example_dags/example_latest_only_with_trigger.py
[2023-04-27T23:12:59.952+0200] {processor.py:758} INFO - Processing file /Users/brenda/miniconda3/envs/airflow/lib/python3.8/site-packages/airflow/example_dags/example_latest_only_with_trigger.py for tasks to queue
[2023-04-27T23:12:59.952+0200] {logging_mixin.py:117} INFO - [2023-04-27T23:12:59.952+0200] {dagbag.py:525} INFO - Filling up the DagBag from /Users/brenda/miniconda3/envs/airflow/lib/python3.8/site-packages/airflow/example_dags/example_latest_only_with_trigger.py
[2023-04-27T23:12:59.961+0200] {processor.py:768} INFO - DAG(s) dict_keys(['latest_only_with_trigger']) retrieved from /Users/brenda/miniconda3/envs/airflow/lib/python3.8/site-packages/airflow/example_dags/example_latest_only_with_trigger.py
[2023-04-27T23:13:00.026+0200] {logging_mixin.py:117} INFO - [2023-04-27T23:13:00.026+0200] {dag.py:2573} INFO - Sync 1 DAGs
[2023-04-27T23:13:00.031+0200] {logging_mixin.py:117} INFO - [2023-04-27T23:13:00.031+0200] {dag.py:3324} INFO - Setting next_dagrun for latest_only_with_trigger to 2023-04-27T17:13:00.031630+00:00, run_after=2023-04-27T21:13:00.031630+00:00
[2023-04-27T23:13:00.038+0200] {processor.py:178} INFO - Processing /Users/brenda/miniconda3/envs/airflow/lib/python3.8/site-packages/airflow/example_dags/example_latest_only_with_trigger.py took 0.089 seconds
[2023-04-27T23:29:08.543+0200] {processor.py:156} INFO - Started process (PID=47711) to work on /Users/brenda/miniconda3/envs/airflow/lib/python3.8/site-packages/airflow/example_dags/example_latest_only_with_trigger.py
[2023-04-27T23:29:08.547+0200] {processor.py:758} INFO - Processing file /Users/brenda/miniconda3/envs/airflow/lib/python3.8/site-packages/airflow/example_dags/example_latest_only_with_trigger.py for tasks to queue
[2023-04-27T23:29:08.547+0200] {logging_mixin.py:117} INFO - [2023-04-27T23:29:08.547+0200] {dagbag.py:525} INFO - Filling up the DagBag from /Users/brenda/miniconda3/envs/airflow/lib/python3.8/site-packages/airflow/example_dags/example_latest_only_with_trigger.py
[2023-04-27T23:29:08.556+0200] {processor.py:768} INFO - DAG(s) dict_keys(['latest_only_with_trigger']) retrieved from /Users/brenda/miniconda3/envs/airflow/lib/python3.8/site-packages/airflow/example_dags/example_latest_only_with_trigger.py
[2023-04-27T23:29:08.617+0200] {logging_mixin.py:117} INFO - [2023-04-27T23:29:08.617+0200] {dag.py:2573} INFO - Sync 1 DAGs
[2023-04-27T23:29:08.623+0200] {logging_mixin.py:117} INFO - [2023-04-27T23:29:08.623+0200] {dag.py:3324} INFO - Setting next_dagrun for latest_only_with_trigger to 2023-04-27T17:29:08.623088+00:00, run_after=2023-04-27T21:29:08.623088+00:00
[2023-04-27T23:29:08.630+0200] {processor.py:178} INFO - Processing /Users/brenda/miniconda3/envs/airflow/lib/python3.8/site-packages/airflow/example_dags/example_latest_only_with_trigger.py took 0.088 seconds
[2023-04-27T23:29:56.247+0200] {processor.py:156} INFO - Started process (PID=47803) to work on /Users/brenda/miniconda3/envs/airflow/lib/python3.8/site-packages/airflow/example_dags/example_latest_only_with_trigger.py
[2023-04-27T23:29:56.250+0200] {processor.py:758} INFO - Processing file /Users/brenda/miniconda3/envs/airflow/lib/python3.8/site-packages/airflow/example_dags/example_latest_only_with_trigger.py for tasks to queue
[2023-04-27T23:29:56.250+0200] {logging_mixin.py:117} INFO - [2023-04-27T23:29:56.250+0200] {dagbag.py:525} INFO - Filling up the DagBag from /Users/brenda/miniconda3/envs/airflow/lib/python3.8/site-packages/airflow/example_dags/example_latest_only_with_trigger.py
[2023-04-27T23:29:56.259+0200] {processor.py:768} INFO - DAG(s) dict_keys(['latest_only_with_trigger']) retrieved from /Users/brenda/miniconda3/envs/airflow/lib/python3.8/site-packages/airflow/example_dags/example_latest_only_with_trigger.py
[2023-04-27T23:29:56.328+0200] {logging_mixin.py:117} INFO - [2023-04-27T23:29:56.328+0200] {dag.py:2573} INFO - Sync 1 DAGs
[2023-04-27T23:29:56.334+0200] {logging_mixin.py:117} INFO - [2023-04-27T23:29:56.334+0200] {dag.py:3324} INFO - Setting next_dagrun for latest_only_with_trigger to 2023-04-27T17:29:56.334405+00:00, run_after=2023-04-27T21:29:56.334405+00:00
[2023-04-27T23:29:56.340+0200] {processor.py:178} INFO - Processing /Users/brenda/miniconda3/envs/airflow/lib/python3.8/site-packages/airflow/example_dags/example_latest_only_with_trigger.py took 0.094 seconds
[2023-04-27T23:30:44.761+0200] {processor.py:156} INFO - Started process (PID=47896) to work on /Users/brenda/miniconda3/envs/airflow/lib/python3.8/site-packages/airflow/example_dags/example_latest_only_with_trigger.py
[2023-04-27T23:30:44.766+0200] {processor.py:758} INFO - Processing file /Users/brenda/miniconda3/envs/airflow/lib/python3.8/site-packages/airflow/example_dags/example_latest_only_with_trigger.py for tasks to queue
[2023-04-27T23:30:44.766+0200] {logging_mixin.py:117} INFO - [2023-04-27T23:30:44.766+0200] {dagbag.py:525} INFO - Filling up the DagBag from /Users/brenda/miniconda3/envs/airflow/lib/python3.8/site-packages/airflow/example_dags/example_latest_only_with_trigger.py
[2023-04-27T23:30:44.777+0200] {processor.py:768} INFO - DAG(s) dict_keys(['latest_only_with_trigger']) retrieved from /Users/brenda/miniconda3/envs/airflow/lib/python3.8/site-packages/airflow/example_dags/example_latest_only_with_trigger.py
[2023-04-27T23:30:44.846+0200] {logging_mixin.py:117} INFO - [2023-04-27T23:30:44.846+0200] {dag.py:2573} INFO - Sync 1 DAGs
[2023-04-27T23:30:44.852+0200] {logging_mixin.py:117} INFO - [2023-04-27T23:30:44.852+0200] {dag.py:3324} INFO - Setting next_dagrun for latest_only_with_trigger to 2023-04-27T17:30:44.852847+00:00, run_after=2023-04-27T21:30:44.852847+00:00
[2023-04-27T23:30:44.861+0200] {processor.py:178} INFO - Processing /Users/brenda/miniconda3/envs/airflow/lib/python3.8/site-packages/airflow/example_dags/example_latest_only_with_trigger.py took 0.100 seconds
[2023-04-27T23:31:30.905+0200] {processor.py:156} INFO - Started process (PID=47982) to work on /Users/brenda/miniconda3/envs/airflow/lib/python3.8/site-packages/airflow/example_dags/example_latest_only_with_trigger.py
[2023-04-27T23:31:30.907+0200] {processor.py:758} INFO - Processing file /Users/brenda/miniconda3/envs/airflow/lib/python3.8/site-packages/airflow/example_dags/example_latest_only_with_trigger.py for tasks to queue
[2023-04-27T23:31:30.907+0200] {logging_mixin.py:117} INFO - [2023-04-27T23:31:30.907+0200] {dagbag.py:525} INFO - Filling up the DagBag from /Users/brenda/miniconda3/envs/airflow/lib/python3.8/site-packages/airflow/example_dags/example_latest_only_with_trigger.py
[2023-04-27T23:31:30.918+0200] {processor.py:768} INFO - DAG(s) dict_keys(['latest_only_with_trigger']) retrieved from /Users/brenda/miniconda3/envs/airflow/lib/python3.8/site-packages/airflow/example_dags/example_latest_only_with_trigger.py
[2023-04-27T23:31:30.984+0200] {logging_mixin.py:117} INFO - [2023-04-27T23:31:30.984+0200] {dag.py:2573} INFO - Sync 1 DAGs
[2023-04-27T23:31:30.990+0200] {logging_mixin.py:117} INFO - [2023-04-27T23:31:30.990+0200] {dag.py:3324} INFO - Setting next_dagrun for latest_only_with_trigger to 2023-04-27T17:31:30.990649+00:00, run_after=2023-04-27T21:31:30.990649+00:00
[2023-04-27T23:31:30.997+0200] {processor.py:178} INFO - Processing /Users/brenda/miniconda3/envs/airflow/lib/python3.8/site-packages/airflow/example_dags/example_latest_only_with_trigger.py took 0.092 seconds
[2023-04-27T23:32:17.773+0200] {processor.py:156} INFO - Started process (PID=48058) to work on /Users/brenda/miniconda3/envs/airflow/lib/python3.8/site-packages/airflow/example_dags/example_latest_only_with_trigger.py
[2023-04-27T23:32:17.775+0200] {processor.py:758} INFO - Processing file /Users/brenda/miniconda3/envs/airflow/lib/python3.8/site-packages/airflow/example_dags/example_latest_only_with_trigger.py for tasks to queue
[2023-04-27T23:32:17.775+0200] {logging_mixin.py:117} INFO - [2023-04-27T23:32:17.775+0200] {dagbag.py:525} INFO - Filling up the DagBag from /Users/brenda/miniconda3/envs/airflow/lib/python3.8/site-packages/airflow/example_dags/example_latest_only_with_trigger.py
[2023-04-27T23:32:17.785+0200] {processor.py:768} INFO - DAG(s) dict_keys(['latest_only_with_trigger']) retrieved from /Users/brenda/miniconda3/envs/airflow/lib/python3.8/site-packages/airflow/example_dags/example_latest_only_with_trigger.py
[2023-04-27T23:32:17.858+0200] {logging_mixin.py:117} INFO - [2023-04-27T23:32:17.858+0200] {dag.py:2573} INFO - Sync 1 DAGs
[2023-04-27T23:32:17.864+0200] {logging_mixin.py:117} INFO - [2023-04-27T23:32:17.864+0200] {dag.py:3324} INFO - Setting next_dagrun for latest_only_with_trigger to 2023-04-27T17:32:17.864576+00:00, run_after=2023-04-27T21:32:17.864576+00:00
[2023-04-27T23:32:17.871+0200] {processor.py:178} INFO - Processing /Users/brenda/miniconda3/envs/airflow/lib/python3.8/site-packages/airflow/example_dags/example_latest_only_with_trigger.py took 0.098 seconds
[2023-04-27T23:33:04.419+0200] {processor.py:156} INFO - Started process (PID=48133) to work on /Users/brenda/miniconda3/envs/airflow/lib/python3.8/site-packages/airflow/example_dags/example_latest_only_with_trigger.py
[2023-04-27T23:33:04.422+0200] {processor.py:758} INFO - Processing file /Users/brenda/miniconda3/envs/airflow/lib/python3.8/site-packages/airflow/example_dags/example_latest_only_with_trigger.py for tasks to queue
[2023-04-27T23:33:04.422+0200] {logging_mixin.py:117} INFO - [2023-04-27T23:33:04.422+0200] {dagbag.py:525} INFO - Filling up the DagBag from /Users/brenda/miniconda3/envs/airflow/lib/python3.8/site-packages/airflow/example_dags/example_latest_only_with_trigger.py
[2023-04-27T23:33:04.431+0200] {processor.py:768} INFO - DAG(s) dict_keys(['latest_only_with_trigger']) retrieved from /Users/brenda/miniconda3/envs/airflow/lib/python3.8/site-packages/airflow/example_dags/example_latest_only_with_trigger.py
[2023-04-27T23:33:04.494+0200] {logging_mixin.py:117} INFO - [2023-04-27T23:33:04.494+0200] {dag.py:2573} INFO - Sync 1 DAGs
[2023-04-27T23:33:04.500+0200] {logging_mixin.py:117} INFO - [2023-04-27T23:33:04.500+0200] {dag.py:3324} INFO - Setting next_dagrun for latest_only_with_trigger to 2023-04-27T17:33:04.500093+00:00, run_after=2023-04-27T21:33:04.500093+00:00
[2023-04-27T23:33:04.506+0200] {processor.py:178} INFO - Processing /Users/brenda/miniconda3/envs/airflow/lib/python3.8/site-packages/airflow/example_dags/example_latest_only_with_trigger.py took 0.086 seconds
[2023-04-27T23:33:51.133+0200] {processor.py:156} INFO - Started process (PID=48211) to work on /Users/brenda/miniconda3/envs/airflow/lib/python3.8/site-packages/airflow/example_dags/example_latest_only_with_trigger.py
[2023-04-27T23:33:51.136+0200] {processor.py:758} INFO - Processing file /Users/brenda/miniconda3/envs/airflow/lib/python3.8/site-packages/airflow/example_dags/example_latest_only_with_trigger.py for tasks to queue
[2023-04-27T23:33:51.136+0200] {logging_mixin.py:117} INFO - [2023-04-27T23:33:51.136+0200] {dagbag.py:525} INFO - Filling up the DagBag from /Users/brenda/miniconda3/envs/airflow/lib/python3.8/site-packages/airflow/example_dags/example_latest_only_with_trigger.py
[2023-04-27T23:33:51.146+0200] {processor.py:768} INFO - DAG(s) dict_keys(['latest_only_with_trigger']) retrieved from /Users/brenda/miniconda3/envs/airflow/lib/python3.8/site-packages/airflow/example_dags/example_latest_only_with_trigger.py
[2023-04-27T23:33:51.215+0200] {logging_mixin.py:117} INFO - [2023-04-27T23:33:51.215+0200] {dag.py:2573} INFO - Sync 1 DAGs
[2023-04-27T23:33:51.221+0200] {logging_mixin.py:117} INFO - [2023-04-27T23:33:51.221+0200] {dag.py:3324} INFO - Setting next_dagrun for latest_only_with_trigger to 2023-04-27T17:33:51.221103+00:00, run_after=2023-04-27T21:33:51.221103+00:00
[2023-04-27T23:33:51.227+0200] {processor.py:178} INFO - Processing /Users/brenda/miniconda3/envs/airflow/lib/python3.8/site-packages/airflow/example_dags/example_latest_only_with_trigger.py took 0.095 seconds
[2023-04-27T23:34:41.040+0200] {processor.py:156} INFO - Started process (PID=48285) to work on /Users/brenda/miniconda3/envs/airflow/lib/python3.8/site-packages/airflow/example_dags/example_latest_only_with_trigger.py
[2023-04-27T23:34:41.044+0200] {processor.py:758} INFO - Processing file /Users/brenda/miniconda3/envs/airflow/lib/python3.8/site-packages/airflow/example_dags/example_latest_only_with_trigger.py for tasks to queue
[2023-04-27T23:34:41.044+0200] {logging_mixin.py:117} INFO - [2023-04-27T23:34:41.044+0200] {dagbag.py:525} INFO - Filling up the DagBag from /Users/brenda/miniconda3/envs/airflow/lib/python3.8/site-packages/airflow/example_dags/example_latest_only_with_trigger.py
[2023-04-27T23:34:41.053+0200] {processor.py:768} INFO - DAG(s) dict_keys(['latest_only_with_trigger']) retrieved from /Users/brenda/miniconda3/envs/airflow/lib/python3.8/site-packages/airflow/example_dags/example_latest_only_with_trigger.py
[2023-04-27T23:34:41.121+0200] {logging_mixin.py:117} INFO - [2023-04-27T23:34:41.121+0200] {dag.py:2573} INFO - Sync 1 DAGs
[2023-04-27T23:34:41.126+0200] {logging_mixin.py:117} INFO - [2023-04-27T23:34:41.126+0200] {dag.py:3324} INFO - Setting next_dagrun for latest_only_with_trigger to 2023-04-27T17:34:41.126816+00:00, run_after=2023-04-27T21:34:41.126816+00:00
[2023-04-27T23:34:41.132+0200] {processor.py:178} INFO - Processing /Users/brenda/miniconda3/envs/airflow/lib/python3.8/site-packages/airflow/example_dags/example_latest_only_with_trigger.py took 0.093 seconds
[2023-04-27T23:35:26.277+0200] {processor.py:156} INFO - Started process (PID=48365) to work on /Users/brenda/miniconda3/envs/airflow/lib/python3.8/site-packages/airflow/example_dags/example_latest_only_with_trigger.py
[2023-04-27T23:35:26.279+0200] {processor.py:758} INFO - Processing file /Users/brenda/miniconda3/envs/airflow/lib/python3.8/site-packages/airflow/example_dags/example_latest_only_with_trigger.py for tasks to queue
[2023-04-27T23:35:26.280+0200] {logging_mixin.py:117} INFO - [2023-04-27T23:35:26.280+0200] {dagbag.py:525} INFO - Filling up the DagBag from /Users/brenda/miniconda3/envs/airflow/lib/python3.8/site-packages/airflow/example_dags/example_latest_only_with_trigger.py
[2023-04-27T23:35:26.290+0200] {processor.py:768} INFO - DAG(s) dict_keys(['latest_only_with_trigger']) retrieved from /Users/brenda/miniconda3/envs/airflow/lib/python3.8/site-packages/airflow/example_dags/example_latest_only_with_trigger.py
[2023-04-27T23:35:26.357+0200] {logging_mixin.py:117} INFO - [2023-04-27T23:35:26.357+0200] {dag.py:2573} INFO - Sync 1 DAGs
[2023-04-27T23:35:26.363+0200] {logging_mixin.py:117} INFO - [2023-04-27T23:35:26.363+0200] {dag.py:3324} INFO - Setting next_dagrun for latest_only_with_trigger to 2023-04-27T17:35:26.363119+00:00, run_after=2023-04-27T21:35:26.363119+00:00
[2023-04-27T23:35:26.369+0200] {processor.py:178} INFO - Processing /Users/brenda/miniconda3/envs/airflow/lib/python3.8/site-packages/airflow/example_dags/example_latest_only_with_trigger.py took 0.092 seconds
[2023-04-27T23:36:10.526+0200] {processor.py:156} INFO - Started process (PID=48450) to work on /Users/brenda/miniconda3/envs/airflow/lib/python3.8/site-packages/airflow/example_dags/example_latest_only_with_trigger.py
[2023-04-27T23:36:10.529+0200] {processor.py:758} INFO - Processing file /Users/brenda/miniconda3/envs/airflow/lib/python3.8/site-packages/airflow/example_dags/example_latest_only_with_trigger.py for tasks to queue
[2023-04-27T23:36:10.529+0200] {logging_mixin.py:117} INFO - [2023-04-27T23:36:10.529+0200] {dagbag.py:525} INFO - Filling up the DagBag from /Users/brenda/miniconda3/envs/airflow/lib/python3.8/site-packages/airflow/example_dags/example_latest_only_with_trigger.py
[2023-04-27T23:36:10.539+0200] {processor.py:768} INFO - DAG(s) dict_keys(['latest_only_with_trigger']) retrieved from /Users/brenda/miniconda3/envs/airflow/lib/python3.8/site-packages/airflow/example_dags/example_latest_only_with_trigger.py
[2023-04-27T23:36:10.611+0200] {logging_mixin.py:117} INFO - [2023-04-27T23:36:10.611+0200] {dag.py:2573} INFO - Sync 1 DAGs
[2023-04-27T23:36:10.617+0200] {logging_mixin.py:117} INFO - [2023-04-27T23:36:10.616+0200] {dag.py:3324} INFO - Setting next_dagrun for latest_only_with_trigger to 2023-04-27T17:36:10.616908+00:00, run_after=2023-04-27T21:36:10.616908+00:00
[2023-04-27T23:36:10.623+0200] {processor.py:178} INFO - Processing /Users/brenda/miniconda3/envs/airflow/lib/python3.8/site-packages/airflow/example_dags/example_latest_only_with_trigger.py took 0.097 seconds
[2023-04-27T23:36:57.688+0200] {processor.py:156} INFO - Started process (PID=48530) to work on /Users/brenda/miniconda3/envs/airflow/lib/python3.8/site-packages/airflow/example_dags/example_latest_only_with_trigger.py
[2023-04-27T23:36:57.691+0200] {processor.py:758} INFO - Processing file /Users/brenda/miniconda3/envs/airflow/lib/python3.8/site-packages/airflow/example_dags/example_latest_only_with_trigger.py for tasks to queue
[2023-04-27T23:36:57.691+0200] {logging_mixin.py:117} INFO - [2023-04-27T23:36:57.691+0200] {dagbag.py:525} INFO - Filling up the DagBag from /Users/brenda/miniconda3/envs/airflow/lib/python3.8/site-packages/airflow/example_dags/example_latest_only_with_trigger.py
[2023-04-27T23:36:57.701+0200] {processor.py:768} INFO - DAG(s) dict_keys(['latest_only_with_trigger']) retrieved from /Users/brenda/miniconda3/envs/airflow/lib/python3.8/site-packages/airflow/example_dags/example_latest_only_with_trigger.py
[2023-04-27T23:36:57.769+0200] {logging_mixin.py:117} INFO - [2023-04-27T23:36:57.769+0200] {dag.py:2573} INFO - Sync 1 DAGs
[2023-04-27T23:36:57.776+0200] {logging_mixin.py:117} INFO - [2023-04-27T23:36:57.776+0200] {dag.py:3324} INFO - Setting next_dagrun for latest_only_with_trigger to 2023-04-27T17:36:57.776193+00:00, run_after=2023-04-27T21:36:57.776193+00:00
[2023-04-27T23:36:57.783+0200] {processor.py:178} INFO - Processing /Users/brenda/miniconda3/envs/airflow/lib/python3.8/site-packages/airflow/example_dags/example_latest_only_with_trigger.py took 0.095 seconds
[2023-04-27T23:37:42.808+0200] {processor.py:156} INFO - Started process (PID=48608) to work on /Users/brenda/miniconda3/envs/airflow/lib/python3.8/site-packages/airflow/example_dags/example_latest_only_with_trigger.py
[2023-04-27T23:37:42.810+0200] {processor.py:758} INFO - Processing file /Users/brenda/miniconda3/envs/airflow/lib/python3.8/site-packages/airflow/example_dags/example_latest_only_with_trigger.py for tasks to queue
[2023-04-27T23:37:42.810+0200] {logging_mixin.py:117} INFO - [2023-04-27T23:37:42.810+0200] {dagbag.py:525} INFO - Filling up the DagBag from /Users/brenda/miniconda3/envs/airflow/lib/python3.8/site-packages/airflow/example_dags/example_latest_only_with_trigger.py
[2023-04-27T23:37:42.819+0200] {processor.py:768} INFO - DAG(s) dict_keys(['latest_only_with_trigger']) retrieved from /Users/brenda/miniconda3/envs/airflow/lib/python3.8/site-packages/airflow/example_dags/example_latest_only_with_trigger.py
[2023-04-27T23:37:42.882+0200] {logging_mixin.py:117} INFO - [2023-04-27T23:37:42.882+0200] {dag.py:2573} INFO - Sync 1 DAGs
[2023-04-27T23:37:42.888+0200] {logging_mixin.py:117} INFO - [2023-04-27T23:37:42.888+0200] {dag.py:3324} INFO - Setting next_dagrun for latest_only_with_trigger to 2023-04-27T17:37:42.888304+00:00, run_after=2023-04-27T21:37:42.888304+00:00
[2023-04-27T23:37:42.895+0200] {processor.py:178} INFO - Processing /Users/brenda/miniconda3/envs/airflow/lib/python3.8/site-packages/airflow/example_dags/example_latest_only_with_trigger.py took 0.087 seconds
[2023-04-27T23:38:30.019+0200] {processor.py:156} INFO - Started process (PID=48684) to work on /Users/brenda/miniconda3/envs/airflow/lib/python3.8/site-packages/airflow/example_dags/example_latest_only_with_trigger.py
[2023-04-27T23:38:30.022+0200] {processor.py:758} INFO - Processing file /Users/brenda/miniconda3/envs/airflow/lib/python3.8/site-packages/airflow/example_dags/example_latest_only_with_trigger.py for tasks to queue
[2023-04-27T23:38:30.022+0200] {logging_mixin.py:117} INFO - [2023-04-27T23:38:30.022+0200] {dagbag.py:525} INFO - Filling up the DagBag from /Users/brenda/miniconda3/envs/airflow/lib/python3.8/site-packages/airflow/example_dags/example_latest_only_with_trigger.py
[2023-04-27T23:38:30.031+0200] {processor.py:768} INFO - DAG(s) dict_keys(['latest_only_with_trigger']) retrieved from /Users/brenda/miniconda3/envs/airflow/lib/python3.8/site-packages/airflow/example_dags/example_latest_only_with_trigger.py
[2023-04-27T23:38:30.099+0200] {logging_mixin.py:117} INFO - [2023-04-27T23:38:30.099+0200] {dag.py:2573} INFO - Sync 1 DAGs
[2023-04-27T23:38:30.106+0200] {logging_mixin.py:117} INFO - [2023-04-27T23:38:30.106+0200] {dag.py:3324} INFO - Setting next_dagrun for latest_only_with_trigger to 2023-04-27T17:38:30.106199+00:00, run_after=2023-04-27T21:38:30.106199+00:00
[2023-04-27T23:38:30.113+0200] {processor.py:178} INFO - Processing /Users/brenda/miniconda3/envs/airflow/lib/python3.8/site-packages/airflow/example_dags/example_latest_only_with_trigger.py took 0.094 seconds
[2023-04-28T00:13:26.169+0200] {processor.py:156} INFO - Started process (PID=48785) to work on /Users/brenda/miniconda3/envs/airflow/lib/python3.8/site-packages/airflow/example_dags/example_latest_only_with_trigger.py
[2023-04-28T00:13:26.173+0200] {processor.py:758} INFO - Processing file /Users/brenda/miniconda3/envs/airflow/lib/python3.8/site-packages/airflow/example_dags/example_latest_only_with_trigger.py for tasks to queue
[2023-04-28T00:13:26.173+0200] {logging_mixin.py:117} INFO - [2023-04-28T00:13:26.173+0200] {dagbag.py:525} INFO - Filling up the DagBag from /Users/brenda/miniconda3/envs/airflow/lib/python3.8/site-packages/airflow/example_dags/example_latest_only_with_trigger.py
[2023-04-28T00:13:26.190+0200] {processor.py:768} INFO - DAG(s) dict_keys(['latest_only_with_trigger']) retrieved from /Users/brenda/miniconda3/envs/airflow/lib/python3.8/site-packages/airflow/example_dags/example_latest_only_with_trigger.py
[2023-04-28T00:13:26.302+0200] {logging_mixin.py:117} INFO - [2023-04-28T00:13:26.302+0200] {dag.py:2573} INFO - Sync 1 DAGs
[2023-04-28T00:13:26.311+0200] {logging_mixin.py:117} INFO - [2023-04-28T00:13:26.311+0200] {dag.py:3324} INFO - Setting next_dagrun for latest_only_with_trigger to 2023-04-27T18:13:26.311736+00:00, run_after=2023-04-27T22:13:26.311736+00:00
[2023-04-28T00:13:26.322+0200] {processor.py:178} INFO - Processing /Users/brenda/miniconda3/envs/airflow/lib/python3.8/site-packages/airflow/example_dags/example_latest_only_with_trigger.py took 0.153 seconds
