[2023-04-27T22:48:41.941+0200] {processor.py:153} INFO - Started process (PID=44580) to work on /Users/brenda/miniconda3/envs/airflow/lib/python3.8/site-packages/airflow/example_dags/example_task_group_decorator.py
[2023-04-27T22:48:41.945+0200] {processor.py:743} INFO - Processing file /Users/brenda/miniconda3/envs/airflow/lib/python3.8/site-packages/airflow/example_dags/example_task_group_decorator.py for tasks to queue
[2023-04-27T22:48:41.945+0200] {logging_mixin.py:137} INFO - [2023-04-27T22:48:41.945+0200] {dagbag.py:532} INFO - Filling up the DagBag from /Users/brenda/miniconda3/envs/airflow/lib/python3.8/site-packages/airflow/example_dags/example_task_group_decorator.py
[2023-04-27T22:48:41.986+0200] {processor.py:753} INFO - DAG(s) dict_keys(['example_task_group_decorator']) retrieved from /Users/brenda/miniconda3/envs/airflow/lib/python3.8/site-packages/airflow/example_dags/example_task_group_decorator.py
[2023-04-27T22:48:42.508+0200] {logging_mixin.py:137} INFO - [2023-04-27T22:48:42.508+0200] {manager.py:504} INFO - Created Permission View: can read on DAG:example_task_group_decorator
[2023-04-27T22:48:42.513+0200] {logging_mixin.py:137} INFO - [2023-04-27T22:48:42.513+0200] {manager.py:504} INFO - Created Permission View: can delete on DAG:example_task_group_decorator
[2023-04-27T22:48:42.517+0200] {logging_mixin.py:137} INFO - [2023-04-27T22:48:42.517+0200] {manager.py:504} INFO - Created Permission View: can edit on DAG:example_task_group_decorator
[2023-04-27T22:48:42.517+0200] {logging_mixin.py:137} INFO - [2023-04-27T22:48:42.517+0200] {dag.py:2705} INFO - Sync 1 DAGs
[2023-04-27T22:48:42.524+0200] {logging_mixin.py:137} INFO - [2023-04-27T22:48:42.524+0200] {dag.py:2726} INFO - Creating ORM DAG for example_task_group_decorator
[2023-04-27T22:48:42.530+0200] {logging_mixin.py:137} INFO - [2023-04-27T22:48:42.529+0200] {dag.py:3452} INFO - Setting next_dagrun for example_task_group_decorator to 2023-04-26T20:48:42.529886+00:00, run_after=2023-04-27T20:48:42.529886+00:00
[2023-04-27T22:48:42.541+0200] {processor.py:175} INFO - Processing /Users/brenda/miniconda3/envs/airflow/lib/python3.8/site-packages/airflow/example_dags/example_task_group_decorator.py took 0.601 seconds
[2023-04-27T22:59:42.715+0200] {processor.py:156} INFO - Started process (PID=46125) to work on /Users/brenda/miniconda3/envs/airflow/lib/python3.8/site-packages/airflow/example_dags/example_task_group_decorator.py
[2023-04-27T22:59:42.718+0200] {processor.py:758} INFO - Processing file /Users/brenda/miniconda3/envs/airflow/lib/python3.8/site-packages/airflow/example_dags/example_task_group_decorator.py for tasks to queue
[2023-04-27T22:59:42.718+0200] {logging_mixin.py:117} INFO - [2023-04-27T22:59:42.718+0200] {dagbag.py:525} INFO - Filling up the DagBag from /Users/brenda/miniconda3/envs/airflow/lib/python3.8/site-packages/airflow/example_dags/example_task_group_decorator.py
[2023-04-27T22:59:42.753+0200] {processor.py:768} INFO - DAG(s) dict_keys(['example_task_group_decorator']) retrieved from /Users/brenda/miniconda3/envs/airflow/lib/python3.8/site-packages/airflow/example_dags/example_task_group_decorator.py
[2023-04-27T22:59:42.780+0200] {logging_mixin.py:117} INFO - [2023-04-27T22:59:42.780+0200] {dag.py:2573} INFO - Sync 1 DAGs
[2023-04-27T22:59:42.843+0200] {logging_mixin.py:117} INFO - [2023-04-27T22:59:42.843+0200] {dag.py:3324} INFO - Setting next_dagrun for example_task_group_decorator to 2023-04-26T20:59:42.843723+00:00, run_after=2023-04-27T20:59:42.843723+00:00
[2023-04-27T22:59:42.853+0200] {processor.py:178} INFO - Processing /Users/brenda/miniconda3/envs/airflow/lib/python3.8/site-packages/airflow/example_dags/example_task_group_decorator.py took 0.139 seconds
[2023-04-27T23:00:36.726+0200] {processor.py:156} INFO - Started process (PID=46216) to work on /Users/brenda/miniconda3/envs/airflow/lib/python3.8/site-packages/airflow/example_dags/example_task_group_decorator.py
[2023-04-27T23:00:36.730+0200] {processor.py:758} INFO - Processing file /Users/brenda/miniconda3/envs/airflow/lib/python3.8/site-packages/airflow/example_dags/example_task_group_decorator.py for tasks to queue
[2023-04-27T23:00:36.730+0200] {logging_mixin.py:117} INFO - [2023-04-27T23:00:36.730+0200] {dagbag.py:525} INFO - Filling up the DagBag from /Users/brenda/miniconda3/envs/airflow/lib/python3.8/site-packages/airflow/example_dags/example_task_group_decorator.py
[2023-04-27T23:00:36.764+0200] {processor.py:768} INFO - DAG(s) dict_keys(['example_task_group_decorator']) retrieved from /Users/brenda/miniconda3/envs/airflow/lib/python3.8/site-packages/airflow/example_dags/example_task_group_decorator.py
[2023-04-27T23:00:36.872+0200] {logging_mixin.py:117} INFO - [2023-04-27T23:00:36.872+0200] {dag.py:2573} INFO - Sync 1 DAGs
[2023-04-27T23:00:36.882+0200] {logging_mixin.py:117} INFO - [2023-04-27T23:00:36.882+0200] {dag.py:3324} INFO - Setting next_dagrun for example_task_group_decorator to 2023-04-26T21:00:36.882431+00:00, run_after=2023-04-27T21:00:36.882431+00:00
[2023-04-27T23:00:36.891+0200] {processor.py:178} INFO - Processing /Users/brenda/miniconda3/envs/airflow/lib/python3.8/site-packages/airflow/example_dags/example_task_group_decorator.py took 0.166 seconds
[2023-04-27T23:01:32.332+0200] {processor.py:156} INFO - Started process (PID=46314) to work on /Users/brenda/miniconda3/envs/airflow/lib/python3.8/site-packages/airflow/example_dags/example_task_group_decorator.py
[2023-04-27T23:01:32.335+0200] {processor.py:758} INFO - Processing file /Users/brenda/miniconda3/envs/airflow/lib/python3.8/site-packages/airflow/example_dags/example_task_group_decorator.py for tasks to queue
[2023-04-27T23:01:32.336+0200] {logging_mixin.py:117} INFO - [2023-04-27T23:01:32.336+0200] {dagbag.py:525} INFO - Filling up the DagBag from /Users/brenda/miniconda3/envs/airflow/lib/python3.8/site-packages/airflow/example_dags/example_task_group_decorator.py
[2023-04-27T23:01:32.370+0200] {processor.py:768} INFO - DAG(s) dict_keys(['example_task_group_decorator']) retrieved from /Users/brenda/miniconda3/envs/airflow/lib/python3.8/site-packages/airflow/example_dags/example_task_group_decorator.py
[2023-04-27T23:01:32.474+0200] {logging_mixin.py:117} INFO - [2023-04-27T23:01:32.474+0200] {dag.py:2573} INFO - Sync 1 DAGs
[2023-04-27T23:01:32.484+0200] {logging_mixin.py:117} INFO - [2023-04-27T23:01:32.484+0200] {dag.py:3324} INFO - Setting next_dagrun for example_task_group_decorator to 2023-04-26T21:01:32.484524+00:00, run_after=2023-04-27T21:01:32.484524+00:00
[2023-04-27T23:01:32.494+0200] {processor.py:178} INFO - Processing /Users/brenda/miniconda3/envs/airflow/lib/python3.8/site-packages/airflow/example_dags/example_task_group_decorator.py took 0.163 seconds
[2023-04-27T23:02:26.035+0200] {processor.py:156} INFO - Started process (PID=46452) to work on /Users/brenda/miniconda3/envs/airflow/lib/python3.8/site-packages/airflow/example_dags/example_task_group_decorator.py
[2023-04-27T23:02:26.038+0200] {processor.py:758} INFO - Processing file /Users/brenda/miniconda3/envs/airflow/lib/python3.8/site-packages/airflow/example_dags/example_task_group_decorator.py for tasks to queue
[2023-04-27T23:02:26.038+0200] {logging_mixin.py:117} INFO - [2023-04-27T23:02:26.038+0200] {dagbag.py:525} INFO - Filling up the DagBag from /Users/brenda/miniconda3/envs/airflow/lib/python3.8/site-packages/airflow/example_dags/example_task_group_decorator.py
[2023-04-27T23:02:26.076+0200] {processor.py:768} INFO - DAG(s) dict_keys(['example_task_group_decorator']) retrieved from /Users/brenda/miniconda3/envs/airflow/lib/python3.8/site-packages/airflow/example_dags/example_task_group_decorator.py
[2023-04-27T23:02:26.186+0200] {logging_mixin.py:117} INFO - [2023-04-27T23:02:26.186+0200] {dag.py:2573} INFO - Sync 1 DAGs
[2023-04-27T23:02:26.197+0200] {logging_mixin.py:117} INFO - [2023-04-27T23:02:26.197+0200] {dag.py:3324} INFO - Setting next_dagrun for example_task_group_decorator to 2023-04-26T21:02:26.197629+00:00, run_after=2023-04-27T21:02:26.197629+00:00
[2023-04-27T23:02:26.209+0200] {processor.py:178} INFO - Processing /Users/brenda/miniconda3/envs/airflow/lib/python3.8/site-packages/airflow/example_dags/example_task_group_decorator.py took 0.175 seconds
[2023-04-27T23:03:21.009+0200] {processor.py:156} INFO - Started process (PID=46527) to work on /Users/brenda/miniconda3/envs/airflow/lib/python3.8/site-packages/airflow/example_dags/example_task_group_decorator.py
[2023-04-27T23:03:21.013+0200] {processor.py:758} INFO - Processing file /Users/brenda/miniconda3/envs/airflow/lib/python3.8/site-packages/airflow/example_dags/example_task_group_decorator.py for tasks to queue
[2023-04-27T23:03:21.013+0200] {logging_mixin.py:117} INFO - [2023-04-27T23:03:21.013+0200] {dagbag.py:525} INFO - Filling up the DagBag from /Users/brenda/miniconda3/envs/airflow/lib/python3.8/site-packages/airflow/example_dags/example_task_group_decorator.py
[2023-04-27T23:03:21.051+0200] {processor.py:768} INFO - DAG(s) dict_keys(['example_task_group_decorator']) retrieved from /Users/brenda/miniconda3/envs/airflow/lib/python3.8/site-packages/airflow/example_dags/example_task_group_decorator.py
[2023-04-27T23:03:21.165+0200] {logging_mixin.py:117} INFO - [2023-04-27T23:03:21.165+0200] {dag.py:2573} INFO - Sync 1 DAGs
[2023-04-27T23:03:21.178+0200] {logging_mixin.py:117} INFO - [2023-04-27T23:03:21.178+0200] {dag.py:3324} INFO - Setting next_dagrun for example_task_group_decorator to 2023-04-26T21:03:21.178576+00:00, run_after=2023-04-27T21:03:21.178576+00:00
[2023-04-27T23:03:21.190+0200] {processor.py:178} INFO - Processing /Users/brenda/miniconda3/envs/airflow/lib/python3.8/site-packages/airflow/example_dags/example_task_group_decorator.py took 0.181 seconds
[2023-04-27T23:04:12.565+0200] {processor.py:156} INFO - Started process (PID=46599) to work on /Users/brenda/miniconda3/envs/airflow/lib/python3.8/site-packages/airflow/example_dags/example_task_group_decorator.py
[2023-04-27T23:04:12.569+0200] {processor.py:758} INFO - Processing file /Users/brenda/miniconda3/envs/airflow/lib/python3.8/site-packages/airflow/example_dags/example_task_group_decorator.py for tasks to queue
[2023-04-27T23:04:12.569+0200] {logging_mixin.py:117} INFO - [2023-04-27T23:04:12.569+0200] {dagbag.py:525} INFO - Filling up the DagBag from /Users/brenda/miniconda3/envs/airflow/lib/python3.8/site-packages/airflow/example_dags/example_task_group_decorator.py
[2023-04-27T23:04:12.603+0200] {processor.py:768} INFO - DAG(s) dict_keys(['example_task_group_decorator']) retrieved from /Users/brenda/miniconda3/envs/airflow/lib/python3.8/site-packages/airflow/example_dags/example_task_group_decorator.py
[2023-04-27T23:04:12.705+0200] {logging_mixin.py:117} INFO - [2023-04-27T23:04:12.705+0200] {dag.py:2573} INFO - Sync 1 DAGs
[2023-04-27T23:04:12.715+0200] {logging_mixin.py:117} INFO - [2023-04-27T23:04:12.715+0200] {dag.py:3324} INFO - Setting next_dagrun for example_task_group_decorator to 2023-04-26T21:04:12.715360+00:00, run_after=2023-04-27T21:04:12.715360+00:00
[2023-04-27T23:04:12.725+0200] {processor.py:178} INFO - Processing /Users/brenda/miniconda3/envs/airflow/lib/python3.8/site-packages/airflow/example_dags/example_task_group_decorator.py took 0.161 seconds
[2023-04-27T23:05:07.503+0200] {processor.py:156} INFO - Started process (PID=46714) to work on /Users/brenda/miniconda3/envs/airflow/lib/python3.8/site-packages/airflow/example_dags/example_task_group_decorator.py
[2023-04-27T23:05:07.506+0200] {processor.py:758} INFO - Processing file /Users/brenda/miniconda3/envs/airflow/lib/python3.8/site-packages/airflow/example_dags/example_task_group_decorator.py for tasks to queue
[2023-04-27T23:05:07.506+0200] {logging_mixin.py:117} INFO - [2023-04-27T23:05:07.506+0200] {dagbag.py:525} INFO - Filling up the DagBag from /Users/brenda/miniconda3/envs/airflow/lib/python3.8/site-packages/airflow/example_dags/example_task_group_decorator.py
[2023-04-27T23:05:07.546+0200] {processor.py:768} INFO - DAG(s) dict_keys(['example_task_group_decorator']) retrieved from /Users/brenda/miniconda3/envs/airflow/lib/python3.8/site-packages/airflow/example_dags/example_task_group_decorator.py
[2023-04-27T23:05:07.672+0200] {logging_mixin.py:117} INFO - [2023-04-27T23:05:07.672+0200] {dag.py:2573} INFO - Sync 1 DAGs
[2023-04-27T23:05:07.684+0200] {logging_mixin.py:117} INFO - [2023-04-27T23:05:07.684+0200] {dag.py:3324} INFO - Setting next_dagrun for example_task_group_decorator to 2023-04-26T21:05:07.683832+00:00, run_after=2023-04-27T21:05:07.683832+00:00
[2023-04-27T23:05:07.712+0200] {processor.py:178} INFO - Processing /Users/brenda/miniconda3/envs/airflow/lib/python3.8/site-packages/airflow/example_dags/example_task_group_decorator.py took 0.209 seconds
[2023-04-27T23:06:13.997+0200] {processor.py:156} INFO - Started process (PID=46908) to work on /Users/brenda/miniconda3/envs/airflow/lib/python3.8/site-packages/airflow/example_dags/example_task_group_decorator.py
[2023-04-27T23:06:14.000+0200] {processor.py:758} INFO - Processing file /Users/brenda/miniconda3/envs/airflow/lib/python3.8/site-packages/airflow/example_dags/example_task_group_decorator.py for tasks to queue
[2023-04-27T23:06:14.001+0200] {logging_mixin.py:117} INFO - [2023-04-27T23:06:14.001+0200] {dagbag.py:525} INFO - Filling up the DagBag from /Users/brenda/miniconda3/envs/airflow/lib/python3.8/site-packages/airflow/example_dags/example_task_group_decorator.py
[2023-04-27T23:06:14.035+0200] {processor.py:768} INFO - DAG(s) dict_keys(['example_task_group_decorator']) retrieved from /Users/brenda/miniconda3/envs/airflow/lib/python3.8/site-packages/airflow/example_dags/example_task_group_decorator.py
[2023-04-27T23:06:14.140+0200] {logging_mixin.py:117} INFO - [2023-04-27T23:06:14.140+0200] {dag.py:2573} INFO - Sync 1 DAGs
[2023-04-27T23:06:14.155+0200] {logging_mixin.py:117} INFO - [2023-04-27T23:06:14.155+0200] {dag.py:3324} INFO - Setting next_dagrun for example_task_group_decorator to 2023-04-26T21:06:14.155561+00:00, run_after=2023-04-27T21:06:14.155561+00:00
[2023-04-27T23:06:14.196+0200] {processor.py:178} INFO - Processing /Users/brenda/miniconda3/envs/airflow/lib/python3.8/site-packages/airflow/example_dags/example_task_group_decorator.py took 0.200 seconds
[2023-04-27T23:07:05.084+0200] {processor.py:156} INFO - Started process (PID=47033) to work on /Users/brenda/miniconda3/envs/airflow/lib/python3.8/site-packages/airflow/example_dags/example_task_group_decorator.py
[2023-04-27T23:07:05.088+0200] {processor.py:758} INFO - Processing file /Users/brenda/miniconda3/envs/airflow/lib/python3.8/site-packages/airflow/example_dags/example_task_group_decorator.py for tasks to queue
[2023-04-27T23:07:05.088+0200] {logging_mixin.py:117} INFO - [2023-04-27T23:07:05.088+0200] {dagbag.py:525} INFO - Filling up the DagBag from /Users/brenda/miniconda3/envs/airflow/lib/python3.8/site-packages/airflow/example_dags/example_task_group_decorator.py
[2023-04-27T23:07:05.124+0200] {processor.py:768} INFO - DAG(s) dict_keys(['example_task_group_decorator']) retrieved from /Users/brenda/miniconda3/envs/airflow/lib/python3.8/site-packages/airflow/example_dags/example_task_group_decorator.py
[2023-04-27T23:07:05.229+0200] {logging_mixin.py:117} INFO - [2023-04-27T23:07:05.229+0200] {dag.py:2573} INFO - Sync 1 DAGs
[2023-04-27T23:07:05.240+0200] {logging_mixin.py:117} INFO - [2023-04-27T23:07:05.240+0200] {dag.py:3324} INFO - Setting next_dagrun for example_task_group_decorator to 2023-04-26T21:07:05.240147+00:00, run_after=2023-04-27T21:07:05.240147+00:00
[2023-04-27T23:07:05.250+0200] {processor.py:178} INFO - Processing /Users/brenda/miniconda3/envs/airflow/lib/python3.8/site-packages/airflow/example_dags/example_task_group_decorator.py took 0.167 seconds
[2023-04-27T23:08:01.233+0200] {processor.py:156} INFO - Started process (PID=47131) to work on /Users/brenda/miniconda3/envs/airflow/lib/python3.8/site-packages/airflow/example_dags/example_task_group_decorator.py
[2023-04-27T23:08:01.237+0200] {processor.py:758} INFO - Processing file /Users/brenda/miniconda3/envs/airflow/lib/python3.8/site-packages/airflow/example_dags/example_task_group_decorator.py for tasks to queue
[2023-04-27T23:08:01.237+0200] {logging_mixin.py:117} INFO - [2023-04-27T23:08:01.237+0200] {dagbag.py:525} INFO - Filling up the DagBag from /Users/brenda/miniconda3/envs/airflow/lib/python3.8/site-packages/airflow/example_dags/example_task_group_decorator.py
[2023-04-27T23:08:01.282+0200] {processor.py:768} INFO - DAG(s) dict_keys(['example_task_group_decorator']) retrieved from /Users/brenda/miniconda3/envs/airflow/lib/python3.8/site-packages/airflow/example_dags/example_task_group_decorator.py
[2023-04-27T23:08:01.415+0200] {logging_mixin.py:117} INFO - [2023-04-27T23:08:01.414+0200] {dag.py:2573} INFO - Sync 1 DAGs
[2023-04-27T23:08:01.425+0200] {logging_mixin.py:117} INFO - [2023-04-27T23:08:01.425+0200] {dag.py:3324} INFO - Setting next_dagrun for example_task_group_decorator to 2023-04-26T21:08:01.425668+00:00, run_after=2023-04-27T21:08:01.425668+00:00
[2023-04-27T23:08:01.435+0200] {processor.py:178} INFO - Processing /Users/brenda/miniconda3/envs/airflow/lib/python3.8/site-packages/airflow/example_dags/example_task_group_decorator.py took 0.202 seconds
[2023-04-27T23:08:57.514+0200] {processor.py:156} INFO - Started process (PID=47224) to work on /Users/brenda/miniconda3/envs/airflow/lib/python3.8/site-packages/airflow/example_dags/example_task_group_decorator.py
[2023-04-27T23:08:57.518+0200] {processor.py:758} INFO - Processing file /Users/brenda/miniconda3/envs/airflow/lib/python3.8/site-packages/airflow/example_dags/example_task_group_decorator.py for tasks to queue
[2023-04-27T23:08:57.518+0200] {logging_mixin.py:117} INFO - [2023-04-27T23:08:57.518+0200] {dagbag.py:525} INFO - Filling up the DagBag from /Users/brenda/miniconda3/envs/airflow/lib/python3.8/site-packages/airflow/example_dags/example_task_group_decorator.py
[2023-04-27T23:08:57.553+0200] {processor.py:768} INFO - DAG(s) dict_keys(['example_task_group_decorator']) retrieved from /Users/brenda/miniconda3/envs/airflow/lib/python3.8/site-packages/airflow/example_dags/example_task_group_decorator.py
[2023-04-27T23:08:57.656+0200] {logging_mixin.py:117} INFO - [2023-04-27T23:08:57.656+0200] {dag.py:2573} INFO - Sync 1 DAGs
[2023-04-27T23:08:57.666+0200] {logging_mixin.py:117} INFO - [2023-04-27T23:08:57.666+0200] {dag.py:3324} INFO - Setting next_dagrun for example_task_group_decorator to 2023-04-26T21:08:57.666409+00:00, run_after=2023-04-27T21:08:57.666409+00:00
[2023-04-27T23:08:57.676+0200] {processor.py:178} INFO - Processing /Users/brenda/miniconda3/envs/airflow/lib/python3.8/site-packages/airflow/example_dags/example_task_group_decorator.py took 0.162 seconds
[2023-04-27T23:09:54.387+0200] {processor.py:156} INFO - Started process (PID=47312) to work on /Users/brenda/miniconda3/envs/airflow/lib/python3.8/site-packages/airflow/example_dags/example_task_group_decorator.py
[2023-04-27T23:09:54.391+0200] {processor.py:758} INFO - Processing file /Users/brenda/miniconda3/envs/airflow/lib/python3.8/site-packages/airflow/example_dags/example_task_group_decorator.py for tasks to queue
[2023-04-27T23:09:54.391+0200] {logging_mixin.py:117} INFO - [2023-04-27T23:09:54.391+0200] {dagbag.py:525} INFO - Filling up the DagBag from /Users/brenda/miniconda3/envs/airflow/lib/python3.8/site-packages/airflow/example_dags/example_task_group_decorator.py
[2023-04-27T23:09:54.425+0200] {processor.py:768} INFO - DAG(s) dict_keys(['example_task_group_decorator']) retrieved from /Users/brenda/miniconda3/envs/airflow/lib/python3.8/site-packages/airflow/example_dags/example_task_group_decorator.py
[2023-04-27T23:09:54.531+0200] {logging_mixin.py:117} INFO - [2023-04-27T23:09:54.530+0200] {dag.py:2573} INFO - Sync 1 DAGs
[2023-04-27T23:09:54.541+0200] {logging_mixin.py:117} INFO - [2023-04-27T23:09:54.541+0200] {dag.py:3324} INFO - Setting next_dagrun for example_task_group_decorator to 2023-04-26T21:09:54.541174+00:00, run_after=2023-04-27T21:09:54.541174+00:00
[2023-04-27T23:09:54.550+0200] {processor.py:178} INFO - Processing /Users/brenda/miniconda3/envs/airflow/lib/python3.8/site-packages/airflow/example_dags/example_task_group_decorator.py took 0.163 seconds
[2023-04-27T23:10:49.097+0200] {processor.py:156} INFO - Started process (PID=47407) to work on /Users/brenda/miniconda3/envs/airflow/lib/python3.8/site-packages/airflow/example_dags/example_task_group_decorator.py
[2023-04-27T23:10:49.101+0200] {processor.py:758} INFO - Processing file /Users/brenda/miniconda3/envs/airflow/lib/python3.8/site-packages/airflow/example_dags/example_task_group_decorator.py for tasks to queue
[2023-04-27T23:10:49.101+0200] {logging_mixin.py:117} INFO - [2023-04-27T23:10:49.101+0200] {dagbag.py:525} INFO - Filling up the DagBag from /Users/brenda/miniconda3/envs/airflow/lib/python3.8/site-packages/airflow/example_dags/example_task_group_decorator.py
[2023-04-27T23:10:49.135+0200] {processor.py:768} INFO - DAG(s) dict_keys(['example_task_group_decorator']) retrieved from /Users/brenda/miniconda3/envs/airflow/lib/python3.8/site-packages/airflow/example_dags/example_task_group_decorator.py
[2023-04-27T23:10:49.242+0200] {logging_mixin.py:117} INFO - [2023-04-27T23:10:49.242+0200] {dag.py:2573} INFO - Sync 1 DAGs
[2023-04-27T23:10:49.252+0200] {logging_mixin.py:117} INFO - [2023-04-27T23:10:49.252+0200] {dag.py:3324} INFO - Setting next_dagrun for example_task_group_decorator to 2023-04-26T21:10:49.252651+00:00, run_after=2023-04-27T21:10:49.252651+00:00
[2023-04-27T23:10:49.262+0200] {processor.py:178} INFO - Processing /Users/brenda/miniconda3/envs/airflow/lib/python3.8/site-packages/airflow/example_dags/example_task_group_decorator.py took 0.165 seconds
[2023-04-27T23:11:44.604+0200] {processor.py:156} INFO - Started process (PID=47485) to work on /Users/brenda/miniconda3/envs/airflow/lib/python3.8/site-packages/airflow/example_dags/example_task_group_decorator.py
[2023-04-27T23:11:44.608+0200] {processor.py:758} INFO - Processing file /Users/brenda/miniconda3/envs/airflow/lib/python3.8/site-packages/airflow/example_dags/example_task_group_decorator.py for tasks to queue
[2023-04-27T23:11:44.608+0200] {logging_mixin.py:117} INFO - [2023-04-27T23:11:44.608+0200] {dagbag.py:525} INFO - Filling up the DagBag from /Users/brenda/miniconda3/envs/airflow/lib/python3.8/site-packages/airflow/example_dags/example_task_group_decorator.py
[2023-04-27T23:11:44.642+0200] {processor.py:768} INFO - DAG(s) dict_keys(['example_task_group_decorator']) retrieved from /Users/brenda/miniconda3/envs/airflow/lib/python3.8/site-packages/airflow/example_dags/example_task_group_decorator.py
[2023-04-27T23:11:44.747+0200] {logging_mixin.py:117} INFO - [2023-04-27T23:11:44.747+0200] {dag.py:2573} INFO - Sync 1 DAGs
[2023-04-27T23:11:44.757+0200] {logging_mixin.py:117} INFO - [2023-04-27T23:11:44.757+0200] {dag.py:3324} INFO - Setting next_dagrun for example_task_group_decorator to 2023-04-26T21:11:44.757679+00:00, run_after=2023-04-27T21:11:44.757679+00:00
[2023-04-27T23:11:44.767+0200] {processor.py:178} INFO - Processing /Users/brenda/miniconda3/envs/airflow/lib/python3.8/site-packages/airflow/example_dags/example_task_group_decorator.py took 0.163 seconds
[2023-04-27T23:12:45.102+0200] {processor.py:156} INFO - Started process (PID=47593) to work on /Users/brenda/miniconda3/envs/airflow/lib/python3.8/site-packages/airflow/example_dags/example_task_group_decorator.py
[2023-04-27T23:12:45.104+0200] {processor.py:758} INFO - Processing file /Users/brenda/miniconda3/envs/airflow/lib/python3.8/site-packages/airflow/example_dags/example_task_group_decorator.py for tasks to queue
[2023-04-27T23:12:45.104+0200] {logging_mixin.py:117} INFO - [2023-04-27T23:12:45.104+0200] {dagbag.py:525} INFO - Filling up the DagBag from /Users/brenda/miniconda3/envs/airflow/lib/python3.8/site-packages/airflow/example_dags/example_task_group_decorator.py
[2023-04-27T23:12:45.124+0200] {processor.py:768} INFO - DAG(s) dict_keys(['example_task_group_decorator']) retrieved from /Users/brenda/miniconda3/envs/airflow/lib/python3.8/site-packages/airflow/example_dags/example_task_group_decorator.py
[2023-04-27T23:12:45.182+0200] {logging_mixin.py:117} INFO - [2023-04-27T23:12:45.182+0200] {dag.py:2573} INFO - Sync 1 DAGs
[2023-04-27T23:12:45.188+0200] {logging_mixin.py:117} INFO - [2023-04-27T23:12:45.188+0200] {dag.py:3324} INFO - Setting next_dagrun for example_task_group_decorator to 2023-04-26T21:12:45.188590+00:00, run_after=2023-04-27T21:12:45.188590+00:00
[2023-04-27T23:12:45.196+0200] {processor.py:178} INFO - Processing /Users/brenda/miniconda3/envs/airflow/lib/python3.8/site-packages/airflow/example_dags/example_task_group_decorator.py took 0.095 seconds
[2023-04-27T23:28:56.989+0200] {processor.py:156} INFO - Started process (PID=47688) to work on /Users/brenda/miniconda3/envs/airflow/lib/python3.8/site-packages/airflow/example_dags/example_task_group_decorator.py
[2023-04-27T23:28:56.991+0200] {processor.py:758} INFO - Processing file /Users/brenda/miniconda3/envs/airflow/lib/python3.8/site-packages/airflow/example_dags/example_task_group_decorator.py for tasks to queue
[2023-04-27T23:28:56.991+0200] {logging_mixin.py:117} INFO - [2023-04-27T23:28:56.991+0200] {dagbag.py:525} INFO - Filling up the DagBag from /Users/brenda/miniconda3/envs/airflow/lib/python3.8/site-packages/airflow/example_dags/example_task_group_decorator.py
[2023-04-27T23:28:57.010+0200] {processor.py:768} INFO - DAG(s) dict_keys(['example_task_group_decorator']) retrieved from /Users/brenda/miniconda3/envs/airflow/lib/python3.8/site-packages/airflow/example_dags/example_task_group_decorator.py
[2023-04-27T23:28:57.068+0200] {logging_mixin.py:117} INFO - [2023-04-27T23:28:57.068+0200] {dag.py:2573} INFO - Sync 1 DAGs
[2023-04-27T23:28:57.074+0200] {logging_mixin.py:117} INFO - [2023-04-27T23:28:57.074+0200] {dag.py:3324} INFO - Setting next_dagrun for example_task_group_decorator to 2023-04-26T21:28:57.074490+00:00, run_after=2023-04-27T21:28:57.074490+00:00
[2023-04-27T23:28:57.080+0200] {processor.py:178} INFO - Processing /Users/brenda/miniconda3/envs/airflow/lib/python3.8/site-packages/airflow/example_dags/example_task_group_decorator.py took 0.091 seconds
[2023-04-27T23:29:41.714+0200] {processor.py:156} INFO - Started process (PID=47776) to work on /Users/brenda/miniconda3/envs/airflow/lib/python3.8/site-packages/airflow/example_dags/example_task_group_decorator.py
[2023-04-27T23:29:41.717+0200] {processor.py:758} INFO - Processing file /Users/brenda/miniconda3/envs/airflow/lib/python3.8/site-packages/airflow/example_dags/example_task_group_decorator.py for tasks to queue
[2023-04-27T23:29:41.717+0200] {logging_mixin.py:117} INFO - [2023-04-27T23:29:41.717+0200] {dagbag.py:525} INFO - Filling up the DagBag from /Users/brenda/miniconda3/envs/airflow/lib/python3.8/site-packages/airflow/example_dags/example_task_group_decorator.py
[2023-04-27T23:29:41.736+0200] {processor.py:768} INFO - DAG(s) dict_keys(['example_task_group_decorator']) retrieved from /Users/brenda/miniconda3/envs/airflow/lib/python3.8/site-packages/airflow/example_dags/example_task_group_decorator.py
[2023-04-27T23:29:41.794+0200] {logging_mixin.py:117} INFO - [2023-04-27T23:29:41.794+0200] {dag.py:2573} INFO - Sync 1 DAGs
[2023-04-27T23:29:41.800+0200] {logging_mixin.py:117} INFO - [2023-04-27T23:29:41.800+0200] {dag.py:3324} INFO - Setting next_dagrun for example_task_group_decorator to 2023-04-26T21:29:41.800527+00:00, run_after=2023-04-27T21:29:41.800527+00:00
[2023-04-27T23:29:41.809+0200] {processor.py:178} INFO - Processing /Users/brenda/miniconda3/envs/airflow/lib/python3.8/site-packages/airflow/example_dags/example_task_group_decorator.py took 0.096 seconds
[2023-04-27T23:30:30.674+0200] {processor.py:156} INFO - Started process (PID=47869) to work on /Users/brenda/miniconda3/envs/airflow/lib/python3.8/site-packages/airflow/example_dags/example_task_group_decorator.py
[2023-04-27T23:30:30.676+0200] {processor.py:758} INFO - Processing file /Users/brenda/miniconda3/envs/airflow/lib/python3.8/site-packages/airflow/example_dags/example_task_group_decorator.py for tasks to queue
[2023-04-27T23:30:30.677+0200] {logging_mixin.py:117} INFO - [2023-04-27T23:30:30.677+0200] {dagbag.py:525} INFO - Filling up the DagBag from /Users/brenda/miniconda3/envs/airflow/lib/python3.8/site-packages/airflow/example_dags/example_task_group_decorator.py
[2023-04-27T23:30:30.698+0200] {processor.py:768} INFO - DAG(s) dict_keys(['example_task_group_decorator']) retrieved from /Users/brenda/miniconda3/envs/airflow/lib/python3.8/site-packages/airflow/example_dags/example_task_group_decorator.py
[2023-04-27T23:30:30.765+0200] {logging_mixin.py:117} INFO - [2023-04-27T23:30:30.765+0200] {dag.py:2573} INFO - Sync 1 DAGs
[2023-04-27T23:30:30.772+0200] {logging_mixin.py:117} INFO - [2023-04-27T23:30:30.772+0200] {dag.py:3324} INFO - Setting next_dagrun for example_task_group_decorator to 2023-04-26T21:30:30.772029+00:00, run_after=2023-04-27T21:30:30.772029+00:00
[2023-04-27T23:30:30.778+0200] {processor.py:178} INFO - Processing /Users/brenda/miniconda3/envs/airflow/lib/python3.8/site-packages/airflow/example_dags/example_task_group_decorator.py took 0.104 seconds
[2023-04-27T23:31:17.941+0200] {processor.py:156} INFO - Started process (PID=47951) to work on /Users/brenda/miniconda3/envs/airflow/lib/python3.8/site-packages/airflow/example_dags/example_task_group_decorator.py
[2023-04-27T23:31:17.944+0200] {processor.py:758} INFO - Processing file /Users/brenda/miniconda3/envs/airflow/lib/python3.8/site-packages/airflow/example_dags/example_task_group_decorator.py for tasks to queue
[2023-04-27T23:31:17.944+0200] {logging_mixin.py:117} INFO - [2023-04-27T23:31:17.944+0200] {dagbag.py:525} INFO - Filling up the DagBag from /Users/brenda/miniconda3/envs/airflow/lib/python3.8/site-packages/airflow/example_dags/example_task_group_decorator.py
[2023-04-27T23:31:17.963+0200] {processor.py:768} INFO - DAG(s) dict_keys(['example_task_group_decorator']) retrieved from /Users/brenda/miniconda3/envs/airflow/lib/python3.8/site-packages/airflow/example_dags/example_task_group_decorator.py
[2023-04-27T23:31:18.023+0200] {logging_mixin.py:117} INFO - [2023-04-27T23:31:18.023+0200] {dag.py:2573} INFO - Sync 1 DAGs
[2023-04-27T23:31:18.029+0200] {logging_mixin.py:117} INFO - [2023-04-27T23:31:18.029+0200] {dag.py:3324} INFO - Setting next_dagrun for example_task_group_decorator to 2023-04-26T21:31:18.029023+00:00, run_after=2023-04-27T21:31:18.029023+00:00
[2023-04-27T23:31:18.034+0200] {processor.py:178} INFO - Processing /Users/brenda/miniconda3/envs/airflow/lib/python3.8/site-packages/airflow/example_dags/example_task_group_decorator.py took 0.094 seconds
[2023-04-27T23:32:04.334+0200] {processor.py:156} INFO - Started process (PID=48035) to work on /Users/brenda/miniconda3/envs/airflow/lib/python3.8/site-packages/airflow/example_dags/example_task_group_decorator.py
[2023-04-27T23:32:04.336+0200] {processor.py:758} INFO - Processing file /Users/brenda/miniconda3/envs/airflow/lib/python3.8/site-packages/airflow/example_dags/example_task_group_decorator.py for tasks to queue
[2023-04-27T23:32:04.336+0200] {logging_mixin.py:117} INFO - [2023-04-27T23:32:04.336+0200] {dagbag.py:525} INFO - Filling up the DagBag from /Users/brenda/miniconda3/envs/airflow/lib/python3.8/site-packages/airflow/example_dags/example_task_group_decorator.py
[2023-04-27T23:32:04.358+0200] {processor.py:768} INFO - DAG(s) dict_keys(['example_task_group_decorator']) retrieved from /Users/brenda/miniconda3/envs/airflow/lib/python3.8/site-packages/airflow/example_dags/example_task_group_decorator.py
[2023-04-27T23:32:04.428+0200] {logging_mixin.py:117} INFO - [2023-04-27T23:32:04.428+0200] {dag.py:2573} INFO - Sync 1 DAGs
[2023-04-27T23:32:04.435+0200] {logging_mixin.py:117} INFO - [2023-04-27T23:32:04.435+0200] {dag.py:3324} INFO - Setting next_dagrun for example_task_group_decorator to 2023-04-26T21:32:04.435502+00:00, run_after=2023-04-27T21:32:04.435502+00:00
[2023-04-27T23:32:04.442+0200] {processor.py:178} INFO - Processing /Users/brenda/miniconda3/envs/airflow/lib/python3.8/site-packages/airflow/example_dags/example_task_group_decorator.py took 0.108 seconds
[2023-04-27T23:32:51.499+0200] {processor.py:156} INFO - Started process (PID=48111) to work on /Users/brenda/miniconda3/envs/airflow/lib/python3.8/site-packages/airflow/example_dags/example_task_group_decorator.py
[2023-04-27T23:32:51.501+0200] {processor.py:758} INFO - Processing file /Users/brenda/miniconda3/envs/airflow/lib/python3.8/site-packages/airflow/example_dags/example_task_group_decorator.py for tasks to queue
[2023-04-27T23:32:51.502+0200] {logging_mixin.py:117} INFO - [2023-04-27T23:32:51.501+0200] {dagbag.py:525} INFO - Filling up the DagBag from /Users/brenda/miniconda3/envs/airflow/lib/python3.8/site-packages/airflow/example_dags/example_task_group_decorator.py
[2023-04-27T23:32:51.523+0200] {processor.py:768} INFO - DAG(s) dict_keys(['example_task_group_decorator']) retrieved from /Users/brenda/miniconda3/envs/airflow/lib/python3.8/site-packages/airflow/example_dags/example_task_group_decorator.py
[2023-04-27T23:32:51.589+0200] {logging_mixin.py:117} INFO - [2023-04-27T23:32:51.589+0200] {dag.py:2573} INFO - Sync 1 DAGs
[2023-04-27T23:32:51.595+0200] {logging_mixin.py:117} INFO - [2023-04-27T23:32:51.595+0200] {dag.py:3324} INFO - Setting next_dagrun for example_task_group_decorator to 2023-04-26T21:32:51.595623+00:00, run_after=2023-04-27T21:32:51.595623+00:00
[2023-04-27T23:32:51.601+0200] {processor.py:178} INFO - Processing /Users/brenda/miniconda3/envs/airflow/lib/python3.8/site-packages/airflow/example_dags/example_task_group_decorator.py took 0.102 seconds
[2023-04-27T23:33:38.821+0200] {processor.py:156} INFO - Started process (PID=48189) to work on /Users/brenda/miniconda3/envs/airflow/lib/python3.8/site-packages/airflow/example_dags/example_task_group_decorator.py
[2023-04-27T23:33:38.823+0200] {processor.py:758} INFO - Processing file /Users/brenda/miniconda3/envs/airflow/lib/python3.8/site-packages/airflow/example_dags/example_task_group_decorator.py for tasks to queue
[2023-04-27T23:33:38.823+0200] {logging_mixin.py:117} INFO - [2023-04-27T23:33:38.823+0200] {dagbag.py:525} INFO - Filling up the DagBag from /Users/brenda/miniconda3/envs/airflow/lib/python3.8/site-packages/airflow/example_dags/example_task_group_decorator.py
[2023-04-27T23:33:38.845+0200] {processor.py:768} INFO - DAG(s) dict_keys(['example_task_group_decorator']) retrieved from /Users/brenda/miniconda3/envs/airflow/lib/python3.8/site-packages/airflow/example_dags/example_task_group_decorator.py
[2023-04-27T23:33:38.910+0200] {logging_mixin.py:117} INFO - [2023-04-27T23:33:38.910+0200] {dag.py:2573} INFO - Sync 1 DAGs
[2023-04-27T23:33:38.917+0200] {logging_mixin.py:117} INFO - [2023-04-27T23:33:38.917+0200] {dag.py:3324} INFO - Setting next_dagrun for example_task_group_decorator to 2023-04-26T21:33:38.917589+00:00, run_after=2023-04-27T21:33:38.917589+00:00
[2023-04-27T23:33:38.923+0200] {processor.py:178} INFO - Processing /Users/brenda/miniconda3/envs/airflow/lib/python3.8/site-packages/airflow/example_dags/example_task_group_decorator.py took 0.102 seconds
[2023-04-27T23:34:26.584+0200] {processor.py:156} INFO - Started process (PID=48263) to work on /Users/brenda/miniconda3/envs/airflow/lib/python3.8/site-packages/airflow/example_dags/example_task_group_decorator.py
[2023-04-27T23:34:26.586+0200] {processor.py:758} INFO - Processing file /Users/brenda/miniconda3/envs/airflow/lib/python3.8/site-packages/airflow/example_dags/example_task_group_decorator.py for tasks to queue
[2023-04-27T23:34:26.586+0200] {logging_mixin.py:117} INFO - [2023-04-27T23:34:26.586+0200] {dagbag.py:525} INFO - Filling up the DagBag from /Users/brenda/miniconda3/envs/airflow/lib/python3.8/site-packages/airflow/example_dags/example_task_group_decorator.py
[2023-04-27T23:34:26.606+0200] {processor.py:768} INFO - DAG(s) dict_keys(['example_task_group_decorator']) retrieved from /Users/brenda/miniconda3/envs/airflow/lib/python3.8/site-packages/airflow/example_dags/example_task_group_decorator.py
[2023-04-27T23:34:26.672+0200] {logging_mixin.py:117} INFO - [2023-04-27T23:34:26.672+0200] {dag.py:2573} INFO - Sync 1 DAGs
[2023-04-27T23:34:26.678+0200] {logging_mixin.py:117} INFO - [2023-04-27T23:34:26.678+0200] {dag.py:3324} INFO - Setting next_dagrun for example_task_group_decorator to 2023-04-26T21:34:26.678267+00:00, run_after=2023-04-27T21:34:26.678267+00:00
[2023-04-27T23:34:26.684+0200] {processor.py:178} INFO - Processing /Users/brenda/miniconda3/envs/airflow/lib/python3.8/site-packages/airflow/example_dags/example_task_group_decorator.py took 0.100 seconds
[2023-04-27T23:35:12.161+0200] {processor.py:156} INFO - Started process (PID=48339) to work on /Users/brenda/miniconda3/envs/airflow/lib/python3.8/site-packages/airflow/example_dags/example_task_group_decorator.py
[2023-04-27T23:35:12.163+0200] {processor.py:758} INFO - Processing file /Users/brenda/miniconda3/envs/airflow/lib/python3.8/site-packages/airflow/example_dags/example_task_group_decorator.py for tasks to queue
[2023-04-27T23:35:12.163+0200] {logging_mixin.py:117} INFO - [2023-04-27T23:35:12.163+0200] {dagbag.py:525} INFO - Filling up the DagBag from /Users/brenda/miniconda3/envs/airflow/lib/python3.8/site-packages/airflow/example_dags/example_task_group_decorator.py
[2023-04-27T23:35:12.184+0200] {processor.py:768} INFO - DAG(s) dict_keys(['example_task_group_decorator']) retrieved from /Users/brenda/miniconda3/envs/airflow/lib/python3.8/site-packages/airflow/example_dags/example_task_group_decorator.py
[2023-04-27T23:35:12.247+0200] {logging_mixin.py:117} INFO - [2023-04-27T23:35:12.247+0200] {dag.py:2573} INFO - Sync 1 DAGs
[2023-04-27T23:35:12.254+0200] {logging_mixin.py:117} INFO - [2023-04-27T23:35:12.254+0200] {dag.py:3324} INFO - Setting next_dagrun for example_task_group_decorator to 2023-04-26T21:35:12.254139+00:00, run_after=2023-04-27T21:35:12.254139+00:00
[2023-04-27T23:35:12.260+0200] {processor.py:178} INFO - Processing /Users/brenda/miniconda3/envs/airflow/lib/python3.8/site-packages/airflow/example_dags/example_task_group_decorator.py took 0.099 seconds
[2023-04-27T23:35:58.733+0200] {processor.py:156} INFO - Started process (PID=48427) to work on /Users/brenda/miniconda3/envs/airflow/lib/python3.8/site-packages/airflow/example_dags/example_task_group_decorator.py
[2023-04-27T23:35:58.736+0200] {processor.py:758} INFO - Processing file /Users/brenda/miniconda3/envs/airflow/lib/python3.8/site-packages/airflow/example_dags/example_task_group_decorator.py for tasks to queue
[2023-04-27T23:35:58.736+0200] {logging_mixin.py:117} INFO - [2023-04-27T23:35:58.736+0200] {dagbag.py:525} INFO - Filling up the DagBag from /Users/brenda/miniconda3/envs/airflow/lib/python3.8/site-packages/airflow/example_dags/example_task_group_decorator.py
[2023-04-27T23:35:58.756+0200] {processor.py:768} INFO - DAG(s) dict_keys(['example_task_group_decorator']) retrieved from /Users/brenda/miniconda3/envs/airflow/lib/python3.8/site-packages/airflow/example_dags/example_task_group_decorator.py
[2023-04-27T23:35:58.813+0200] {logging_mixin.py:117} INFO - [2023-04-27T23:35:58.813+0200] {dag.py:2573} INFO - Sync 1 DAGs
[2023-04-27T23:35:58.819+0200] {logging_mixin.py:117} INFO - [2023-04-27T23:35:58.819+0200] {dag.py:3324} INFO - Setting next_dagrun for example_task_group_decorator to 2023-04-26T21:35:58.819758+00:00, run_after=2023-04-27T21:35:58.819758+00:00
[2023-04-27T23:35:58.825+0200] {processor.py:178} INFO - Processing /Users/brenda/miniconda3/envs/airflow/lib/python3.8/site-packages/airflow/example_dags/example_task_group_decorator.py took 0.092 seconds
[2023-04-27T23:36:44.939+0200] {processor.py:156} INFO - Started process (PID=48508) to work on /Users/brenda/miniconda3/envs/airflow/lib/python3.8/site-packages/airflow/example_dags/example_task_group_decorator.py
[2023-04-27T23:36:44.941+0200] {processor.py:758} INFO - Processing file /Users/brenda/miniconda3/envs/airflow/lib/python3.8/site-packages/airflow/example_dags/example_task_group_decorator.py for tasks to queue
[2023-04-27T23:36:44.942+0200] {logging_mixin.py:117} INFO - [2023-04-27T23:36:44.942+0200] {dagbag.py:525} INFO - Filling up the DagBag from /Users/brenda/miniconda3/envs/airflow/lib/python3.8/site-packages/airflow/example_dags/example_task_group_decorator.py
[2023-04-27T23:36:44.968+0200] {processor.py:768} INFO - DAG(s) dict_keys(['example_task_group_decorator']) retrieved from /Users/brenda/miniconda3/envs/airflow/lib/python3.8/site-packages/airflow/example_dags/example_task_group_decorator.py
[2023-04-27T23:36:45.027+0200] {logging_mixin.py:117} INFO - [2023-04-27T23:36:45.027+0200] {dag.py:2573} INFO - Sync 1 DAGs
[2023-04-27T23:36:45.033+0200] {logging_mixin.py:117} INFO - [2023-04-27T23:36:45.033+0200] {dag.py:3324} INFO - Setting next_dagrun for example_task_group_decorator to 2023-04-26T21:36:45.033012+00:00, run_after=2023-04-27T21:36:45.033012+00:00
[2023-04-27T23:36:45.038+0200] {processor.py:178} INFO - Processing /Users/brenda/miniconda3/envs/airflow/lib/python3.8/site-packages/airflow/example_dags/example_task_group_decorator.py took 0.099 seconds
[2023-04-27T23:37:28.968+0200] {processor.py:156} INFO - Started process (PID=48585) to work on /Users/brenda/miniconda3/envs/airflow/lib/python3.8/site-packages/airflow/example_dags/example_task_group_decorator.py
[2023-04-27T23:37:28.971+0200] {processor.py:758} INFO - Processing file /Users/brenda/miniconda3/envs/airflow/lib/python3.8/site-packages/airflow/example_dags/example_task_group_decorator.py for tasks to queue
[2023-04-27T23:37:28.971+0200] {logging_mixin.py:117} INFO - [2023-04-27T23:37:28.971+0200] {dagbag.py:525} INFO - Filling up the DagBag from /Users/brenda/miniconda3/envs/airflow/lib/python3.8/site-packages/airflow/example_dags/example_task_group_decorator.py
[2023-04-27T23:37:28.990+0200] {processor.py:768} INFO - DAG(s) dict_keys(['example_task_group_decorator']) retrieved from /Users/brenda/miniconda3/envs/airflow/lib/python3.8/site-packages/airflow/example_dags/example_task_group_decorator.py
[2023-04-27T23:37:29.051+0200] {logging_mixin.py:117} INFO - [2023-04-27T23:37:29.051+0200] {dag.py:2573} INFO - Sync 1 DAGs
[2023-04-27T23:37:29.057+0200] {logging_mixin.py:117} INFO - [2023-04-27T23:37:29.057+0200] {dag.py:3324} INFO - Setting next_dagrun for example_task_group_decorator to 2023-04-26T21:37:29.057597+00:00, run_after=2023-04-27T21:37:29.057597+00:00
[2023-04-27T23:37:29.063+0200] {processor.py:178} INFO - Processing /Users/brenda/miniconda3/envs/airflow/lib/python3.8/site-packages/airflow/example_dags/example_task_group_decorator.py took 0.095 seconds
[2023-04-27T23:38:17.170+0200] {processor.py:156} INFO - Started process (PID=48661) to work on /Users/brenda/miniconda3/envs/airflow/lib/python3.8/site-packages/airflow/example_dags/example_task_group_decorator.py
[2023-04-27T23:38:17.172+0200] {processor.py:758} INFO - Processing file /Users/brenda/miniconda3/envs/airflow/lib/python3.8/site-packages/airflow/example_dags/example_task_group_decorator.py for tasks to queue
[2023-04-27T23:38:17.173+0200] {logging_mixin.py:117} INFO - [2023-04-27T23:38:17.173+0200] {dagbag.py:525} INFO - Filling up the DagBag from /Users/brenda/miniconda3/envs/airflow/lib/python3.8/site-packages/airflow/example_dags/example_task_group_decorator.py
[2023-04-27T23:38:17.192+0200] {processor.py:768} INFO - DAG(s) dict_keys(['example_task_group_decorator']) retrieved from /Users/brenda/miniconda3/envs/airflow/lib/python3.8/site-packages/airflow/example_dags/example_task_group_decorator.py
[2023-04-27T23:38:17.250+0200] {logging_mixin.py:117} INFO - [2023-04-27T23:38:17.250+0200] {dag.py:2573} INFO - Sync 1 DAGs
[2023-04-27T23:38:17.256+0200] {logging_mixin.py:117} INFO - [2023-04-27T23:38:17.255+0200] {dag.py:3324} INFO - Setting next_dagrun for example_task_group_decorator to 2023-04-26T21:38:17.255941+00:00, run_after=2023-04-27T21:38:17.255941+00:00
[2023-04-27T23:38:17.261+0200] {processor.py:178} INFO - Processing /Users/brenda/miniconda3/envs/airflow/lib/python3.8/site-packages/airflow/example_dags/example_task_group_decorator.py took 0.091 seconds
[2023-04-27T23:39:02.706+0200] {processor.py:156} INFO - Started process (PID=48741) to work on /Users/brenda/miniconda3/envs/airflow/lib/python3.8/site-packages/airflow/example_dags/example_task_group_decorator.py
[2023-04-27T23:39:02.709+0200] {processor.py:758} INFO - Processing file /Users/brenda/miniconda3/envs/airflow/lib/python3.8/site-packages/airflow/example_dags/example_task_group_decorator.py for tasks to queue
[2023-04-27T23:39:02.709+0200] {logging_mixin.py:117} INFO - [2023-04-27T23:39:02.709+0200] {dagbag.py:525} INFO - Filling up the DagBag from /Users/brenda/miniconda3/envs/airflow/lib/python3.8/site-packages/airflow/example_dags/example_task_group_decorator.py
[2023-04-27T23:39:02.729+0200] {processor.py:768} INFO - DAG(s) dict_keys(['example_task_group_decorator']) retrieved from /Users/brenda/miniconda3/envs/airflow/lib/python3.8/site-packages/airflow/example_dags/example_task_group_decorator.py
[2023-04-27T23:39:02.790+0200] {logging_mixin.py:117} INFO - [2023-04-27T23:39:02.790+0200] {dag.py:2573} INFO - Sync 1 DAGs
[2023-04-27T23:39:02.796+0200] {logging_mixin.py:117} INFO - [2023-04-27T23:39:02.796+0200] {dag.py:3324} INFO - Setting next_dagrun for example_task_group_decorator to 2023-04-26T21:39:02.796645+00:00, run_after=2023-04-27T21:39:02.796645+00:00
[2023-04-27T23:39:02.803+0200] {processor.py:178} INFO - Processing /Users/brenda/miniconda3/envs/airflow/lib/python3.8/site-packages/airflow/example_dags/example_task_group_decorator.py took 0.097 seconds
[2023-04-28T01:37:38.317+0200] {processor.py:156} INFO - Started process (PID=48890) to work on /Users/brenda/miniconda3/envs/airflow/lib/python3.8/site-packages/airflow/example_dags/example_task_group_decorator.py
[2023-04-28T01:37:38.321+0200] {processor.py:758} INFO - Processing file /Users/brenda/miniconda3/envs/airflow/lib/python3.8/site-packages/airflow/example_dags/example_task_group_decorator.py for tasks to queue
[2023-04-28T01:37:38.321+0200] {logging_mixin.py:117} INFO - [2023-04-28T01:37:38.321+0200] {dagbag.py:525} INFO - Filling up the DagBag from /Users/brenda/miniconda3/envs/airflow/lib/python3.8/site-packages/airflow/example_dags/example_task_group_decorator.py
[2023-04-28T01:37:38.355+0200] {processor.py:768} INFO - DAG(s) dict_keys(['example_task_group_decorator']) retrieved from /Users/brenda/miniconda3/envs/airflow/lib/python3.8/site-packages/airflow/example_dags/example_task_group_decorator.py
[2023-04-28T01:37:38.468+0200] {logging_mixin.py:117} INFO - [2023-04-28T01:37:38.468+0200] {dag.py:2573} INFO - Sync 1 DAGs
[2023-04-28T01:37:38.479+0200] {logging_mixin.py:117} INFO - [2023-04-28T01:37:38.479+0200] {dag.py:3324} INFO - Setting next_dagrun for example_task_group_decorator to 2023-04-26T23:37:38.479417+00:00, run_after=2023-04-27T23:37:38.479417+00:00
[2023-04-28T01:37:38.489+0200] {processor.py:178} INFO - Processing /Users/brenda/miniconda3/envs/airflow/lib/python3.8/site-packages/airflow/example_dags/example_task_group_decorator.py took 0.172 seconds
