[2023-04-27T22:48:35.575+0200] {processor.py:153} INFO - Started process (PID=44573) to work on /Users/brenda/miniconda3/envs/airflow/lib/python3.8/site-packages/airflow/example_dags/example_trigger_target_dag.py
[2023-04-27T22:48:35.578+0200] {processor.py:743} INFO - Processing file /Users/brenda/miniconda3/envs/airflow/lib/python3.8/site-packages/airflow/example_dags/example_trigger_target_dag.py for tasks to queue
[2023-04-27T22:48:35.578+0200] {logging_mixin.py:137} INFO - [2023-04-27T22:48:35.578+0200] {dagbag.py:532} INFO - Filling up the DagBag from /Users/brenda/miniconda3/envs/airflow/lib/python3.8/site-packages/airflow/example_dags/example_trigger_target_dag.py
[2023-04-27T22:48:35.607+0200] {processor.py:753} INFO - DAG(s) dict_keys(['example_trigger_target_dag']) retrieved from /Users/brenda/miniconda3/envs/airflow/lib/python3.8/site-packages/airflow/example_dags/example_trigger_target_dag.py
[2023-04-27T22:48:36.058+0200] {logging_mixin.py:137} INFO - [2023-04-27T22:48:36.058+0200] {manager.py:504} INFO - Created Permission View: can delete on DAG:example_trigger_target_dag
[2023-04-27T22:48:36.062+0200] {logging_mixin.py:137} INFO - [2023-04-27T22:48:36.062+0200] {manager.py:504} INFO - Created Permission View: can read on DAG:example_trigger_target_dag
[2023-04-27T22:48:36.066+0200] {logging_mixin.py:137} INFO - [2023-04-27T22:48:36.066+0200] {manager.py:504} INFO - Created Permission View: can edit on DAG:example_trigger_target_dag
[2023-04-27T22:48:36.066+0200] {logging_mixin.py:137} INFO - [2023-04-27T22:48:36.066+0200] {dag.py:2705} INFO - Sync 1 DAGs
[2023-04-27T22:48:36.072+0200] {logging_mixin.py:137} INFO - [2023-04-27T22:48:36.072+0200] {dag.py:2726} INFO - Creating ORM DAG for example_trigger_target_dag
[2023-04-27T22:48:36.077+0200] {logging_mixin.py:137} INFO - [2023-04-27T22:48:36.077+0200] {dag.py:3452} INFO - Setting next_dagrun for example_trigger_target_dag to None, run_after=None
[2023-04-27T22:48:36.087+0200] {processor.py:175} INFO - Processing /Users/brenda/miniconda3/envs/airflow/lib/python3.8/site-packages/airflow/example_dags/example_trigger_target_dag.py took 0.512 seconds
[2023-04-27T22:59:38.750+0200] {processor.py:156} INFO - Started process (PID=46119) to work on /Users/brenda/miniconda3/envs/airflow/lib/python3.8/site-packages/airflow/example_dags/example_trigger_target_dag.py
[2023-04-27T22:59:38.753+0200] {processor.py:758} INFO - Processing file /Users/brenda/miniconda3/envs/airflow/lib/python3.8/site-packages/airflow/example_dags/example_trigger_target_dag.py for tasks to queue
[2023-04-27T22:59:38.754+0200] {logging_mixin.py:117} INFO - [2023-04-27T22:59:38.754+0200] {dagbag.py:525} INFO - Filling up the DagBag from /Users/brenda/miniconda3/envs/airflow/lib/python3.8/site-packages/airflow/example_dags/example_trigger_target_dag.py
[2023-04-27T22:59:38.783+0200] {processor.py:768} INFO - DAG(s) dict_keys(['example_trigger_target_dag']) retrieved from /Users/brenda/miniconda3/envs/airflow/lib/python3.8/site-packages/airflow/example_dags/example_trigger_target_dag.py
[2023-04-27T22:59:38.810+0200] {logging_mixin.py:117} INFO - [2023-04-27T22:59:38.810+0200] {dag.py:2573} INFO - Sync 1 DAGs
[2023-04-27T22:59:38.874+0200] {logging_mixin.py:117} INFO - [2023-04-27T22:59:38.873+0200] {dag.py:3324} INFO - Setting next_dagrun for example_trigger_target_dag to None, run_after=None
[2023-04-27T22:59:38.885+0200] {processor.py:178} INFO - Processing /Users/brenda/miniconda3/envs/airflow/lib/python3.8/site-packages/airflow/example_dags/example_trigger_target_dag.py took 0.136 seconds
[2023-04-27T23:00:32.761+0200] {processor.py:156} INFO - Started process (PID=46207) to work on /Users/brenda/miniconda3/envs/airflow/lib/python3.8/site-packages/airflow/example_dags/example_trigger_target_dag.py
[2023-04-27T23:00:32.764+0200] {processor.py:758} INFO - Processing file /Users/brenda/miniconda3/envs/airflow/lib/python3.8/site-packages/airflow/example_dags/example_trigger_target_dag.py for tasks to queue
[2023-04-27T23:00:32.765+0200] {logging_mixin.py:117} INFO - [2023-04-27T23:00:32.765+0200] {dagbag.py:525} INFO - Filling up the DagBag from /Users/brenda/miniconda3/envs/airflow/lib/python3.8/site-packages/airflow/example_dags/example_trigger_target_dag.py
[2023-04-27T23:00:32.794+0200] {processor.py:768} INFO - DAG(s) dict_keys(['example_trigger_target_dag']) retrieved from /Users/brenda/miniconda3/envs/airflow/lib/python3.8/site-packages/airflow/example_dags/example_trigger_target_dag.py
[2023-04-27T23:00:32.900+0200] {logging_mixin.py:117} INFO - [2023-04-27T23:00:32.900+0200] {dag.py:2573} INFO - Sync 1 DAGs
[2023-04-27T23:00:32.911+0200] {logging_mixin.py:117} INFO - [2023-04-27T23:00:32.911+0200] {dag.py:3324} INFO - Setting next_dagrun for example_trigger_target_dag to None, run_after=None
[2023-04-27T23:00:32.921+0200] {processor.py:178} INFO - Processing /Users/brenda/miniconda3/envs/airflow/lib/python3.8/site-packages/airflow/example_dags/example_trigger_target_dag.py took 0.161 seconds
[2023-04-27T23:01:27.696+0200] {processor.py:156} INFO - Started process (PID=46308) to work on /Users/brenda/miniconda3/envs/airflow/lib/python3.8/site-packages/airflow/example_dags/example_trigger_target_dag.py
[2023-04-27T23:01:27.700+0200] {processor.py:758} INFO - Processing file /Users/brenda/miniconda3/envs/airflow/lib/python3.8/site-packages/airflow/example_dags/example_trigger_target_dag.py for tasks to queue
[2023-04-27T23:01:27.700+0200] {logging_mixin.py:117} INFO - [2023-04-27T23:01:27.700+0200] {dagbag.py:525} INFO - Filling up the DagBag from /Users/brenda/miniconda3/envs/airflow/lib/python3.8/site-packages/airflow/example_dags/example_trigger_target_dag.py
[2023-04-27T23:01:27.728+0200] {processor.py:768} INFO - DAG(s) dict_keys(['example_trigger_target_dag']) retrieved from /Users/brenda/miniconda3/envs/airflow/lib/python3.8/site-packages/airflow/example_dags/example_trigger_target_dag.py
[2023-04-27T23:01:27.828+0200] {logging_mixin.py:117} INFO - [2023-04-27T23:01:27.828+0200] {dag.py:2573} INFO - Sync 1 DAGs
[2023-04-27T23:01:27.839+0200] {logging_mixin.py:117} INFO - [2023-04-27T23:01:27.839+0200] {dag.py:3324} INFO - Setting next_dagrun for example_trigger_target_dag to None, run_after=None
[2023-04-27T23:01:27.848+0200] {processor.py:178} INFO - Processing /Users/brenda/miniconda3/envs/airflow/lib/python3.8/site-packages/airflow/example_dags/example_trigger_target_dag.py took 0.152 seconds
[2023-04-27T23:02:22.042+0200] {processor.py:156} INFO - Started process (PID=46443) to work on /Users/brenda/miniconda3/envs/airflow/lib/python3.8/site-packages/airflow/example_dags/example_trigger_target_dag.py
[2023-04-27T23:02:22.046+0200] {processor.py:758} INFO - Processing file /Users/brenda/miniconda3/envs/airflow/lib/python3.8/site-packages/airflow/example_dags/example_trigger_target_dag.py for tasks to queue
[2023-04-27T23:02:22.046+0200] {logging_mixin.py:117} INFO - [2023-04-27T23:02:22.046+0200] {dagbag.py:525} INFO - Filling up the DagBag from /Users/brenda/miniconda3/envs/airflow/lib/python3.8/site-packages/airflow/example_dags/example_trigger_target_dag.py
[2023-04-27T23:02:22.082+0200] {processor.py:768} INFO - DAG(s) dict_keys(['example_trigger_target_dag']) retrieved from /Users/brenda/miniconda3/envs/airflow/lib/python3.8/site-packages/airflow/example_dags/example_trigger_target_dag.py
[2023-04-27T23:02:22.187+0200] {logging_mixin.py:117} INFO - [2023-04-27T23:02:22.187+0200] {dag.py:2573} INFO - Sync 1 DAGs
[2023-04-27T23:02:22.198+0200] {logging_mixin.py:117} INFO - [2023-04-27T23:02:22.198+0200] {dag.py:3324} INFO - Setting next_dagrun for example_trigger_target_dag to None, run_after=None
[2023-04-27T23:02:22.208+0200] {processor.py:178} INFO - Processing /Users/brenda/miniconda3/envs/airflow/lib/python3.8/site-packages/airflow/example_dags/example_trigger_target_dag.py took 0.167 seconds
[2023-04-27T23:03:16.086+0200] {processor.py:156} INFO - Started process (PID=46521) to work on /Users/brenda/miniconda3/envs/airflow/lib/python3.8/site-packages/airflow/example_dags/example_trigger_target_dag.py
[2023-04-27T23:03:16.090+0200] {processor.py:758} INFO - Processing file /Users/brenda/miniconda3/envs/airflow/lib/python3.8/site-packages/airflow/example_dags/example_trigger_target_dag.py for tasks to queue
[2023-04-27T23:03:16.090+0200] {logging_mixin.py:117} INFO - [2023-04-27T23:03:16.090+0200] {dagbag.py:525} INFO - Filling up the DagBag from /Users/brenda/miniconda3/envs/airflow/lib/python3.8/site-packages/airflow/example_dags/example_trigger_target_dag.py
[2023-04-27T23:03:16.118+0200] {processor.py:768} INFO - DAG(s) dict_keys(['example_trigger_target_dag']) retrieved from /Users/brenda/miniconda3/envs/airflow/lib/python3.8/site-packages/airflow/example_dags/example_trigger_target_dag.py
[2023-04-27T23:03:16.218+0200] {logging_mixin.py:117} INFO - [2023-04-27T23:03:16.217+0200] {dag.py:2573} INFO - Sync 1 DAGs
[2023-04-27T23:03:16.228+0200] {logging_mixin.py:117} INFO - [2023-04-27T23:03:16.228+0200] {dag.py:3324} INFO - Setting next_dagrun for example_trigger_target_dag to None, run_after=None
[2023-04-27T23:03:16.237+0200] {processor.py:178} INFO - Processing /Users/brenda/miniconda3/envs/airflow/lib/python3.8/site-packages/airflow/example_dags/example_trigger_target_dag.py took 0.151 seconds
[2023-04-27T23:04:07.835+0200] {processor.py:156} INFO - Started process (PID=46593) to work on /Users/brenda/miniconda3/envs/airflow/lib/python3.8/site-packages/airflow/example_dags/example_trigger_target_dag.py
[2023-04-27T23:04:07.839+0200] {processor.py:758} INFO - Processing file /Users/brenda/miniconda3/envs/airflow/lib/python3.8/site-packages/airflow/example_dags/example_trigger_target_dag.py for tasks to queue
[2023-04-27T23:04:07.839+0200] {logging_mixin.py:117} INFO - [2023-04-27T23:04:07.839+0200] {dagbag.py:525} INFO - Filling up the DagBag from /Users/brenda/miniconda3/envs/airflow/lib/python3.8/site-packages/airflow/example_dags/example_trigger_target_dag.py
[2023-04-27T23:04:07.867+0200] {processor.py:768} INFO - DAG(s) dict_keys(['example_trigger_target_dag']) retrieved from /Users/brenda/miniconda3/envs/airflow/lib/python3.8/site-packages/airflow/example_dags/example_trigger_target_dag.py
[2023-04-27T23:04:07.976+0200] {logging_mixin.py:117} INFO - [2023-04-27T23:04:07.976+0200] {dag.py:2573} INFO - Sync 1 DAGs
[2023-04-27T23:04:07.987+0200] {logging_mixin.py:117} INFO - [2023-04-27T23:04:07.987+0200] {dag.py:3324} INFO - Setting next_dagrun for example_trigger_target_dag to None, run_after=None
[2023-04-27T23:04:07.997+0200] {processor.py:178} INFO - Processing /Users/brenda/miniconda3/envs/airflow/lib/python3.8/site-packages/airflow/example_dags/example_trigger_target_dag.py took 0.162 seconds
[2023-04-27T23:05:03.562+0200] {processor.py:156} INFO - Started process (PID=46708) to work on /Users/brenda/miniconda3/envs/airflow/lib/python3.8/site-packages/airflow/example_dags/example_trigger_target_dag.py
[2023-04-27T23:05:03.565+0200] {processor.py:758} INFO - Processing file /Users/brenda/miniconda3/envs/airflow/lib/python3.8/site-packages/airflow/example_dags/example_trigger_target_dag.py for tasks to queue
[2023-04-27T23:05:03.565+0200] {logging_mixin.py:117} INFO - [2023-04-27T23:05:03.565+0200] {dagbag.py:525} INFO - Filling up the DagBag from /Users/brenda/miniconda3/envs/airflow/lib/python3.8/site-packages/airflow/example_dags/example_trigger_target_dag.py
[2023-04-27T23:05:03.595+0200] {processor.py:768} INFO - DAG(s) dict_keys(['example_trigger_target_dag']) retrieved from /Users/brenda/miniconda3/envs/airflow/lib/python3.8/site-packages/airflow/example_dags/example_trigger_target_dag.py
[2023-04-27T23:05:03.699+0200] {logging_mixin.py:117} INFO - [2023-04-27T23:05:03.699+0200] {dag.py:2573} INFO - Sync 1 DAGs
[2023-04-27T23:05:03.710+0200] {logging_mixin.py:117} INFO - [2023-04-27T23:05:03.710+0200] {dag.py:3324} INFO - Setting next_dagrun for example_trigger_target_dag to None, run_after=None
[2023-04-27T23:05:03.720+0200] {processor.py:178} INFO - Processing /Users/brenda/miniconda3/envs/airflow/lib/python3.8/site-packages/airflow/example_dags/example_trigger_target_dag.py took 0.159 seconds
[2023-04-27T23:06:09.365+0200] {processor.py:156} INFO - Started process (PID=46902) to work on /Users/brenda/miniconda3/envs/airflow/lib/python3.8/site-packages/airflow/example_dags/example_trigger_target_dag.py
[2023-04-27T23:06:09.369+0200] {processor.py:758} INFO - Processing file /Users/brenda/miniconda3/envs/airflow/lib/python3.8/site-packages/airflow/example_dags/example_trigger_target_dag.py for tasks to queue
[2023-04-27T23:06:09.369+0200] {logging_mixin.py:117} INFO - [2023-04-27T23:06:09.369+0200] {dagbag.py:525} INFO - Filling up the DagBag from /Users/brenda/miniconda3/envs/airflow/lib/python3.8/site-packages/airflow/example_dags/example_trigger_target_dag.py
[2023-04-27T23:06:09.397+0200] {processor.py:768} INFO - DAG(s) dict_keys(['example_trigger_target_dag']) retrieved from /Users/brenda/miniconda3/envs/airflow/lib/python3.8/site-packages/airflow/example_dags/example_trigger_target_dag.py
[2023-04-27T23:06:09.501+0200] {logging_mixin.py:117} INFO - [2023-04-27T23:06:09.501+0200] {dag.py:2573} INFO - Sync 1 DAGs
[2023-04-27T23:06:09.512+0200] {logging_mixin.py:117} INFO - [2023-04-27T23:06:09.512+0200] {dag.py:3324} INFO - Setting next_dagrun for example_trigger_target_dag to None, run_after=None
[2023-04-27T23:06:09.522+0200] {processor.py:178} INFO - Processing /Users/brenda/miniconda3/envs/airflow/lib/python3.8/site-packages/airflow/example_dags/example_trigger_target_dag.py took 0.157 seconds
[2023-04-27T23:07:00.349+0200] {processor.py:156} INFO - Started process (PID=47021) to work on /Users/brenda/miniconda3/envs/airflow/lib/python3.8/site-packages/airflow/example_dags/example_trigger_target_dag.py
[2023-04-27T23:07:00.353+0200] {processor.py:758} INFO - Processing file /Users/brenda/miniconda3/envs/airflow/lib/python3.8/site-packages/airflow/example_dags/example_trigger_target_dag.py for tasks to queue
[2023-04-27T23:07:00.354+0200] {logging_mixin.py:117} INFO - [2023-04-27T23:07:00.354+0200] {dagbag.py:525} INFO - Filling up the DagBag from /Users/brenda/miniconda3/envs/airflow/lib/python3.8/site-packages/airflow/example_dags/example_trigger_target_dag.py
[2023-04-27T23:07:00.383+0200] {processor.py:768} INFO - DAG(s) dict_keys(['example_trigger_target_dag']) retrieved from /Users/brenda/miniconda3/envs/airflow/lib/python3.8/site-packages/airflow/example_dags/example_trigger_target_dag.py
[2023-04-27T23:07:00.485+0200] {logging_mixin.py:117} INFO - [2023-04-27T23:07:00.485+0200] {dag.py:2573} INFO - Sync 1 DAGs
[2023-04-27T23:07:00.496+0200] {logging_mixin.py:117} INFO - [2023-04-27T23:07:00.496+0200] {dag.py:3324} INFO - Setting next_dagrun for example_trigger_target_dag to None, run_after=None
[2023-04-27T23:07:00.505+0200] {processor.py:178} INFO - Processing /Users/brenda/miniconda3/envs/airflow/lib/python3.8/site-packages/airflow/example_dags/example_trigger_target_dag.py took 0.157 seconds
[2023-04-27T23:07:57.068+0200] {processor.py:156} INFO - Started process (PID=47124) to work on /Users/brenda/miniconda3/envs/airflow/lib/python3.8/site-packages/airflow/example_dags/example_trigger_target_dag.py
[2023-04-27T23:07:57.072+0200] {processor.py:758} INFO - Processing file /Users/brenda/miniconda3/envs/airflow/lib/python3.8/site-packages/airflow/example_dags/example_trigger_target_dag.py for tasks to queue
[2023-04-27T23:07:57.072+0200] {logging_mixin.py:117} INFO - [2023-04-27T23:07:57.072+0200] {dagbag.py:525} INFO - Filling up the DagBag from /Users/brenda/miniconda3/envs/airflow/lib/python3.8/site-packages/airflow/example_dags/example_trigger_target_dag.py
[2023-04-27T23:07:57.100+0200] {processor.py:768} INFO - DAG(s) dict_keys(['example_trigger_target_dag']) retrieved from /Users/brenda/miniconda3/envs/airflow/lib/python3.8/site-packages/airflow/example_dags/example_trigger_target_dag.py
[2023-04-27T23:07:57.208+0200] {logging_mixin.py:117} INFO - [2023-04-27T23:07:57.208+0200] {dag.py:2573} INFO - Sync 1 DAGs
[2023-04-27T23:07:57.218+0200] {logging_mixin.py:117} INFO - [2023-04-27T23:07:57.218+0200] {dag.py:3324} INFO - Setting next_dagrun for example_trigger_target_dag to None, run_after=None
[2023-04-27T23:07:57.228+0200] {processor.py:178} INFO - Processing /Users/brenda/miniconda3/envs/airflow/lib/python3.8/site-packages/airflow/example_dags/example_trigger_target_dag.py took 0.160 seconds
[2023-04-27T23:08:53.523+0200] {processor.py:156} INFO - Started process (PID=47218) to work on /Users/brenda/miniconda3/envs/airflow/lib/python3.8/site-packages/airflow/example_dags/example_trigger_target_dag.py
[2023-04-27T23:08:53.529+0200] {processor.py:758} INFO - Processing file /Users/brenda/miniconda3/envs/airflow/lib/python3.8/site-packages/airflow/example_dags/example_trigger_target_dag.py for tasks to queue
[2023-04-27T23:08:53.529+0200] {logging_mixin.py:117} INFO - [2023-04-27T23:08:53.529+0200] {dagbag.py:525} INFO - Filling up the DagBag from /Users/brenda/miniconda3/envs/airflow/lib/python3.8/site-packages/airflow/example_dags/example_trigger_target_dag.py
[2023-04-27T23:08:53.562+0200] {processor.py:768} INFO - DAG(s) dict_keys(['example_trigger_target_dag']) retrieved from /Users/brenda/miniconda3/envs/airflow/lib/python3.8/site-packages/airflow/example_dags/example_trigger_target_dag.py
[2023-04-27T23:08:53.668+0200] {logging_mixin.py:117} INFO - [2023-04-27T23:08:53.668+0200] {dag.py:2573} INFO - Sync 1 DAGs
[2023-04-27T23:08:53.679+0200] {logging_mixin.py:117} INFO - [2023-04-27T23:08:53.679+0200] {dag.py:3324} INFO - Setting next_dagrun for example_trigger_target_dag to None, run_after=None
[2023-04-27T23:08:53.689+0200] {processor.py:178} INFO - Processing /Users/brenda/miniconda3/envs/airflow/lib/python3.8/site-packages/airflow/example_dags/example_trigger_target_dag.py took 0.166 seconds
[2023-04-27T23:09:50.368+0200] {processor.py:156} INFO - Started process (PID=47303) to work on /Users/brenda/miniconda3/envs/airflow/lib/python3.8/site-packages/airflow/example_dags/example_trigger_target_dag.py
[2023-04-27T23:09:50.371+0200] {processor.py:758} INFO - Processing file /Users/brenda/miniconda3/envs/airflow/lib/python3.8/site-packages/airflow/example_dags/example_trigger_target_dag.py for tasks to queue
[2023-04-27T23:09:50.372+0200] {logging_mixin.py:117} INFO - [2023-04-27T23:09:50.372+0200] {dagbag.py:525} INFO - Filling up the DagBag from /Users/brenda/miniconda3/envs/airflow/lib/python3.8/site-packages/airflow/example_dags/example_trigger_target_dag.py
[2023-04-27T23:09:50.402+0200] {processor.py:768} INFO - DAG(s) dict_keys(['example_trigger_target_dag']) retrieved from /Users/brenda/miniconda3/envs/airflow/lib/python3.8/site-packages/airflow/example_dags/example_trigger_target_dag.py
[2023-04-27T23:09:50.515+0200] {logging_mixin.py:117} INFO - [2023-04-27T23:09:50.515+0200] {dag.py:2573} INFO - Sync 1 DAGs
[2023-04-27T23:09:50.525+0200] {logging_mixin.py:117} INFO - [2023-04-27T23:09:50.525+0200] {dag.py:3324} INFO - Setting next_dagrun for example_trigger_target_dag to None, run_after=None
[2023-04-27T23:09:50.535+0200] {processor.py:178} INFO - Processing /Users/brenda/miniconda3/envs/airflow/lib/python3.8/site-packages/airflow/example_dags/example_trigger_target_dag.py took 0.168 seconds
[2023-04-27T23:10:43.968+0200] {processor.py:156} INFO - Started process (PID=47390) to work on /Users/brenda/miniconda3/envs/airflow/lib/python3.8/site-packages/airflow/example_dags/example_trigger_target_dag.py
[2023-04-27T23:10:43.972+0200] {processor.py:758} INFO - Processing file /Users/brenda/miniconda3/envs/airflow/lib/python3.8/site-packages/airflow/example_dags/example_trigger_target_dag.py for tasks to queue
[2023-04-27T23:10:43.972+0200] {logging_mixin.py:117} INFO - [2023-04-27T23:10:43.972+0200] {dagbag.py:525} INFO - Filling up the DagBag from /Users/brenda/miniconda3/envs/airflow/lib/python3.8/site-packages/airflow/example_dags/example_trigger_target_dag.py
[2023-04-27T23:10:44.008+0200] {processor.py:768} INFO - DAG(s) dict_keys(['example_trigger_target_dag']) retrieved from /Users/brenda/miniconda3/envs/airflow/lib/python3.8/site-packages/airflow/example_dags/example_trigger_target_dag.py
[2023-04-27T23:10:44.130+0200] {logging_mixin.py:117} INFO - [2023-04-27T23:10:44.129+0200] {dag.py:2573} INFO - Sync 1 DAGs
[2023-04-27T23:10:44.141+0200] {logging_mixin.py:117} INFO - [2023-04-27T23:10:44.141+0200] {dag.py:3324} INFO - Setting next_dagrun for example_trigger_target_dag to None, run_after=None
[2023-04-27T23:10:44.153+0200] {processor.py:178} INFO - Processing /Users/brenda/miniconda3/envs/airflow/lib/python3.8/site-packages/airflow/example_dags/example_trigger_target_dag.py took 0.185 seconds
[2023-04-27T23:11:40.632+0200] {processor.py:156} INFO - Started process (PID=47479) to work on /Users/brenda/miniconda3/envs/airflow/lib/python3.8/site-packages/airflow/example_dags/example_trigger_target_dag.py
[2023-04-27T23:11:40.636+0200] {processor.py:758} INFO - Processing file /Users/brenda/miniconda3/envs/airflow/lib/python3.8/site-packages/airflow/example_dags/example_trigger_target_dag.py for tasks to queue
[2023-04-27T23:11:40.636+0200] {logging_mixin.py:117} INFO - [2023-04-27T23:11:40.636+0200] {dagbag.py:525} INFO - Filling up the DagBag from /Users/brenda/miniconda3/envs/airflow/lib/python3.8/site-packages/airflow/example_dags/example_trigger_target_dag.py
[2023-04-27T23:11:40.667+0200] {processor.py:768} INFO - DAG(s) dict_keys(['example_trigger_target_dag']) retrieved from /Users/brenda/miniconda3/envs/airflow/lib/python3.8/site-packages/airflow/example_dags/example_trigger_target_dag.py
[2023-04-27T23:11:40.779+0200] {logging_mixin.py:117} INFO - [2023-04-27T23:11:40.779+0200] {dag.py:2573} INFO - Sync 1 DAGs
[2023-04-27T23:11:40.790+0200] {logging_mixin.py:117} INFO - [2023-04-27T23:11:40.790+0200] {dag.py:3324} INFO - Setting next_dagrun for example_trigger_target_dag to None, run_after=None
[2023-04-27T23:11:40.800+0200] {processor.py:178} INFO - Processing /Users/brenda/miniconda3/envs/airflow/lib/python3.8/site-packages/airflow/example_dags/example_trigger_target_dag.py took 0.168 seconds
[2023-04-27T23:12:41.492+0200] {processor.py:156} INFO - Started process (PID=47585) to work on /Users/brenda/miniconda3/envs/airflow/lib/python3.8/site-packages/airflow/example_dags/example_trigger_target_dag.py
[2023-04-27T23:12:41.494+0200] {processor.py:758} INFO - Processing file /Users/brenda/miniconda3/envs/airflow/lib/python3.8/site-packages/airflow/example_dags/example_trigger_target_dag.py for tasks to queue
[2023-04-27T23:12:41.494+0200] {logging_mixin.py:117} INFO - [2023-04-27T23:12:41.494+0200] {dagbag.py:525} INFO - Filling up the DagBag from /Users/brenda/miniconda3/envs/airflow/lib/python3.8/site-packages/airflow/example_dags/example_trigger_target_dag.py
[2023-04-27T23:12:41.511+0200] {processor.py:768} INFO - DAG(s) dict_keys(['example_trigger_target_dag']) retrieved from /Users/brenda/miniconda3/envs/airflow/lib/python3.8/site-packages/airflow/example_dags/example_trigger_target_dag.py
[2023-04-27T23:12:41.568+0200] {logging_mixin.py:117} INFO - [2023-04-27T23:12:41.568+0200] {dag.py:2573} INFO - Sync 1 DAGs
[2023-04-27T23:12:41.573+0200] {logging_mixin.py:117} INFO - [2023-04-27T23:12:41.573+0200] {dag.py:3324} INFO - Setting next_dagrun for example_trigger_target_dag to None, run_after=None
[2023-04-27T23:12:41.579+0200] {processor.py:178} INFO - Processing /Users/brenda/miniconda3/envs/airflow/lib/python3.8/site-packages/airflow/example_dags/example_trigger_target_dag.py took 0.088 seconds
[2023-04-27T23:28:53.494+0200] {processor.py:156} INFO - Started process (PID=47682) to work on /Users/brenda/miniconda3/envs/airflow/lib/python3.8/site-packages/airflow/example_dags/example_trigger_target_dag.py
[2023-04-27T23:28:53.496+0200] {processor.py:758} INFO - Processing file /Users/brenda/miniconda3/envs/airflow/lib/python3.8/site-packages/airflow/example_dags/example_trigger_target_dag.py for tasks to queue
[2023-04-27T23:28:53.496+0200] {logging_mixin.py:117} INFO - [2023-04-27T23:28:53.496+0200] {dagbag.py:525} INFO - Filling up the DagBag from /Users/brenda/miniconda3/envs/airflow/lib/python3.8/site-packages/airflow/example_dags/example_trigger_target_dag.py
[2023-04-27T23:28:53.513+0200] {processor.py:768} INFO - DAG(s) dict_keys(['example_trigger_target_dag']) retrieved from /Users/brenda/miniconda3/envs/airflow/lib/python3.8/site-packages/airflow/example_dags/example_trigger_target_dag.py
[2023-04-27T23:28:53.577+0200] {logging_mixin.py:117} INFO - [2023-04-27T23:28:53.577+0200] {dag.py:2573} INFO - Sync 1 DAGs
[2023-04-27T23:28:53.582+0200] {logging_mixin.py:117} INFO - [2023-04-27T23:28:53.582+0200] {dag.py:3324} INFO - Setting next_dagrun for example_trigger_target_dag to None, run_after=None
[2023-04-27T23:28:53.588+0200] {processor.py:178} INFO - Processing /Users/brenda/miniconda3/envs/airflow/lib/python3.8/site-packages/airflow/example_dags/example_trigger_target_dag.py took 0.095 seconds
[2023-04-27T23:29:38.106+0200] {processor.py:156} INFO - Started process (PID=47770) to work on /Users/brenda/miniconda3/envs/airflow/lib/python3.8/site-packages/airflow/example_dags/example_trigger_target_dag.py
[2023-04-27T23:29:38.108+0200] {processor.py:758} INFO - Processing file /Users/brenda/miniconda3/envs/airflow/lib/python3.8/site-packages/airflow/example_dags/example_trigger_target_dag.py for tasks to queue
[2023-04-27T23:29:38.108+0200] {logging_mixin.py:117} INFO - [2023-04-27T23:29:38.108+0200] {dagbag.py:525} INFO - Filling up the DagBag from /Users/brenda/miniconda3/envs/airflow/lib/python3.8/site-packages/airflow/example_dags/example_trigger_target_dag.py
[2023-04-27T23:29:38.126+0200] {processor.py:768} INFO - DAG(s) dict_keys(['example_trigger_target_dag']) retrieved from /Users/brenda/miniconda3/envs/airflow/lib/python3.8/site-packages/airflow/example_dags/example_trigger_target_dag.py
[2023-04-27T23:29:38.193+0200] {logging_mixin.py:117} INFO - [2023-04-27T23:29:38.193+0200] {dag.py:2573} INFO - Sync 1 DAGs
[2023-04-27T23:29:38.199+0200] {logging_mixin.py:117} INFO - [2023-04-27T23:29:38.199+0200] {dag.py:3324} INFO - Setting next_dagrun for example_trigger_target_dag to None, run_after=None
[2023-04-27T23:29:38.205+0200] {processor.py:178} INFO - Processing /Users/brenda/miniconda3/envs/airflow/lib/python3.8/site-packages/airflow/example_dags/example_trigger_target_dag.py took 0.100 seconds
[2023-04-27T23:30:26.988+0200] {processor.py:156} INFO - Started process (PID=47862) to work on /Users/brenda/miniconda3/envs/airflow/lib/python3.8/site-packages/airflow/example_dags/example_trigger_target_dag.py
[2023-04-27T23:30:26.992+0200] {processor.py:758} INFO - Processing file /Users/brenda/miniconda3/envs/airflow/lib/python3.8/site-packages/airflow/example_dags/example_trigger_target_dag.py for tasks to queue
[2023-04-27T23:30:26.992+0200] {logging_mixin.py:117} INFO - [2023-04-27T23:30:26.992+0200] {dagbag.py:525} INFO - Filling up the DagBag from /Users/brenda/miniconda3/envs/airflow/lib/python3.8/site-packages/airflow/example_dags/example_trigger_target_dag.py
[2023-04-27T23:30:27.015+0200] {processor.py:768} INFO - DAG(s) dict_keys(['example_trigger_target_dag']) retrieved from /Users/brenda/miniconda3/envs/airflow/lib/python3.8/site-packages/airflow/example_dags/example_trigger_target_dag.py
[2023-04-27T23:30:27.072+0200] {logging_mixin.py:117} INFO - [2023-04-27T23:30:27.072+0200] {dag.py:2573} INFO - Sync 1 DAGs
[2023-04-27T23:30:27.078+0200] {logging_mixin.py:117} INFO - [2023-04-27T23:30:27.078+0200] {dag.py:3324} INFO - Setting next_dagrun for example_trigger_target_dag to None, run_after=None
[2023-04-27T23:30:27.084+0200] {processor.py:178} INFO - Processing /Users/brenda/miniconda3/envs/airflow/lib/python3.8/site-packages/airflow/example_dags/example_trigger_target_dag.py took 0.096 seconds
[2023-04-27T23:31:14.106+0200] {processor.py:156} INFO - Started process (PID=47945) to work on /Users/brenda/miniconda3/envs/airflow/lib/python3.8/site-packages/airflow/example_dags/example_trigger_target_dag.py
[2023-04-27T23:31:14.109+0200] {processor.py:758} INFO - Processing file /Users/brenda/miniconda3/envs/airflow/lib/python3.8/site-packages/airflow/example_dags/example_trigger_target_dag.py for tasks to queue
[2023-04-27T23:31:14.109+0200] {logging_mixin.py:117} INFO - [2023-04-27T23:31:14.109+0200] {dagbag.py:525} INFO - Filling up the DagBag from /Users/brenda/miniconda3/envs/airflow/lib/python3.8/site-packages/airflow/example_dags/example_trigger_target_dag.py
[2023-04-27T23:31:14.128+0200] {processor.py:768} INFO - DAG(s) dict_keys(['example_trigger_target_dag']) retrieved from /Users/brenda/miniconda3/envs/airflow/lib/python3.8/site-packages/airflow/example_dags/example_trigger_target_dag.py
[2023-04-27T23:31:14.188+0200] {logging_mixin.py:117} INFO - [2023-04-27T23:31:14.188+0200] {dag.py:2573} INFO - Sync 1 DAGs
[2023-04-27T23:31:14.193+0200] {logging_mixin.py:117} INFO - [2023-04-27T23:31:14.193+0200] {dag.py:3324} INFO - Setting next_dagrun for example_trigger_target_dag to None, run_after=None
[2023-04-27T23:31:14.199+0200] {processor.py:178} INFO - Processing /Users/brenda/miniconda3/envs/airflow/lib/python3.8/site-packages/airflow/example_dags/example_trigger_target_dag.py took 0.093 seconds
[2023-04-27T23:32:00.218+0200] {processor.py:156} INFO - Started process (PID=48029) to work on /Users/brenda/miniconda3/envs/airflow/lib/python3.8/site-packages/airflow/example_dags/example_trigger_target_dag.py
[2023-04-27T23:32:00.224+0200] {processor.py:758} INFO - Processing file /Users/brenda/miniconda3/envs/airflow/lib/python3.8/site-packages/airflow/example_dags/example_trigger_target_dag.py for tasks to queue
[2023-04-27T23:32:00.224+0200] {logging_mixin.py:117} INFO - [2023-04-27T23:32:00.224+0200] {dagbag.py:525} INFO - Filling up the DagBag from /Users/brenda/miniconda3/envs/airflow/lib/python3.8/site-packages/airflow/example_dags/example_trigger_target_dag.py
[2023-04-27T23:32:00.241+0200] {processor.py:768} INFO - DAG(s) dict_keys(['example_trigger_target_dag']) retrieved from /Users/brenda/miniconda3/envs/airflow/lib/python3.8/site-packages/airflow/example_dags/example_trigger_target_dag.py
[2023-04-27T23:32:00.305+0200] {logging_mixin.py:117} INFO - [2023-04-27T23:32:00.305+0200] {dag.py:2573} INFO - Sync 1 DAGs
[2023-04-27T23:32:00.311+0200] {logging_mixin.py:117} INFO - [2023-04-27T23:32:00.311+0200] {dag.py:3324} INFO - Setting next_dagrun for example_trigger_target_dag to None, run_after=None
[2023-04-27T23:32:00.317+0200] {processor.py:178} INFO - Processing /Users/brenda/miniconda3/envs/airflow/lib/python3.8/site-packages/airflow/example_dags/example_trigger_target_dag.py took 0.099 seconds
[2023-04-27T23:32:47.053+0200] {processor.py:156} INFO - Started process (PID=48105) to work on /Users/brenda/miniconda3/envs/airflow/lib/python3.8/site-packages/airflow/example_dags/example_trigger_target_dag.py
[2023-04-27T23:32:47.056+0200] {processor.py:758} INFO - Processing file /Users/brenda/miniconda3/envs/airflow/lib/python3.8/site-packages/airflow/example_dags/example_trigger_target_dag.py for tasks to queue
[2023-04-27T23:32:47.056+0200] {logging_mixin.py:117} INFO - [2023-04-27T23:32:47.056+0200] {dagbag.py:525} INFO - Filling up the DagBag from /Users/brenda/miniconda3/envs/airflow/lib/python3.8/site-packages/airflow/example_dags/example_trigger_target_dag.py
[2023-04-27T23:32:47.072+0200] {processor.py:768} INFO - DAG(s) dict_keys(['example_trigger_target_dag']) retrieved from /Users/brenda/miniconda3/envs/airflow/lib/python3.8/site-packages/airflow/example_dags/example_trigger_target_dag.py
[2023-04-27T23:32:47.135+0200] {logging_mixin.py:117} INFO - [2023-04-27T23:32:47.135+0200] {dag.py:2573} INFO - Sync 1 DAGs
[2023-04-27T23:32:47.142+0200] {logging_mixin.py:117} INFO - [2023-04-27T23:32:47.142+0200] {dag.py:3324} INFO - Setting next_dagrun for example_trigger_target_dag to None, run_after=None
[2023-04-27T23:32:47.148+0200] {processor.py:178} INFO - Processing /Users/brenda/miniconda3/envs/airflow/lib/python3.8/site-packages/airflow/example_dags/example_trigger_target_dag.py took 0.095 seconds
[2023-04-27T23:33:34.815+0200] {processor.py:156} INFO - Started process (PID=48181) to work on /Users/brenda/miniconda3/envs/airflow/lib/python3.8/site-packages/airflow/example_dags/example_trigger_target_dag.py
[2023-04-27T23:33:34.817+0200] {processor.py:758} INFO - Processing file /Users/brenda/miniconda3/envs/airflow/lib/python3.8/site-packages/airflow/example_dags/example_trigger_target_dag.py for tasks to queue
[2023-04-27T23:33:34.818+0200] {logging_mixin.py:117} INFO - [2023-04-27T23:33:34.817+0200] {dagbag.py:525} INFO - Filling up the DagBag from /Users/brenda/miniconda3/envs/airflow/lib/python3.8/site-packages/airflow/example_dags/example_trigger_target_dag.py
[2023-04-27T23:33:34.834+0200] {processor.py:768} INFO - DAG(s) dict_keys(['example_trigger_target_dag']) retrieved from /Users/brenda/miniconda3/envs/airflow/lib/python3.8/site-packages/airflow/example_dags/example_trigger_target_dag.py
[2023-04-27T23:33:34.897+0200] {logging_mixin.py:117} INFO - [2023-04-27T23:33:34.897+0200] {dag.py:2573} INFO - Sync 1 DAGs
[2023-04-27T23:33:34.903+0200] {logging_mixin.py:117} INFO - [2023-04-27T23:33:34.903+0200] {dag.py:3324} INFO - Setting next_dagrun for example_trigger_target_dag to None, run_after=None
[2023-04-27T23:33:34.909+0200] {processor.py:178} INFO - Processing /Users/brenda/miniconda3/envs/airflow/lib/python3.8/site-packages/airflow/example_dags/example_trigger_target_dag.py took 0.094 seconds
[2023-04-27T23:34:22.209+0200] {processor.py:156} INFO - Started process (PID=48257) to work on /Users/brenda/miniconda3/envs/airflow/lib/python3.8/site-packages/airflow/example_dags/example_trigger_target_dag.py
[2023-04-27T23:34:22.212+0200] {processor.py:758} INFO - Processing file /Users/brenda/miniconda3/envs/airflow/lib/python3.8/site-packages/airflow/example_dags/example_trigger_target_dag.py for tasks to queue
[2023-04-27T23:34:22.212+0200] {logging_mixin.py:117} INFO - [2023-04-27T23:34:22.212+0200] {dagbag.py:525} INFO - Filling up the DagBag from /Users/brenda/miniconda3/envs/airflow/lib/python3.8/site-packages/airflow/example_dags/example_trigger_target_dag.py
[2023-04-27T23:34:22.228+0200] {processor.py:768} INFO - DAG(s) dict_keys(['example_trigger_target_dag']) retrieved from /Users/brenda/miniconda3/envs/airflow/lib/python3.8/site-packages/airflow/example_dags/example_trigger_target_dag.py
[2023-04-27T23:34:22.289+0200] {logging_mixin.py:117} INFO - [2023-04-27T23:34:22.289+0200] {dag.py:2573} INFO - Sync 1 DAGs
[2023-04-27T23:34:22.295+0200] {logging_mixin.py:117} INFO - [2023-04-27T23:34:22.295+0200] {dag.py:3324} INFO - Setting next_dagrun for example_trigger_target_dag to None, run_after=None
[2023-04-27T23:34:22.300+0200] {processor.py:178} INFO - Processing /Users/brenda/miniconda3/envs/airflow/lib/python3.8/site-packages/airflow/example_dags/example_trigger_target_dag.py took 0.092 seconds
[2023-04-27T23:35:08.175+0200] {processor.py:156} INFO - Started process (PID=48333) to work on /Users/brenda/miniconda3/envs/airflow/lib/python3.8/site-packages/airflow/example_dags/example_trigger_target_dag.py
[2023-04-27T23:35:08.177+0200] {processor.py:758} INFO - Processing file /Users/brenda/miniconda3/envs/airflow/lib/python3.8/site-packages/airflow/example_dags/example_trigger_target_dag.py for tasks to queue
[2023-04-27T23:35:08.177+0200] {logging_mixin.py:117} INFO - [2023-04-27T23:35:08.177+0200] {dagbag.py:525} INFO - Filling up the DagBag from /Users/brenda/miniconda3/envs/airflow/lib/python3.8/site-packages/airflow/example_dags/example_trigger_target_dag.py
[2023-04-27T23:35:08.195+0200] {processor.py:768} INFO - DAG(s) dict_keys(['example_trigger_target_dag']) retrieved from /Users/brenda/miniconda3/envs/airflow/lib/python3.8/site-packages/airflow/example_dags/example_trigger_target_dag.py
[2023-04-27T23:35:08.260+0200] {logging_mixin.py:117} INFO - [2023-04-27T23:35:08.260+0200] {dag.py:2573} INFO - Sync 1 DAGs
[2023-04-27T23:35:08.267+0200] {logging_mixin.py:117} INFO - [2023-04-27T23:35:08.267+0200] {dag.py:3324} INFO - Setting next_dagrun for example_trigger_target_dag to None, run_after=None
[2023-04-27T23:35:08.278+0200] {processor.py:178} INFO - Processing /Users/brenda/miniconda3/envs/airflow/lib/python3.8/site-packages/airflow/example_dags/example_trigger_target_dag.py took 0.103 seconds
[2023-04-27T23:35:54.363+0200] {processor.py:156} INFO - Started process (PID=48413) to work on /Users/brenda/miniconda3/envs/airflow/lib/python3.8/site-packages/airflow/example_dags/example_trigger_target_dag.py
[2023-04-27T23:35:54.365+0200] {processor.py:758} INFO - Processing file /Users/brenda/miniconda3/envs/airflow/lib/python3.8/site-packages/airflow/example_dags/example_trigger_target_dag.py for tasks to queue
[2023-04-27T23:35:54.365+0200] {logging_mixin.py:117} INFO - [2023-04-27T23:35:54.365+0200] {dagbag.py:525} INFO - Filling up the DagBag from /Users/brenda/miniconda3/envs/airflow/lib/python3.8/site-packages/airflow/example_dags/example_trigger_target_dag.py
[2023-04-27T23:35:54.381+0200] {processor.py:768} INFO - DAG(s) dict_keys(['example_trigger_target_dag']) retrieved from /Users/brenda/miniconda3/envs/airflow/lib/python3.8/site-packages/airflow/example_dags/example_trigger_target_dag.py
[2023-04-27T23:35:54.438+0200] {logging_mixin.py:117} INFO - [2023-04-27T23:35:54.438+0200] {dag.py:2573} INFO - Sync 1 DAGs
[2023-04-27T23:35:54.444+0200] {logging_mixin.py:117} INFO - [2023-04-27T23:35:54.443+0200] {dag.py:3324} INFO - Setting next_dagrun for example_trigger_target_dag to None, run_after=None
[2023-04-27T23:35:54.449+0200] {processor.py:178} INFO - Processing /Users/brenda/miniconda3/envs/airflow/lib/python3.8/site-packages/airflow/example_dags/example_trigger_target_dag.py took 0.087 seconds
[2023-04-27T23:36:40.930+0200] {processor.py:156} INFO - Started process (PID=48502) to work on /Users/brenda/miniconda3/envs/airflow/lib/python3.8/site-packages/airflow/example_dags/example_trigger_target_dag.py
[2023-04-27T23:36:40.932+0200] {processor.py:758} INFO - Processing file /Users/brenda/miniconda3/envs/airflow/lib/python3.8/site-packages/airflow/example_dags/example_trigger_target_dag.py for tasks to queue
[2023-04-27T23:36:40.932+0200] {logging_mixin.py:117} INFO - [2023-04-27T23:36:40.932+0200] {dagbag.py:525} INFO - Filling up the DagBag from /Users/brenda/miniconda3/envs/airflow/lib/python3.8/site-packages/airflow/example_dags/example_trigger_target_dag.py
[2023-04-27T23:36:40.949+0200] {processor.py:768} INFO - DAG(s) dict_keys(['example_trigger_target_dag']) retrieved from /Users/brenda/miniconda3/envs/airflow/lib/python3.8/site-packages/airflow/example_dags/example_trigger_target_dag.py
[2023-04-27T23:36:41.011+0200] {logging_mixin.py:117} INFO - [2023-04-27T23:36:41.011+0200] {dag.py:2573} INFO - Sync 1 DAGs
[2023-04-27T23:36:41.017+0200] {logging_mixin.py:117} INFO - [2023-04-27T23:36:41.017+0200] {dag.py:3324} INFO - Setting next_dagrun for example_trigger_target_dag to None, run_after=None
[2023-04-27T23:36:41.023+0200] {processor.py:178} INFO - Processing /Users/brenda/miniconda3/envs/airflow/lib/python3.8/site-packages/airflow/example_dags/example_trigger_target_dag.py took 0.094 seconds
[2023-04-27T23:37:26.036+0200] {processor.py:156} INFO - Started process (PID=48579) to work on /Users/brenda/miniconda3/envs/airflow/lib/python3.8/site-packages/airflow/example_dags/example_trigger_target_dag.py
[2023-04-27T23:37:26.038+0200] {processor.py:758} INFO - Processing file /Users/brenda/miniconda3/envs/airflow/lib/python3.8/site-packages/airflow/example_dags/example_trigger_target_dag.py for tasks to queue
[2023-04-27T23:37:26.038+0200] {logging_mixin.py:117} INFO - [2023-04-27T23:37:26.038+0200] {dagbag.py:525} INFO - Filling up the DagBag from /Users/brenda/miniconda3/envs/airflow/lib/python3.8/site-packages/airflow/example_dags/example_trigger_target_dag.py
[2023-04-27T23:37:26.055+0200] {processor.py:768} INFO - DAG(s) dict_keys(['example_trigger_target_dag']) retrieved from /Users/brenda/miniconda3/envs/airflow/lib/python3.8/site-packages/airflow/example_dags/example_trigger_target_dag.py
[2023-04-27T23:37:26.121+0200] {logging_mixin.py:117} INFO - [2023-04-27T23:37:26.121+0200] {dag.py:2573} INFO - Sync 1 DAGs
[2023-04-27T23:37:26.128+0200] {logging_mixin.py:117} INFO - [2023-04-27T23:37:26.127+0200] {dag.py:3324} INFO - Setting next_dagrun for example_trigger_target_dag to None, run_after=None
[2023-04-27T23:37:26.134+0200] {processor.py:178} INFO - Processing /Users/brenda/miniconda3/envs/airflow/lib/python3.8/site-packages/airflow/example_dags/example_trigger_target_dag.py took 0.098 seconds
[2023-04-27T23:38:13.141+0200] {processor.py:156} INFO - Started process (PID=48655) to work on /Users/brenda/miniconda3/envs/airflow/lib/python3.8/site-packages/airflow/example_dags/example_trigger_target_dag.py
[2023-04-27T23:38:13.143+0200] {processor.py:758} INFO - Processing file /Users/brenda/miniconda3/envs/airflow/lib/python3.8/site-packages/airflow/example_dags/example_trigger_target_dag.py for tasks to queue
[2023-04-27T23:38:13.143+0200] {logging_mixin.py:117} INFO - [2023-04-27T23:38:13.143+0200] {dagbag.py:525} INFO - Filling up the DagBag from /Users/brenda/miniconda3/envs/airflow/lib/python3.8/site-packages/airflow/example_dags/example_trigger_target_dag.py
[2023-04-27T23:38:13.164+0200] {processor.py:768} INFO - DAG(s) dict_keys(['example_trigger_target_dag']) retrieved from /Users/brenda/miniconda3/envs/airflow/lib/python3.8/site-packages/airflow/example_dags/example_trigger_target_dag.py
[2023-04-27T23:38:13.222+0200] {logging_mixin.py:117} INFO - [2023-04-27T23:38:13.222+0200] {dag.py:2573} INFO - Sync 1 DAGs
[2023-04-27T23:38:13.230+0200] {logging_mixin.py:117} INFO - [2023-04-27T23:38:13.230+0200] {dag.py:3324} INFO - Setting next_dagrun for example_trigger_target_dag to None, run_after=None
[2023-04-27T23:38:13.236+0200] {processor.py:178} INFO - Processing /Users/brenda/miniconda3/envs/airflow/lib/python3.8/site-packages/airflow/example_dags/example_trigger_target_dag.py took 0.096 seconds
[2023-04-27T23:38:58.954+0200] {processor.py:156} INFO - Started process (PID=48735) to work on /Users/brenda/miniconda3/envs/airflow/lib/python3.8/site-packages/airflow/example_dags/example_trigger_target_dag.py
[2023-04-27T23:38:58.956+0200] {processor.py:758} INFO - Processing file /Users/brenda/miniconda3/envs/airflow/lib/python3.8/site-packages/airflow/example_dags/example_trigger_target_dag.py for tasks to queue
[2023-04-27T23:38:58.957+0200] {logging_mixin.py:117} INFO - [2023-04-27T23:38:58.957+0200] {dagbag.py:525} INFO - Filling up the DagBag from /Users/brenda/miniconda3/envs/airflow/lib/python3.8/site-packages/airflow/example_dags/example_trigger_target_dag.py
[2023-04-27T23:38:58.973+0200] {processor.py:768} INFO - DAG(s) dict_keys(['example_trigger_target_dag']) retrieved from /Users/brenda/miniconda3/envs/airflow/lib/python3.8/site-packages/airflow/example_dags/example_trigger_target_dag.py
[2023-04-27T23:38:59.030+0200] {logging_mixin.py:117} INFO - [2023-04-27T23:38:59.030+0200] {dag.py:2573} INFO - Sync 1 DAGs
[2023-04-27T23:38:59.036+0200] {logging_mixin.py:117} INFO - [2023-04-27T23:38:59.036+0200] {dag.py:3324} INFO - Setting next_dagrun for example_trigger_target_dag to None, run_after=None
[2023-04-27T23:38:59.042+0200] {processor.py:178} INFO - Processing /Users/brenda/miniconda3/envs/airflow/lib/python3.8/site-packages/airflow/example_dags/example_trigger_target_dag.py took 0.088 seconds
[2023-04-28T01:22:33.432+0200] {processor.py:156} INFO - Started process (PID=48881) to work on /Users/brenda/miniconda3/envs/airflow/lib/python3.8/site-packages/airflow/example_dags/example_trigger_target_dag.py
[2023-04-28T01:22:33.436+0200] {processor.py:758} INFO - Processing file /Users/brenda/miniconda3/envs/airflow/lib/python3.8/site-packages/airflow/example_dags/example_trigger_target_dag.py for tasks to queue
[2023-04-28T01:22:33.436+0200] {logging_mixin.py:117} INFO - [2023-04-28T01:22:33.436+0200] {dagbag.py:525} INFO - Filling up the DagBag from /Users/brenda/miniconda3/envs/airflow/lib/python3.8/site-packages/airflow/example_dags/example_trigger_target_dag.py
[2023-04-28T01:22:33.464+0200] {processor.py:768} INFO - DAG(s) dict_keys(['example_trigger_target_dag']) retrieved from /Users/brenda/miniconda3/envs/airflow/lib/python3.8/site-packages/airflow/example_dags/example_trigger_target_dag.py
[2023-04-28T01:22:33.567+0200] {logging_mixin.py:117} INFO - [2023-04-28T01:22:33.567+0200] {dag.py:2573} INFO - Sync 1 DAGs
[2023-04-28T01:22:33.577+0200] {logging_mixin.py:117} INFO - [2023-04-28T01:22:33.577+0200] {dag.py:3324} INFO - Setting next_dagrun for example_trigger_target_dag to None, run_after=None
[2023-04-28T01:22:33.587+0200] {processor.py:178} INFO - Processing /Users/brenda/miniconda3/envs/airflow/lib/python3.8/site-packages/airflow/example_dags/example_trigger_target_dag.py took 0.156 seconds
