[2023-04-27T22:48:43.655+0200] {processor.py:153} INFO - Started process (PID=44582) to work on /Users/brenda/miniconda3/envs/airflow/lib/python3.8/site-packages/airflow/example_dags/example_task_group.py
[2023-04-27T22:48:43.658+0200] {processor.py:743} INFO - Processing file /Users/brenda/miniconda3/envs/airflow/lib/python3.8/site-packages/airflow/example_dags/example_task_group.py for tasks to queue
[2023-04-27T22:48:43.659+0200] {logging_mixin.py:137} INFO - [2023-04-27T22:48:43.659+0200] {dagbag.py:532} INFO - Filling up the DagBag from /Users/brenda/miniconda3/envs/airflow/lib/python3.8/site-packages/airflow/example_dags/example_task_group.py
[2023-04-27T22:48:43.679+0200] {processor.py:753} INFO - DAG(s) dict_keys(['example_task_group']) retrieved from /Users/brenda/miniconda3/envs/airflow/lib/python3.8/site-packages/airflow/example_dags/example_task_group.py
[2023-04-27T22:48:44.138+0200] {logging_mixin.py:137} INFO - [2023-04-27T22:48:44.138+0200] {manager.py:504} INFO - Created Permission View: can delete on DAG:example_task_group
[2023-04-27T22:48:44.142+0200] {logging_mixin.py:137} INFO - [2023-04-27T22:48:44.142+0200] {manager.py:504} INFO - Created Permission View: can read on DAG:example_task_group
[2023-04-27T22:48:44.145+0200] {logging_mixin.py:137} INFO - [2023-04-27T22:48:44.145+0200] {manager.py:504} INFO - Created Permission View: can edit on DAG:example_task_group
[2023-04-27T22:48:44.145+0200] {logging_mixin.py:137} INFO - [2023-04-27T22:48:44.145+0200] {dag.py:2705} INFO - Sync 1 DAGs
[2023-04-27T22:48:44.151+0200] {logging_mixin.py:137} INFO - [2023-04-27T22:48:44.151+0200] {dag.py:2726} INFO - Creating ORM DAG for example_task_group
[2023-04-27T22:48:44.156+0200] {logging_mixin.py:137} INFO - [2023-04-27T22:48:44.156+0200] {dag.py:3452} INFO - Setting next_dagrun for example_task_group to 2023-04-26T20:48:44.155933+00:00, run_after=2023-04-27T20:48:44.155933+00:00
[2023-04-27T22:48:44.165+0200] {processor.py:175} INFO - Processing /Users/brenda/miniconda3/envs/airflow/lib/python3.8/site-packages/airflow/example_dags/example_task_group.py took 0.511 seconds
[2023-04-27T22:59:44.389+0200] {processor.py:156} INFO - Started process (PID=46127) to work on /Users/brenda/miniconda3/envs/airflow/lib/python3.8/site-packages/airflow/example_dags/example_task_group.py
[2023-04-27T22:59:44.392+0200] {processor.py:758} INFO - Processing file /Users/brenda/miniconda3/envs/airflow/lib/python3.8/site-packages/airflow/example_dags/example_task_group.py for tasks to queue
[2023-04-27T22:59:44.392+0200] {logging_mixin.py:117} INFO - [2023-04-27T22:59:44.392+0200] {dagbag.py:525} INFO - Filling up the DagBag from /Users/brenda/miniconda3/envs/airflow/lib/python3.8/site-packages/airflow/example_dags/example_task_group.py
[2023-04-27T22:59:44.409+0200] {processor.py:768} INFO - DAG(s) dict_keys(['example_task_group']) retrieved from /Users/brenda/miniconda3/envs/airflow/lib/python3.8/site-packages/airflow/example_dags/example_task_group.py
[2023-04-27T22:59:44.436+0200] {logging_mixin.py:117} INFO - [2023-04-27T22:59:44.436+0200] {dag.py:2573} INFO - Sync 1 DAGs
[2023-04-27T22:59:44.505+0200] {logging_mixin.py:117} INFO - [2023-04-27T22:59:44.505+0200] {dag.py:3324} INFO - Setting next_dagrun for example_task_group to 2023-04-26T20:59:44.505373+00:00, run_after=2023-04-27T20:59:44.505373+00:00
[2023-04-27T22:59:44.516+0200] {processor.py:178} INFO - Processing /Users/brenda/miniconda3/envs/airflow/lib/python3.8/site-packages/airflow/example_dags/example_task_group.py took 0.128 seconds
[2023-04-27T23:00:38.366+0200] {processor.py:156} INFO - Started process (PID=46218) to work on /Users/brenda/miniconda3/envs/airflow/lib/python3.8/site-packages/airflow/example_dags/example_task_group.py
[2023-04-27T23:00:38.370+0200] {processor.py:758} INFO - Processing file /Users/brenda/miniconda3/envs/airflow/lib/python3.8/site-packages/airflow/example_dags/example_task_group.py for tasks to queue
[2023-04-27T23:00:38.370+0200] {logging_mixin.py:117} INFO - [2023-04-27T23:00:38.370+0200] {dagbag.py:525} INFO - Filling up the DagBag from /Users/brenda/miniconda3/envs/airflow/lib/python3.8/site-packages/airflow/example_dags/example_task_group.py
[2023-04-27T23:00:38.387+0200] {processor.py:768} INFO - DAG(s) dict_keys(['example_task_group']) retrieved from /Users/brenda/miniconda3/envs/airflow/lib/python3.8/site-packages/airflow/example_dags/example_task_group.py
[2023-04-27T23:00:38.510+0200] {logging_mixin.py:117} INFO - [2023-04-27T23:00:38.510+0200] {dag.py:2573} INFO - Sync 1 DAGs
[2023-04-27T23:00:38.520+0200] {logging_mixin.py:117} INFO - [2023-04-27T23:00:38.520+0200] {dag.py:3324} INFO - Setting next_dagrun for example_task_group to 2023-04-26T21:00:38.520158+00:00, run_after=2023-04-27T21:00:38.520158+00:00
[2023-04-27T23:00:38.531+0200] {processor.py:178} INFO - Processing /Users/brenda/miniconda3/envs/airflow/lib/python3.8/site-packages/airflow/example_dags/example_task_group.py took 0.165 seconds
[2023-04-27T23:01:33.991+0200] {processor.py:156} INFO - Started process (PID=46316) to work on /Users/brenda/miniconda3/envs/airflow/lib/python3.8/site-packages/airflow/example_dags/example_task_group.py
[2023-04-27T23:01:33.995+0200] {processor.py:758} INFO - Processing file /Users/brenda/miniconda3/envs/airflow/lib/python3.8/site-packages/airflow/example_dags/example_task_group.py for tasks to queue
[2023-04-27T23:01:33.995+0200] {logging_mixin.py:117} INFO - [2023-04-27T23:01:33.995+0200] {dagbag.py:525} INFO - Filling up the DagBag from /Users/brenda/miniconda3/envs/airflow/lib/python3.8/site-packages/airflow/example_dags/example_task_group.py
[2023-04-27T23:01:34.011+0200] {processor.py:768} INFO - DAG(s) dict_keys(['example_task_group']) retrieved from /Users/brenda/miniconda3/envs/airflow/lib/python3.8/site-packages/airflow/example_dags/example_task_group.py
[2023-04-27T23:01:34.119+0200] {logging_mixin.py:117} INFO - [2023-04-27T23:01:34.119+0200] {dag.py:2573} INFO - Sync 1 DAGs
[2023-04-27T23:01:34.129+0200] {logging_mixin.py:117} INFO - [2023-04-27T23:01:34.129+0200] {dag.py:3324} INFO - Setting next_dagrun for example_task_group to 2023-04-26T21:01:34.129319+00:00, run_after=2023-04-27T21:01:34.129319+00:00
[2023-04-27T23:01:34.139+0200] {processor.py:178} INFO - Processing /Users/brenda/miniconda3/envs/airflow/lib/python3.8/site-packages/airflow/example_dags/example_task_group.py took 0.148 seconds
[2023-04-27T23:02:26.681+0200] {processor.py:156} INFO - Started process (PID=46454) to work on /Users/brenda/miniconda3/envs/airflow/lib/python3.8/site-packages/airflow/example_dags/example_task_group.py
[2023-04-27T23:02:26.685+0200] {processor.py:758} INFO - Processing file /Users/brenda/miniconda3/envs/airflow/lib/python3.8/site-packages/airflow/example_dags/example_task_group.py for tasks to queue
[2023-04-27T23:02:26.685+0200] {logging_mixin.py:117} INFO - [2023-04-27T23:02:26.685+0200] {dagbag.py:525} INFO - Filling up the DagBag from /Users/brenda/miniconda3/envs/airflow/lib/python3.8/site-packages/airflow/example_dags/example_task_group.py
[2023-04-27T23:02:26.702+0200] {processor.py:768} INFO - DAG(s) dict_keys(['example_task_group']) retrieved from /Users/brenda/miniconda3/envs/airflow/lib/python3.8/site-packages/airflow/example_dags/example_task_group.py
[2023-04-27T23:02:26.821+0200] {logging_mixin.py:117} INFO - [2023-04-27T23:02:26.821+0200] {dag.py:2573} INFO - Sync 1 DAGs
[2023-04-27T23:02:26.831+0200] {logging_mixin.py:117} INFO - [2023-04-27T23:02:26.831+0200] {dag.py:3324} INFO - Setting next_dagrun for example_task_group to 2023-04-26T21:02:26.831472+00:00, run_after=2023-04-27T21:02:26.831472+00:00
[2023-04-27T23:02:26.842+0200] {processor.py:178} INFO - Processing /Users/brenda/miniconda3/envs/airflow/lib/python3.8/site-packages/airflow/example_dags/example_task_group.py took 0.161 seconds
[2023-04-27T23:03:21.735+0200] {processor.py:156} INFO - Started process (PID=46529) to work on /Users/brenda/miniconda3/envs/airflow/lib/python3.8/site-packages/airflow/example_dags/example_task_group.py
[2023-04-27T23:03:21.739+0200] {processor.py:758} INFO - Processing file /Users/brenda/miniconda3/envs/airflow/lib/python3.8/site-packages/airflow/example_dags/example_task_group.py for tasks to queue
[2023-04-27T23:03:21.739+0200] {logging_mixin.py:117} INFO - [2023-04-27T23:03:21.739+0200] {dagbag.py:525} INFO - Filling up the DagBag from /Users/brenda/miniconda3/envs/airflow/lib/python3.8/site-packages/airflow/example_dags/example_task_group.py
[2023-04-27T23:03:21.760+0200] {processor.py:768} INFO - DAG(s) dict_keys(['example_task_group']) retrieved from /Users/brenda/miniconda3/envs/airflow/lib/python3.8/site-packages/airflow/example_dags/example_task_group.py
[2023-04-27T23:03:21.883+0200] {logging_mixin.py:117} INFO - [2023-04-27T23:03:21.883+0200] {dag.py:2573} INFO - Sync 1 DAGs
[2023-04-27T23:03:21.893+0200] {logging_mixin.py:117} INFO - [2023-04-27T23:03:21.892+0200] {dag.py:3324} INFO - Setting next_dagrun for example_task_group to 2023-04-26T21:03:21.892877+00:00, run_after=2023-04-27T21:03:21.892877+00:00
[2023-04-27T23:03:21.903+0200] {processor.py:178} INFO - Processing /Users/brenda/miniconda3/envs/airflow/lib/python3.8/site-packages/airflow/example_dags/example_task_group.py took 0.169 seconds
[2023-04-27T23:04:14.194+0200] {processor.py:156} INFO - Started process (PID=46601) to work on /Users/brenda/miniconda3/envs/airflow/lib/python3.8/site-packages/airflow/example_dags/example_task_group.py
[2023-04-27T23:04:14.198+0200] {processor.py:758} INFO - Processing file /Users/brenda/miniconda3/envs/airflow/lib/python3.8/site-packages/airflow/example_dags/example_task_group.py for tasks to queue
[2023-04-27T23:04:14.198+0200] {logging_mixin.py:117} INFO - [2023-04-27T23:04:14.198+0200] {dagbag.py:525} INFO - Filling up the DagBag from /Users/brenda/miniconda3/envs/airflow/lib/python3.8/site-packages/airflow/example_dags/example_task_group.py
[2023-04-27T23:04:14.214+0200] {processor.py:768} INFO - DAG(s) dict_keys(['example_task_group']) retrieved from /Users/brenda/miniconda3/envs/airflow/lib/python3.8/site-packages/airflow/example_dags/example_task_group.py
[2023-04-27T23:04:14.323+0200] {logging_mixin.py:117} INFO - [2023-04-27T23:04:14.323+0200] {dag.py:2573} INFO - Sync 1 DAGs
[2023-04-27T23:04:14.333+0200] {logging_mixin.py:117} INFO - [2023-04-27T23:04:14.333+0200] {dag.py:3324} INFO - Setting next_dagrun for example_task_group to 2023-04-26T21:04:14.333370+00:00, run_after=2023-04-27T21:04:14.333370+00:00
[2023-04-27T23:04:14.343+0200] {processor.py:178} INFO - Processing /Users/brenda/miniconda3/envs/airflow/lib/python3.8/site-packages/airflow/example_dags/example_task_group.py took 0.149 seconds
[2023-04-27T23:05:09.226+0200] {processor.py:156} INFO - Started process (PID=46716) to work on /Users/brenda/miniconda3/envs/airflow/lib/python3.8/site-packages/airflow/example_dags/example_task_group.py
[2023-04-27T23:05:09.229+0200] {processor.py:758} INFO - Processing file /Users/brenda/miniconda3/envs/airflow/lib/python3.8/site-packages/airflow/example_dags/example_task_group.py for tasks to queue
[2023-04-27T23:05:09.230+0200] {logging_mixin.py:117} INFO - [2023-04-27T23:05:09.230+0200] {dagbag.py:525} INFO - Filling up the DagBag from /Users/brenda/miniconda3/envs/airflow/lib/python3.8/site-packages/airflow/example_dags/example_task_group.py
[2023-04-27T23:05:09.255+0200] {processor.py:768} INFO - DAG(s) dict_keys(['example_task_group']) retrieved from /Users/brenda/miniconda3/envs/airflow/lib/python3.8/site-packages/airflow/example_dags/example_task_group.py
[2023-04-27T23:05:09.381+0200] {logging_mixin.py:117} INFO - [2023-04-27T23:05:09.381+0200] {dag.py:2573} INFO - Sync 1 DAGs
[2023-04-27T23:05:09.394+0200] {logging_mixin.py:117} INFO - [2023-04-27T23:05:09.393+0200] {dag.py:3324} INFO - Setting next_dagrun for example_task_group to 2023-04-26T21:05:09.393848+00:00, run_after=2023-04-27T21:05:09.393848+00:00
[2023-04-27T23:05:09.406+0200] {processor.py:178} INFO - Processing /Users/brenda/miniconda3/envs/airflow/lib/python3.8/site-packages/airflow/example_dags/example_task_group.py took 0.181 seconds
[2023-04-27T23:06:14.974+0200] {processor.py:156} INFO - Started process (PID=46910) to work on /Users/brenda/miniconda3/envs/airflow/lib/python3.8/site-packages/airflow/example_dags/example_task_group.py
[2023-04-27T23:06:14.978+0200] {processor.py:758} INFO - Processing file /Users/brenda/miniconda3/envs/airflow/lib/python3.8/site-packages/airflow/example_dags/example_task_group.py for tasks to queue
[2023-04-27T23:06:14.978+0200] {logging_mixin.py:117} INFO - [2023-04-27T23:06:14.978+0200] {dagbag.py:525} INFO - Filling up the DagBag from /Users/brenda/miniconda3/envs/airflow/lib/python3.8/site-packages/airflow/example_dags/example_task_group.py
[2023-04-27T23:06:14.994+0200] {processor.py:768} INFO - DAG(s) dict_keys(['example_task_group']) retrieved from /Users/brenda/miniconda3/envs/airflow/lib/python3.8/site-packages/airflow/example_dags/example_task_group.py
[2023-04-27T23:06:15.104+0200] {logging_mixin.py:117} INFO - [2023-04-27T23:06:15.103+0200] {dag.py:2573} INFO - Sync 1 DAGs
[2023-04-27T23:06:15.113+0200] {logging_mixin.py:117} INFO - [2023-04-27T23:06:15.113+0200] {dag.py:3324} INFO - Setting next_dagrun for example_task_group to 2023-04-26T21:06:15.113736+00:00, run_after=2023-04-27T21:06:15.113736+00:00
[2023-04-27T23:06:15.124+0200] {processor.py:178} INFO - Processing /Users/brenda/miniconda3/envs/airflow/lib/python3.8/site-packages/airflow/example_dags/example_task_group.py took 0.150 seconds
[2023-04-27T23:07:06.773+0200] {processor.py:156} INFO - Started process (PID=47037) to work on /Users/brenda/miniconda3/envs/airflow/lib/python3.8/site-packages/airflow/example_dags/example_task_group.py
[2023-04-27T23:07:06.777+0200] {processor.py:758} INFO - Processing file /Users/brenda/miniconda3/envs/airflow/lib/python3.8/site-packages/airflow/example_dags/example_task_group.py for tasks to queue
[2023-04-27T23:07:06.777+0200] {logging_mixin.py:117} INFO - [2023-04-27T23:07:06.777+0200] {dagbag.py:525} INFO - Filling up the DagBag from /Users/brenda/miniconda3/envs/airflow/lib/python3.8/site-packages/airflow/example_dags/example_task_group.py
[2023-04-27T23:07:06.793+0200] {processor.py:768} INFO - DAG(s) dict_keys(['example_task_group']) retrieved from /Users/brenda/miniconda3/envs/airflow/lib/python3.8/site-packages/airflow/example_dags/example_task_group.py
[2023-04-27T23:07:06.903+0200] {logging_mixin.py:117} INFO - [2023-04-27T23:07:06.903+0200] {dag.py:2573} INFO - Sync 1 DAGs
[2023-04-27T23:07:06.913+0200] {logging_mixin.py:117} INFO - [2023-04-27T23:07:06.913+0200] {dag.py:3324} INFO - Setting next_dagrun for example_task_group to 2023-04-26T21:07:06.913042+00:00, run_after=2023-04-27T21:07:06.913042+00:00
[2023-04-27T23:07:06.923+0200] {processor.py:178} INFO - Processing /Users/brenda/miniconda3/envs/airflow/lib/python3.8/site-packages/airflow/example_dags/example_task_group.py took 0.151 seconds
[2023-04-27T23:08:02.749+0200] {processor.py:156} INFO - Started process (PID=47134) to work on /Users/brenda/miniconda3/envs/airflow/lib/python3.8/site-packages/airflow/example_dags/example_task_group.py
[2023-04-27T23:08:02.752+0200] {processor.py:758} INFO - Processing file /Users/brenda/miniconda3/envs/airflow/lib/python3.8/site-packages/airflow/example_dags/example_task_group.py for tasks to queue
[2023-04-27T23:08:02.753+0200] {logging_mixin.py:117} INFO - [2023-04-27T23:08:02.753+0200] {dagbag.py:525} INFO - Filling up the DagBag from /Users/brenda/miniconda3/envs/airflow/lib/python3.8/site-packages/airflow/example_dags/example_task_group.py
[2023-04-27T23:08:02.774+0200] {processor.py:768} INFO - DAG(s) dict_keys(['example_task_group']) retrieved from /Users/brenda/miniconda3/envs/airflow/lib/python3.8/site-packages/airflow/example_dags/example_task_group.py
[2023-04-27T23:08:02.901+0200] {logging_mixin.py:117} INFO - [2023-04-27T23:08:02.901+0200] {dag.py:2573} INFO - Sync 1 DAGs
[2023-04-27T23:08:02.911+0200] {logging_mixin.py:117} INFO - [2023-04-27T23:08:02.911+0200] {dag.py:3324} INFO - Setting next_dagrun for example_task_group to 2023-04-26T21:08:02.911341+00:00, run_after=2023-04-27T21:08:02.911341+00:00
[2023-04-27T23:08:02.922+0200] {processor.py:178} INFO - Processing /Users/brenda/miniconda3/envs/airflow/lib/python3.8/site-packages/airflow/example_dags/example_task_group.py took 0.174 seconds
[2023-04-27T23:08:59.195+0200] {processor.py:156} INFO - Started process (PID=47226) to work on /Users/brenda/miniconda3/envs/airflow/lib/python3.8/site-packages/airflow/example_dags/example_task_group.py
[2023-04-27T23:08:59.198+0200] {processor.py:758} INFO - Processing file /Users/brenda/miniconda3/envs/airflow/lib/python3.8/site-packages/airflow/example_dags/example_task_group.py for tasks to queue
[2023-04-27T23:08:59.198+0200] {logging_mixin.py:117} INFO - [2023-04-27T23:08:59.198+0200] {dagbag.py:525} INFO - Filling up the DagBag from /Users/brenda/miniconda3/envs/airflow/lib/python3.8/site-packages/airflow/example_dags/example_task_group.py
[2023-04-27T23:08:59.214+0200] {processor.py:768} INFO - DAG(s) dict_keys(['example_task_group']) retrieved from /Users/brenda/miniconda3/envs/airflow/lib/python3.8/site-packages/airflow/example_dags/example_task_group.py
[2023-04-27T23:08:59.323+0200] {logging_mixin.py:117} INFO - [2023-04-27T23:08:59.323+0200] {dag.py:2573} INFO - Sync 1 DAGs
[2023-04-27T23:08:59.333+0200] {logging_mixin.py:117} INFO - [2023-04-27T23:08:59.333+0200] {dag.py:3324} INFO - Setting next_dagrun for example_task_group to 2023-04-26T21:08:59.333455+00:00, run_after=2023-04-27T21:08:59.333455+00:00
[2023-04-27T23:08:59.344+0200] {processor.py:178} INFO - Processing /Users/brenda/miniconda3/envs/airflow/lib/python3.8/site-packages/airflow/example_dags/example_task_group.py took 0.149 seconds
[2023-04-27T23:09:56.032+0200] {processor.py:156} INFO - Started process (PID=47315) to work on /Users/brenda/miniconda3/envs/airflow/lib/python3.8/site-packages/airflow/example_dags/example_task_group.py
[2023-04-27T23:09:56.036+0200] {processor.py:758} INFO - Processing file /Users/brenda/miniconda3/envs/airflow/lib/python3.8/site-packages/airflow/example_dags/example_task_group.py for tasks to queue
[2023-04-27T23:09:56.037+0200] {logging_mixin.py:117} INFO - [2023-04-27T23:09:56.037+0200] {dagbag.py:525} INFO - Filling up the DagBag from /Users/brenda/miniconda3/envs/airflow/lib/python3.8/site-packages/airflow/example_dags/example_task_group.py
[2023-04-27T23:09:56.053+0200] {processor.py:768} INFO - DAG(s) dict_keys(['example_task_group']) retrieved from /Users/brenda/miniconda3/envs/airflow/lib/python3.8/site-packages/airflow/example_dags/example_task_group.py
[2023-04-27T23:09:56.162+0200] {logging_mixin.py:117} INFO - [2023-04-27T23:09:56.162+0200] {dag.py:2573} INFO - Sync 1 DAGs
[2023-04-27T23:09:56.172+0200] {logging_mixin.py:117} INFO - [2023-04-27T23:09:56.172+0200] {dag.py:3324} INFO - Setting next_dagrun for example_task_group to 2023-04-26T21:09:56.172020+00:00, run_after=2023-04-27T21:09:56.172020+00:00
[2023-04-27T23:09:56.182+0200] {processor.py:178} INFO - Processing /Users/brenda/miniconda3/envs/airflow/lib/python3.8/site-packages/airflow/example_dags/example_task_group.py took 0.150 seconds
[2023-04-27T23:10:50.737+0200] {processor.py:156} INFO - Started process (PID=47409) to work on /Users/brenda/miniconda3/envs/airflow/lib/python3.8/site-packages/airflow/example_dags/example_task_group.py
[2023-04-27T23:10:50.740+0200] {processor.py:758} INFO - Processing file /Users/brenda/miniconda3/envs/airflow/lib/python3.8/site-packages/airflow/example_dags/example_task_group.py for tasks to queue
[2023-04-27T23:10:50.741+0200] {logging_mixin.py:117} INFO - [2023-04-27T23:10:50.741+0200] {dagbag.py:525} INFO - Filling up the DagBag from /Users/brenda/miniconda3/envs/airflow/lib/python3.8/site-packages/airflow/example_dags/example_task_group.py
[2023-04-27T23:10:50.757+0200] {processor.py:768} INFO - DAG(s) dict_keys(['example_task_group']) retrieved from /Users/brenda/miniconda3/envs/airflow/lib/python3.8/site-packages/airflow/example_dags/example_task_group.py
[2023-04-27T23:10:50.864+0200] {logging_mixin.py:117} INFO - [2023-04-27T23:10:50.864+0200] {dag.py:2573} INFO - Sync 1 DAGs
[2023-04-27T23:10:50.874+0200] {logging_mixin.py:117} INFO - [2023-04-27T23:10:50.874+0200] {dag.py:3324} INFO - Setting next_dagrun for example_task_group to 2023-04-26T21:10:50.874287+00:00, run_after=2023-04-27T21:10:50.874287+00:00
[2023-04-27T23:10:50.884+0200] {processor.py:178} INFO - Processing /Users/brenda/miniconda3/envs/airflow/lib/python3.8/site-packages/airflow/example_dags/example_task_group.py took 0.148 seconds
[2023-04-27T23:11:46.269+0200] {processor.py:156} INFO - Started process (PID=47487) to work on /Users/brenda/miniconda3/envs/airflow/lib/python3.8/site-packages/airflow/example_dags/example_task_group.py
[2023-04-27T23:11:46.288+0200] {processor.py:758} INFO - Processing file /Users/brenda/miniconda3/envs/airflow/lib/python3.8/site-packages/airflow/example_dags/example_task_group.py for tasks to queue
[2023-04-27T23:11:46.288+0200] {logging_mixin.py:117} INFO - [2023-04-27T23:11:46.288+0200] {dagbag.py:525} INFO - Filling up the DagBag from /Users/brenda/miniconda3/envs/airflow/lib/python3.8/site-packages/airflow/example_dags/example_task_group.py
[2023-04-27T23:11:46.305+0200] {processor.py:768} INFO - DAG(s) dict_keys(['example_task_group']) retrieved from /Users/brenda/miniconda3/envs/airflow/lib/python3.8/site-packages/airflow/example_dags/example_task_group.py
[2023-04-27T23:11:46.414+0200] {logging_mixin.py:117} INFO - [2023-04-27T23:11:46.414+0200] {dag.py:2573} INFO - Sync 1 DAGs
[2023-04-27T23:11:46.423+0200] {logging_mixin.py:117} INFO - [2023-04-27T23:11:46.423+0200] {dag.py:3324} INFO - Setting next_dagrun for example_task_group to 2023-04-26T21:11:46.423791+00:00, run_after=2023-04-27T21:11:46.423791+00:00
[2023-04-27T23:11:46.434+0200] {processor.py:178} INFO - Processing /Users/brenda/miniconda3/envs/airflow/lib/python3.8/site-packages/airflow/example_dags/example_task_group.py took 0.165 seconds
[2023-04-27T23:12:46.565+0200] {processor.py:156} INFO - Started process (PID=47595) to work on /Users/brenda/miniconda3/envs/airflow/lib/python3.8/site-packages/airflow/example_dags/example_task_group.py
[2023-04-27T23:12:46.568+0200] {processor.py:758} INFO - Processing file /Users/brenda/miniconda3/envs/airflow/lib/python3.8/site-packages/airflow/example_dags/example_task_group.py for tasks to queue
[2023-04-27T23:12:46.568+0200] {logging_mixin.py:117} INFO - [2023-04-27T23:12:46.568+0200] {dagbag.py:525} INFO - Filling up the DagBag from /Users/brenda/miniconda3/envs/airflow/lib/python3.8/site-packages/airflow/example_dags/example_task_group.py
[2023-04-27T23:12:46.577+0200] {processor.py:768} INFO - DAG(s) dict_keys(['example_task_group']) retrieved from /Users/brenda/miniconda3/envs/airflow/lib/python3.8/site-packages/airflow/example_dags/example_task_group.py
[2023-04-27T23:12:46.641+0200] {logging_mixin.py:117} INFO - [2023-04-27T23:12:46.641+0200] {dag.py:2573} INFO - Sync 1 DAGs
[2023-04-27T23:12:46.646+0200] {logging_mixin.py:117} INFO - [2023-04-27T23:12:46.646+0200] {dag.py:3324} INFO - Setting next_dagrun for example_task_group to 2023-04-26T21:12:46.646761+00:00, run_after=2023-04-27T21:12:46.646761+00:00
[2023-04-27T23:12:46.652+0200] {processor.py:178} INFO - Processing /Users/brenda/miniconda3/envs/airflow/lib/python3.8/site-packages/airflow/example_dags/example_task_group.py took 0.088 seconds
[2023-04-27T23:28:57.475+0200] {processor.py:156} INFO - Started process (PID=47690) to work on /Users/brenda/miniconda3/envs/airflow/lib/python3.8/site-packages/airflow/example_dags/example_task_group.py
[2023-04-27T23:28:57.478+0200] {processor.py:758} INFO - Processing file /Users/brenda/miniconda3/envs/airflow/lib/python3.8/site-packages/airflow/example_dags/example_task_group.py for tasks to queue
[2023-04-27T23:28:57.478+0200] {logging_mixin.py:117} INFO - [2023-04-27T23:28:57.478+0200] {dagbag.py:525} INFO - Filling up the DagBag from /Users/brenda/miniconda3/envs/airflow/lib/python3.8/site-packages/airflow/example_dags/example_task_group.py
[2023-04-27T23:28:57.488+0200] {processor.py:768} INFO - DAG(s) dict_keys(['example_task_group']) retrieved from /Users/brenda/miniconda3/envs/airflow/lib/python3.8/site-packages/airflow/example_dags/example_task_group.py
[2023-04-27T23:28:57.568+0200] {logging_mixin.py:117} INFO - [2023-04-27T23:28:57.568+0200] {dag.py:2573} INFO - Sync 1 DAGs
[2023-04-27T23:28:57.574+0200] {logging_mixin.py:117} INFO - [2023-04-27T23:28:57.574+0200] {dag.py:3324} INFO - Setting next_dagrun for example_task_group to 2023-04-26T21:28:57.574181+00:00, run_after=2023-04-27T21:28:57.574181+00:00
[2023-04-27T23:28:57.580+0200] {processor.py:178} INFO - Processing /Users/brenda/miniconda3/envs/airflow/lib/python3.8/site-packages/airflow/example_dags/example_task_group.py took 0.105 seconds
[2023-04-27T23:29:43.198+0200] {processor.py:156} INFO - Started process (PID=47779) to work on /Users/brenda/miniconda3/envs/airflow/lib/python3.8/site-packages/airflow/example_dags/example_task_group.py
[2023-04-27T23:29:43.204+0200] {processor.py:758} INFO - Processing file /Users/brenda/miniconda3/envs/airflow/lib/python3.8/site-packages/airflow/example_dags/example_task_group.py for tasks to queue
[2023-04-27T23:29:43.205+0200] {logging_mixin.py:117} INFO - [2023-04-27T23:29:43.204+0200] {dagbag.py:525} INFO - Filling up the DagBag from /Users/brenda/miniconda3/envs/airflow/lib/python3.8/site-packages/airflow/example_dags/example_task_group.py
[2023-04-27T23:29:43.214+0200] {processor.py:768} INFO - DAG(s) dict_keys(['example_task_group']) retrieved from /Users/brenda/miniconda3/envs/airflow/lib/python3.8/site-packages/airflow/example_dags/example_task_group.py
[2023-04-27T23:29:43.278+0200] {logging_mixin.py:117} INFO - [2023-04-27T23:29:43.278+0200] {dag.py:2573} INFO - Sync 1 DAGs
[2023-04-27T23:29:43.284+0200] {logging_mixin.py:117} INFO - [2023-04-27T23:29:43.284+0200] {dag.py:3324} INFO - Setting next_dagrun for example_task_group to 2023-04-26T21:29:43.284090+00:00, run_after=2023-04-27T21:29:43.284090+00:00
[2023-04-27T23:29:43.290+0200] {processor.py:178} INFO - Processing /Users/brenda/miniconda3/envs/airflow/lib/python3.8/site-packages/airflow/example_dags/example_task_group.py took 0.093 seconds
[2023-04-27T23:30:31.669+0200] {processor.py:156} INFO - Started process (PID=47871) to work on /Users/brenda/miniconda3/envs/airflow/lib/python3.8/site-packages/airflow/example_dags/example_task_group.py
[2023-04-27T23:30:31.671+0200] {processor.py:758} INFO - Processing file /Users/brenda/miniconda3/envs/airflow/lib/python3.8/site-packages/airflow/example_dags/example_task_group.py for tasks to queue
[2023-04-27T23:30:31.671+0200] {logging_mixin.py:117} INFO - [2023-04-27T23:30:31.671+0200] {dagbag.py:525} INFO - Filling up the DagBag from /Users/brenda/miniconda3/envs/airflow/lib/python3.8/site-packages/airflow/example_dags/example_task_group.py
[2023-04-27T23:30:31.682+0200] {processor.py:768} INFO - DAG(s) dict_keys(['example_task_group']) retrieved from /Users/brenda/miniconda3/envs/airflow/lib/python3.8/site-packages/airflow/example_dags/example_task_group.py
[2023-04-27T23:30:31.759+0200] {logging_mixin.py:117} INFO - [2023-04-27T23:30:31.759+0200] {dag.py:2573} INFO - Sync 1 DAGs
[2023-04-27T23:30:31.766+0200] {logging_mixin.py:117} INFO - [2023-04-27T23:30:31.766+0200] {dag.py:3324} INFO - Setting next_dagrun for example_task_group to 2023-04-26T21:30:31.766461+00:00, run_after=2023-04-27T21:30:31.766461+00:00
[2023-04-27T23:30:31.773+0200] {processor.py:178} INFO - Processing /Users/brenda/miniconda3/envs/airflow/lib/python3.8/site-packages/airflow/example_dags/example_task_group.py took 0.105 seconds
[2023-04-27T23:31:19.425+0200] {processor.py:156} INFO - Started process (PID=47953) to work on /Users/brenda/miniconda3/envs/airflow/lib/python3.8/site-packages/airflow/example_dags/example_task_group.py
[2023-04-27T23:31:19.427+0200] {processor.py:758} INFO - Processing file /Users/brenda/miniconda3/envs/airflow/lib/python3.8/site-packages/airflow/example_dags/example_task_group.py for tasks to queue
[2023-04-27T23:31:19.427+0200] {logging_mixin.py:117} INFO - [2023-04-27T23:31:19.427+0200] {dagbag.py:525} INFO - Filling up the DagBag from /Users/brenda/miniconda3/envs/airflow/lib/python3.8/site-packages/airflow/example_dags/example_task_group.py
[2023-04-27T23:31:19.437+0200] {processor.py:768} INFO - DAG(s) dict_keys(['example_task_group']) retrieved from /Users/brenda/miniconda3/envs/airflow/lib/python3.8/site-packages/airflow/example_dags/example_task_group.py
[2023-04-27T23:31:19.499+0200] {logging_mixin.py:117} INFO - [2023-04-27T23:31:19.499+0200] {dag.py:2573} INFO - Sync 1 DAGs
[2023-04-27T23:31:19.505+0200] {logging_mixin.py:117} INFO - [2023-04-27T23:31:19.505+0200] {dag.py:3324} INFO - Setting next_dagrun for example_task_group to 2023-04-26T21:31:19.504992+00:00, run_after=2023-04-27T21:31:19.504992+00:00
[2023-04-27T23:31:19.511+0200] {processor.py:178} INFO - Processing /Users/brenda/miniconda3/envs/airflow/lib/python3.8/site-packages/airflow/example_dags/example_task_group.py took 0.086 seconds
[2023-04-27T23:32:05.340+0200] {processor.py:156} INFO - Started process (PID=48037) to work on /Users/brenda/miniconda3/envs/airflow/lib/python3.8/site-packages/airflow/example_dags/example_task_group.py
[2023-04-27T23:32:05.342+0200] {processor.py:758} INFO - Processing file /Users/brenda/miniconda3/envs/airflow/lib/python3.8/site-packages/airflow/example_dags/example_task_group.py for tasks to queue
[2023-04-27T23:32:05.342+0200] {logging_mixin.py:117} INFO - [2023-04-27T23:32:05.342+0200] {dagbag.py:525} INFO - Filling up the DagBag from /Users/brenda/miniconda3/envs/airflow/lib/python3.8/site-packages/airflow/example_dags/example_task_group.py
[2023-04-27T23:32:05.352+0200] {processor.py:768} INFO - DAG(s) dict_keys(['example_task_group']) retrieved from /Users/brenda/miniconda3/envs/airflow/lib/python3.8/site-packages/airflow/example_dags/example_task_group.py
[2023-04-27T23:32:05.422+0200] {logging_mixin.py:117} INFO - [2023-04-27T23:32:05.422+0200] {dag.py:2573} INFO - Sync 1 DAGs
[2023-04-27T23:32:05.428+0200] {logging_mixin.py:117} INFO - [2023-04-27T23:32:05.428+0200] {dag.py:3324} INFO - Setting next_dagrun for example_task_group to 2023-04-26T21:32:05.427980+00:00, run_after=2023-04-27T21:32:05.427980+00:00
[2023-04-27T23:32:05.434+0200] {processor.py:178} INFO - Processing /Users/brenda/miniconda3/envs/airflow/lib/python3.8/site-packages/airflow/example_dags/example_task_group.py took 0.094 seconds
[2023-04-27T23:32:52.997+0200] {processor.py:156} INFO - Started process (PID=48113) to work on /Users/brenda/miniconda3/envs/airflow/lib/python3.8/site-packages/airflow/example_dags/example_task_group.py
[2023-04-27T23:32:53.000+0200] {processor.py:758} INFO - Processing file /Users/brenda/miniconda3/envs/airflow/lib/python3.8/site-packages/airflow/example_dags/example_task_group.py for tasks to queue
[2023-04-27T23:32:53.000+0200] {logging_mixin.py:117} INFO - [2023-04-27T23:32:53.000+0200] {dagbag.py:525} INFO - Filling up the DagBag from /Users/brenda/miniconda3/envs/airflow/lib/python3.8/site-packages/airflow/example_dags/example_task_group.py
[2023-04-27T23:32:53.009+0200] {processor.py:768} INFO - DAG(s) dict_keys(['example_task_group']) retrieved from /Users/brenda/miniconda3/envs/airflow/lib/python3.8/site-packages/airflow/example_dags/example_task_group.py
[2023-04-27T23:32:53.072+0200] {logging_mixin.py:117} INFO - [2023-04-27T23:32:53.072+0200] {dag.py:2573} INFO - Sync 1 DAGs
[2023-04-27T23:32:53.078+0200] {logging_mixin.py:117} INFO - [2023-04-27T23:32:53.078+0200] {dag.py:3324} INFO - Setting next_dagrun for example_task_group to 2023-04-26T21:32:53.078005+00:00, run_after=2023-04-27T21:32:53.078005+00:00
[2023-04-27T23:32:53.084+0200] {processor.py:178} INFO - Processing /Users/brenda/miniconda3/envs/airflow/lib/python3.8/site-packages/airflow/example_dags/example_task_group.py took 0.088 seconds
[2023-04-27T23:33:39.375+0200] {processor.py:156} INFO - Started process (PID=48191) to work on /Users/brenda/miniconda3/envs/airflow/lib/python3.8/site-packages/airflow/example_dags/example_task_group.py
[2023-04-27T23:33:39.377+0200] {processor.py:758} INFO - Processing file /Users/brenda/miniconda3/envs/airflow/lib/python3.8/site-packages/airflow/example_dags/example_task_group.py for tasks to queue
[2023-04-27T23:33:39.377+0200] {logging_mixin.py:117} INFO - [2023-04-27T23:33:39.377+0200] {dagbag.py:525} INFO - Filling up the DagBag from /Users/brenda/miniconda3/envs/airflow/lib/python3.8/site-packages/airflow/example_dags/example_task_group.py
[2023-04-27T23:33:39.387+0200] {processor.py:768} INFO - DAG(s) dict_keys(['example_task_group']) retrieved from /Users/brenda/miniconda3/envs/airflow/lib/python3.8/site-packages/airflow/example_dags/example_task_group.py
[2023-04-27T23:33:39.454+0200] {logging_mixin.py:117} INFO - [2023-04-27T23:33:39.454+0200] {dag.py:2573} INFO - Sync 1 DAGs
[2023-04-27T23:33:39.460+0200] {logging_mixin.py:117} INFO - [2023-04-27T23:33:39.460+0200] {dag.py:3324} INFO - Setting next_dagrun for example_task_group to 2023-04-26T21:33:39.460008+00:00, run_after=2023-04-27T21:33:39.460008+00:00
[2023-04-27T23:33:39.466+0200] {processor.py:178} INFO - Processing /Users/brenda/miniconda3/envs/airflow/lib/python3.8/site-packages/airflow/example_dags/example_task_group.py took 0.091 seconds
[2023-04-27T23:34:27.619+0200] {processor.py:156} INFO - Started process (PID=48265) to work on /Users/brenda/miniconda3/envs/airflow/lib/python3.8/site-packages/airflow/example_dags/example_task_group.py
[2023-04-27T23:34:27.621+0200] {processor.py:758} INFO - Processing file /Users/brenda/miniconda3/envs/airflow/lib/python3.8/site-packages/airflow/example_dags/example_task_group.py for tasks to queue
[2023-04-27T23:34:27.622+0200] {logging_mixin.py:117} INFO - [2023-04-27T23:34:27.622+0200] {dagbag.py:525} INFO - Filling up the DagBag from /Users/brenda/miniconda3/envs/airflow/lib/python3.8/site-packages/airflow/example_dags/example_task_group.py
[2023-04-27T23:34:27.631+0200] {processor.py:768} INFO - DAG(s) dict_keys(['example_task_group']) retrieved from /Users/brenda/miniconda3/envs/airflow/lib/python3.8/site-packages/airflow/example_dags/example_task_group.py
[2023-04-27T23:34:27.695+0200] {logging_mixin.py:117} INFO - [2023-04-27T23:34:27.695+0200] {dag.py:2573} INFO - Sync 1 DAGs
[2023-04-27T23:34:27.700+0200] {logging_mixin.py:117} INFO - [2023-04-27T23:34:27.700+0200] {dag.py:3324} INFO - Setting next_dagrun for example_task_group to 2023-04-26T21:34:27.700581+00:00, run_after=2023-04-27T21:34:27.700581+00:00
[2023-04-27T23:34:27.706+0200] {processor.py:178} INFO - Processing /Users/brenda/miniconda3/envs/airflow/lib/python3.8/site-packages/airflow/example_dags/example_task_group.py took 0.087 seconds
[2023-04-27T23:35:13.009+0200] {processor.py:156} INFO - Started process (PID=48343) to work on /Users/brenda/miniconda3/envs/airflow/lib/python3.8/site-packages/airflow/example_dags/example_task_group.py
[2023-04-27T23:35:13.011+0200] {processor.py:758} INFO - Processing file /Users/brenda/miniconda3/envs/airflow/lib/python3.8/site-packages/airflow/example_dags/example_task_group.py for tasks to queue
[2023-04-27T23:35:13.011+0200] {logging_mixin.py:117} INFO - [2023-04-27T23:35:13.011+0200] {dagbag.py:525} INFO - Filling up the DagBag from /Users/brenda/miniconda3/envs/airflow/lib/python3.8/site-packages/airflow/example_dags/example_task_group.py
[2023-04-27T23:35:13.021+0200] {processor.py:768} INFO - DAG(s) dict_keys(['example_task_group']) retrieved from /Users/brenda/miniconda3/envs/airflow/lib/python3.8/site-packages/airflow/example_dags/example_task_group.py
[2023-04-27T23:35:13.092+0200] {logging_mixin.py:117} INFO - [2023-04-27T23:35:13.092+0200] {dag.py:2573} INFO - Sync 1 DAGs
[2023-04-27T23:35:13.098+0200] {logging_mixin.py:117} INFO - [2023-04-27T23:35:13.098+0200] {dag.py:3324} INFO - Setting next_dagrun for example_task_group to 2023-04-26T21:35:13.098463+00:00, run_after=2023-04-27T21:35:13.098463+00:00
[2023-04-27T23:35:13.105+0200] {processor.py:178} INFO - Processing /Users/brenda/miniconda3/envs/airflow/lib/python3.8/site-packages/airflow/example_dags/example_task_group.py took 0.096 seconds
[2023-04-27T23:35:59.777+0200] {processor.py:156} INFO - Started process (PID=48429) to work on /Users/brenda/miniconda3/envs/airflow/lib/python3.8/site-packages/airflow/example_dags/example_task_group.py
[2023-04-27T23:35:59.779+0200] {processor.py:758} INFO - Processing file /Users/brenda/miniconda3/envs/airflow/lib/python3.8/site-packages/airflow/example_dags/example_task_group.py for tasks to queue
[2023-04-27T23:35:59.779+0200] {logging_mixin.py:117} INFO - [2023-04-27T23:35:59.779+0200] {dagbag.py:525} INFO - Filling up the DagBag from /Users/brenda/miniconda3/envs/airflow/lib/python3.8/site-packages/airflow/example_dags/example_task_group.py
[2023-04-27T23:35:59.788+0200] {processor.py:768} INFO - DAG(s) dict_keys(['example_task_group']) retrieved from /Users/brenda/miniconda3/envs/airflow/lib/python3.8/site-packages/airflow/example_dags/example_task_group.py
[2023-04-27T23:35:59.851+0200] {logging_mixin.py:117} INFO - [2023-04-27T23:35:59.851+0200] {dag.py:2573} INFO - Sync 1 DAGs
[2023-04-27T23:35:59.857+0200] {logging_mixin.py:117} INFO - [2023-04-27T23:35:59.856+0200] {dag.py:3324} INFO - Setting next_dagrun for example_task_group to 2023-04-26T21:35:59.856899+00:00, run_after=2023-04-27T21:35:59.856899+00:00
[2023-04-27T23:35:59.863+0200] {processor.py:178} INFO - Processing /Users/brenda/miniconda3/envs/airflow/lib/python3.8/site-packages/airflow/example_dags/example_task_group.py took 0.087 seconds
[2023-04-27T23:36:45.842+0200] {processor.py:156} INFO - Started process (PID=48510) to work on /Users/brenda/miniconda3/envs/airflow/lib/python3.8/site-packages/airflow/example_dags/example_task_group.py
[2023-04-27T23:36:45.845+0200] {processor.py:758} INFO - Processing file /Users/brenda/miniconda3/envs/airflow/lib/python3.8/site-packages/airflow/example_dags/example_task_group.py for tasks to queue
[2023-04-27T23:36:45.845+0200] {logging_mixin.py:117} INFO - [2023-04-27T23:36:45.845+0200] {dagbag.py:525} INFO - Filling up the DagBag from /Users/brenda/miniconda3/envs/airflow/lib/python3.8/site-packages/airflow/example_dags/example_task_group.py
[2023-04-27T23:36:45.854+0200] {processor.py:768} INFO - DAG(s) dict_keys(['example_task_group']) retrieved from /Users/brenda/miniconda3/envs/airflow/lib/python3.8/site-packages/airflow/example_dags/example_task_group.py
[2023-04-27T23:36:45.923+0200] {logging_mixin.py:117} INFO - [2023-04-27T23:36:45.923+0200] {dag.py:2573} INFO - Sync 1 DAGs
[2023-04-27T23:36:45.928+0200] {logging_mixin.py:117} INFO - [2023-04-27T23:36:45.928+0200] {dag.py:3324} INFO - Setting next_dagrun for example_task_group to 2023-04-26T21:36:45.928603+00:00, run_after=2023-04-27T21:36:45.928603+00:00
[2023-04-27T23:36:45.935+0200] {processor.py:178} INFO - Processing /Users/brenda/miniconda3/envs/airflow/lib/python3.8/site-packages/airflow/example_dags/example_task_group.py took 0.092 seconds
[2023-04-27T23:37:30.431+0200] {processor.py:156} INFO - Started process (PID=48587) to work on /Users/brenda/miniconda3/envs/airflow/lib/python3.8/site-packages/airflow/example_dags/example_task_group.py
[2023-04-27T23:37:30.433+0200] {processor.py:758} INFO - Processing file /Users/brenda/miniconda3/envs/airflow/lib/python3.8/site-packages/airflow/example_dags/example_task_group.py for tasks to queue
[2023-04-27T23:37:30.433+0200] {logging_mixin.py:117} INFO - [2023-04-27T23:37:30.433+0200] {dagbag.py:525} INFO - Filling up the DagBag from /Users/brenda/miniconda3/envs/airflow/lib/python3.8/site-packages/airflow/example_dags/example_task_group.py
[2023-04-27T23:37:30.443+0200] {processor.py:768} INFO - DAG(s) dict_keys(['example_task_group']) retrieved from /Users/brenda/miniconda3/envs/airflow/lib/python3.8/site-packages/airflow/example_dags/example_task_group.py
[2023-04-27T23:37:30.520+0200] {logging_mixin.py:117} INFO - [2023-04-27T23:37:30.520+0200] {dag.py:2573} INFO - Sync 1 DAGs
[2023-04-27T23:37:30.526+0200] {logging_mixin.py:117} INFO - [2023-04-27T23:37:30.526+0200] {dag.py:3324} INFO - Setting next_dagrun for example_task_group to 2023-04-26T21:37:30.526255+00:00, run_after=2023-04-27T21:37:30.526255+00:00
[2023-04-27T23:37:30.532+0200] {processor.py:178} INFO - Processing /Users/brenda/miniconda3/envs/airflow/lib/python3.8/site-packages/airflow/example_dags/example_task_group.py took 0.102 seconds
[2023-04-27T23:38:18.643+0200] {processor.py:156} INFO - Started process (PID=48663) to work on /Users/brenda/miniconda3/envs/airflow/lib/python3.8/site-packages/airflow/example_dags/example_task_group.py
[2023-04-27T23:38:18.645+0200] {processor.py:758} INFO - Processing file /Users/brenda/miniconda3/envs/airflow/lib/python3.8/site-packages/airflow/example_dags/example_task_group.py for tasks to queue
[2023-04-27T23:38:18.646+0200] {logging_mixin.py:117} INFO - [2023-04-27T23:38:18.646+0200] {dagbag.py:525} INFO - Filling up the DagBag from /Users/brenda/miniconda3/envs/airflow/lib/python3.8/site-packages/airflow/example_dags/example_task_group.py
[2023-04-27T23:38:18.655+0200] {processor.py:768} INFO - DAG(s) dict_keys(['example_task_group']) retrieved from /Users/brenda/miniconda3/envs/airflow/lib/python3.8/site-packages/airflow/example_dags/example_task_group.py
[2023-04-27T23:38:18.717+0200] {logging_mixin.py:117} INFO - [2023-04-27T23:38:18.716+0200] {dag.py:2573} INFO - Sync 1 DAGs
[2023-04-27T23:38:18.728+0200] {logging_mixin.py:117} INFO - [2023-04-27T23:38:18.728+0200] {dag.py:3324} INFO - Setting next_dagrun for example_task_group to 2023-04-26T21:38:18.728248+00:00, run_after=2023-04-27T21:38:18.728248+00:00
[2023-04-27T23:38:18.754+0200] {processor.py:178} INFO - Processing /Users/brenda/miniconda3/envs/airflow/lib/python3.8/site-packages/airflow/example_dags/example_task_group.py took 0.111 seconds
[2023-04-27T23:39:04.134+0200] {processor.py:156} INFO - Started process (PID=48743) to work on /Users/brenda/miniconda3/envs/airflow/lib/python3.8/site-packages/airflow/example_dags/example_task_group.py
[2023-04-27T23:39:04.136+0200] {processor.py:758} INFO - Processing file /Users/brenda/miniconda3/envs/airflow/lib/python3.8/site-packages/airflow/example_dags/example_task_group.py for tasks to queue
[2023-04-27T23:39:04.136+0200] {logging_mixin.py:117} INFO - [2023-04-27T23:39:04.136+0200] {dagbag.py:525} INFO - Filling up the DagBag from /Users/brenda/miniconda3/envs/airflow/lib/python3.8/site-packages/airflow/example_dags/example_task_group.py
[2023-04-27T23:39:04.146+0200] {processor.py:768} INFO - DAG(s) dict_keys(['example_task_group']) retrieved from /Users/brenda/miniconda3/envs/airflow/lib/python3.8/site-packages/airflow/example_dags/example_task_group.py
[2023-04-27T23:39:04.213+0200] {logging_mixin.py:117} INFO - [2023-04-27T23:39:04.213+0200] {dag.py:2573} INFO - Sync 1 DAGs
[2023-04-27T23:39:04.220+0200] {logging_mixin.py:117} INFO - [2023-04-27T23:39:04.220+0200] {dag.py:3324} INFO - Setting next_dagrun for example_task_group to 2023-04-26T21:39:04.220821+00:00, run_after=2023-04-27T21:39:04.220821+00:00
[2023-04-27T23:39:04.228+0200] {processor.py:178} INFO - Processing /Users/brenda/miniconda3/envs/airflow/lib/python3.8/site-packages/airflow/example_dags/example_task_group.py took 0.094 seconds
[2023-04-28T01:37:40.050+0200] {processor.py:156} INFO - Started process (PID=48899) to work on /Users/brenda/miniconda3/envs/airflow/lib/python3.8/site-packages/airflow/example_dags/example_task_group.py
[2023-04-28T01:37:40.068+0200] {processor.py:758} INFO - Processing file /Users/brenda/miniconda3/envs/airflow/lib/python3.8/site-packages/airflow/example_dags/example_task_group.py for tasks to queue
[2023-04-28T01:37:40.068+0200] {logging_mixin.py:117} INFO - [2023-04-28T01:37:40.068+0200] {dagbag.py:525} INFO - Filling up the DagBag from /Users/brenda/miniconda3/envs/airflow/lib/python3.8/site-packages/airflow/example_dags/example_task_group.py
[2023-04-28T01:37:40.090+0200] {processor.py:768} INFO - DAG(s) dict_keys(['example_task_group']) retrieved from /Users/brenda/miniconda3/envs/airflow/lib/python3.8/site-packages/airflow/example_dags/example_task_group.py
[2023-04-28T01:37:40.230+0200] {logging_mixin.py:117} INFO - [2023-04-28T01:37:40.230+0200] {dag.py:2573} INFO - Sync 1 DAGs
[2023-04-28T01:37:40.243+0200] {logging_mixin.py:117} INFO - [2023-04-28T01:37:40.243+0200] {dag.py:3324} INFO - Setting next_dagrun for example_task_group to 2023-04-26T23:37:40.243729+00:00, run_after=2023-04-27T23:37:40.243729+00:00
[2023-04-28T01:37:40.259+0200] {processor.py:178} INFO - Processing /Users/brenda/miniconda3/envs/airflow/lib/python3.8/site-packages/airflow/example_dags/example_task_group.py took 0.209 seconds
