[2023-04-27T22:59:59.591+0200] {processor.py:156} INFO - Started process (PID=46150) to work on /Users/brenda/miniconda3/envs/airflow/lib/python3.8/site-packages/airflow/example_dags/example_latest_only.py
[2023-04-27T22:59:59.594+0200] {processor.py:758} INFO - Processing file /Users/brenda/miniconda3/envs/airflow/lib/python3.8/site-packages/airflow/example_dags/example_latest_only.py for tasks to queue
[2023-04-27T22:59:59.594+0200] {logging_mixin.py:117} INFO - [2023-04-27T22:59:59.594+0200] {dagbag.py:525} INFO - Filling up the DagBag from /Users/brenda/miniconda3/envs/airflow/lib/python3.8/site-packages/airflow/example_dags/example_latest_only.py
[2023-04-27T22:59:59.610+0200] {processor.py:768} INFO - DAG(s) dict_keys(['latest_only']) retrieved from /Users/brenda/miniconda3/envs/airflow/lib/python3.8/site-packages/airflow/example_dags/example_latest_only.py
[2023-04-27T22:59:59.726+0200] {logging_mixin.py:117} INFO - [2023-04-27T22:59:59.725+0200] {dag.py:2573} INFO - Sync 1 DAGs
[2023-04-27T22:59:59.735+0200] {logging_mixin.py:117} INFO - [2023-04-27T22:59:59.735+0200] {dag.py:3324} INFO - Setting next_dagrun for latest_only to 2023-04-27T16:59:59.735627+00:00, run_after=2023-04-27T20:59:59.735627+00:00
[2023-04-27T22:59:59.746+0200] {processor.py:178} INFO - Processing /Users/brenda/miniconda3/envs/airflow/lib/python3.8/site-packages/airflow/example_dags/example_latest_only.py took 0.155 seconds
[2023-04-27T23:00:55.669+0200] {processor.py:156} INFO - Started process (PID=46256) to work on /Users/brenda/miniconda3/envs/airflow/lib/python3.8/site-packages/airflow/example_dags/example_latest_only.py
[2023-04-27T23:00:55.673+0200] {processor.py:758} INFO - Processing file /Users/brenda/miniconda3/envs/airflow/lib/python3.8/site-packages/airflow/example_dags/example_latest_only.py for tasks to queue
[2023-04-27T23:00:55.673+0200] {logging_mixin.py:117} INFO - [2023-04-27T23:00:55.673+0200] {dagbag.py:525} INFO - Filling up the DagBag from /Users/brenda/miniconda3/envs/airflow/lib/python3.8/site-packages/airflow/example_dags/example_latest_only.py
[2023-04-27T23:00:55.688+0200] {processor.py:768} INFO - DAG(s) dict_keys(['latest_only']) retrieved from /Users/brenda/miniconda3/envs/airflow/lib/python3.8/site-packages/airflow/example_dags/example_latest_only.py
[2023-04-27T23:00:55.800+0200] {logging_mixin.py:117} INFO - [2023-04-27T23:00:55.800+0200] {dag.py:2573} INFO - Sync 1 DAGs
[2023-04-27T23:00:55.810+0200] {logging_mixin.py:117} INFO - [2023-04-27T23:00:55.810+0200] {dag.py:3324} INFO - Setting next_dagrun for latest_only to 2023-04-27T17:00:55.809967+00:00, run_after=2023-04-27T21:00:55.809967+00:00
[2023-04-27T23:00:55.820+0200] {processor.py:178} INFO - Processing /Users/brenda/miniconda3/envs/airflow/lib/python3.8/site-packages/airflow/example_dags/example_latest_only.py took 0.152 seconds
[2023-04-27T23:01:51.077+0200] {processor.py:156} INFO - Started process (PID=46389) to work on /Users/brenda/miniconda3/envs/airflow/lib/python3.8/site-packages/airflow/example_dags/example_latest_only.py
[2023-04-27T23:01:51.105+0200] {processor.py:758} INFO - Processing file /Users/brenda/miniconda3/envs/airflow/lib/python3.8/site-packages/airflow/example_dags/example_latest_only.py for tasks to queue
[2023-04-27T23:01:51.105+0200] {logging_mixin.py:117} INFO - [2023-04-27T23:01:51.105+0200] {dagbag.py:525} INFO - Filling up the DagBag from /Users/brenda/miniconda3/envs/airflow/lib/python3.8/site-packages/airflow/example_dags/example_latest_only.py
[2023-04-27T23:01:51.121+0200] {processor.py:768} INFO - DAG(s) dict_keys(['latest_only']) retrieved from /Users/brenda/miniconda3/envs/airflow/lib/python3.8/site-packages/airflow/example_dags/example_latest_only.py
[2023-04-27T23:01:51.231+0200] {logging_mixin.py:117} INFO - [2023-04-27T23:01:51.231+0200] {dag.py:2573} INFO - Sync 1 DAGs
[2023-04-27T23:01:51.241+0200] {logging_mixin.py:117} INFO - [2023-04-27T23:01:51.241+0200] {dag.py:3324} INFO - Setting next_dagrun for latest_only to 2023-04-27T17:01:51.241403+00:00, run_after=2023-04-27T21:01:51.241403+00:00
[2023-04-27T23:01:51.252+0200] {processor.py:178} INFO - Processing /Users/brenda/miniconda3/envs/airflow/lib/python3.8/site-packages/airflow/example_dags/example_latest_only.py took 0.175 seconds
[2023-04-27T23:02:44.031+0200] {processor.py:156} INFO - Started process (PID=46477) to work on /Users/brenda/miniconda3/envs/airflow/lib/python3.8/site-packages/airflow/example_dags/example_latest_only.py
[2023-04-27T23:02:44.034+0200] {processor.py:758} INFO - Processing file /Users/brenda/miniconda3/envs/airflow/lib/python3.8/site-packages/airflow/example_dags/example_latest_only.py for tasks to queue
[2023-04-27T23:02:44.034+0200] {logging_mixin.py:117} INFO - [2023-04-27T23:02:44.034+0200] {dagbag.py:525} INFO - Filling up the DagBag from /Users/brenda/miniconda3/envs/airflow/lib/python3.8/site-packages/airflow/example_dags/example_latest_only.py
[2023-04-27T23:02:44.049+0200] {processor.py:768} INFO - DAG(s) dict_keys(['latest_only']) retrieved from /Users/brenda/miniconda3/envs/airflow/lib/python3.8/site-packages/airflow/example_dags/example_latest_only.py
[2023-04-27T23:02:44.162+0200] {logging_mixin.py:117} INFO - [2023-04-27T23:02:44.162+0200] {dag.py:2573} INFO - Sync 1 DAGs
[2023-04-27T23:02:44.172+0200] {logging_mixin.py:117} INFO - [2023-04-27T23:02:44.172+0200] {dag.py:3324} INFO - Setting next_dagrun for latest_only to 2023-04-27T17:02:44.172379+00:00, run_after=2023-04-27T21:02:44.172379+00:00
[2023-04-27T23:02:44.182+0200] {processor.py:178} INFO - Processing /Users/brenda/miniconda3/envs/airflow/lib/python3.8/site-packages/airflow/example_dags/example_latest_only.py took 0.152 seconds
[2023-04-27T23:03:37.818+0200] {processor.py:156} INFO - Started process (PID=46551) to work on /Users/brenda/miniconda3/envs/airflow/lib/python3.8/site-packages/airflow/example_dags/example_latest_only.py
[2023-04-27T23:03:37.821+0200] {processor.py:758} INFO - Processing file /Users/brenda/miniconda3/envs/airflow/lib/python3.8/site-packages/airflow/example_dags/example_latest_only.py for tasks to queue
[2023-04-27T23:03:37.822+0200] {logging_mixin.py:117} INFO - [2023-04-27T23:03:37.822+0200] {dagbag.py:525} INFO - Filling up the DagBag from /Users/brenda/miniconda3/envs/airflow/lib/python3.8/site-packages/airflow/example_dags/example_latest_only.py
[2023-04-27T23:03:37.837+0200] {processor.py:768} INFO - DAG(s) dict_keys(['latest_only']) retrieved from /Users/brenda/miniconda3/envs/airflow/lib/python3.8/site-packages/airflow/example_dags/example_latest_only.py
[2023-04-27T23:03:37.944+0200] {logging_mixin.py:117} INFO - [2023-04-27T23:03:37.944+0200] {dag.py:2573} INFO - Sync 1 DAGs
[2023-04-27T23:03:37.954+0200] {logging_mixin.py:117} INFO - [2023-04-27T23:03:37.953+0200] {dag.py:3324} INFO - Setting next_dagrun for latest_only to 2023-04-27T17:03:37.953883+00:00, run_after=2023-04-27T21:03:37.953883+00:00
[2023-04-27T23:03:37.968+0200] {processor.py:178} INFO - Processing /Users/brenda/miniconda3/envs/airflow/lib/python3.8/site-packages/airflow/example_dags/example_latest_only.py took 0.151 seconds
[2023-04-27T23:04:30.435+0200] {processor.py:156} INFO - Started process (PID=46628) to work on /Users/brenda/miniconda3/envs/airflow/lib/python3.8/site-packages/airflow/example_dags/example_latest_only.py
[2023-04-27T23:04:30.439+0200] {processor.py:758} INFO - Processing file /Users/brenda/miniconda3/envs/airflow/lib/python3.8/site-packages/airflow/example_dags/example_latest_only.py for tasks to queue
[2023-04-27T23:04:30.439+0200] {logging_mixin.py:117} INFO - [2023-04-27T23:04:30.439+0200] {dagbag.py:525} INFO - Filling up the DagBag from /Users/brenda/miniconda3/envs/airflow/lib/python3.8/site-packages/airflow/example_dags/example_latest_only.py
[2023-04-27T23:04:30.455+0200] {processor.py:768} INFO - DAG(s) dict_keys(['latest_only']) retrieved from /Users/brenda/miniconda3/envs/airflow/lib/python3.8/site-packages/airflow/example_dags/example_latest_only.py
[2023-04-27T23:04:30.571+0200] {logging_mixin.py:117} INFO - [2023-04-27T23:04:30.571+0200] {dag.py:2573} INFO - Sync 1 DAGs
[2023-04-27T23:04:30.582+0200] {logging_mixin.py:117} INFO - [2023-04-27T23:04:30.582+0200] {dag.py:3324} INFO - Setting next_dagrun for latest_only to 2023-04-27T17:04:30.582017+00:00, run_after=2023-04-27T21:04:30.582017+00:00
[2023-04-27T23:04:30.593+0200] {processor.py:178} INFO - Processing /Users/brenda/miniconda3/envs/airflow/lib/python3.8/site-packages/airflow/example_dags/example_latest_only.py took 0.158 seconds
[2023-04-27T23:05:39.100+0200] {processor.py:156} INFO - Started process (PID=46836) to work on /Users/brenda/miniconda3/envs/airflow/lib/python3.8/site-packages/airflow/example_dags/example_latest_only.py
[2023-04-27T23:05:39.104+0200] {processor.py:758} INFO - Processing file /Users/brenda/miniconda3/envs/airflow/lib/python3.8/site-packages/airflow/example_dags/example_latest_only.py for tasks to queue
[2023-04-27T23:05:39.104+0200] {logging_mixin.py:117} INFO - [2023-04-27T23:05:39.104+0200] {dagbag.py:525} INFO - Filling up the DagBag from /Users/brenda/miniconda3/envs/airflow/lib/python3.8/site-packages/airflow/example_dags/example_latest_only.py
[2023-04-27T23:05:39.119+0200] {processor.py:768} INFO - DAG(s) dict_keys(['latest_only']) retrieved from /Users/brenda/miniconda3/envs/airflow/lib/python3.8/site-packages/airflow/example_dags/example_latest_only.py
[2023-04-27T23:05:39.232+0200] {logging_mixin.py:117} INFO - [2023-04-27T23:05:39.232+0200] {dag.py:2573} INFO - Sync 1 DAGs
[2023-04-27T23:05:39.242+0200] {logging_mixin.py:117} INFO - [2023-04-27T23:05:39.242+0200] {dag.py:3324} INFO - Setting next_dagrun for latest_only to 2023-04-27T17:05:39.242075+00:00, run_after=2023-04-27T21:05:39.242075+00:00
[2023-04-27T23:05:39.256+0200] {processor.py:178} INFO - Processing /Users/brenda/miniconda3/envs/airflow/lib/python3.8/site-packages/airflow/example_dags/example_latest_only.py took 0.156 seconds
[2023-04-27T23:06:30.497+0200] {processor.py:156} INFO - Started process (PID=46932) to work on /Users/brenda/miniconda3/envs/airflow/lib/python3.8/site-packages/airflow/example_dags/example_latest_only.py
[2023-04-27T23:06:30.501+0200] {processor.py:758} INFO - Processing file /Users/brenda/miniconda3/envs/airflow/lib/python3.8/site-packages/airflow/example_dags/example_latest_only.py for tasks to queue
[2023-04-27T23:06:30.502+0200] {logging_mixin.py:117} INFO - [2023-04-27T23:06:30.501+0200] {dagbag.py:525} INFO - Filling up the DagBag from /Users/brenda/miniconda3/envs/airflow/lib/python3.8/site-packages/airflow/example_dags/example_latest_only.py
[2023-04-27T23:06:30.516+0200] {processor.py:768} INFO - DAG(s) dict_keys(['latest_only']) retrieved from /Users/brenda/miniconda3/envs/airflow/lib/python3.8/site-packages/airflow/example_dags/example_latest_only.py
[2023-04-27T23:06:30.623+0200] {logging_mixin.py:117} INFO - [2023-04-27T23:06:30.623+0200] {dag.py:2573} INFO - Sync 1 DAGs
[2023-04-27T23:06:30.632+0200] {logging_mixin.py:117} INFO - [2023-04-27T23:06:30.632+0200] {dag.py:3324} INFO - Setting next_dagrun for latest_only to 2023-04-27T17:06:30.632652+00:00, run_after=2023-04-27T21:06:30.632652+00:00
[2023-04-27T23:06:30.643+0200] {processor.py:178} INFO - Processing /Users/brenda/miniconda3/envs/airflow/lib/python3.8/site-packages/airflow/example_dags/example_latest_only.py took 0.146 seconds
[2023-04-27T23:07:22.043+0200] {processor.py:156} INFO - Started process (PID=47064) to work on /Users/brenda/miniconda3/envs/airflow/lib/python3.8/site-packages/airflow/example_dags/example_latest_only.py
[2023-04-27T23:07:22.047+0200] {processor.py:758} INFO - Processing file /Users/brenda/miniconda3/envs/airflow/lib/python3.8/site-packages/airflow/example_dags/example_latest_only.py for tasks to queue
[2023-04-27T23:07:22.047+0200] {logging_mixin.py:117} INFO - [2023-04-27T23:07:22.047+0200] {dagbag.py:525} INFO - Filling up the DagBag from /Users/brenda/miniconda3/envs/airflow/lib/python3.8/site-packages/airflow/example_dags/example_latest_only.py
[2023-04-27T23:07:22.070+0200] {processor.py:768} INFO - DAG(s) dict_keys(['latest_only']) retrieved from /Users/brenda/miniconda3/envs/airflow/lib/python3.8/site-packages/airflow/example_dags/example_latest_only.py
[2023-04-27T23:07:22.243+0200] {logging_mixin.py:117} INFO - [2023-04-27T23:07:22.243+0200] {dag.py:2573} INFO - Sync 1 DAGs
[2023-04-27T23:07:22.259+0200] {logging_mixin.py:117} INFO - [2023-04-27T23:07:22.259+0200] {dag.py:3324} INFO - Setting next_dagrun for latest_only to 2023-04-27T17:07:22.259172+00:00, run_after=2023-04-27T21:07:22.259172+00:00
[2023-04-27T23:07:22.276+0200] {processor.py:178} INFO - Processing /Users/brenda/miniconda3/envs/airflow/lib/python3.8/site-packages/airflow/example_dags/example_latest_only.py took 0.234 seconds
[2023-04-27T23:08:20.316+0200] {processor.py:156} INFO - Started process (PID=47158) to work on /Users/brenda/miniconda3/envs/airflow/lib/python3.8/site-packages/airflow/example_dags/example_latest_only.py
[2023-04-27T23:08:20.320+0200] {processor.py:758} INFO - Processing file /Users/brenda/miniconda3/envs/airflow/lib/python3.8/site-packages/airflow/example_dags/example_latest_only.py for tasks to queue
[2023-04-27T23:08:20.320+0200] {logging_mixin.py:117} INFO - [2023-04-27T23:08:20.320+0200] {dagbag.py:525} INFO - Filling up the DagBag from /Users/brenda/miniconda3/envs/airflow/lib/python3.8/site-packages/airflow/example_dags/example_latest_only.py
[2023-04-27T23:08:20.336+0200] {processor.py:768} INFO - DAG(s) dict_keys(['latest_only']) retrieved from /Users/brenda/miniconda3/envs/airflow/lib/python3.8/site-packages/airflow/example_dags/example_latest_only.py
[2023-04-27T23:08:20.452+0200] {logging_mixin.py:117} INFO - [2023-04-27T23:08:20.452+0200] {dag.py:2573} INFO - Sync 1 DAGs
[2023-04-27T23:08:20.462+0200] {logging_mixin.py:117} INFO - [2023-04-27T23:08:20.462+0200] {dag.py:3324} INFO - Setting next_dagrun for latest_only to 2023-04-27T17:08:20.462447+00:00, run_after=2023-04-27T21:08:20.462447+00:00
[2023-04-27T23:08:20.473+0200] {processor.py:178} INFO - Processing /Users/brenda/miniconda3/envs/airflow/lib/python3.8/site-packages/airflow/example_dags/example_latest_only.py took 0.157 seconds
[2023-04-27T23:09:16.608+0200] {processor.py:156} INFO - Started process (PID=47250) to work on /Users/brenda/miniconda3/envs/airflow/lib/python3.8/site-packages/airflow/example_dags/example_latest_only.py
[2023-04-27T23:09:16.612+0200] {processor.py:758} INFO - Processing file /Users/brenda/miniconda3/envs/airflow/lib/python3.8/site-packages/airflow/example_dags/example_latest_only.py for tasks to queue
[2023-04-27T23:09:16.612+0200] {logging_mixin.py:117} INFO - [2023-04-27T23:09:16.612+0200] {dagbag.py:525} INFO - Filling up the DagBag from /Users/brenda/miniconda3/envs/airflow/lib/python3.8/site-packages/airflow/example_dags/example_latest_only.py
[2023-04-27T23:09:16.627+0200] {processor.py:768} INFO - DAG(s) dict_keys(['latest_only']) retrieved from /Users/brenda/miniconda3/envs/airflow/lib/python3.8/site-packages/airflow/example_dags/example_latest_only.py
[2023-04-27T23:09:16.738+0200] {logging_mixin.py:117} INFO - [2023-04-27T23:09:16.738+0200] {dag.py:2573} INFO - Sync 1 DAGs
[2023-04-27T23:09:16.749+0200] {logging_mixin.py:117} INFO - [2023-04-27T23:09:16.749+0200] {dag.py:3324} INFO - Setting next_dagrun for latest_only to 2023-04-27T17:09:16.749097+00:00, run_after=2023-04-27T21:09:16.749097+00:00
[2023-04-27T23:09:16.759+0200] {processor.py:178} INFO - Processing /Users/brenda/miniconda3/envs/airflow/lib/python3.8/site-packages/airflow/example_dags/example_latest_only.py took 0.152 seconds
[2023-04-27T23:10:12.383+0200] {processor.py:156} INFO - Started process (PID=47340) to work on /Users/brenda/miniconda3/envs/airflow/lib/python3.8/site-packages/airflow/example_dags/example_latest_only.py
[2023-04-27T23:10:12.387+0200] {processor.py:758} INFO - Processing file /Users/brenda/miniconda3/envs/airflow/lib/python3.8/site-packages/airflow/example_dags/example_latest_only.py for tasks to queue
[2023-04-27T23:10:12.387+0200] {logging_mixin.py:117} INFO - [2023-04-27T23:10:12.387+0200] {dagbag.py:525} INFO - Filling up the DagBag from /Users/brenda/miniconda3/envs/airflow/lib/python3.8/site-packages/airflow/example_dags/example_latest_only.py
[2023-04-27T23:10:12.405+0200] {processor.py:768} INFO - DAG(s) dict_keys(['latest_only']) retrieved from /Users/brenda/miniconda3/envs/airflow/lib/python3.8/site-packages/airflow/example_dags/example_latest_only.py
[2023-04-27T23:10:12.527+0200] {logging_mixin.py:117} INFO - [2023-04-27T23:10:12.526+0200] {dag.py:2573} INFO - Sync 1 DAGs
[2023-04-27T23:10:12.536+0200] {logging_mixin.py:117} INFO - [2023-04-27T23:10:12.536+0200] {dag.py:3324} INFO - Setting next_dagrun for latest_only to 2023-04-27T17:10:12.536768+00:00, run_after=2023-04-27T21:10:12.536768+00:00
[2023-04-27T23:10:12.549+0200] {processor.py:178} INFO - Processing /Users/brenda/miniconda3/envs/airflow/lib/python3.8/site-packages/airflow/example_dags/example_latest_only.py took 0.167 seconds
[2023-04-27T23:11:06.334+0200] {processor.py:156} INFO - Started process (PID=47431) to work on /Users/brenda/miniconda3/envs/airflow/lib/python3.8/site-packages/airflow/example_dags/example_latest_only.py
[2023-04-27T23:11:06.338+0200] {processor.py:758} INFO - Processing file /Users/brenda/miniconda3/envs/airflow/lib/python3.8/site-packages/airflow/example_dags/example_latest_only.py for tasks to queue
[2023-04-27T23:11:06.339+0200] {logging_mixin.py:117} INFO - [2023-04-27T23:11:06.339+0200] {dagbag.py:525} INFO - Filling up the DagBag from /Users/brenda/miniconda3/envs/airflow/lib/python3.8/site-packages/airflow/example_dags/example_latest_only.py
[2023-04-27T23:11:06.354+0200] {processor.py:768} INFO - DAG(s) dict_keys(['latest_only']) retrieved from /Users/brenda/miniconda3/envs/airflow/lib/python3.8/site-packages/airflow/example_dags/example_latest_only.py
[2023-04-27T23:11:06.463+0200] {logging_mixin.py:117} INFO - [2023-04-27T23:11:06.462+0200] {dag.py:2573} INFO - Sync 1 DAGs
[2023-04-27T23:11:06.472+0200] {logging_mixin.py:117} INFO - [2023-04-27T23:11:06.472+0200] {dag.py:3324} INFO - Setting next_dagrun for latest_only to 2023-04-27T17:11:06.472589+00:00, run_after=2023-04-27T21:11:06.472589+00:00
[2023-04-27T23:11:06.483+0200] {processor.py:178} INFO - Processing /Users/brenda/miniconda3/envs/airflow/lib/python3.8/site-packages/airflow/example_dags/example_latest_only.py took 0.149 seconds
[2023-04-27T23:12:02.879+0200] {processor.py:156} INFO - Started process (PID=47523) to work on /Users/brenda/miniconda3/envs/airflow/lib/python3.8/site-packages/airflow/example_dags/example_latest_only.py
[2023-04-27T23:12:02.882+0200] {processor.py:758} INFO - Processing file /Users/brenda/miniconda3/envs/airflow/lib/python3.8/site-packages/airflow/example_dags/example_latest_only.py for tasks to queue
[2023-04-27T23:12:02.883+0200] {logging_mixin.py:117} INFO - [2023-04-27T23:12:02.883+0200] {dagbag.py:525} INFO - Filling up the DagBag from /Users/brenda/miniconda3/envs/airflow/lib/python3.8/site-packages/airflow/example_dags/example_latest_only.py
[2023-04-27T23:12:02.898+0200] {processor.py:768} INFO - DAG(s) dict_keys(['latest_only']) retrieved from /Users/brenda/miniconda3/envs/airflow/lib/python3.8/site-packages/airflow/example_dags/example_latest_only.py
[2023-04-27T23:12:03.015+0200] {logging_mixin.py:117} INFO - [2023-04-27T23:12:03.015+0200] {dag.py:2573} INFO - Sync 1 DAGs
[2023-04-27T23:12:03.025+0200] {logging_mixin.py:117} INFO - [2023-04-27T23:12:03.025+0200] {dag.py:3324} INFO - Setting next_dagrun for latest_only to 2023-04-27T17:12:03.025753+00:00, run_after=2023-04-27T21:12:03.025753+00:00
[2023-04-27T23:12:03.036+0200] {processor.py:178} INFO - Processing /Users/brenda/miniconda3/envs/airflow/lib/python3.8/site-packages/airflow/example_dags/example_latest_only.py took 0.157 seconds
[2023-04-27T23:28:23.828+0200] {processor.py:156} INFO - Started process (PID=47626) to work on /Users/brenda/miniconda3/envs/airflow/lib/python3.8/site-packages/airflow/example_dags/example_latest_only.py
[2023-04-27T23:28:23.831+0200] {processor.py:758} INFO - Processing file /Users/brenda/miniconda3/envs/airflow/lib/python3.8/site-packages/airflow/example_dags/example_latest_only.py for tasks to queue
[2023-04-27T23:28:23.832+0200] {logging_mixin.py:117} INFO - [2023-04-27T23:28:23.832+0200] {dagbag.py:525} INFO - Filling up the DagBag from /Users/brenda/miniconda3/envs/airflow/lib/python3.8/site-packages/airflow/example_dags/example_latest_only.py
[2023-04-27T23:28:23.848+0200] {processor.py:768} INFO - DAG(s) dict_keys(['latest_only']) retrieved from /Users/brenda/miniconda3/envs/airflow/lib/python3.8/site-packages/airflow/example_dags/example_latest_only.py
[2023-04-27T23:28:23.998+0200] {logging_mixin.py:117} INFO - [2023-04-27T23:28:23.998+0200] {dag.py:2573} INFO - Sync 1 DAGs
[2023-04-27T23:28:24.009+0200] {logging_mixin.py:117} INFO - [2023-04-27T23:28:24.009+0200] {dag.py:3324} INFO - Setting next_dagrun for latest_only to 2023-04-27T17:28:24.009592+00:00, run_after=2023-04-27T21:28:24.009592+00:00
[2023-04-27T23:28:24.018+0200] {processor.py:178} INFO - Processing /Users/brenda/miniconda3/envs/airflow/lib/python3.8/site-packages/airflow/example_dags/example_latest_only.py took 0.190 seconds
[2023-04-27T23:29:09.946+0200] {processor.py:156} INFO - Started process (PID=47713) to work on /Users/brenda/miniconda3/envs/airflow/lib/python3.8/site-packages/airflow/example_dags/example_latest_only.py
[2023-04-27T23:29:09.948+0200] {processor.py:758} INFO - Processing file /Users/brenda/miniconda3/envs/airflow/lib/python3.8/site-packages/airflow/example_dags/example_latest_only.py for tasks to queue
[2023-04-27T23:29:09.949+0200] {logging_mixin.py:117} INFO - [2023-04-27T23:29:09.949+0200] {dagbag.py:525} INFO - Filling up the DagBag from /Users/brenda/miniconda3/envs/airflow/lib/python3.8/site-packages/airflow/example_dags/example_latest_only.py
[2023-04-27T23:29:09.957+0200] {processor.py:768} INFO - DAG(s) dict_keys(['latest_only']) retrieved from /Users/brenda/miniconda3/envs/airflow/lib/python3.8/site-packages/airflow/example_dags/example_latest_only.py
[2023-04-27T23:29:10.029+0200] {logging_mixin.py:117} INFO - [2023-04-27T23:29:10.028+0200] {dag.py:2573} INFO - Sync 1 DAGs
[2023-04-27T23:29:10.035+0200] {logging_mixin.py:117} INFO - [2023-04-27T23:29:10.034+0200] {dag.py:3324} INFO - Setting next_dagrun for latest_only to 2023-04-27T17:29:10.034930+00:00, run_after=2023-04-27T21:29:10.034930+00:00
[2023-04-27T23:29:10.041+0200] {processor.py:178} INFO - Processing /Users/brenda/miniconda3/envs/airflow/lib/python3.8/site-packages/airflow/example_dags/example_latest_only.py took 0.095 seconds
[2023-04-27T23:29:56.831+0200] {processor.py:156} INFO - Started process (PID=47805) to work on /Users/brenda/miniconda3/envs/airflow/lib/python3.8/site-packages/airflow/example_dags/example_latest_only.py
[2023-04-27T23:29:56.833+0200] {processor.py:758} INFO - Processing file /Users/brenda/miniconda3/envs/airflow/lib/python3.8/site-packages/airflow/example_dags/example_latest_only.py for tasks to queue
[2023-04-27T23:29:56.833+0200] {logging_mixin.py:117} INFO - [2023-04-27T23:29:56.833+0200] {dagbag.py:525} INFO - Filling up the DagBag from /Users/brenda/miniconda3/envs/airflow/lib/python3.8/site-packages/airflow/example_dags/example_latest_only.py
[2023-04-27T23:29:56.841+0200] {processor.py:768} INFO - DAG(s) dict_keys(['latest_only']) retrieved from /Users/brenda/miniconda3/envs/airflow/lib/python3.8/site-packages/airflow/example_dags/example_latest_only.py
[2023-04-27T23:29:56.904+0200] {logging_mixin.py:117} INFO - [2023-04-27T23:29:56.904+0200] {dag.py:2573} INFO - Sync 1 DAGs
[2023-04-27T23:29:56.909+0200] {logging_mixin.py:117} INFO - [2023-04-27T23:29:56.909+0200] {dag.py:3324} INFO - Setting next_dagrun for latest_only to 2023-04-27T17:29:56.909706+00:00, run_after=2023-04-27T21:29:56.909706+00:00
[2023-04-27T23:29:56.915+0200] {processor.py:178} INFO - Processing /Users/brenda/miniconda3/envs/airflow/lib/python3.8/site-packages/airflow/example_dags/example_latest_only.py took 0.085 seconds
[2023-04-27T23:30:45.564+0200] {processor.py:156} INFO - Started process (PID=47900) to work on /Users/brenda/miniconda3/envs/airflow/lib/python3.8/site-packages/airflow/example_dags/example_latest_only.py
[2023-04-27T23:30:45.566+0200] {processor.py:758} INFO - Processing file /Users/brenda/miniconda3/envs/airflow/lib/python3.8/site-packages/airflow/example_dags/example_latest_only.py for tasks to queue
[2023-04-27T23:30:45.566+0200] {logging_mixin.py:117} INFO - [2023-04-27T23:30:45.566+0200] {dagbag.py:525} INFO - Filling up the DagBag from /Users/brenda/miniconda3/envs/airflow/lib/python3.8/site-packages/airflow/example_dags/example_latest_only.py
[2023-04-27T23:30:45.575+0200] {processor.py:768} INFO - DAG(s) dict_keys(['latest_only']) retrieved from /Users/brenda/miniconda3/envs/airflow/lib/python3.8/site-packages/airflow/example_dags/example_latest_only.py
[2023-04-27T23:30:45.636+0200] {logging_mixin.py:117} INFO - [2023-04-27T23:30:45.636+0200] {dag.py:2573} INFO - Sync 1 DAGs
[2023-04-27T23:30:45.642+0200] {logging_mixin.py:117} INFO - [2023-04-27T23:30:45.642+0200] {dag.py:3324} INFO - Setting next_dagrun for latest_only to 2023-04-27T17:30:45.642119+00:00, run_after=2023-04-27T21:30:45.642119+00:00
[2023-04-27T23:30:45.648+0200] {processor.py:178} INFO - Processing /Users/brenda/miniconda3/envs/airflow/lib/python3.8/site-packages/airflow/example_dags/example_latest_only.py took 0.085 seconds
[2023-04-27T23:31:32.306+0200] {processor.py:156} INFO - Started process (PID=47984) to work on /Users/brenda/miniconda3/envs/airflow/lib/python3.8/site-packages/airflow/example_dags/example_latest_only.py
[2023-04-27T23:31:32.308+0200] {processor.py:758} INFO - Processing file /Users/brenda/miniconda3/envs/airflow/lib/python3.8/site-packages/airflow/example_dags/example_latest_only.py for tasks to queue
[2023-04-27T23:31:32.308+0200] {logging_mixin.py:117} INFO - [2023-04-27T23:31:32.308+0200] {dagbag.py:525} INFO - Filling up the DagBag from /Users/brenda/miniconda3/envs/airflow/lib/python3.8/site-packages/airflow/example_dags/example_latest_only.py
[2023-04-27T23:31:32.317+0200] {processor.py:768} INFO - DAG(s) dict_keys(['latest_only']) retrieved from /Users/brenda/miniconda3/envs/airflow/lib/python3.8/site-packages/airflow/example_dags/example_latest_only.py
[2023-04-27T23:31:32.384+0200] {logging_mixin.py:117} INFO - [2023-04-27T23:31:32.384+0200] {dag.py:2573} INFO - Sync 1 DAGs
[2023-04-27T23:31:32.391+0200] {logging_mixin.py:117} INFO - [2023-04-27T23:31:32.391+0200] {dag.py:3324} INFO - Setting next_dagrun for latest_only to 2023-04-27T17:31:32.391185+00:00, run_after=2023-04-27T21:31:32.391185+00:00
[2023-04-27T23:31:32.398+0200] {processor.py:178} INFO - Processing /Users/brenda/miniconda3/envs/airflow/lib/python3.8/site-packages/airflow/example_dags/example_latest_only.py took 0.093 seconds
[2023-04-27T23:32:19.215+0200] {processor.py:156} INFO - Started process (PID=48061) to work on /Users/brenda/miniconda3/envs/airflow/lib/python3.8/site-packages/airflow/example_dags/example_latest_only.py
[2023-04-27T23:32:19.218+0200] {processor.py:758} INFO - Processing file /Users/brenda/miniconda3/envs/airflow/lib/python3.8/site-packages/airflow/example_dags/example_latest_only.py for tasks to queue
[2023-04-27T23:32:19.218+0200] {logging_mixin.py:117} INFO - [2023-04-27T23:32:19.218+0200] {dagbag.py:525} INFO - Filling up the DagBag from /Users/brenda/miniconda3/envs/airflow/lib/python3.8/site-packages/airflow/example_dags/example_latest_only.py
[2023-04-27T23:32:19.226+0200] {processor.py:768} INFO - DAG(s) dict_keys(['latest_only']) retrieved from /Users/brenda/miniconda3/envs/airflow/lib/python3.8/site-packages/airflow/example_dags/example_latest_only.py
[2023-04-27T23:32:19.290+0200] {logging_mixin.py:117} INFO - [2023-04-27T23:32:19.289+0200] {dag.py:2573} INFO - Sync 1 DAGs
[2023-04-27T23:32:19.295+0200] {logging_mixin.py:117} INFO - [2023-04-27T23:32:19.295+0200] {dag.py:3324} INFO - Setting next_dagrun for latest_only to 2023-04-27T17:32:19.295526+00:00, run_after=2023-04-27T21:32:19.295526+00:00
[2023-04-27T23:32:19.301+0200] {processor.py:178} INFO - Processing /Users/brenda/miniconda3/envs/airflow/lib/python3.8/site-packages/airflow/example_dags/example_latest_only.py took 0.086 seconds
[2023-04-27T23:33:05.896+0200] {processor.py:156} INFO - Started process (PID=48135) to work on /Users/brenda/miniconda3/envs/airflow/lib/python3.8/site-packages/airflow/example_dags/example_latest_only.py
[2023-04-27T23:33:05.899+0200] {processor.py:758} INFO - Processing file /Users/brenda/miniconda3/envs/airflow/lib/python3.8/site-packages/airflow/example_dags/example_latest_only.py for tasks to queue
[2023-04-27T23:33:05.899+0200] {logging_mixin.py:117} INFO - [2023-04-27T23:33:05.899+0200] {dagbag.py:525} INFO - Filling up the DagBag from /Users/brenda/miniconda3/envs/airflow/lib/python3.8/site-packages/airflow/example_dags/example_latest_only.py
[2023-04-27T23:33:05.908+0200] {processor.py:768} INFO - DAG(s) dict_keys(['latest_only']) retrieved from /Users/brenda/miniconda3/envs/airflow/lib/python3.8/site-packages/airflow/example_dags/example_latest_only.py
[2023-04-27T23:33:05.973+0200] {logging_mixin.py:117} INFO - [2023-04-27T23:33:05.973+0200] {dag.py:2573} INFO - Sync 1 DAGs
[2023-04-27T23:33:05.979+0200] {logging_mixin.py:117} INFO - [2023-04-27T23:33:05.979+0200] {dag.py:3324} INFO - Setting next_dagrun for latest_only to 2023-04-27T17:33:05.979363+00:00, run_after=2023-04-27T21:33:05.979363+00:00
[2023-04-27T23:33:05.986+0200] {processor.py:178} INFO - Processing /Users/brenda/miniconda3/envs/airflow/lib/python3.8/site-packages/airflow/example_dags/example_latest_only.py took 0.090 seconds
[2023-04-27T23:33:52.519+0200] {processor.py:156} INFO - Started process (PID=48213) to work on /Users/brenda/miniconda3/envs/airflow/lib/python3.8/site-packages/airflow/example_dags/example_latest_only.py
[2023-04-27T23:33:52.522+0200] {processor.py:758} INFO - Processing file /Users/brenda/miniconda3/envs/airflow/lib/python3.8/site-packages/airflow/example_dags/example_latest_only.py for tasks to queue
[2023-04-27T23:33:52.522+0200] {logging_mixin.py:117} INFO - [2023-04-27T23:33:52.522+0200] {dagbag.py:525} INFO - Filling up the DagBag from /Users/brenda/miniconda3/envs/airflow/lib/python3.8/site-packages/airflow/example_dags/example_latest_only.py
[2023-04-27T23:33:52.531+0200] {processor.py:768} INFO - DAG(s) dict_keys(['latest_only']) retrieved from /Users/brenda/miniconda3/envs/airflow/lib/python3.8/site-packages/airflow/example_dags/example_latest_only.py
[2023-04-27T23:33:52.596+0200] {logging_mixin.py:117} INFO - [2023-04-27T23:33:52.596+0200] {dag.py:2573} INFO - Sync 1 DAGs
[2023-04-27T23:33:52.602+0200] {logging_mixin.py:117} INFO - [2023-04-27T23:33:52.602+0200] {dag.py:3324} INFO - Setting next_dagrun for latest_only to 2023-04-27T17:33:52.602005+00:00, run_after=2023-04-27T21:33:52.602005+00:00
[2023-04-27T23:33:52.608+0200] {processor.py:178} INFO - Processing /Users/brenda/miniconda3/envs/airflow/lib/python3.8/site-packages/airflow/example_dags/example_latest_only.py took 0.089 seconds
[2023-04-27T23:34:41.676+0200] {processor.py:156} INFO - Started process (PID=48287) to work on /Users/brenda/miniconda3/envs/airflow/lib/python3.8/site-packages/airflow/example_dags/example_latest_only.py
[2023-04-27T23:34:41.678+0200] {processor.py:758} INFO - Processing file /Users/brenda/miniconda3/envs/airflow/lib/python3.8/site-packages/airflow/example_dags/example_latest_only.py for tasks to queue
[2023-04-27T23:34:41.679+0200] {logging_mixin.py:117} INFO - [2023-04-27T23:34:41.679+0200] {dagbag.py:525} INFO - Filling up the DagBag from /Users/brenda/miniconda3/envs/airflow/lib/python3.8/site-packages/airflow/example_dags/example_latest_only.py
[2023-04-27T23:34:41.688+0200] {processor.py:768} INFO - DAG(s) dict_keys(['latest_only']) retrieved from /Users/brenda/miniconda3/envs/airflow/lib/python3.8/site-packages/airflow/example_dags/example_latest_only.py
[2023-04-27T23:34:41.758+0200] {logging_mixin.py:117} INFO - [2023-04-27T23:34:41.758+0200] {dag.py:2573} INFO - Sync 1 DAGs
[2023-04-27T23:34:41.764+0200] {logging_mixin.py:117} INFO - [2023-04-27T23:34:41.764+0200] {dag.py:3324} INFO - Setting next_dagrun for latest_only to 2023-04-27T17:34:41.764659+00:00, run_after=2023-04-27T21:34:41.764659+00:00
[2023-04-27T23:34:41.771+0200] {processor.py:178} INFO - Processing /Users/brenda/miniconda3/envs/airflow/lib/python3.8/site-packages/airflow/example_dags/example_latest_only.py took 0.096 seconds
[2023-04-27T23:35:26.894+0200] {processor.py:156} INFO - Started process (PID=48367) to work on /Users/brenda/miniconda3/envs/airflow/lib/python3.8/site-packages/airflow/example_dags/example_latest_only.py
[2023-04-27T23:35:26.896+0200] {processor.py:758} INFO - Processing file /Users/brenda/miniconda3/envs/airflow/lib/python3.8/site-packages/airflow/example_dags/example_latest_only.py for tasks to queue
[2023-04-27T23:35:26.896+0200] {logging_mixin.py:117} INFO - [2023-04-27T23:35:26.896+0200] {dagbag.py:525} INFO - Filling up the DagBag from /Users/brenda/miniconda3/envs/airflow/lib/python3.8/site-packages/airflow/example_dags/example_latest_only.py
[2023-04-27T23:35:26.905+0200] {processor.py:768} INFO - DAG(s) dict_keys(['latest_only']) retrieved from /Users/brenda/miniconda3/envs/airflow/lib/python3.8/site-packages/airflow/example_dags/example_latest_only.py
[2023-04-27T23:35:26.966+0200] {logging_mixin.py:117} INFO - [2023-04-27T23:35:26.966+0200] {dag.py:2573} INFO - Sync 1 DAGs
[2023-04-27T23:35:26.971+0200] {logging_mixin.py:117} INFO - [2023-04-27T23:35:26.971+0200] {dag.py:3324} INFO - Setting next_dagrun for latest_only to 2023-04-27T17:35:26.971863+00:00, run_after=2023-04-27T21:35:26.971863+00:00
[2023-04-27T23:35:26.978+0200] {processor.py:178} INFO - Processing /Users/brenda/miniconda3/envs/airflow/lib/python3.8/site-packages/airflow/example_dags/example_latest_only.py took 0.084 seconds
[2023-04-27T23:36:11.948+0200] {processor.py:156} INFO - Started process (PID=48452) to work on /Users/brenda/miniconda3/envs/airflow/lib/python3.8/site-packages/airflow/example_dags/example_latest_only.py
[2023-04-27T23:36:11.951+0200] {processor.py:758} INFO - Processing file /Users/brenda/miniconda3/envs/airflow/lib/python3.8/site-packages/airflow/example_dags/example_latest_only.py for tasks to queue
[2023-04-27T23:36:11.951+0200] {logging_mixin.py:117} INFO - [2023-04-27T23:36:11.951+0200] {dagbag.py:525} INFO - Filling up the DagBag from /Users/brenda/miniconda3/envs/airflow/lib/python3.8/site-packages/airflow/example_dags/example_latest_only.py
[2023-04-27T23:36:11.961+0200] {processor.py:768} INFO - DAG(s) dict_keys(['latest_only']) retrieved from /Users/brenda/miniconda3/envs/airflow/lib/python3.8/site-packages/airflow/example_dags/example_latest_only.py
[2023-04-27T23:36:12.033+0200] {logging_mixin.py:117} INFO - [2023-04-27T23:36:12.033+0200] {dag.py:2573} INFO - Sync 1 DAGs
[2023-04-27T23:36:12.039+0200] {logging_mixin.py:117} INFO - [2023-04-27T23:36:12.039+0200] {dag.py:3324} INFO - Setting next_dagrun for latest_only to 2023-04-27T17:36:12.039743+00:00, run_after=2023-04-27T21:36:12.039743+00:00
[2023-04-27T23:36:12.046+0200] {processor.py:178} INFO - Processing /Users/brenda/miniconda3/envs/airflow/lib/python3.8/site-packages/airflow/example_dags/example_latest_only.py took 0.099 seconds
[2023-04-27T23:36:59.169+0200] {processor.py:156} INFO - Started process (PID=48532) to work on /Users/brenda/miniconda3/envs/airflow/lib/python3.8/site-packages/airflow/example_dags/example_latest_only.py
[2023-04-27T23:36:59.172+0200] {processor.py:758} INFO - Processing file /Users/brenda/miniconda3/envs/airflow/lib/python3.8/site-packages/airflow/example_dags/example_latest_only.py for tasks to queue
[2023-04-27T23:36:59.172+0200] {logging_mixin.py:117} INFO - [2023-04-27T23:36:59.172+0200] {dagbag.py:525} INFO - Filling up the DagBag from /Users/brenda/miniconda3/envs/airflow/lib/python3.8/site-packages/airflow/example_dags/example_latest_only.py
[2023-04-27T23:36:59.181+0200] {processor.py:768} INFO - DAG(s) dict_keys(['latest_only']) retrieved from /Users/brenda/miniconda3/envs/airflow/lib/python3.8/site-packages/airflow/example_dags/example_latest_only.py
[2023-04-27T23:36:59.247+0200] {logging_mixin.py:117} INFO - [2023-04-27T23:36:59.247+0200] {dag.py:2573} INFO - Sync 1 DAGs
[2023-04-27T23:36:59.253+0200] {logging_mixin.py:117} INFO - [2023-04-27T23:36:59.253+0200] {dag.py:3324} INFO - Setting next_dagrun for latest_only to 2023-04-27T17:36:59.253565+00:00, run_after=2023-04-27T21:36:59.253565+00:00
[2023-04-27T23:36:59.259+0200] {processor.py:178} INFO - Processing /Users/brenda/miniconda3/envs/airflow/lib/python3.8/site-packages/airflow/example_dags/example_latest_only.py took 0.091 seconds
[2023-04-27T23:37:44.288+0200] {processor.py:156} INFO - Started process (PID=48610) to work on /Users/brenda/miniconda3/envs/airflow/lib/python3.8/site-packages/airflow/example_dags/example_latest_only.py
[2023-04-27T23:37:44.290+0200] {processor.py:758} INFO - Processing file /Users/brenda/miniconda3/envs/airflow/lib/python3.8/site-packages/airflow/example_dags/example_latest_only.py for tasks to queue
[2023-04-27T23:37:44.290+0200] {logging_mixin.py:117} INFO - [2023-04-27T23:37:44.290+0200] {dagbag.py:525} INFO - Filling up the DagBag from /Users/brenda/miniconda3/envs/airflow/lib/python3.8/site-packages/airflow/example_dags/example_latest_only.py
[2023-04-27T23:37:44.299+0200] {processor.py:768} INFO - DAG(s) dict_keys(['latest_only']) retrieved from /Users/brenda/miniconda3/envs/airflow/lib/python3.8/site-packages/airflow/example_dags/example_latest_only.py
[2023-04-27T23:37:44.365+0200] {logging_mixin.py:117} INFO - [2023-04-27T23:37:44.365+0200] {dag.py:2573} INFO - Sync 1 DAGs
[2023-04-27T23:37:44.371+0200] {logging_mixin.py:117} INFO - [2023-04-27T23:37:44.371+0200] {dag.py:3324} INFO - Setting next_dagrun for latest_only to 2023-04-27T17:37:44.371224+00:00, run_after=2023-04-27T21:37:44.371224+00:00
[2023-04-27T23:37:44.377+0200] {processor.py:178} INFO - Processing /Users/brenda/miniconda3/envs/airflow/lib/python3.8/site-packages/airflow/example_dags/example_latest_only.py took 0.089 seconds
[2023-04-27T23:38:31.487+0200] {processor.py:156} INFO - Started process (PID=48686) to work on /Users/brenda/miniconda3/envs/airflow/lib/python3.8/site-packages/airflow/example_dags/example_latest_only.py
[2023-04-27T23:38:31.489+0200] {processor.py:758} INFO - Processing file /Users/brenda/miniconda3/envs/airflow/lib/python3.8/site-packages/airflow/example_dags/example_latest_only.py for tasks to queue
[2023-04-27T23:38:31.489+0200] {logging_mixin.py:117} INFO - [2023-04-27T23:38:31.489+0200] {dagbag.py:525} INFO - Filling up the DagBag from /Users/brenda/miniconda3/envs/airflow/lib/python3.8/site-packages/airflow/example_dags/example_latest_only.py
[2023-04-27T23:38:31.499+0200] {processor.py:768} INFO - DAG(s) dict_keys(['latest_only']) retrieved from /Users/brenda/miniconda3/envs/airflow/lib/python3.8/site-packages/airflow/example_dags/example_latest_only.py
[2023-04-27T23:38:31.572+0200] {logging_mixin.py:117} INFO - [2023-04-27T23:38:31.571+0200] {dag.py:2573} INFO - Sync 1 DAGs
[2023-04-27T23:38:31.577+0200] {logging_mixin.py:117} INFO - [2023-04-27T23:38:31.577+0200] {dag.py:3324} INFO - Setting next_dagrun for latest_only to 2023-04-27T17:38:31.577858+00:00, run_after=2023-04-27T21:38:31.577858+00:00
[2023-04-27T23:38:31.584+0200] {processor.py:178} INFO - Processing /Users/brenda/miniconda3/envs/airflow/lib/python3.8/site-packages/airflow/example_dags/example_latest_only.py took 0.097 seconds
[2023-04-28T00:13:27.851+0200] {processor.py:156} INFO - Started process (PID=48787) to work on /Users/brenda/miniconda3/envs/airflow/lib/python3.8/site-packages/airflow/example_dags/example_latest_only.py
[2023-04-28T00:13:27.855+0200] {processor.py:758} INFO - Processing file /Users/brenda/miniconda3/envs/airflow/lib/python3.8/site-packages/airflow/example_dags/example_latest_only.py for tasks to queue
[2023-04-28T00:13:27.856+0200] {logging_mixin.py:117} INFO - [2023-04-28T00:13:27.856+0200] {dagbag.py:525} INFO - Filling up the DagBag from /Users/brenda/miniconda3/envs/airflow/lib/python3.8/site-packages/airflow/example_dags/example_latest_only.py
[2023-04-28T00:13:27.870+0200] {processor.py:768} INFO - DAG(s) dict_keys(['latest_only']) retrieved from /Users/brenda/miniconda3/envs/airflow/lib/python3.8/site-packages/airflow/example_dags/example_latest_only.py
[2023-04-28T00:13:27.984+0200] {logging_mixin.py:117} INFO - [2023-04-28T00:13:27.984+0200] {dag.py:2573} INFO - Sync 1 DAGs
[2023-04-28T00:13:27.994+0200] {logging_mixin.py:117} INFO - [2023-04-28T00:13:27.993+0200] {dag.py:3324} INFO - Setting next_dagrun for latest_only to 2023-04-27T18:13:27.993848+00:00, run_after=2023-04-27T22:13:27.993848+00:00
[2023-04-28T00:13:28.004+0200] {processor.py:178} INFO - Processing /Users/brenda/miniconda3/envs/airflow/lib/python3.8/site-packages/airflow/example_dags/example_latest_only.py took 0.153 seconds
