[2023-04-27T22:48:37.465+0200] {processor.py:153} INFO - Started process (PID=44575) to work on /Users/brenda/miniconda3/envs/airflow/lib/python3.8/site-packages/airflow/example_dags/example_trigger_controller_dag.py
[2023-04-27T22:48:37.468+0200] {processor.py:743} INFO - Processing file /Users/brenda/miniconda3/envs/airflow/lib/python3.8/site-packages/airflow/example_dags/example_trigger_controller_dag.py for tasks to queue
[2023-04-27T22:48:37.468+0200] {logging_mixin.py:137} INFO - [2023-04-27T22:48:37.468+0200] {dagbag.py:532} INFO - Filling up the DagBag from /Users/brenda/miniconda3/envs/airflow/lib/python3.8/site-packages/airflow/example_dags/example_trigger_controller_dag.py
[2023-04-27T22:48:37.483+0200] {processor.py:753} INFO - DAG(s) dict_keys(['example_trigger_controller_dag']) retrieved from /Users/brenda/miniconda3/envs/airflow/lib/python3.8/site-packages/airflow/example_dags/example_trigger_controller_dag.py
[2023-04-27T22:48:37.951+0200] {logging_mixin.py:137} INFO - [2023-04-27T22:48:37.951+0200] {manager.py:504} INFO - Created Permission View: can read on DAG:example_trigger_controller_dag
[2023-04-27T22:48:37.955+0200] {logging_mixin.py:137} INFO - [2023-04-27T22:48:37.955+0200] {manager.py:504} INFO - Created Permission View: can edit on DAG:example_trigger_controller_dag
[2023-04-27T22:48:37.958+0200] {logging_mixin.py:137} INFO - [2023-04-27T22:48:37.958+0200] {manager.py:504} INFO - Created Permission View: can delete on DAG:example_trigger_controller_dag
[2023-04-27T22:48:37.958+0200] {logging_mixin.py:137} INFO - [2023-04-27T22:48:37.958+0200] {dag.py:2705} INFO - Sync 1 DAGs
[2023-04-27T22:48:37.964+0200] {logging_mixin.py:137} INFO - [2023-04-27T22:48:37.964+0200] {dag.py:2726} INFO - Creating ORM DAG for example_trigger_controller_dag
[2023-04-27T22:48:37.969+0200] {logging_mixin.py:137} INFO - [2023-04-27T22:48:37.969+0200] {dag.py:3452} INFO - Setting next_dagrun for example_trigger_controller_dag to 2021-01-01T00:00:00+00:00, run_after=2021-01-01T00:00:00+00:00
[2023-04-27T22:48:37.979+0200] {processor.py:175} INFO - Processing /Users/brenda/miniconda3/envs/airflow/lib/python3.8/site-packages/airflow/example_dags/example_trigger_controller_dag.py took 0.515 seconds
[2023-04-27T22:59:40.213+0200] {processor.py:156} INFO - Started process (PID=46121) to work on /Users/brenda/miniconda3/envs/airflow/lib/python3.8/site-packages/airflow/example_dags/example_trigger_controller_dag.py
[2023-04-27T22:59:40.216+0200] {processor.py:758} INFO - Processing file /Users/brenda/miniconda3/envs/airflow/lib/python3.8/site-packages/airflow/example_dags/example_trigger_controller_dag.py for tasks to queue
[2023-04-27T22:59:40.216+0200] {logging_mixin.py:117} INFO - [2023-04-27T22:59:40.216+0200] {dagbag.py:525} INFO - Filling up the DagBag from /Users/brenda/miniconda3/envs/airflow/lib/python3.8/site-packages/airflow/example_dags/example_trigger_controller_dag.py
[2023-04-27T22:59:40.232+0200] {processor.py:768} INFO - DAG(s) dict_keys(['example_trigger_controller_dag']) retrieved from /Users/brenda/miniconda3/envs/airflow/lib/python3.8/site-packages/airflow/example_dags/example_trigger_controller_dag.py
[2023-04-27T22:59:40.263+0200] {logging_mixin.py:117} INFO - [2023-04-27T22:59:40.263+0200] {dag.py:2573} INFO - Sync 1 DAGs
[2023-04-27T22:59:40.354+0200] {logging_mixin.py:117} INFO - [2023-04-27T22:59:40.353+0200] {dag.py:3324} INFO - Setting next_dagrun for example_trigger_controller_dag to 2021-01-01T00:00:00+00:00, run_after=2021-01-01T00:00:00+00:00
[2023-04-27T22:59:40.372+0200] {processor.py:178} INFO - Processing /Users/brenda/miniconda3/envs/airflow/lib/python3.8/site-packages/airflow/example_dags/example_trigger_controller_dag.py took 0.160 seconds
[2023-04-27T23:00:34.426+0200] {processor.py:156} INFO - Started process (PID=46210) to work on /Users/brenda/miniconda3/envs/airflow/lib/python3.8/site-packages/airflow/example_dags/example_trigger_controller_dag.py
[2023-04-27T23:00:34.429+0200] {processor.py:758} INFO - Processing file /Users/brenda/miniconda3/envs/airflow/lib/python3.8/site-packages/airflow/example_dags/example_trigger_controller_dag.py for tasks to queue
[2023-04-27T23:00:34.429+0200] {logging_mixin.py:117} INFO - [2023-04-27T23:00:34.429+0200] {dagbag.py:525} INFO - Filling up the DagBag from /Users/brenda/miniconda3/envs/airflow/lib/python3.8/site-packages/airflow/example_dags/example_trigger_controller_dag.py
[2023-04-27T23:00:34.443+0200] {processor.py:768} INFO - DAG(s) dict_keys(['example_trigger_controller_dag']) retrieved from /Users/brenda/miniconda3/envs/airflow/lib/python3.8/site-packages/airflow/example_dags/example_trigger_controller_dag.py
[2023-04-27T23:00:34.556+0200] {logging_mixin.py:117} INFO - [2023-04-27T23:00:34.556+0200] {dag.py:2573} INFO - Sync 1 DAGs
[2023-04-27T23:00:34.565+0200] {logging_mixin.py:117} INFO - [2023-04-27T23:00:34.565+0200] {dag.py:3324} INFO - Setting next_dagrun for example_trigger_controller_dag to 2021-01-01T00:00:00+00:00, run_after=2021-01-01T00:00:00+00:00
[2023-04-27T23:00:34.575+0200] {processor.py:178} INFO - Processing /Users/brenda/miniconda3/envs/airflow/lib/python3.8/site-packages/airflow/example_dags/example_trigger_controller_dag.py took 0.150 seconds
[2023-04-27T23:01:29.327+0200] {processor.py:156} INFO - Started process (PID=46310) to work on /Users/brenda/miniconda3/envs/airflow/lib/python3.8/site-packages/airflow/example_dags/example_trigger_controller_dag.py
[2023-04-27T23:01:29.331+0200] {processor.py:758} INFO - Processing file /Users/brenda/miniconda3/envs/airflow/lib/python3.8/site-packages/airflow/example_dags/example_trigger_controller_dag.py for tasks to queue
[2023-04-27T23:01:29.331+0200] {logging_mixin.py:117} INFO - [2023-04-27T23:01:29.331+0200] {dagbag.py:525} INFO - Filling up the DagBag from /Users/brenda/miniconda3/envs/airflow/lib/python3.8/site-packages/airflow/example_dags/example_trigger_controller_dag.py
[2023-04-27T23:01:29.345+0200] {processor.py:768} INFO - DAG(s) dict_keys(['example_trigger_controller_dag']) retrieved from /Users/brenda/miniconda3/envs/airflow/lib/python3.8/site-packages/airflow/example_dags/example_trigger_controller_dag.py
[2023-04-27T23:01:29.458+0200] {logging_mixin.py:117} INFO - [2023-04-27T23:01:29.458+0200] {dag.py:2573} INFO - Sync 1 DAGs
[2023-04-27T23:01:29.467+0200] {logging_mixin.py:117} INFO - [2023-04-27T23:01:29.467+0200] {dag.py:3324} INFO - Setting next_dagrun for example_trigger_controller_dag to 2021-01-01T00:00:00+00:00, run_after=2021-01-01T00:00:00+00:00
[2023-04-27T23:01:29.478+0200] {processor.py:178} INFO - Processing /Users/brenda/miniconda3/envs/airflow/lib/python3.8/site-packages/airflow/example_dags/example_trigger_controller_dag.py took 0.151 seconds
[2023-04-27T23:02:22.959+0200] {processor.py:156} INFO - Started process (PID=46445) to work on /Users/brenda/miniconda3/envs/airflow/lib/python3.8/site-packages/airflow/example_dags/example_trigger_controller_dag.py
[2023-04-27T23:02:22.962+0200] {processor.py:758} INFO - Processing file /Users/brenda/miniconda3/envs/airflow/lib/python3.8/site-packages/airflow/example_dags/example_trigger_controller_dag.py for tasks to queue
[2023-04-27T23:02:22.962+0200] {logging_mixin.py:117} INFO - [2023-04-27T23:02:22.962+0200] {dagbag.py:525} INFO - Filling up the DagBag from /Users/brenda/miniconda3/envs/airflow/lib/python3.8/site-packages/airflow/example_dags/example_trigger_controller_dag.py
[2023-04-27T23:02:22.977+0200] {processor.py:768} INFO - DAG(s) dict_keys(['example_trigger_controller_dag']) retrieved from /Users/brenda/miniconda3/envs/airflow/lib/python3.8/site-packages/airflow/example_dags/example_trigger_controller_dag.py
[2023-04-27T23:02:23.089+0200] {logging_mixin.py:117} INFO - [2023-04-27T23:02:23.089+0200] {dag.py:2573} INFO - Sync 1 DAGs
[2023-04-27T23:02:23.099+0200] {logging_mixin.py:117} INFO - [2023-04-27T23:02:23.099+0200] {dag.py:3324} INFO - Setting next_dagrun for example_trigger_controller_dag to 2021-01-01T00:00:00+00:00, run_after=2021-01-01T00:00:00+00:00
[2023-04-27T23:02:23.109+0200] {processor.py:178} INFO - Processing /Users/brenda/miniconda3/envs/airflow/lib/python3.8/site-packages/airflow/example_dags/example_trigger_controller_dag.py took 0.151 seconds
[2023-04-27T23:03:17.706+0200] {processor.py:156} INFO - Started process (PID=46523) to work on /Users/brenda/miniconda3/envs/airflow/lib/python3.8/site-packages/airflow/example_dags/example_trigger_controller_dag.py
[2023-04-27T23:03:17.710+0200] {processor.py:758} INFO - Processing file /Users/brenda/miniconda3/envs/airflow/lib/python3.8/site-packages/airflow/example_dags/example_trigger_controller_dag.py for tasks to queue
[2023-04-27T23:03:17.710+0200] {logging_mixin.py:117} INFO - [2023-04-27T23:03:17.710+0200] {dagbag.py:525} INFO - Filling up the DagBag from /Users/brenda/miniconda3/envs/airflow/lib/python3.8/site-packages/airflow/example_dags/example_trigger_controller_dag.py
[2023-04-27T23:03:17.724+0200] {processor.py:768} INFO - DAG(s) dict_keys(['example_trigger_controller_dag']) retrieved from /Users/brenda/miniconda3/envs/airflow/lib/python3.8/site-packages/airflow/example_dags/example_trigger_controller_dag.py
[2023-04-27T23:03:17.831+0200] {logging_mixin.py:117} INFO - [2023-04-27T23:03:17.831+0200] {dag.py:2573} INFO - Sync 1 DAGs
[2023-04-27T23:03:17.841+0200] {logging_mixin.py:117} INFO - [2023-04-27T23:03:17.841+0200] {dag.py:3324} INFO - Setting next_dagrun for example_trigger_controller_dag to 2021-01-01T00:00:00+00:00, run_after=2021-01-01T00:00:00+00:00
[2023-04-27T23:03:17.852+0200] {processor.py:178} INFO - Processing /Users/brenda/miniconda3/envs/airflow/lib/python3.8/site-packages/airflow/example_dags/example_trigger_controller_dag.py took 0.146 seconds
[2023-04-27T23:04:09.471+0200] {processor.py:156} INFO - Started process (PID=46595) to work on /Users/brenda/miniconda3/envs/airflow/lib/python3.8/site-packages/airflow/example_dags/example_trigger_controller_dag.py
[2023-04-27T23:04:09.475+0200] {processor.py:758} INFO - Processing file /Users/brenda/miniconda3/envs/airflow/lib/python3.8/site-packages/airflow/example_dags/example_trigger_controller_dag.py for tasks to queue
[2023-04-27T23:04:09.475+0200] {logging_mixin.py:117} INFO - [2023-04-27T23:04:09.475+0200] {dagbag.py:525} INFO - Filling up the DagBag from /Users/brenda/miniconda3/envs/airflow/lib/python3.8/site-packages/airflow/example_dags/example_trigger_controller_dag.py
[2023-04-27T23:04:09.490+0200] {processor.py:768} INFO - DAG(s) dict_keys(['example_trigger_controller_dag']) retrieved from /Users/brenda/miniconda3/envs/airflow/lib/python3.8/site-packages/airflow/example_dags/example_trigger_controller_dag.py
[2023-04-27T23:04:09.600+0200] {logging_mixin.py:117} INFO - [2023-04-27T23:04:09.600+0200] {dag.py:2573} INFO - Sync 1 DAGs
[2023-04-27T23:04:09.610+0200] {logging_mixin.py:117} INFO - [2023-04-27T23:04:09.610+0200] {dag.py:3324} INFO - Setting next_dagrun for example_trigger_controller_dag to 2021-01-01T00:00:00+00:00, run_after=2021-01-01T00:00:00+00:00
[2023-04-27T23:04:09.620+0200] {processor.py:178} INFO - Processing /Users/brenda/miniconda3/envs/airflow/lib/python3.8/site-packages/airflow/example_dags/example_trigger_controller_dag.py took 0.150 seconds
[2023-04-27T23:05:05.197+0200] {processor.py:156} INFO - Started process (PID=46710) to work on /Users/brenda/miniconda3/envs/airflow/lib/python3.8/site-packages/airflow/example_dags/example_trigger_controller_dag.py
[2023-04-27T23:05:05.201+0200] {processor.py:758} INFO - Processing file /Users/brenda/miniconda3/envs/airflow/lib/python3.8/site-packages/airflow/example_dags/example_trigger_controller_dag.py for tasks to queue
[2023-04-27T23:05:05.201+0200] {logging_mixin.py:117} INFO - [2023-04-27T23:05:05.201+0200] {dagbag.py:525} INFO - Filling up the DagBag from /Users/brenda/miniconda3/envs/airflow/lib/python3.8/site-packages/airflow/example_dags/example_trigger_controller_dag.py
[2023-04-27T23:05:05.216+0200] {processor.py:768} INFO - DAG(s) dict_keys(['example_trigger_controller_dag']) retrieved from /Users/brenda/miniconda3/envs/airflow/lib/python3.8/site-packages/airflow/example_dags/example_trigger_controller_dag.py
[2023-04-27T23:05:05.330+0200] {logging_mixin.py:117} INFO - [2023-04-27T23:05:05.330+0200] {dag.py:2573} INFO - Sync 1 DAGs
[2023-04-27T23:05:05.340+0200] {logging_mixin.py:117} INFO - [2023-04-27T23:05:05.339+0200] {dag.py:3324} INFO - Setting next_dagrun for example_trigger_controller_dag to 2021-01-01T00:00:00+00:00, run_after=2021-01-01T00:00:00+00:00
[2023-04-27T23:05:05.350+0200] {processor.py:178} INFO - Processing /Users/brenda/miniconda3/envs/airflow/lib/python3.8/site-packages/airflow/example_dags/example_trigger_controller_dag.py took 0.153 seconds
[2023-04-27T23:06:11.079+0200] {processor.py:156} INFO - Started process (PID=46904) to work on /Users/brenda/miniconda3/envs/airflow/lib/python3.8/site-packages/airflow/example_dags/example_trigger_controller_dag.py
[2023-04-27T23:06:11.083+0200] {processor.py:758} INFO - Processing file /Users/brenda/miniconda3/envs/airflow/lib/python3.8/site-packages/airflow/example_dags/example_trigger_controller_dag.py for tasks to queue
[2023-04-27T23:06:11.083+0200] {logging_mixin.py:117} INFO - [2023-04-27T23:06:11.083+0200] {dagbag.py:525} INFO - Filling up the DagBag from /Users/brenda/miniconda3/envs/airflow/lib/python3.8/site-packages/airflow/example_dags/example_trigger_controller_dag.py
[2023-04-27T23:06:11.097+0200] {processor.py:768} INFO - DAG(s) dict_keys(['example_trigger_controller_dag']) retrieved from /Users/brenda/miniconda3/envs/airflow/lib/python3.8/site-packages/airflow/example_dags/example_trigger_controller_dag.py
[2023-04-27T23:06:11.205+0200] {logging_mixin.py:117} INFO - [2023-04-27T23:06:11.204+0200] {dag.py:2573} INFO - Sync 1 DAGs
[2023-04-27T23:06:11.214+0200] {logging_mixin.py:117} INFO - [2023-04-27T23:06:11.214+0200] {dag.py:3324} INFO - Setting next_dagrun for example_trigger_controller_dag to 2021-01-01T00:00:00+00:00, run_after=2021-01-01T00:00:00+00:00
[2023-04-27T23:06:11.225+0200] {processor.py:178} INFO - Processing /Users/brenda/miniconda3/envs/airflow/lib/python3.8/site-packages/airflow/example_dags/example_trigger_controller_dag.py took 0.146 seconds
[2023-04-27T23:07:01.968+0200] {processor.py:156} INFO - Started process (PID=47026) to work on /Users/brenda/miniconda3/envs/airflow/lib/python3.8/site-packages/airflow/example_dags/example_trigger_controller_dag.py
[2023-04-27T23:07:01.972+0200] {processor.py:758} INFO - Processing file /Users/brenda/miniconda3/envs/airflow/lib/python3.8/site-packages/airflow/example_dags/example_trigger_controller_dag.py for tasks to queue
[2023-04-27T23:07:01.972+0200] {logging_mixin.py:117} INFO - [2023-04-27T23:07:01.972+0200] {dagbag.py:525} INFO - Filling up the DagBag from /Users/brenda/miniconda3/envs/airflow/lib/python3.8/site-packages/airflow/example_dags/example_trigger_controller_dag.py
[2023-04-27T23:07:01.987+0200] {processor.py:768} INFO - DAG(s) dict_keys(['example_trigger_controller_dag']) retrieved from /Users/brenda/miniconda3/envs/airflow/lib/python3.8/site-packages/airflow/example_dags/example_trigger_controller_dag.py
[2023-04-27T23:07:02.097+0200] {logging_mixin.py:117} INFO - [2023-04-27T23:07:02.097+0200] {dag.py:2573} INFO - Sync 1 DAGs
[2023-04-27T23:07:02.107+0200] {logging_mixin.py:117} INFO - [2023-04-27T23:07:02.107+0200] {dag.py:3324} INFO - Setting next_dagrun for example_trigger_controller_dag to 2021-01-01T00:00:00+00:00, run_after=2021-01-01T00:00:00+00:00
[2023-04-27T23:07:02.117+0200] {processor.py:178} INFO - Processing /Users/brenda/miniconda3/envs/airflow/lib/python3.8/site-packages/airflow/example_dags/example_trigger_controller_dag.py took 0.150 seconds
[2023-04-27T23:07:58.731+0200] {processor.py:156} INFO - Started process (PID=47126) to work on /Users/brenda/miniconda3/envs/airflow/lib/python3.8/site-packages/airflow/example_dags/example_trigger_controller_dag.py
[2023-04-27T23:07:58.735+0200] {processor.py:758} INFO - Processing file /Users/brenda/miniconda3/envs/airflow/lib/python3.8/site-packages/airflow/example_dags/example_trigger_controller_dag.py for tasks to queue
[2023-04-27T23:07:58.735+0200] {logging_mixin.py:117} INFO - [2023-04-27T23:07:58.735+0200] {dagbag.py:525} INFO - Filling up the DagBag from /Users/brenda/miniconda3/envs/airflow/lib/python3.8/site-packages/airflow/example_dags/example_trigger_controller_dag.py
[2023-04-27T23:07:58.749+0200] {processor.py:768} INFO - DAG(s) dict_keys(['example_trigger_controller_dag']) retrieved from /Users/brenda/miniconda3/envs/airflow/lib/python3.8/site-packages/airflow/example_dags/example_trigger_controller_dag.py
[2023-04-27T23:07:58.856+0200] {logging_mixin.py:117} INFO - [2023-04-27T23:07:58.856+0200] {dag.py:2573} INFO - Sync 1 DAGs
[2023-04-27T23:07:58.865+0200] {logging_mixin.py:117} INFO - [2023-04-27T23:07:58.865+0200] {dag.py:3324} INFO - Setting next_dagrun for example_trigger_controller_dag to 2021-01-01T00:00:00+00:00, run_after=2021-01-01T00:00:00+00:00
[2023-04-27T23:07:58.876+0200] {processor.py:178} INFO - Processing /Users/brenda/miniconda3/envs/airflow/lib/python3.8/site-packages/airflow/example_dags/example_trigger_controller_dag.py took 0.145 seconds
[2023-04-27T23:08:54.163+0200] {processor.py:156} INFO - Started process (PID=47220) to work on /Users/brenda/miniconda3/envs/airflow/lib/python3.8/site-packages/airflow/example_dags/example_trigger_controller_dag.py
[2023-04-27T23:08:54.167+0200] {processor.py:758} INFO - Processing file /Users/brenda/miniconda3/envs/airflow/lib/python3.8/site-packages/airflow/example_dags/example_trigger_controller_dag.py for tasks to queue
[2023-04-27T23:08:54.167+0200] {logging_mixin.py:117} INFO - [2023-04-27T23:08:54.167+0200] {dagbag.py:525} INFO - Filling up the DagBag from /Users/brenda/miniconda3/envs/airflow/lib/python3.8/site-packages/airflow/example_dags/example_trigger_controller_dag.py
[2023-04-27T23:08:54.181+0200] {processor.py:768} INFO - DAG(s) dict_keys(['example_trigger_controller_dag']) retrieved from /Users/brenda/miniconda3/envs/airflow/lib/python3.8/site-packages/airflow/example_dags/example_trigger_controller_dag.py
[2023-04-27T23:08:54.295+0200] {logging_mixin.py:117} INFO - [2023-04-27T23:08:54.295+0200] {dag.py:2573} INFO - Sync 1 DAGs
[2023-04-27T23:08:54.305+0200] {logging_mixin.py:117} INFO - [2023-04-27T23:08:54.305+0200] {dag.py:3324} INFO - Setting next_dagrun for example_trigger_controller_dag to 2021-01-01T00:00:00+00:00, run_after=2021-01-01T00:00:00+00:00
[2023-04-27T23:08:54.316+0200] {processor.py:178} INFO - Processing /Users/brenda/miniconda3/envs/airflow/lib/python3.8/site-packages/airflow/example_dags/example_trigger_controller_dag.py took 0.153 seconds
[2023-04-27T23:09:52.014+0200] {processor.py:156} INFO - Started process (PID=47307) to work on /Users/brenda/miniconda3/envs/airflow/lib/python3.8/site-packages/airflow/example_dags/example_trigger_controller_dag.py
[2023-04-27T23:09:52.017+0200] {processor.py:758} INFO - Processing file /Users/brenda/miniconda3/envs/airflow/lib/python3.8/site-packages/airflow/example_dags/example_trigger_controller_dag.py for tasks to queue
[2023-04-27T23:09:52.017+0200] {logging_mixin.py:117} INFO - [2023-04-27T23:09:52.017+0200] {dagbag.py:525} INFO - Filling up the DagBag from /Users/brenda/miniconda3/envs/airflow/lib/python3.8/site-packages/airflow/example_dags/example_trigger_controller_dag.py
[2023-04-27T23:09:52.031+0200] {processor.py:768} INFO - DAG(s) dict_keys(['example_trigger_controller_dag']) retrieved from /Users/brenda/miniconda3/envs/airflow/lib/python3.8/site-packages/airflow/example_dags/example_trigger_controller_dag.py
[2023-04-27T23:09:52.139+0200] {logging_mixin.py:117} INFO - [2023-04-27T23:09:52.138+0200] {dag.py:2573} INFO - Sync 1 DAGs
[2023-04-27T23:09:52.150+0200] {logging_mixin.py:117} INFO - [2023-04-27T23:09:52.150+0200] {dag.py:3324} INFO - Setting next_dagrun for example_trigger_controller_dag to 2021-01-01T00:00:00+00:00, run_after=2021-01-01T00:00:00+00:00
[2023-04-27T23:09:52.161+0200] {processor.py:178} INFO - Processing /Users/brenda/miniconda3/envs/airflow/lib/python3.8/site-packages/airflow/example_dags/example_trigger_controller_dag.py took 0.148 seconds
[2023-04-27T23:10:45.712+0200] {processor.py:156} INFO - Started process (PID=47403) to work on /Users/brenda/miniconda3/envs/airflow/lib/python3.8/site-packages/airflow/example_dags/example_trigger_controller_dag.py
[2023-04-27T23:10:45.716+0200] {processor.py:758} INFO - Processing file /Users/brenda/miniconda3/envs/airflow/lib/python3.8/site-packages/airflow/example_dags/example_trigger_controller_dag.py for tasks to queue
[2023-04-27T23:10:45.716+0200] {logging_mixin.py:117} INFO - [2023-04-27T23:10:45.716+0200] {dagbag.py:525} INFO - Filling up the DagBag from /Users/brenda/miniconda3/envs/airflow/lib/python3.8/site-packages/airflow/example_dags/example_trigger_controller_dag.py
[2023-04-27T23:10:45.732+0200] {processor.py:768} INFO - DAG(s) dict_keys(['example_trigger_controller_dag']) retrieved from /Users/brenda/miniconda3/envs/airflow/lib/python3.8/site-packages/airflow/example_dags/example_trigger_controller_dag.py
[2023-04-27T23:10:45.845+0200] {logging_mixin.py:117} INFO - [2023-04-27T23:10:45.845+0200] {dag.py:2573} INFO - Sync 1 DAGs
[2023-04-27T23:10:45.855+0200] {logging_mixin.py:117} INFO - [2023-04-27T23:10:45.855+0200] {dag.py:3324} INFO - Setting next_dagrun for example_trigger_controller_dag to 2021-01-01T00:00:00+00:00, run_after=2021-01-01T00:00:00+00:00
[2023-04-27T23:10:45.865+0200] {processor.py:178} INFO - Processing /Users/brenda/miniconda3/envs/airflow/lib/python3.8/site-packages/airflow/example_dags/example_trigger_controller_dag.py took 0.153 seconds
[2023-04-27T23:11:42.283+0200] {processor.py:156} INFO - Started process (PID=47481) to work on /Users/brenda/miniconda3/envs/airflow/lib/python3.8/site-packages/airflow/example_dags/example_trigger_controller_dag.py
[2023-04-27T23:11:42.286+0200] {processor.py:758} INFO - Processing file /Users/brenda/miniconda3/envs/airflow/lib/python3.8/site-packages/airflow/example_dags/example_trigger_controller_dag.py for tasks to queue
[2023-04-27T23:11:42.287+0200] {logging_mixin.py:117} INFO - [2023-04-27T23:11:42.287+0200] {dagbag.py:525} INFO - Filling up the DagBag from /Users/brenda/miniconda3/envs/airflow/lib/python3.8/site-packages/airflow/example_dags/example_trigger_controller_dag.py
[2023-04-27T23:11:42.301+0200] {processor.py:768} INFO - DAG(s) dict_keys(['example_trigger_controller_dag']) retrieved from /Users/brenda/miniconda3/envs/airflow/lib/python3.8/site-packages/airflow/example_dags/example_trigger_controller_dag.py
[2023-04-27T23:11:42.414+0200] {logging_mixin.py:117} INFO - [2023-04-27T23:11:42.414+0200] {dag.py:2573} INFO - Sync 1 DAGs
[2023-04-27T23:11:42.424+0200] {logging_mixin.py:117} INFO - [2023-04-27T23:11:42.424+0200] {dag.py:3324} INFO - Setting next_dagrun for example_trigger_controller_dag to 2021-01-01T00:00:00+00:00, run_after=2021-01-01T00:00:00+00:00
[2023-04-27T23:11:42.434+0200] {processor.py:178} INFO - Processing /Users/brenda/miniconda3/envs/airflow/lib/python3.8/site-packages/airflow/example_dags/example_trigger_controller_dag.py took 0.152 seconds
[2023-04-27T23:12:42.914+0200] {processor.py:156} INFO - Started process (PID=47587) to work on /Users/brenda/miniconda3/envs/airflow/lib/python3.8/site-packages/airflow/example_dags/example_trigger_controller_dag.py
[2023-04-27T23:12:42.916+0200] {processor.py:758} INFO - Processing file /Users/brenda/miniconda3/envs/airflow/lib/python3.8/site-packages/airflow/example_dags/example_trigger_controller_dag.py for tasks to queue
[2023-04-27T23:12:42.916+0200] {logging_mixin.py:117} INFO - [2023-04-27T23:12:42.916+0200] {dagbag.py:525} INFO - Filling up the DagBag from /Users/brenda/miniconda3/envs/airflow/lib/python3.8/site-packages/airflow/example_dags/example_trigger_controller_dag.py
[2023-04-27T23:12:42.926+0200] {processor.py:768} INFO - DAG(s) dict_keys(['example_trigger_controller_dag']) retrieved from /Users/brenda/miniconda3/envs/airflow/lib/python3.8/site-packages/airflow/example_dags/example_trigger_controller_dag.py
[2023-04-27T23:12:42.992+0200] {logging_mixin.py:117} INFO - [2023-04-27T23:12:42.992+0200] {dag.py:2573} INFO - Sync 1 DAGs
[2023-04-27T23:12:42.998+0200] {logging_mixin.py:117} INFO - [2023-04-27T23:12:42.998+0200] {dag.py:3324} INFO - Setting next_dagrun for example_trigger_controller_dag to 2021-01-01T00:00:00+00:00, run_after=2021-01-01T00:00:00+00:00
[2023-04-27T23:12:43.006+0200] {processor.py:178} INFO - Processing /Users/brenda/miniconda3/envs/airflow/lib/python3.8/site-packages/airflow/example_dags/example_trigger_controller_dag.py took 0.092 seconds
[2023-04-27T23:28:54.973+0200] {processor.py:156} INFO - Started process (PID=47684) to work on /Users/brenda/miniconda3/envs/airflow/lib/python3.8/site-packages/airflow/example_dags/example_trigger_controller_dag.py
[2023-04-27T23:28:54.976+0200] {processor.py:758} INFO - Processing file /Users/brenda/miniconda3/envs/airflow/lib/python3.8/site-packages/airflow/example_dags/example_trigger_controller_dag.py for tasks to queue
[2023-04-27T23:28:54.976+0200] {logging_mixin.py:117} INFO - [2023-04-27T23:28:54.976+0200] {dagbag.py:525} INFO - Filling up the DagBag from /Users/brenda/miniconda3/envs/airflow/lib/python3.8/site-packages/airflow/example_dags/example_trigger_controller_dag.py
[2023-04-27T23:28:54.987+0200] {processor.py:768} INFO - DAG(s) dict_keys(['example_trigger_controller_dag']) retrieved from /Users/brenda/miniconda3/envs/airflow/lib/python3.8/site-packages/airflow/example_dags/example_trigger_controller_dag.py
[2023-04-27T23:28:55.064+0200] {logging_mixin.py:117} INFO - [2023-04-27T23:28:55.064+0200] {dag.py:2573} INFO - Sync 1 DAGs
[2023-04-27T23:28:55.086+0200] {logging_mixin.py:117} INFO - [2023-04-27T23:28:55.086+0200] {dag.py:3324} INFO - Setting next_dagrun for example_trigger_controller_dag to 2021-01-01T00:00:00+00:00, run_after=2021-01-01T00:00:00+00:00
[2023-04-27T23:28:55.093+0200] {processor.py:178} INFO - Processing /Users/brenda/miniconda3/envs/airflow/lib/python3.8/site-packages/airflow/example_dags/example_trigger_controller_dag.py took 0.119 seconds
[2023-04-27T23:29:39.474+0200] {processor.py:156} INFO - Started process (PID=47772) to work on /Users/brenda/miniconda3/envs/airflow/lib/python3.8/site-packages/airflow/example_dags/example_trigger_controller_dag.py
[2023-04-27T23:29:39.477+0200] {processor.py:758} INFO - Processing file /Users/brenda/miniconda3/envs/airflow/lib/python3.8/site-packages/airflow/example_dags/example_trigger_controller_dag.py for tasks to queue
[2023-04-27T23:29:39.477+0200] {logging_mixin.py:117} INFO - [2023-04-27T23:29:39.477+0200] {dagbag.py:525} INFO - Filling up the DagBag from /Users/brenda/miniconda3/envs/airflow/lib/python3.8/site-packages/airflow/example_dags/example_trigger_controller_dag.py
[2023-04-27T23:29:39.486+0200] {processor.py:768} INFO - DAG(s) dict_keys(['example_trigger_controller_dag']) retrieved from /Users/brenda/miniconda3/envs/airflow/lib/python3.8/site-packages/airflow/example_dags/example_trigger_controller_dag.py
[2023-04-27T23:29:39.547+0200] {logging_mixin.py:117} INFO - [2023-04-27T23:29:39.547+0200] {dag.py:2573} INFO - Sync 1 DAGs
[2023-04-27T23:29:39.553+0200] {logging_mixin.py:117} INFO - [2023-04-27T23:29:39.553+0200] {dag.py:3324} INFO - Setting next_dagrun for example_trigger_controller_dag to 2021-01-01T00:00:00+00:00, run_after=2021-01-01T00:00:00+00:00
[2023-04-27T23:29:39.559+0200] {processor.py:178} INFO - Processing /Users/brenda/miniconda3/envs/airflow/lib/python3.8/site-packages/airflow/example_dags/example_trigger_controller_dag.py took 0.085 seconds
[2023-04-27T23:30:27.723+0200] {processor.py:156} INFO - Started process (PID=47864) to work on /Users/brenda/miniconda3/envs/airflow/lib/python3.8/site-packages/airflow/example_dags/example_trigger_controller_dag.py
[2023-04-27T23:30:27.725+0200] {processor.py:758} INFO - Processing file /Users/brenda/miniconda3/envs/airflow/lib/python3.8/site-packages/airflow/example_dags/example_trigger_controller_dag.py for tasks to queue
[2023-04-27T23:30:27.725+0200] {logging_mixin.py:117} INFO - [2023-04-27T23:30:27.725+0200] {dagbag.py:525} INFO - Filling up the DagBag from /Users/brenda/miniconda3/envs/airflow/lib/python3.8/site-packages/airflow/example_dags/example_trigger_controller_dag.py
[2023-04-27T23:30:27.733+0200] {processor.py:768} INFO - DAG(s) dict_keys(['example_trigger_controller_dag']) retrieved from /Users/brenda/miniconda3/envs/airflow/lib/python3.8/site-packages/airflow/example_dags/example_trigger_controller_dag.py
[2023-04-27T23:30:27.794+0200] {logging_mixin.py:117} INFO - [2023-04-27T23:30:27.794+0200] {dag.py:2573} INFO - Sync 1 DAGs
[2023-04-27T23:30:27.799+0200] {logging_mixin.py:117} INFO - [2023-04-27T23:30:27.799+0200] {dag.py:3324} INFO - Setting next_dagrun for example_trigger_controller_dag to 2021-01-01T00:00:00+00:00, run_after=2021-01-01T00:00:00+00:00
[2023-04-27T23:30:27.805+0200] {processor.py:178} INFO - Processing /Users/brenda/miniconda3/envs/airflow/lib/python3.8/site-packages/airflow/example_dags/example_trigger_controller_dag.py took 0.083 seconds
[2023-04-27T23:31:15.525+0200] {processor.py:156} INFO - Started process (PID=47947) to work on /Users/brenda/miniconda3/envs/airflow/lib/python3.8/site-packages/airflow/example_dags/example_trigger_controller_dag.py
[2023-04-27T23:31:15.527+0200] {processor.py:758} INFO - Processing file /Users/brenda/miniconda3/envs/airflow/lib/python3.8/site-packages/airflow/example_dags/example_trigger_controller_dag.py for tasks to queue
[2023-04-27T23:31:15.527+0200] {logging_mixin.py:117} INFO - [2023-04-27T23:31:15.527+0200] {dagbag.py:525} INFO - Filling up the DagBag from /Users/brenda/miniconda3/envs/airflow/lib/python3.8/site-packages/airflow/example_dags/example_trigger_controller_dag.py
[2023-04-27T23:31:15.536+0200] {processor.py:768} INFO - DAG(s) dict_keys(['example_trigger_controller_dag']) retrieved from /Users/brenda/miniconda3/envs/airflow/lib/python3.8/site-packages/airflow/example_dags/example_trigger_controller_dag.py
[2023-04-27T23:31:15.606+0200] {logging_mixin.py:117} INFO - [2023-04-27T23:31:15.605+0200] {dag.py:2573} INFO - Sync 1 DAGs
[2023-04-27T23:31:15.612+0200] {logging_mixin.py:117} INFO - [2023-04-27T23:31:15.612+0200] {dag.py:3324} INFO - Setting next_dagrun for example_trigger_controller_dag to 2021-01-01T00:00:00+00:00, run_after=2021-01-01T00:00:00+00:00
[2023-04-27T23:31:15.619+0200] {processor.py:178} INFO - Processing /Users/brenda/miniconda3/envs/airflow/lib/python3.8/site-packages/airflow/example_dags/example_trigger_controller_dag.py took 0.095 seconds
[2023-04-27T23:32:01.464+0200] {processor.py:156} INFO - Started process (PID=48031) to work on /Users/brenda/miniconda3/envs/airflow/lib/python3.8/site-packages/airflow/example_dags/example_trigger_controller_dag.py
[2023-04-27T23:32:01.466+0200] {processor.py:758} INFO - Processing file /Users/brenda/miniconda3/envs/airflow/lib/python3.8/site-packages/airflow/example_dags/example_trigger_controller_dag.py for tasks to queue
[2023-04-27T23:32:01.466+0200] {logging_mixin.py:117} INFO - [2023-04-27T23:32:01.466+0200] {dagbag.py:525} INFO - Filling up the DagBag from /Users/brenda/miniconda3/envs/airflow/lib/python3.8/site-packages/airflow/example_dags/example_trigger_controller_dag.py
[2023-04-27T23:32:01.474+0200] {processor.py:768} INFO - DAG(s) dict_keys(['example_trigger_controller_dag']) retrieved from /Users/brenda/miniconda3/envs/airflow/lib/python3.8/site-packages/airflow/example_dags/example_trigger_controller_dag.py
[2023-04-27T23:32:01.535+0200] {logging_mixin.py:117} INFO - [2023-04-27T23:32:01.535+0200] {dag.py:2573} INFO - Sync 1 DAGs
[2023-04-27T23:32:01.540+0200] {logging_mixin.py:117} INFO - [2023-04-27T23:32:01.540+0200] {dag.py:3324} INFO - Setting next_dagrun for example_trigger_controller_dag to 2021-01-01T00:00:00+00:00, run_after=2021-01-01T00:00:00+00:00
[2023-04-27T23:32:01.546+0200] {processor.py:178} INFO - Processing /Users/brenda/miniconda3/envs/airflow/lib/python3.8/site-packages/airflow/example_dags/example_trigger_controller_dag.py took 0.083 seconds
[2023-04-27T23:32:48.543+0200] {processor.py:156} INFO - Started process (PID=48107) to work on /Users/brenda/miniconda3/envs/airflow/lib/python3.8/site-packages/airflow/example_dags/example_trigger_controller_dag.py
[2023-04-27T23:32:48.545+0200] {processor.py:758} INFO - Processing file /Users/brenda/miniconda3/envs/airflow/lib/python3.8/site-packages/airflow/example_dags/example_trigger_controller_dag.py for tasks to queue
[2023-04-27T23:32:48.545+0200] {logging_mixin.py:117} INFO - [2023-04-27T23:32:48.545+0200] {dagbag.py:525} INFO - Filling up the DagBag from /Users/brenda/miniconda3/envs/airflow/lib/python3.8/site-packages/airflow/example_dags/example_trigger_controller_dag.py
[2023-04-27T23:32:48.554+0200] {processor.py:768} INFO - DAG(s) dict_keys(['example_trigger_controller_dag']) retrieved from /Users/brenda/miniconda3/envs/airflow/lib/python3.8/site-packages/airflow/example_dags/example_trigger_controller_dag.py
[2023-04-27T23:32:48.621+0200] {logging_mixin.py:117} INFO - [2023-04-27T23:32:48.621+0200] {dag.py:2573} INFO - Sync 1 DAGs
[2023-04-27T23:32:48.627+0200] {logging_mixin.py:117} INFO - [2023-04-27T23:32:48.627+0200] {dag.py:3324} INFO - Setting next_dagrun for example_trigger_controller_dag to 2021-01-01T00:00:00+00:00, run_after=2021-01-01T00:00:00+00:00
[2023-04-27T23:32:48.633+0200] {processor.py:178} INFO - Processing /Users/brenda/miniconda3/envs/airflow/lib/python3.8/site-packages/airflow/example_dags/example_trigger_controller_dag.py took 0.091 seconds
[2023-04-27T23:33:36.291+0200] {processor.py:156} INFO - Started process (PID=48183) to work on /Users/brenda/miniconda3/envs/airflow/lib/python3.8/site-packages/airflow/example_dags/example_trigger_controller_dag.py
[2023-04-27T23:33:36.294+0200] {processor.py:758} INFO - Processing file /Users/brenda/miniconda3/envs/airflow/lib/python3.8/site-packages/airflow/example_dags/example_trigger_controller_dag.py for tasks to queue
[2023-04-27T23:33:36.294+0200] {logging_mixin.py:117} INFO - [2023-04-27T23:33:36.294+0200] {dagbag.py:525} INFO - Filling up the DagBag from /Users/brenda/miniconda3/envs/airflow/lib/python3.8/site-packages/airflow/example_dags/example_trigger_controller_dag.py
[2023-04-27T23:33:36.303+0200] {processor.py:768} INFO - DAG(s) dict_keys(['example_trigger_controller_dag']) retrieved from /Users/brenda/miniconda3/envs/airflow/lib/python3.8/site-packages/airflow/example_dags/example_trigger_controller_dag.py
[2023-04-27T23:33:36.368+0200] {logging_mixin.py:117} INFO - [2023-04-27T23:33:36.367+0200] {dag.py:2573} INFO - Sync 1 DAGs
[2023-04-27T23:33:36.373+0200] {logging_mixin.py:117} INFO - [2023-04-27T23:33:36.373+0200] {dag.py:3324} INFO - Setting next_dagrun for example_trigger_controller_dag to 2021-01-01T00:00:00+00:00, run_after=2021-01-01T00:00:00+00:00
[2023-04-27T23:33:36.379+0200] {processor.py:178} INFO - Processing /Users/brenda/miniconda3/envs/airflow/lib/python3.8/site-packages/airflow/example_dags/example_trigger_controller_dag.py took 0.088 seconds
[2023-04-27T23:34:23.637+0200] {processor.py:156} INFO - Started process (PID=48259) to work on /Users/brenda/miniconda3/envs/airflow/lib/python3.8/site-packages/airflow/example_dags/example_trigger_controller_dag.py
[2023-04-27T23:34:23.639+0200] {processor.py:758} INFO - Processing file /Users/brenda/miniconda3/envs/airflow/lib/python3.8/site-packages/airflow/example_dags/example_trigger_controller_dag.py for tasks to queue
[2023-04-27T23:34:23.639+0200] {logging_mixin.py:117} INFO - [2023-04-27T23:34:23.639+0200] {dagbag.py:525} INFO - Filling up the DagBag from /Users/brenda/miniconda3/envs/airflow/lib/python3.8/site-packages/airflow/example_dags/example_trigger_controller_dag.py
[2023-04-27T23:34:23.647+0200] {processor.py:768} INFO - DAG(s) dict_keys(['example_trigger_controller_dag']) retrieved from /Users/brenda/miniconda3/envs/airflow/lib/python3.8/site-packages/airflow/example_dags/example_trigger_controller_dag.py
[2023-04-27T23:34:23.713+0200] {logging_mixin.py:117} INFO - [2023-04-27T23:34:23.713+0200] {dag.py:2573} INFO - Sync 1 DAGs
[2023-04-27T23:34:23.719+0200] {logging_mixin.py:117} INFO - [2023-04-27T23:34:23.718+0200] {dag.py:3324} INFO - Setting next_dagrun for example_trigger_controller_dag to 2021-01-01T00:00:00+00:00, run_after=2021-01-01T00:00:00+00:00
[2023-04-27T23:34:23.725+0200] {processor.py:178} INFO - Processing /Users/brenda/miniconda3/envs/airflow/lib/python3.8/site-packages/airflow/example_dags/example_trigger_controller_dag.py took 0.089 seconds
[2023-04-27T23:35:09.655+0200] {processor.py:156} INFO - Started process (PID=48335) to work on /Users/brenda/miniconda3/envs/airflow/lib/python3.8/site-packages/airflow/example_dags/example_trigger_controller_dag.py
[2023-04-27T23:35:09.657+0200] {processor.py:758} INFO - Processing file /Users/brenda/miniconda3/envs/airflow/lib/python3.8/site-packages/airflow/example_dags/example_trigger_controller_dag.py for tasks to queue
[2023-04-27T23:35:09.657+0200] {logging_mixin.py:117} INFO - [2023-04-27T23:35:09.657+0200] {dagbag.py:525} INFO - Filling up the DagBag from /Users/brenda/miniconda3/envs/airflow/lib/python3.8/site-packages/airflow/example_dags/example_trigger_controller_dag.py
[2023-04-27T23:35:09.666+0200] {processor.py:768} INFO - DAG(s) dict_keys(['example_trigger_controller_dag']) retrieved from /Users/brenda/miniconda3/envs/airflow/lib/python3.8/site-packages/airflow/example_dags/example_trigger_controller_dag.py
[2023-04-27T23:35:09.734+0200] {logging_mixin.py:117} INFO - [2023-04-27T23:35:09.734+0200] {dag.py:2573} INFO - Sync 1 DAGs
[2023-04-27T23:35:09.740+0200] {logging_mixin.py:117} INFO - [2023-04-27T23:35:09.740+0200] {dag.py:3324} INFO - Setting next_dagrun for example_trigger_controller_dag to 2021-01-01T00:00:00+00:00, run_after=2021-01-01T00:00:00+00:00
[2023-04-27T23:35:09.746+0200] {processor.py:178} INFO - Processing /Users/brenda/miniconda3/envs/airflow/lib/python3.8/site-packages/airflow/example_dags/example_trigger_controller_dag.py took 0.091 seconds
[2023-04-27T23:35:55.798+0200] {processor.py:156} INFO - Started process (PID=48423) to work on /Users/brenda/miniconda3/envs/airflow/lib/python3.8/site-packages/airflow/example_dags/example_trigger_controller_dag.py
[2023-04-27T23:35:55.800+0200] {processor.py:758} INFO - Processing file /Users/brenda/miniconda3/envs/airflow/lib/python3.8/site-packages/airflow/example_dags/example_trigger_controller_dag.py for tasks to queue
[2023-04-27T23:35:55.800+0200] {logging_mixin.py:117} INFO - [2023-04-27T23:35:55.800+0200] {dagbag.py:525} INFO - Filling up the DagBag from /Users/brenda/miniconda3/envs/airflow/lib/python3.8/site-packages/airflow/example_dags/example_trigger_controller_dag.py
[2023-04-27T23:35:55.809+0200] {processor.py:768} INFO - DAG(s) dict_keys(['example_trigger_controller_dag']) retrieved from /Users/brenda/miniconda3/envs/airflow/lib/python3.8/site-packages/airflow/example_dags/example_trigger_controller_dag.py
[2023-04-27T23:35:55.878+0200] {logging_mixin.py:117} INFO - [2023-04-27T23:35:55.878+0200] {dag.py:2573} INFO - Sync 1 DAGs
[2023-04-27T23:35:55.884+0200] {logging_mixin.py:117} INFO - [2023-04-27T23:35:55.884+0200] {dag.py:3324} INFO - Setting next_dagrun for example_trigger_controller_dag to 2021-01-01T00:00:00+00:00, run_after=2021-01-01T00:00:00+00:00
[2023-04-27T23:35:55.890+0200] {processor.py:178} INFO - Processing /Users/brenda/miniconda3/envs/airflow/lib/python3.8/site-packages/airflow/example_dags/example_trigger_controller_dag.py took 0.093 seconds
[2023-04-27T23:36:42.410+0200] {processor.py:156} INFO - Started process (PID=48504) to work on /Users/brenda/miniconda3/envs/airflow/lib/python3.8/site-packages/airflow/example_dags/example_trigger_controller_dag.py
[2023-04-27T23:36:42.412+0200] {processor.py:758} INFO - Processing file /Users/brenda/miniconda3/envs/airflow/lib/python3.8/site-packages/airflow/example_dags/example_trigger_controller_dag.py for tasks to queue
[2023-04-27T23:36:42.413+0200] {logging_mixin.py:117} INFO - [2023-04-27T23:36:42.413+0200] {dagbag.py:525} INFO - Filling up the DagBag from /Users/brenda/miniconda3/envs/airflow/lib/python3.8/site-packages/airflow/example_dags/example_trigger_controller_dag.py
[2023-04-27T23:36:42.421+0200] {processor.py:768} INFO - DAG(s) dict_keys(['example_trigger_controller_dag']) retrieved from /Users/brenda/miniconda3/envs/airflow/lib/python3.8/site-packages/airflow/example_dags/example_trigger_controller_dag.py
[2023-04-27T23:36:42.481+0200] {logging_mixin.py:117} INFO - [2023-04-27T23:36:42.481+0200] {dag.py:2573} INFO - Sync 1 DAGs
[2023-04-27T23:36:42.487+0200] {logging_mixin.py:117} INFO - [2023-04-27T23:36:42.487+0200] {dag.py:3324} INFO - Setting next_dagrun for example_trigger_controller_dag to 2021-01-01T00:00:00+00:00, run_after=2021-01-01T00:00:00+00:00
[2023-04-27T23:36:42.493+0200] {processor.py:178} INFO - Processing /Users/brenda/miniconda3/envs/airflow/lib/python3.8/site-packages/airflow/example_dags/example_trigger_controller_dag.py took 0.083 seconds
[2023-04-27T23:37:26.593+0200] {processor.py:156} INFO - Started process (PID=48581) to work on /Users/brenda/miniconda3/envs/airflow/lib/python3.8/site-packages/airflow/example_dags/example_trigger_controller_dag.py
[2023-04-27T23:37:26.596+0200] {processor.py:758} INFO - Processing file /Users/brenda/miniconda3/envs/airflow/lib/python3.8/site-packages/airflow/example_dags/example_trigger_controller_dag.py for tasks to queue
[2023-04-27T23:37:26.596+0200] {logging_mixin.py:117} INFO - [2023-04-27T23:37:26.596+0200] {dagbag.py:525} INFO - Filling up the DagBag from /Users/brenda/miniconda3/envs/airflow/lib/python3.8/site-packages/airflow/example_dags/example_trigger_controller_dag.py
[2023-04-27T23:37:26.604+0200] {processor.py:768} INFO - DAG(s) dict_keys(['example_trigger_controller_dag']) retrieved from /Users/brenda/miniconda3/envs/airflow/lib/python3.8/site-packages/airflow/example_dags/example_trigger_controller_dag.py
[2023-04-27T23:37:26.673+0200] {logging_mixin.py:117} INFO - [2023-04-27T23:37:26.673+0200] {dag.py:2573} INFO - Sync 1 DAGs
[2023-04-27T23:37:26.679+0200] {logging_mixin.py:117} INFO - [2023-04-27T23:37:26.679+0200] {dag.py:3324} INFO - Setting next_dagrun for example_trigger_controller_dag to 2021-01-01T00:00:00+00:00, run_after=2021-01-01T00:00:00+00:00
[2023-04-27T23:37:26.685+0200] {processor.py:178} INFO - Processing /Users/brenda/miniconda3/envs/airflow/lib/python3.8/site-packages/airflow/example_dags/example_trigger_controller_dag.py took 0.092 seconds
[2023-04-27T23:38:14.571+0200] {processor.py:156} INFO - Started process (PID=48657) to work on /Users/brenda/miniconda3/envs/airflow/lib/python3.8/site-packages/airflow/example_dags/example_trigger_controller_dag.py
[2023-04-27T23:38:14.573+0200] {processor.py:758} INFO - Processing file /Users/brenda/miniconda3/envs/airflow/lib/python3.8/site-packages/airflow/example_dags/example_trigger_controller_dag.py for tasks to queue
[2023-04-27T23:38:14.574+0200] {logging_mixin.py:117} INFO - [2023-04-27T23:38:14.574+0200] {dagbag.py:525} INFO - Filling up the DagBag from /Users/brenda/miniconda3/envs/airflow/lib/python3.8/site-packages/airflow/example_dags/example_trigger_controller_dag.py
[2023-04-27T23:38:14.582+0200] {processor.py:768} INFO - DAG(s) dict_keys(['example_trigger_controller_dag']) retrieved from /Users/brenda/miniconda3/envs/airflow/lib/python3.8/site-packages/airflow/example_dags/example_trigger_controller_dag.py
[2023-04-27T23:38:14.643+0200] {logging_mixin.py:117} INFO - [2023-04-27T23:38:14.643+0200] {dag.py:2573} INFO - Sync 1 DAGs
[2023-04-27T23:38:14.649+0200] {logging_mixin.py:117} INFO - [2023-04-27T23:38:14.649+0200] {dag.py:3324} INFO - Setting next_dagrun for example_trigger_controller_dag to 2021-01-01T00:00:00+00:00, run_after=2021-01-01T00:00:00+00:00
[2023-04-27T23:38:14.655+0200] {processor.py:178} INFO - Processing /Users/brenda/miniconda3/envs/airflow/lib/python3.8/site-packages/airflow/example_dags/example_trigger_controller_dag.py took 0.084 seconds
[2023-04-27T23:39:00.370+0200] {processor.py:156} INFO - Started process (PID=48737) to work on /Users/brenda/miniconda3/envs/airflow/lib/python3.8/site-packages/airflow/example_dags/example_trigger_controller_dag.py
[2023-04-27T23:39:00.373+0200] {processor.py:758} INFO - Processing file /Users/brenda/miniconda3/envs/airflow/lib/python3.8/site-packages/airflow/example_dags/example_trigger_controller_dag.py for tasks to queue
[2023-04-27T23:39:00.373+0200] {logging_mixin.py:117} INFO - [2023-04-27T23:39:00.373+0200] {dagbag.py:525} INFO - Filling up the DagBag from /Users/brenda/miniconda3/envs/airflow/lib/python3.8/site-packages/airflow/example_dags/example_trigger_controller_dag.py
[2023-04-27T23:39:00.382+0200] {processor.py:768} INFO - DAG(s) dict_keys(['example_trigger_controller_dag']) retrieved from /Users/brenda/miniconda3/envs/airflow/lib/python3.8/site-packages/airflow/example_dags/example_trigger_controller_dag.py
[2023-04-27T23:39:00.449+0200] {logging_mixin.py:117} INFO - [2023-04-27T23:39:00.449+0200] {dag.py:2573} INFO - Sync 1 DAGs
[2023-04-27T23:39:00.454+0200] {logging_mixin.py:117} INFO - [2023-04-27T23:39:00.454+0200] {dag.py:3324} INFO - Setting next_dagrun for example_trigger_controller_dag to 2021-01-01T00:00:00+00:00, run_after=2021-01-01T00:00:00+00:00
[2023-04-27T23:39:00.460+0200] {processor.py:178} INFO - Processing /Users/brenda/miniconda3/envs/airflow/lib/python3.8/site-packages/airflow/example_dags/example_trigger_controller_dag.py took 0.091 seconds
[2023-04-28T01:22:35.088+0200] {processor.py:156} INFO - Started process (PID=48883) to work on /Users/brenda/miniconda3/envs/airflow/lib/python3.8/site-packages/airflow/example_dags/example_trigger_controller_dag.py
[2023-04-28T01:22:35.092+0200] {processor.py:758} INFO - Processing file /Users/brenda/miniconda3/envs/airflow/lib/python3.8/site-packages/airflow/example_dags/example_trigger_controller_dag.py for tasks to queue
[2023-04-28T01:22:35.093+0200] {logging_mixin.py:117} INFO - [2023-04-28T01:22:35.093+0200] {dagbag.py:525} INFO - Filling up the DagBag from /Users/brenda/miniconda3/envs/airflow/lib/python3.8/site-packages/airflow/example_dags/example_trigger_controller_dag.py
[2023-04-28T01:22:35.107+0200] {processor.py:768} INFO - DAG(s) dict_keys(['example_trigger_controller_dag']) retrieved from /Users/brenda/miniconda3/envs/airflow/lib/python3.8/site-packages/airflow/example_dags/example_trigger_controller_dag.py
[2023-04-28T01:22:35.220+0200] {logging_mixin.py:117} INFO - [2023-04-28T01:22:35.219+0200] {dag.py:2573} INFO - Sync 1 DAGs
[2023-04-28T01:22:35.230+0200] {logging_mixin.py:117} INFO - [2023-04-28T01:22:35.229+0200] {dag.py:3324} INFO - Setting next_dagrun for example_trigger_controller_dag to 2021-01-01T00:00:00+00:00, run_after=2021-01-01T00:00:00+00:00
[2023-04-28T01:22:35.240+0200] {processor.py:178} INFO - Processing /Users/brenda/miniconda3/envs/airflow/lib/python3.8/site-packages/airflow/example_dags/example_trigger_controller_dag.py took 0.152 seconds
