[2023-04-27T22:48:49.790+0200] {processor.py:153} INFO - Started process (PID=44588) to work on /Users/brenda/miniconda3/envs/airflow/lib/python3.8/site-packages/airflow/example_dags/example_skip_dag.py
[2023-04-27T22:48:49.794+0200] {processor.py:743} INFO - Processing file /Users/brenda/miniconda3/envs/airflow/lib/python3.8/site-packages/airflow/example_dags/example_skip_dag.py for tasks to queue
[2023-04-27T22:48:49.794+0200] {logging_mixin.py:137} INFO - [2023-04-27T22:48:49.794+0200] {dagbag.py:532} INFO - Filling up the DagBag from /Users/brenda/miniconda3/envs/airflow/lib/python3.8/site-packages/airflow/example_dags/example_skip_dag.py
[2023-04-27T22:48:49.809+0200] {processor.py:753} INFO - DAG(s) dict_keys(['example_skip_dag']) retrieved from /Users/brenda/miniconda3/envs/airflow/lib/python3.8/site-packages/airflow/example_dags/example_skip_dag.py
[2023-04-27T22:48:50.266+0200] {logging_mixin.py:137} INFO - [2023-04-27T22:48:50.266+0200] {manager.py:504} INFO - Created Permission View: can delete on DAG:example_skip_dag
[2023-04-27T22:48:50.270+0200] {logging_mixin.py:137} INFO - [2023-04-27T22:48:50.270+0200] {manager.py:504} INFO - Created Permission View: can read on DAG:example_skip_dag
[2023-04-27T22:48:50.273+0200] {logging_mixin.py:137} INFO - [2023-04-27T22:48:50.273+0200] {manager.py:504} INFO - Created Permission View: can edit on DAG:example_skip_dag
[2023-04-27T22:48:50.273+0200] {logging_mixin.py:137} INFO - [2023-04-27T22:48:50.273+0200] {dag.py:2705} INFO - Sync 1 DAGs
[2023-04-27T22:48:50.279+0200] {logging_mixin.py:137} INFO - [2023-04-27T22:48:50.279+0200] {dag.py:2726} INFO - Creating ORM DAG for example_skip_dag
[2023-04-27T22:48:50.284+0200] {logging_mixin.py:137} INFO - [2023-04-27T22:48:50.284+0200] {dag.py:3452} INFO - Setting next_dagrun for example_skip_dag to 2023-04-26T20:48:50.284279+00:00, run_after=2023-04-27T20:48:50.284279+00:00
[2023-04-27T22:48:50.293+0200] {processor.py:175} INFO - Processing /Users/brenda/miniconda3/envs/airflow/lib/python3.8/site-packages/airflow/example_dags/example_skip_dag.py took 0.503 seconds
[2023-04-27T22:59:48.303+0200] {processor.py:156} INFO - Started process (PID=46133) to work on /Users/brenda/miniconda3/envs/airflow/lib/python3.8/site-packages/airflow/example_dags/example_skip_dag.py
[2023-04-27T22:59:48.307+0200] {processor.py:758} INFO - Processing file /Users/brenda/miniconda3/envs/airflow/lib/python3.8/site-packages/airflow/example_dags/example_skip_dag.py for tasks to queue
[2023-04-27T22:59:48.308+0200] {logging_mixin.py:117} INFO - [2023-04-27T22:59:48.308+0200] {dagbag.py:525} INFO - Filling up the DagBag from /Users/brenda/miniconda3/envs/airflow/lib/python3.8/site-packages/airflow/example_dags/example_skip_dag.py
[2023-04-27T22:59:48.323+0200] {processor.py:768} INFO - DAG(s) dict_keys(['example_skip_dag']) retrieved from /Users/brenda/miniconda3/envs/airflow/lib/python3.8/site-packages/airflow/example_dags/example_skip_dag.py
[2023-04-27T22:59:48.350+0200] {logging_mixin.py:117} INFO - [2023-04-27T22:59:48.349+0200] {dag.py:2573} INFO - Sync 1 DAGs
[2023-04-27T22:59:48.415+0200] {logging_mixin.py:117} INFO - [2023-04-27T22:59:48.415+0200] {dag.py:3324} INFO - Setting next_dagrun for example_skip_dag to 2023-04-26T20:59:48.415699+00:00, run_after=2023-04-27T20:59:48.415699+00:00
[2023-04-27T22:59:48.426+0200] {processor.py:178} INFO - Processing /Users/brenda/miniconda3/envs/airflow/lib/python3.8/site-packages/airflow/example_dags/example_skip_dag.py took 0.124 seconds
[2023-04-27T23:00:43.380+0200] {processor.py:156} INFO - Started process (PID=46226) to work on /Users/brenda/miniconda3/envs/airflow/lib/python3.8/site-packages/airflow/example_dags/example_skip_dag.py
[2023-04-27T23:00:43.383+0200] {processor.py:758} INFO - Processing file /Users/brenda/miniconda3/envs/airflow/lib/python3.8/site-packages/airflow/example_dags/example_skip_dag.py for tasks to queue
[2023-04-27T23:00:43.383+0200] {logging_mixin.py:117} INFO - [2023-04-27T23:00:43.383+0200] {dagbag.py:525} INFO - Filling up the DagBag from /Users/brenda/miniconda3/envs/airflow/lib/python3.8/site-packages/airflow/example_dags/example_skip_dag.py
[2023-04-27T23:00:43.399+0200] {processor.py:768} INFO - DAG(s) dict_keys(['example_skip_dag']) retrieved from /Users/brenda/miniconda3/envs/airflow/lib/python3.8/site-packages/airflow/example_dags/example_skip_dag.py
[2023-04-27T23:00:43.515+0200] {logging_mixin.py:117} INFO - [2023-04-27T23:00:43.515+0200] {dag.py:2573} INFO - Sync 1 DAGs
[2023-04-27T23:00:43.525+0200] {logging_mixin.py:117} INFO - [2023-04-27T23:00:43.525+0200] {dag.py:3324} INFO - Setting next_dagrun for example_skip_dag to 2023-04-26T21:00:43.525580+00:00, run_after=2023-04-27T21:00:43.525580+00:00
[2023-04-27T23:00:43.536+0200] {processor.py:178} INFO - Processing /Users/brenda/miniconda3/envs/airflow/lib/python3.8/site-packages/airflow/example_dags/example_skip_dag.py took 0.157 seconds
[2023-04-27T23:01:38.090+0200] {processor.py:156} INFO - Started process (PID=46335) to work on /Users/brenda/miniconda3/envs/airflow/lib/python3.8/site-packages/airflow/example_dags/example_skip_dag.py
[2023-04-27T23:01:38.094+0200] {processor.py:758} INFO - Processing file /Users/brenda/miniconda3/envs/airflow/lib/python3.8/site-packages/airflow/example_dags/example_skip_dag.py for tasks to queue
[2023-04-27T23:01:38.094+0200] {logging_mixin.py:117} INFO - [2023-04-27T23:01:38.094+0200] {dagbag.py:525} INFO - Filling up the DagBag from /Users/brenda/miniconda3/envs/airflow/lib/python3.8/site-packages/airflow/example_dags/example_skip_dag.py
[2023-04-27T23:01:38.111+0200] {processor.py:768} INFO - DAG(s) dict_keys(['example_skip_dag']) retrieved from /Users/brenda/miniconda3/envs/airflow/lib/python3.8/site-packages/airflow/example_dags/example_skip_dag.py
[2023-04-27T23:01:38.240+0200] {logging_mixin.py:117} INFO - [2023-04-27T23:01:38.239+0200] {dag.py:2573} INFO - Sync 1 DAGs
[2023-04-27T23:01:38.280+0200] {logging_mixin.py:117} INFO - [2023-04-27T23:01:38.280+0200] {dag.py:3324} INFO - Setting next_dagrun for example_skip_dag to 2023-04-26T21:01:38.280469+00:00, run_after=2023-04-27T21:01:38.280469+00:00
[2023-04-27T23:01:38.317+0200] {processor.py:178} INFO - Processing /Users/brenda/miniconda3/envs/airflow/lib/python3.8/site-packages/airflow/example_dags/example_skip_dag.py took 0.228 seconds
[2023-04-27T23:02:31.698+0200] {processor.py:156} INFO - Started process (PID=46460) to work on /Users/brenda/miniconda3/envs/airflow/lib/python3.8/site-packages/airflow/example_dags/example_skip_dag.py
[2023-04-27T23:02:31.703+0200] {processor.py:758} INFO - Processing file /Users/brenda/miniconda3/envs/airflow/lib/python3.8/site-packages/airflow/example_dags/example_skip_dag.py for tasks to queue
[2023-04-27T23:02:31.703+0200] {logging_mixin.py:117} INFO - [2023-04-27T23:02:31.703+0200] {dagbag.py:525} INFO - Filling up the DagBag from /Users/brenda/miniconda3/envs/airflow/lib/python3.8/site-packages/airflow/example_dags/example_skip_dag.py
[2023-04-27T23:02:31.719+0200] {processor.py:768} INFO - DAG(s) dict_keys(['example_skip_dag']) retrieved from /Users/brenda/miniconda3/envs/airflow/lib/python3.8/site-packages/airflow/example_dags/example_skip_dag.py
[2023-04-27T23:02:31.837+0200] {logging_mixin.py:117} INFO - [2023-04-27T23:02:31.837+0200] {dag.py:2573} INFO - Sync 1 DAGs
[2023-04-27T23:02:31.847+0200] {logging_mixin.py:117} INFO - [2023-04-27T23:02:31.847+0200] {dag.py:3324} INFO - Setting next_dagrun for example_skip_dag to 2023-04-26T21:02:31.847618+00:00, run_after=2023-04-27T21:02:31.847618+00:00
[2023-04-27T23:02:31.859+0200] {processor.py:178} INFO - Processing /Users/brenda/miniconda3/envs/airflow/lib/python3.8/site-packages/airflow/example_dags/example_skip_dag.py took 0.162 seconds
[2023-04-27T23:03:26.039+0200] {processor.py:156} INFO - Started process (PID=46535) to work on /Users/brenda/miniconda3/envs/airflow/lib/python3.8/site-packages/airflow/example_dags/example_skip_dag.py
[2023-04-27T23:03:26.043+0200] {processor.py:758} INFO - Processing file /Users/brenda/miniconda3/envs/airflow/lib/python3.8/site-packages/airflow/example_dags/example_skip_dag.py for tasks to queue
[2023-04-27T23:03:26.043+0200] {logging_mixin.py:117} INFO - [2023-04-27T23:03:26.043+0200] {dagbag.py:525} INFO - Filling up the DagBag from /Users/brenda/miniconda3/envs/airflow/lib/python3.8/site-packages/airflow/example_dags/example_skip_dag.py
[2023-04-27T23:03:26.059+0200] {processor.py:768} INFO - DAG(s) dict_keys(['example_skip_dag']) retrieved from /Users/brenda/miniconda3/envs/airflow/lib/python3.8/site-packages/airflow/example_dags/example_skip_dag.py
[2023-04-27T23:03:26.171+0200] {logging_mixin.py:117} INFO - [2023-04-27T23:03:26.171+0200] {dag.py:2573} INFO - Sync 1 DAGs
[2023-04-27T23:03:26.181+0200] {logging_mixin.py:117} INFO - [2023-04-27T23:03:26.181+0200] {dag.py:3324} INFO - Setting next_dagrun for example_skip_dag to 2023-04-26T21:03:26.181229+00:00, run_after=2023-04-27T21:03:26.181229+00:00
[2023-04-27T23:03:26.192+0200] {processor.py:178} INFO - Processing /Users/brenda/miniconda3/envs/airflow/lib/python3.8/site-packages/airflow/example_dags/example_skip_dag.py took 0.153 seconds
[2023-04-27T23:04:18.176+0200] {processor.py:156} INFO - Started process (PID=46607) to work on /Users/brenda/miniconda3/envs/airflow/lib/python3.8/site-packages/airflow/example_dags/example_skip_dag.py
[2023-04-27T23:04:18.180+0200] {processor.py:758} INFO - Processing file /Users/brenda/miniconda3/envs/airflow/lib/python3.8/site-packages/airflow/example_dags/example_skip_dag.py for tasks to queue
[2023-04-27T23:04:18.180+0200] {logging_mixin.py:117} INFO - [2023-04-27T23:04:18.180+0200] {dagbag.py:525} INFO - Filling up the DagBag from /Users/brenda/miniconda3/envs/airflow/lib/python3.8/site-packages/airflow/example_dags/example_skip_dag.py
[2023-04-27T23:04:18.195+0200] {processor.py:768} INFO - DAG(s) dict_keys(['example_skip_dag']) retrieved from /Users/brenda/miniconda3/envs/airflow/lib/python3.8/site-packages/airflow/example_dags/example_skip_dag.py
[2023-04-27T23:04:18.303+0200] {logging_mixin.py:117} INFO - [2023-04-27T23:04:18.303+0200] {dag.py:2573} INFO - Sync 1 DAGs
[2023-04-27T23:04:18.313+0200] {logging_mixin.py:117} INFO - [2023-04-27T23:04:18.313+0200] {dag.py:3324} INFO - Setting next_dagrun for example_skip_dag to 2023-04-26T21:04:18.312948+00:00, run_after=2023-04-27T21:04:18.312948+00:00
[2023-04-27T23:04:18.324+0200] {processor.py:178} INFO - Processing /Users/brenda/miniconda3/envs/airflow/lib/python3.8/site-packages/airflow/example_dags/example_skip_dag.py took 0.148 seconds
[2023-04-27T23:05:14.780+0200] {processor.py:156} INFO - Started process (PID=46733) to work on /Users/brenda/miniconda3/envs/airflow/lib/python3.8/site-packages/airflow/example_dags/example_skip_dag.py
[2023-04-27T23:05:14.783+0200] {processor.py:758} INFO - Processing file /Users/brenda/miniconda3/envs/airflow/lib/python3.8/site-packages/airflow/example_dags/example_skip_dag.py for tasks to queue
[2023-04-27T23:05:14.783+0200] {logging_mixin.py:117} INFO - [2023-04-27T23:05:14.783+0200] {dagbag.py:525} INFO - Filling up the DagBag from /Users/brenda/miniconda3/envs/airflow/lib/python3.8/site-packages/airflow/example_dags/example_skip_dag.py
[2023-04-27T23:05:14.801+0200] {processor.py:768} INFO - DAG(s) dict_keys(['example_skip_dag']) retrieved from /Users/brenda/miniconda3/envs/airflow/lib/python3.8/site-packages/airflow/example_dags/example_skip_dag.py
[2023-04-27T23:05:14.930+0200] {logging_mixin.py:117} INFO - [2023-04-27T23:05:14.930+0200] {dag.py:2573} INFO - Sync 1 DAGs
[2023-04-27T23:05:14.945+0200] {logging_mixin.py:117} INFO - [2023-04-27T23:05:14.945+0200] {dag.py:3324} INFO - Setting next_dagrun for example_skip_dag to 2023-04-26T21:05:14.945110+00:00, run_after=2023-04-27T21:05:14.945110+00:00
[2023-04-27T23:05:14.961+0200] {processor.py:178} INFO - Processing /Users/brenda/miniconda3/envs/airflow/lib/python3.8/site-packages/airflow/example_dags/example_skip_dag.py took 0.182 seconds
[2023-04-27T23:06:19.888+0200] {processor.py:156} INFO - Started process (PID=46916) to work on /Users/brenda/miniconda3/envs/airflow/lib/python3.8/site-packages/airflow/example_dags/example_skip_dag.py
[2023-04-27T23:06:19.892+0200] {processor.py:758} INFO - Processing file /Users/brenda/miniconda3/envs/airflow/lib/python3.8/site-packages/airflow/example_dags/example_skip_dag.py for tasks to queue
[2023-04-27T23:06:19.892+0200] {logging_mixin.py:117} INFO - [2023-04-27T23:06:19.892+0200] {dagbag.py:525} INFO - Filling up the DagBag from /Users/brenda/miniconda3/envs/airflow/lib/python3.8/site-packages/airflow/example_dags/example_skip_dag.py
[2023-04-27T23:06:19.908+0200] {processor.py:768} INFO - DAG(s) dict_keys(['example_skip_dag']) retrieved from /Users/brenda/miniconda3/envs/airflow/lib/python3.8/site-packages/airflow/example_dags/example_skip_dag.py
[2023-04-27T23:06:20.018+0200] {logging_mixin.py:117} INFO - [2023-04-27T23:06:20.018+0200] {dag.py:2573} INFO - Sync 1 DAGs
[2023-04-27T23:06:20.028+0200] {logging_mixin.py:117} INFO - [2023-04-27T23:06:20.028+0200] {dag.py:3324} INFO - Setting next_dagrun for example_skip_dag to 2023-04-26T21:06:20.028144+00:00, run_after=2023-04-27T21:06:20.028144+00:00
[2023-04-27T23:06:20.047+0200] {processor.py:178} INFO - Processing /Users/brenda/miniconda3/envs/airflow/lib/python3.8/site-packages/airflow/example_dags/example_skip_dag.py took 0.159 seconds
[2023-04-27T23:07:10.737+0200] {processor.py:156} INFO - Started process (PID=47048) to work on /Users/brenda/miniconda3/envs/airflow/lib/python3.8/site-packages/airflow/example_dags/example_skip_dag.py
[2023-04-27T23:07:10.741+0200] {processor.py:758} INFO - Processing file /Users/brenda/miniconda3/envs/airflow/lib/python3.8/site-packages/airflow/example_dags/example_skip_dag.py for tasks to queue
[2023-04-27T23:07:10.741+0200] {logging_mixin.py:117} INFO - [2023-04-27T23:07:10.741+0200] {dagbag.py:525} INFO - Filling up the DagBag from /Users/brenda/miniconda3/envs/airflow/lib/python3.8/site-packages/airflow/example_dags/example_skip_dag.py
[2023-04-27T23:07:10.759+0200] {processor.py:768} INFO - DAG(s) dict_keys(['example_skip_dag']) retrieved from /Users/brenda/miniconda3/envs/airflow/lib/python3.8/site-packages/airflow/example_dags/example_skip_dag.py
[2023-04-27T23:07:10.875+0200] {logging_mixin.py:117} INFO - [2023-04-27T23:07:10.875+0200] {dag.py:2573} INFO - Sync 1 DAGs
[2023-04-27T23:07:10.885+0200] {logging_mixin.py:117} INFO - [2023-04-27T23:07:10.885+0200] {dag.py:3324} INFO - Setting next_dagrun for example_skip_dag to 2023-04-26T21:07:10.885371+00:00, run_after=2023-04-27T21:07:10.885371+00:00
[2023-04-27T23:07:10.896+0200] {processor.py:178} INFO - Processing /Users/brenda/miniconda3/envs/airflow/lib/python3.8/site-packages/airflow/example_dags/example_skip_dag.py took 0.159 seconds
[2023-04-27T23:08:07.893+0200] {processor.py:156} INFO - Started process (PID=47140) to work on /Users/brenda/miniconda3/envs/airflow/lib/python3.8/site-packages/airflow/example_dags/example_skip_dag.py
[2023-04-27T23:08:07.897+0200] {processor.py:758} INFO - Processing file /Users/brenda/miniconda3/envs/airflow/lib/python3.8/site-packages/airflow/example_dags/example_skip_dag.py for tasks to queue
[2023-04-27T23:08:07.897+0200] {logging_mixin.py:117} INFO - [2023-04-27T23:08:07.897+0200] {dagbag.py:525} INFO - Filling up the DagBag from /Users/brenda/miniconda3/envs/airflow/lib/python3.8/site-packages/airflow/example_dags/example_skip_dag.py
[2023-04-27T23:08:07.933+0200] {processor.py:768} INFO - DAG(s) dict_keys(['example_skip_dag']) retrieved from /Users/brenda/miniconda3/envs/airflow/lib/python3.8/site-packages/airflow/example_dags/example_skip_dag.py
[2023-04-27T23:08:08.078+0200] {logging_mixin.py:117} INFO - [2023-04-27T23:08:08.078+0200] {dag.py:2573} INFO - Sync 1 DAGs
[2023-04-27T23:08:08.090+0200] {logging_mixin.py:117} INFO - [2023-04-27T23:08:08.090+0200] {dag.py:3324} INFO - Setting next_dagrun for example_skip_dag to 2023-04-26T21:08:08.089933+00:00, run_after=2023-04-27T21:08:08.089933+00:00
[2023-04-27T23:08:08.104+0200] {processor.py:178} INFO - Processing /Users/brenda/miniconda3/envs/airflow/lib/python3.8/site-packages/airflow/example_dags/example_skip_dag.py took 0.212 seconds
[2023-04-27T23:09:04.204+0200] {processor.py:156} INFO - Started process (PID=47233) to work on /Users/brenda/miniconda3/envs/airflow/lib/python3.8/site-packages/airflow/example_dags/example_skip_dag.py
[2023-04-27T23:09:04.213+0200] {processor.py:758} INFO - Processing file /Users/brenda/miniconda3/envs/airflow/lib/python3.8/site-packages/airflow/example_dags/example_skip_dag.py for tasks to queue
[2023-04-27T23:09:04.213+0200] {logging_mixin.py:117} INFO - [2023-04-27T23:09:04.213+0200] {dagbag.py:525} INFO - Filling up the DagBag from /Users/brenda/miniconda3/envs/airflow/lib/python3.8/site-packages/airflow/example_dags/example_skip_dag.py
[2023-04-27T23:09:04.229+0200] {processor.py:768} INFO - DAG(s) dict_keys(['example_skip_dag']) retrieved from /Users/brenda/miniconda3/envs/airflow/lib/python3.8/site-packages/airflow/example_dags/example_skip_dag.py
[2023-04-27T23:09:04.344+0200] {logging_mixin.py:117} INFO - [2023-04-27T23:09:04.344+0200] {dag.py:2573} INFO - Sync 1 DAGs
[2023-04-27T23:09:04.354+0200] {logging_mixin.py:117} INFO - [2023-04-27T23:09:04.354+0200] {dag.py:3324} INFO - Setting next_dagrun for example_skip_dag to 2023-04-26T21:09:04.354555+00:00, run_after=2023-04-27T21:09:04.354555+00:00
[2023-04-27T23:09:04.372+0200] {processor.py:178} INFO - Processing /Users/brenda/miniconda3/envs/airflow/lib/python3.8/site-packages/airflow/example_dags/example_skip_dag.py took 0.168 seconds
[2023-04-27T23:10:01.115+0200] {processor.py:156} INFO - Started process (PID=47322) to work on /Users/brenda/miniconda3/envs/airflow/lib/python3.8/site-packages/airflow/example_dags/example_skip_dag.py
[2023-04-27T23:10:01.119+0200] {processor.py:758} INFO - Processing file /Users/brenda/miniconda3/envs/airflow/lib/python3.8/site-packages/airflow/example_dags/example_skip_dag.py for tasks to queue
[2023-04-27T23:10:01.119+0200] {logging_mixin.py:117} INFO - [2023-04-27T23:10:01.119+0200] {dagbag.py:525} INFO - Filling up the DagBag from /Users/brenda/miniconda3/envs/airflow/lib/python3.8/site-packages/airflow/example_dags/example_skip_dag.py
[2023-04-27T23:10:01.135+0200] {processor.py:768} INFO - DAG(s) dict_keys(['example_skip_dag']) retrieved from /Users/brenda/miniconda3/envs/airflow/lib/python3.8/site-packages/airflow/example_dags/example_skip_dag.py
[2023-04-27T23:10:01.257+0200] {logging_mixin.py:117} INFO - [2023-04-27T23:10:01.257+0200] {dag.py:2573} INFO - Sync 1 DAGs
[2023-04-27T23:10:01.269+0200] {logging_mixin.py:117} INFO - [2023-04-27T23:10:01.268+0200] {dag.py:3324} INFO - Setting next_dagrun for example_skip_dag to 2023-04-26T21:10:01.268795+00:00, run_after=2023-04-27T21:10:01.268795+00:00
[2023-04-27T23:10:01.281+0200] {processor.py:178} INFO - Processing /Users/brenda/miniconda3/envs/airflow/lib/python3.8/site-packages/airflow/example_dags/example_skip_dag.py took 0.167 seconds
[2023-04-27T23:10:54.772+0200] {processor.py:156} INFO - Started process (PID=47415) to work on /Users/brenda/miniconda3/envs/airflow/lib/python3.8/site-packages/airflow/example_dags/example_skip_dag.py
[2023-04-27T23:10:54.775+0200] {processor.py:758} INFO - Processing file /Users/brenda/miniconda3/envs/airflow/lib/python3.8/site-packages/airflow/example_dags/example_skip_dag.py for tasks to queue
[2023-04-27T23:10:54.775+0200] {logging_mixin.py:117} INFO - [2023-04-27T23:10:54.775+0200] {dagbag.py:525} INFO - Filling up the DagBag from /Users/brenda/miniconda3/envs/airflow/lib/python3.8/site-packages/airflow/example_dags/example_skip_dag.py
[2023-04-27T23:10:54.791+0200] {processor.py:768} INFO - DAG(s) dict_keys(['example_skip_dag']) retrieved from /Users/brenda/miniconda3/envs/airflow/lib/python3.8/site-packages/airflow/example_dags/example_skip_dag.py
[2023-04-27T23:10:54.907+0200] {logging_mixin.py:117} INFO - [2023-04-27T23:10:54.907+0200] {dag.py:2573} INFO - Sync 1 DAGs
[2023-04-27T23:10:54.919+0200] {logging_mixin.py:117} INFO - [2023-04-27T23:10:54.919+0200] {dag.py:3324} INFO - Setting next_dagrun for example_skip_dag to 2023-04-26T21:10:54.918970+00:00, run_after=2023-04-27T21:10:54.918970+00:00
[2023-04-27T23:10:54.930+0200] {processor.py:178} INFO - Processing /Users/brenda/miniconda3/envs/airflow/lib/python3.8/site-packages/airflow/example_dags/example_skip_dag.py took 0.158 seconds
[2023-04-27T23:11:52.260+0200] {processor.py:156} INFO - Started process (PID=47506) to work on /Users/brenda/miniconda3/envs/airflow/lib/python3.8/site-packages/airflow/example_dags/example_skip_dag.py
[2023-04-27T23:11:52.263+0200] {processor.py:758} INFO - Processing file /Users/brenda/miniconda3/envs/airflow/lib/python3.8/site-packages/airflow/example_dags/example_skip_dag.py for tasks to queue
[2023-04-27T23:11:52.264+0200] {logging_mixin.py:117} INFO - [2023-04-27T23:11:52.263+0200] {dagbag.py:525} INFO - Filling up the DagBag from /Users/brenda/miniconda3/envs/airflow/lib/python3.8/site-packages/airflow/example_dags/example_skip_dag.py
[2023-04-27T23:11:52.278+0200] {processor.py:768} INFO - DAG(s) dict_keys(['example_skip_dag']) retrieved from /Users/brenda/miniconda3/envs/airflow/lib/python3.8/site-packages/airflow/example_dags/example_skip_dag.py
[2023-04-27T23:11:52.387+0200] {logging_mixin.py:117} INFO - [2023-04-27T23:11:52.386+0200] {dag.py:2573} INFO - Sync 1 DAGs
[2023-04-27T23:11:52.396+0200] {logging_mixin.py:117} INFO - [2023-04-27T23:11:52.396+0200] {dag.py:3324} INFO - Setting next_dagrun for example_skip_dag to 2023-04-26T21:11:52.396513+00:00, run_after=2023-04-27T21:11:52.396513+00:00
[2023-04-27T23:11:52.407+0200] {processor.py:178} INFO - Processing /Users/brenda/miniconda3/envs/airflow/lib/python3.8/site-packages/airflow/example_dags/example_skip_dag.py took 0.147 seconds
[2023-04-27T23:12:50.214+0200] {processor.py:156} INFO - Started process (PID=47603) to work on /Users/brenda/miniconda3/envs/airflow/lib/python3.8/site-packages/airflow/example_dags/example_skip_dag.py
[2023-04-27T23:12:50.216+0200] {processor.py:758} INFO - Processing file /Users/brenda/miniconda3/envs/airflow/lib/python3.8/site-packages/airflow/example_dags/example_skip_dag.py for tasks to queue
[2023-04-27T23:12:50.216+0200] {logging_mixin.py:117} INFO - [2023-04-27T23:12:50.216+0200] {dagbag.py:525} INFO - Filling up the DagBag from /Users/brenda/miniconda3/envs/airflow/lib/python3.8/site-packages/airflow/example_dags/example_skip_dag.py
[2023-04-27T23:12:50.230+0200] {processor.py:768} INFO - DAG(s) dict_keys(['example_skip_dag']) retrieved from /Users/brenda/miniconda3/envs/airflow/lib/python3.8/site-packages/airflow/example_dags/example_skip_dag.py
[2023-04-27T23:12:50.297+0200] {logging_mixin.py:117} INFO - [2023-04-27T23:12:50.297+0200] {dag.py:2573} INFO - Sync 1 DAGs
[2023-04-27T23:12:50.303+0200] {logging_mixin.py:117} INFO - [2023-04-27T23:12:50.303+0200] {dag.py:3324} INFO - Setting next_dagrun for example_skip_dag to 2023-04-26T21:12:50.303219+00:00, run_after=2023-04-27T21:12:50.303219+00:00
[2023-04-27T23:12:50.310+0200] {processor.py:178} INFO - Processing /Users/brenda/miniconda3/envs/airflow/lib/python3.8/site-packages/airflow/example_dags/example_skip_dag.py took 0.096 seconds
[2023-04-27T23:29:01.048+0200] {processor.py:156} INFO - Started process (PID=47697) to work on /Users/brenda/miniconda3/envs/airflow/lib/python3.8/site-packages/airflow/example_dags/example_skip_dag.py
[2023-04-27T23:29:01.050+0200] {processor.py:758} INFO - Processing file /Users/brenda/miniconda3/envs/airflow/lib/python3.8/site-packages/airflow/example_dags/example_skip_dag.py for tasks to queue
[2023-04-27T23:29:01.050+0200] {logging_mixin.py:117} INFO - [2023-04-27T23:29:01.050+0200] {dagbag.py:525} INFO - Filling up the DagBag from /Users/brenda/miniconda3/envs/airflow/lib/python3.8/site-packages/airflow/example_dags/example_skip_dag.py
[2023-04-27T23:29:01.059+0200] {processor.py:768} INFO - DAG(s) dict_keys(['example_skip_dag']) retrieved from /Users/brenda/miniconda3/envs/airflow/lib/python3.8/site-packages/airflow/example_dags/example_skip_dag.py
[2023-04-27T23:29:01.121+0200] {logging_mixin.py:117} INFO - [2023-04-27T23:29:01.121+0200] {dag.py:2573} INFO - Sync 1 DAGs
[2023-04-27T23:29:01.126+0200] {logging_mixin.py:117} INFO - [2023-04-27T23:29:01.126+0200] {dag.py:3324} INFO - Setting next_dagrun for example_skip_dag to 2023-04-26T21:29:01.126888+00:00, run_after=2023-04-27T21:29:01.126888+00:00
[2023-04-27T23:29:01.133+0200] {processor.py:178} INFO - Processing /Users/brenda/miniconda3/envs/airflow/lib/python3.8/site-packages/airflow/example_dags/example_skip_dag.py took 0.085 seconds
[2023-04-27T23:29:47.656+0200] {processor.py:156} INFO - Started process (PID=47789) to work on /Users/brenda/miniconda3/envs/airflow/lib/python3.8/site-packages/airflow/example_dags/example_skip_dag.py
[2023-04-27T23:29:47.658+0200] {processor.py:758} INFO - Processing file /Users/brenda/miniconda3/envs/airflow/lib/python3.8/site-packages/airflow/example_dags/example_skip_dag.py for tasks to queue
[2023-04-27T23:29:47.659+0200] {logging_mixin.py:117} INFO - [2023-04-27T23:29:47.659+0200] {dagbag.py:525} INFO - Filling up the DagBag from /Users/brenda/miniconda3/envs/airflow/lib/python3.8/site-packages/airflow/example_dags/example_skip_dag.py
[2023-04-27T23:29:47.668+0200] {processor.py:768} INFO - DAG(s) dict_keys(['example_skip_dag']) retrieved from /Users/brenda/miniconda3/envs/airflow/lib/python3.8/site-packages/airflow/example_dags/example_skip_dag.py
[2023-04-27T23:29:47.740+0200] {logging_mixin.py:117} INFO - [2023-04-27T23:29:47.740+0200] {dag.py:2573} INFO - Sync 1 DAGs
[2023-04-27T23:29:47.746+0200] {logging_mixin.py:117} INFO - [2023-04-27T23:29:47.746+0200] {dag.py:3324} INFO - Setting next_dagrun for example_skip_dag to 2023-04-26T21:29:47.746686+00:00, run_after=2023-04-27T21:29:47.746686+00:00
[2023-04-27T23:29:47.753+0200] {processor.py:178} INFO - Processing /Users/brenda/miniconda3/envs/airflow/lib/python3.8/site-packages/airflow/example_dags/example_skip_dag.py took 0.097 seconds
[2023-04-27T23:30:36.096+0200] {processor.py:156} INFO - Started process (PID=47878) to work on /Users/brenda/miniconda3/envs/airflow/lib/python3.8/site-packages/airflow/example_dags/example_skip_dag.py
[2023-04-27T23:30:36.098+0200] {processor.py:758} INFO - Processing file /Users/brenda/miniconda3/envs/airflow/lib/python3.8/site-packages/airflow/example_dags/example_skip_dag.py for tasks to queue
[2023-04-27T23:30:36.099+0200] {logging_mixin.py:117} INFO - [2023-04-27T23:30:36.099+0200] {dagbag.py:525} INFO - Filling up the DagBag from /Users/brenda/miniconda3/envs/airflow/lib/python3.8/site-packages/airflow/example_dags/example_skip_dag.py
[2023-04-27T23:30:36.108+0200] {processor.py:768} INFO - DAG(s) dict_keys(['example_skip_dag']) retrieved from /Users/brenda/miniconda3/envs/airflow/lib/python3.8/site-packages/airflow/example_dags/example_skip_dag.py
[2023-04-27T23:30:36.169+0200] {logging_mixin.py:117} INFO - [2023-04-27T23:30:36.169+0200] {dag.py:2573} INFO - Sync 1 DAGs
[2023-04-27T23:30:36.177+0200] {logging_mixin.py:117} INFO - [2023-04-27T23:30:36.177+0200] {dag.py:3324} INFO - Setting next_dagrun for example_skip_dag to 2023-04-26T21:30:36.177006+00:00, run_after=2023-04-27T21:30:36.177006+00:00
[2023-04-27T23:30:36.183+0200] {processor.py:178} INFO - Processing /Users/brenda/miniconda3/envs/airflow/lib/python3.8/site-packages/airflow/example_dags/example_skip_dag.py took 0.087 seconds
[2023-04-27T23:31:23.429+0200] {processor.py:156} INFO - Started process (PID=47959) to work on /Users/brenda/miniconda3/envs/airflow/lib/python3.8/site-packages/airflow/example_dags/example_skip_dag.py
[2023-04-27T23:31:23.431+0200] {processor.py:758} INFO - Processing file /Users/brenda/miniconda3/envs/airflow/lib/python3.8/site-packages/airflow/example_dags/example_skip_dag.py for tasks to queue
[2023-04-27T23:31:23.431+0200] {logging_mixin.py:117} INFO - [2023-04-27T23:31:23.431+0200] {dagbag.py:525} INFO - Filling up the DagBag from /Users/brenda/miniconda3/envs/airflow/lib/python3.8/site-packages/airflow/example_dags/example_skip_dag.py
[2023-04-27T23:31:23.442+0200] {processor.py:768} INFO - DAG(s) dict_keys(['example_skip_dag']) retrieved from /Users/brenda/miniconda3/envs/airflow/lib/python3.8/site-packages/airflow/example_dags/example_skip_dag.py
[2023-04-27T23:31:23.504+0200] {logging_mixin.py:117} INFO - [2023-04-27T23:31:23.504+0200] {dag.py:2573} INFO - Sync 1 DAGs
[2023-04-27T23:31:23.509+0200] {logging_mixin.py:117} INFO - [2023-04-27T23:31:23.509+0200] {dag.py:3324} INFO - Setting next_dagrun for example_skip_dag to 2023-04-26T21:31:23.509502+00:00, run_after=2023-04-27T21:31:23.509502+00:00
[2023-04-27T23:31:23.515+0200] {processor.py:178} INFO - Processing /Users/brenda/miniconda3/envs/airflow/lib/python3.8/site-packages/airflow/example_dags/example_skip_dag.py took 0.087 seconds
[2023-04-27T23:32:09.797+0200] {processor.py:156} INFO - Started process (PID=48044) to work on /Users/brenda/miniconda3/envs/airflow/lib/python3.8/site-packages/airflow/example_dags/example_skip_dag.py
[2023-04-27T23:32:09.799+0200] {processor.py:758} INFO - Processing file /Users/brenda/miniconda3/envs/airflow/lib/python3.8/site-packages/airflow/example_dags/example_skip_dag.py for tasks to queue
[2023-04-27T23:32:09.799+0200] {logging_mixin.py:117} INFO - [2023-04-27T23:32:09.799+0200] {dagbag.py:525} INFO - Filling up the DagBag from /Users/brenda/miniconda3/envs/airflow/lib/python3.8/site-packages/airflow/example_dags/example_skip_dag.py
[2023-04-27T23:32:09.812+0200] {processor.py:768} INFO - DAG(s) dict_keys(['example_skip_dag']) retrieved from /Users/brenda/miniconda3/envs/airflow/lib/python3.8/site-packages/airflow/example_dags/example_skip_dag.py
[2023-04-27T23:32:09.881+0200] {logging_mixin.py:117} INFO - [2023-04-27T23:32:09.880+0200] {dag.py:2573} INFO - Sync 1 DAGs
[2023-04-27T23:32:09.887+0200] {logging_mixin.py:117} INFO - [2023-04-27T23:32:09.887+0200] {dag.py:3324} INFO - Setting next_dagrun for example_skip_dag to 2023-04-26T21:32:09.887249+00:00, run_after=2023-04-27T21:32:09.887249+00:00
[2023-04-27T23:32:09.894+0200] {processor.py:178} INFO - Processing /Users/brenda/miniconda3/envs/airflow/lib/python3.8/site-packages/airflow/example_dags/example_skip_dag.py took 0.097 seconds
[2023-04-27T23:32:56.935+0200] {processor.py:156} INFO - Started process (PID=48119) to work on /Users/brenda/miniconda3/envs/airflow/lib/python3.8/site-packages/airflow/example_dags/example_skip_dag.py
[2023-04-27T23:32:56.937+0200] {processor.py:758} INFO - Processing file /Users/brenda/miniconda3/envs/airflow/lib/python3.8/site-packages/airflow/example_dags/example_skip_dag.py for tasks to queue
[2023-04-27T23:32:56.937+0200] {logging_mixin.py:117} INFO - [2023-04-27T23:32:56.937+0200] {dagbag.py:525} INFO - Filling up the DagBag from /Users/brenda/miniconda3/envs/airflow/lib/python3.8/site-packages/airflow/example_dags/example_skip_dag.py
[2023-04-27T23:32:56.947+0200] {processor.py:768} INFO - DAG(s) dict_keys(['example_skip_dag']) retrieved from /Users/brenda/miniconda3/envs/airflow/lib/python3.8/site-packages/airflow/example_dags/example_skip_dag.py
[2023-04-27T23:32:57.017+0200] {logging_mixin.py:117} INFO - [2023-04-27T23:32:57.017+0200] {dag.py:2573} INFO - Sync 1 DAGs
[2023-04-27T23:32:57.024+0200] {logging_mixin.py:117} INFO - [2023-04-27T23:32:57.024+0200] {dag.py:3324} INFO - Setting next_dagrun for example_skip_dag to 2023-04-26T21:32:57.024489+00:00, run_after=2023-04-27T21:32:57.024489+00:00
[2023-04-27T23:32:57.031+0200] {processor.py:178} INFO - Processing /Users/brenda/miniconda3/envs/airflow/lib/python3.8/site-packages/airflow/example_dags/example_skip_dag.py took 0.096 seconds
[2023-04-27T23:33:43.741+0200] {processor.py:156} INFO - Started process (PID=48197) to work on /Users/brenda/miniconda3/envs/airflow/lib/python3.8/site-packages/airflow/example_dags/example_skip_dag.py
[2023-04-27T23:33:43.743+0200] {processor.py:758} INFO - Processing file /Users/brenda/miniconda3/envs/airflow/lib/python3.8/site-packages/airflow/example_dags/example_skip_dag.py for tasks to queue
[2023-04-27T23:33:43.743+0200] {logging_mixin.py:117} INFO - [2023-04-27T23:33:43.743+0200] {dagbag.py:525} INFO - Filling up the DagBag from /Users/brenda/miniconda3/envs/airflow/lib/python3.8/site-packages/airflow/example_dags/example_skip_dag.py
[2023-04-27T23:33:43.752+0200] {processor.py:768} INFO - DAG(s) dict_keys(['example_skip_dag']) retrieved from /Users/brenda/miniconda3/envs/airflow/lib/python3.8/site-packages/airflow/example_dags/example_skip_dag.py
[2023-04-27T23:33:43.814+0200] {logging_mixin.py:117} INFO - [2023-04-27T23:33:43.814+0200] {dag.py:2573} INFO - Sync 1 DAGs
[2023-04-27T23:33:43.819+0200] {logging_mixin.py:117} INFO - [2023-04-27T23:33:43.819+0200] {dag.py:3324} INFO - Setting next_dagrun for example_skip_dag to 2023-04-26T21:33:43.819783+00:00, run_after=2023-04-27T21:33:43.819783+00:00
[2023-04-27T23:33:43.825+0200] {processor.py:178} INFO - Processing /Users/brenda/miniconda3/envs/airflow/lib/python3.8/site-packages/airflow/example_dags/example_skip_dag.py took 0.084 seconds
[2023-04-27T23:34:31.205+0200] {processor.py:156} INFO - Started process (PID=48271) to work on /Users/brenda/miniconda3/envs/airflow/lib/python3.8/site-packages/airflow/example_dags/example_skip_dag.py
[2023-04-27T23:34:31.207+0200] {processor.py:758} INFO - Processing file /Users/brenda/miniconda3/envs/airflow/lib/python3.8/site-packages/airflow/example_dags/example_skip_dag.py for tasks to queue
[2023-04-27T23:34:31.207+0200] {logging_mixin.py:117} INFO - [2023-04-27T23:34:31.207+0200] {dagbag.py:525} INFO - Filling up the DagBag from /Users/brenda/miniconda3/envs/airflow/lib/python3.8/site-packages/airflow/example_dags/example_skip_dag.py
[2023-04-27T23:34:31.216+0200] {processor.py:768} INFO - DAG(s) dict_keys(['example_skip_dag']) retrieved from /Users/brenda/miniconda3/envs/airflow/lib/python3.8/site-packages/airflow/example_dags/example_skip_dag.py
[2023-04-27T23:34:31.288+0200] {logging_mixin.py:117} INFO - [2023-04-27T23:34:31.288+0200] {dag.py:2573} INFO - Sync 1 DAGs
[2023-04-27T23:34:31.295+0200] {logging_mixin.py:117} INFO - [2023-04-27T23:34:31.295+0200] {dag.py:3324} INFO - Setting next_dagrun for example_skip_dag to 2023-04-26T21:34:31.294937+00:00, run_after=2023-04-27T21:34:31.294937+00:00
[2023-04-27T23:34:31.302+0200] {processor.py:178} INFO - Processing /Users/brenda/miniconda3/envs/airflow/lib/python3.8/site-packages/airflow/example_dags/example_skip_dag.py took 0.098 seconds
[2023-04-27T23:35:17.409+0200] {processor.py:156} INFO - Started process (PID=48350) to work on /Users/brenda/miniconda3/envs/airflow/lib/python3.8/site-packages/airflow/example_dags/example_skip_dag.py
[2023-04-27T23:35:17.423+0200] {processor.py:758} INFO - Processing file /Users/brenda/miniconda3/envs/airflow/lib/python3.8/site-packages/airflow/example_dags/example_skip_dag.py for tasks to queue
[2023-04-27T23:35:17.424+0200] {logging_mixin.py:117} INFO - [2023-04-27T23:35:17.424+0200] {dagbag.py:525} INFO - Filling up the DagBag from /Users/brenda/miniconda3/envs/airflow/lib/python3.8/site-packages/airflow/example_dags/example_skip_dag.py
[2023-04-27T23:35:17.433+0200] {processor.py:768} INFO - DAG(s) dict_keys(['example_skip_dag']) retrieved from /Users/brenda/miniconda3/envs/airflow/lib/python3.8/site-packages/airflow/example_dags/example_skip_dag.py
[2023-04-27T23:35:17.494+0200] {logging_mixin.py:117} INFO - [2023-04-27T23:35:17.494+0200] {dag.py:2573} INFO - Sync 1 DAGs
[2023-04-27T23:35:17.499+0200] {logging_mixin.py:117} INFO - [2023-04-27T23:35:17.499+0200] {dag.py:3324} INFO - Setting next_dagrun for example_skip_dag to 2023-04-26T21:35:17.499810+00:00, run_after=2023-04-27T21:35:17.499810+00:00
[2023-04-27T23:35:17.506+0200] {processor.py:178} INFO - Processing /Users/brenda/miniconda3/envs/airflow/lib/python3.8/site-packages/airflow/example_dags/example_skip_dag.py took 0.097 seconds
[2023-04-27T23:36:04.150+0200] {processor.py:156} INFO - Started process (PID=48435) to work on /Users/brenda/miniconda3/envs/airflow/lib/python3.8/site-packages/airflow/example_dags/example_skip_dag.py
[2023-04-27T23:36:04.152+0200] {processor.py:758} INFO - Processing file /Users/brenda/miniconda3/envs/airflow/lib/python3.8/site-packages/airflow/example_dags/example_skip_dag.py for tasks to queue
[2023-04-27T23:36:04.152+0200] {logging_mixin.py:117} INFO - [2023-04-27T23:36:04.152+0200] {dagbag.py:525} INFO - Filling up the DagBag from /Users/brenda/miniconda3/envs/airflow/lib/python3.8/site-packages/airflow/example_dags/example_skip_dag.py
[2023-04-27T23:36:04.161+0200] {processor.py:768} INFO - DAG(s) dict_keys(['example_skip_dag']) retrieved from /Users/brenda/miniconda3/envs/airflow/lib/python3.8/site-packages/airflow/example_dags/example_skip_dag.py
[2023-04-27T23:36:04.231+0200] {logging_mixin.py:117} INFO - [2023-04-27T23:36:04.231+0200] {dag.py:2573} INFO - Sync 1 DAGs
[2023-04-27T23:36:04.236+0200] {logging_mixin.py:117} INFO - [2023-04-27T23:36:04.236+0200] {dag.py:3324} INFO - Setting next_dagrun for example_skip_dag to 2023-04-26T21:36:04.236626+00:00, run_after=2023-04-27T21:36:04.236626+00:00
[2023-04-27T23:36:04.242+0200] {processor.py:178} INFO - Processing /Users/brenda/miniconda3/envs/airflow/lib/python3.8/site-packages/airflow/example_dags/example_skip_dag.py took 0.093 seconds
[2023-04-27T23:36:50.249+0200] {processor.py:156} INFO - Started process (PID=48516) to work on /Users/brenda/miniconda3/envs/airflow/lib/python3.8/site-packages/airflow/example_dags/example_skip_dag.py
[2023-04-27T23:36:50.251+0200] {processor.py:758} INFO - Processing file /Users/brenda/miniconda3/envs/airflow/lib/python3.8/site-packages/airflow/example_dags/example_skip_dag.py for tasks to queue
[2023-04-27T23:36:50.251+0200] {logging_mixin.py:117} INFO - [2023-04-27T23:36:50.251+0200] {dagbag.py:525} INFO - Filling up the DagBag from /Users/brenda/miniconda3/envs/airflow/lib/python3.8/site-packages/airflow/example_dags/example_skip_dag.py
[2023-04-27T23:36:50.260+0200] {processor.py:768} INFO - DAG(s) dict_keys(['example_skip_dag']) retrieved from /Users/brenda/miniconda3/envs/airflow/lib/python3.8/site-packages/airflow/example_dags/example_skip_dag.py
[2023-04-27T23:36:50.329+0200] {logging_mixin.py:117} INFO - [2023-04-27T23:36:50.329+0200] {dag.py:2573} INFO - Sync 1 DAGs
[2023-04-27T23:36:50.335+0200] {logging_mixin.py:117} INFO - [2023-04-27T23:36:50.335+0200] {dag.py:3324} INFO - Setting next_dagrun for example_skip_dag to 2023-04-26T21:36:50.335868+00:00, run_after=2023-04-27T21:36:50.335868+00:00
[2023-04-27T23:36:50.342+0200] {processor.py:178} INFO - Processing /Users/brenda/miniconda3/envs/airflow/lib/python3.8/site-packages/airflow/example_dags/example_skip_dag.py took 0.094 seconds
[2023-04-27T23:37:34.830+0200] {processor.py:156} INFO - Started process (PID=48593) to work on /Users/brenda/miniconda3/envs/airflow/lib/python3.8/site-packages/airflow/example_dags/example_skip_dag.py
[2023-04-27T23:37:34.833+0200] {processor.py:758} INFO - Processing file /Users/brenda/miniconda3/envs/airflow/lib/python3.8/site-packages/airflow/example_dags/example_skip_dag.py for tasks to queue
[2023-04-27T23:37:34.833+0200] {logging_mixin.py:117} INFO - [2023-04-27T23:37:34.833+0200] {dagbag.py:525} INFO - Filling up the DagBag from /Users/brenda/miniconda3/envs/airflow/lib/python3.8/site-packages/airflow/example_dags/example_skip_dag.py
[2023-04-27T23:37:34.842+0200] {processor.py:768} INFO - DAG(s) dict_keys(['example_skip_dag']) retrieved from /Users/brenda/miniconda3/envs/airflow/lib/python3.8/site-packages/airflow/example_dags/example_skip_dag.py
[2023-04-27T23:37:34.908+0200] {logging_mixin.py:117} INFO - [2023-04-27T23:37:34.908+0200] {dag.py:2573} INFO - Sync 1 DAGs
[2023-04-27T23:37:34.913+0200] {logging_mixin.py:117} INFO - [2023-04-27T23:37:34.913+0200] {dag.py:3324} INFO - Setting next_dagrun for example_skip_dag to 2023-04-26T21:37:34.913840+00:00, run_after=2023-04-27T21:37:34.913840+00:00
[2023-04-27T23:37:34.920+0200] {processor.py:178} INFO - Processing /Users/brenda/miniconda3/envs/airflow/lib/python3.8/site-packages/airflow/example_dags/example_skip_dag.py took 0.090 seconds
[2023-04-27T23:38:22.517+0200] {processor.py:156} INFO - Started process (PID=48670) to work on /Users/brenda/miniconda3/envs/airflow/lib/python3.8/site-packages/airflow/example_dags/example_skip_dag.py
[2023-04-27T23:38:22.520+0200] {processor.py:758} INFO - Processing file /Users/brenda/miniconda3/envs/airflow/lib/python3.8/site-packages/airflow/example_dags/example_skip_dag.py for tasks to queue
[2023-04-27T23:38:22.520+0200] {logging_mixin.py:117} INFO - [2023-04-27T23:38:22.520+0200] {dagbag.py:525} INFO - Filling up the DagBag from /Users/brenda/miniconda3/envs/airflow/lib/python3.8/site-packages/airflow/example_dags/example_skip_dag.py
[2023-04-27T23:38:22.532+0200] {processor.py:768} INFO - DAG(s) dict_keys(['example_skip_dag']) retrieved from /Users/brenda/miniconda3/envs/airflow/lib/python3.8/site-packages/airflow/example_dags/example_skip_dag.py
[2023-04-27T23:38:22.594+0200] {logging_mixin.py:117} INFO - [2023-04-27T23:38:22.594+0200] {dag.py:2573} INFO - Sync 1 DAGs
[2023-04-27T23:38:22.599+0200] {logging_mixin.py:117} INFO - [2023-04-27T23:38:22.599+0200] {dag.py:3324} INFO - Setting next_dagrun for example_skip_dag to 2023-04-26T21:38:22.599580+00:00, run_after=2023-04-27T21:38:22.599580+00:00
[2023-04-27T23:38:22.606+0200] {processor.py:178} INFO - Processing /Users/brenda/miniconda3/envs/airflow/lib/python3.8/site-packages/airflow/example_dags/example_skip_dag.py took 0.089 seconds
[2023-04-27T23:56:34.187+0200] {processor.py:156} INFO - Started process (PID=48751) to work on /Users/brenda/miniconda3/envs/airflow/lib/python3.8/site-packages/airflow/example_dags/example_skip_dag.py
[2023-04-27T23:56:34.201+0200] {processor.py:758} INFO - Processing file /Users/brenda/miniconda3/envs/airflow/lib/python3.8/site-packages/airflow/example_dags/example_skip_dag.py for tasks to queue
[2023-04-27T23:56:34.202+0200] {logging_mixin.py:117} INFO - [2023-04-27T23:56:34.202+0200] {dagbag.py:525} INFO - Filling up the DagBag from /Users/brenda/miniconda3/envs/airflow/lib/python3.8/site-packages/airflow/example_dags/example_skip_dag.py
[2023-04-27T23:56:34.252+0200] {processor.py:768} INFO - DAG(s) dict_keys(['example_skip_dag']) retrieved from /Users/brenda/miniconda3/envs/airflow/lib/python3.8/site-packages/airflow/example_dags/example_skip_dag.py
[2023-04-27T23:56:34.592+0200] {logging_mixin.py:117} INFO - [2023-04-27T23:56:34.590+0200] {dag.py:2573} INFO - Sync 1 DAGs
[2023-04-27T23:56:34.617+0200] {logging_mixin.py:117} INFO - [2023-04-27T23:56:34.617+0200] {dag.py:3324} INFO - Setting next_dagrun for example_skip_dag to 2023-04-26T21:56:34.616954+00:00, run_after=2023-04-27T21:56:34.616954+00:00
[2023-04-27T23:56:34.661+0200] {processor.py:178} INFO - Processing /Users/brenda/miniconda3/envs/airflow/lib/python3.8/site-packages/airflow/example_dags/example_skip_dag.py took 0.475 seconds
[2023-04-28T01:37:45.244+0200] {processor.py:156} INFO - Started process (PID=48905) to work on /Users/brenda/miniconda3/envs/airflow/lib/python3.8/site-packages/airflow/example_dags/example_skip_dag.py
[2023-04-28T01:37:45.248+0200] {processor.py:758} INFO - Processing file /Users/brenda/miniconda3/envs/airflow/lib/python3.8/site-packages/airflow/example_dags/example_skip_dag.py for tasks to queue
[2023-04-28T01:37:45.248+0200] {logging_mixin.py:117} INFO - [2023-04-28T01:37:45.248+0200] {dagbag.py:525} INFO - Filling up the DagBag from /Users/brenda/miniconda3/envs/airflow/lib/python3.8/site-packages/airflow/example_dags/example_skip_dag.py
[2023-04-28T01:37:45.263+0200] {processor.py:768} INFO - DAG(s) dict_keys(['example_skip_dag']) retrieved from /Users/brenda/miniconda3/envs/airflow/lib/python3.8/site-packages/airflow/example_dags/example_skip_dag.py
[2023-04-28T01:37:45.374+0200] {logging_mixin.py:117} INFO - [2023-04-28T01:37:45.374+0200] {dag.py:2573} INFO - Sync 1 DAGs
[2023-04-28T01:37:45.384+0200] {logging_mixin.py:117} INFO - [2023-04-28T01:37:45.384+0200] {dag.py:3324} INFO - Setting next_dagrun for example_skip_dag to 2023-04-26T23:37:45.384144+00:00, run_after=2023-04-27T23:37:45.384144+00:00
[2023-04-28T01:37:45.394+0200] {processor.py:178} INFO - Processing /Users/brenda/miniconda3/envs/airflow/lib/python3.8/site-packages/airflow/example_dags/example_skip_dag.py took 0.151 seconds
