[2023-06-08T23:09:12.050+0200] {processor.py:156} INFO - Started process (PID=16574) to work on /Users/brenda/miniconda3/envs/airflow/lib/python3.8/site-packages/airflow/example_dags/example_branch_python_dop_operator_3.py
[2023-06-08T23:09:12.053+0200] {processor.py:758} INFO - Processing file /Users/brenda/miniconda3/envs/airflow/lib/python3.8/site-packages/airflow/example_dags/example_branch_python_dop_operator_3.py for tasks to queue
[2023-06-08T23:09:12.054+0200] {logging_mixin.py:117} INFO - [2023-06-08T23:09:12.053+0200] {dagbag.py:525} INFO - Filling up the DagBag from /Users/brenda/miniconda3/envs/airflow/lib/python3.8/site-packages/airflow/example_dags/example_branch_python_dop_operator_3.py
[2023-06-08T23:09:12.083+0200] {processor.py:768} INFO - DAG(s) dict_keys(['example_branch_dop_operator_v3']) retrieved from /Users/brenda/miniconda3/envs/airflow/lib/python3.8/site-packages/airflow/example_dags/example_branch_python_dop_operator_3.py
[2023-06-08T23:09:12.184+0200] {logging_mixin.py:117} INFO - [2023-06-08T23:09:12.184+0200] {dag.py:2573} INFO - Sync 1 DAGs
[2023-06-08T23:09:12.197+0200] {logging_mixin.py:117} INFO - [2023-06-08T23:09:12.197+0200] {dag.py:3324} INFO - Setting next_dagrun for example_branch_dop_operator_v3 to 2023-06-08T21:08:00+00:00, run_after=2023-06-08T21:09:00+00:00
[2023-06-08T23:09:12.207+0200] {processor.py:178} INFO - Processing /Users/brenda/miniconda3/envs/airflow/lib/python3.8/site-packages/airflow/example_dags/example_branch_python_dop_operator_3.py took 0.157 seconds
[2023-06-08T23:09:47.181+0200] {processor.py:156} INFO - Started process (PID=16652) to work on /Users/brenda/miniconda3/envs/airflow/lib/python3.8/site-packages/airflow/example_dags/example_branch_python_dop_operator_3.py
[2023-06-08T23:09:47.184+0200] {processor.py:758} INFO - Processing file /Users/brenda/miniconda3/envs/airflow/lib/python3.8/site-packages/airflow/example_dags/example_branch_python_dop_operator_3.py for tasks to queue
[2023-06-08T23:09:47.184+0200] {logging_mixin.py:117} INFO - [2023-06-08T23:09:47.184+0200] {dagbag.py:525} INFO - Filling up the DagBag from /Users/brenda/miniconda3/envs/airflow/lib/python3.8/site-packages/airflow/example_dags/example_branch_python_dop_operator_3.py
[2023-06-08T23:09:47.214+0200] {processor.py:768} INFO - DAG(s) dict_keys(['example_branch_dop_operator_v3']) retrieved from /Users/brenda/miniconda3/envs/airflow/lib/python3.8/site-packages/airflow/example_dags/example_branch_python_dop_operator_3.py
[2023-06-08T23:09:47.314+0200] {logging_mixin.py:117} INFO - [2023-06-08T23:09:47.314+0200] {dag.py:2573} INFO - Sync 1 DAGs
[2023-06-08T23:09:47.328+0200] {logging_mixin.py:117} INFO - [2023-06-08T23:09:47.328+0200] {dag.py:3324} INFO - Setting next_dagrun for example_branch_dop_operator_v3 to 2023-06-08T21:08:00+00:00, run_after=2023-06-08T21:09:00+00:00
[2023-06-08T23:09:47.337+0200] {processor.py:178} INFO - Processing /Users/brenda/miniconda3/envs/airflow/lib/python3.8/site-packages/airflow/example_dags/example_branch_python_dop_operator_3.py took 0.157 seconds
[2023-06-08T23:10:49.982+0200] {processor.py:156} INFO - Started process (PID=16802) to work on /Users/brenda/miniconda3/envs/airflow/lib/python3.8/site-packages/airflow/example_dags/example_branch_python_dop_operator_3.py
[2023-06-08T23:10:49.986+0200] {processor.py:758} INFO - Processing file /Users/brenda/miniconda3/envs/airflow/lib/python3.8/site-packages/airflow/example_dags/example_branch_python_dop_operator_3.py for tasks to queue
[2023-06-08T23:10:49.986+0200] {logging_mixin.py:117} INFO - [2023-06-08T23:10:49.986+0200] {dagbag.py:525} INFO - Filling up the DagBag from /Users/brenda/miniconda3/envs/airflow/lib/python3.8/site-packages/airflow/example_dags/example_branch_python_dop_operator_3.py
[2023-06-08T23:10:50.015+0200] {processor.py:768} INFO - DAG(s) dict_keys(['example_branch_dop_operator_v3']) retrieved from /Users/brenda/miniconda3/envs/airflow/lib/python3.8/site-packages/airflow/example_dags/example_branch_python_dop_operator_3.py
[2023-06-08T23:10:50.115+0200] {logging_mixin.py:117} INFO - [2023-06-08T23:10:50.115+0200] {dag.py:2573} INFO - Sync 1 DAGs
[2023-06-08T23:10:50.128+0200] {logging_mixin.py:117} INFO - [2023-06-08T23:10:50.128+0200] {dag.py:3324} INFO - Setting next_dagrun for example_branch_dop_operator_v3 to 2023-06-08T21:09:00+00:00, run_after=2023-06-08T21:10:00+00:00
[2023-06-08T23:10:50.138+0200] {processor.py:178} INFO - Processing /Users/brenda/miniconda3/envs/airflow/lib/python3.8/site-packages/airflow/example_dags/example_branch_python_dop_operator_3.py took 0.157 seconds
[2023-06-08T23:11:53.064+0200] {processor.py:156} INFO - Started process (PID=16952) to work on /Users/brenda/miniconda3/envs/airflow/lib/python3.8/site-packages/airflow/example_dags/example_branch_python_dop_operator_3.py
[2023-06-08T23:11:53.068+0200] {processor.py:758} INFO - Processing file /Users/brenda/miniconda3/envs/airflow/lib/python3.8/site-packages/airflow/example_dags/example_branch_python_dop_operator_3.py for tasks to queue
[2023-06-08T23:11:53.069+0200] {logging_mixin.py:117} INFO - [2023-06-08T23:11:53.069+0200] {dagbag.py:525} INFO - Filling up the DagBag from /Users/brenda/miniconda3/envs/airflow/lib/python3.8/site-packages/airflow/example_dags/example_branch_python_dop_operator_3.py
[2023-06-08T23:11:53.098+0200] {processor.py:768} INFO - DAG(s) dict_keys(['example_branch_dop_operator_v3']) retrieved from /Users/brenda/miniconda3/envs/airflow/lib/python3.8/site-packages/airflow/example_dags/example_branch_python_dop_operator_3.py
[2023-06-08T23:11:53.202+0200] {logging_mixin.py:117} INFO - [2023-06-08T23:11:53.202+0200] {dag.py:2573} INFO - Sync 1 DAGs
[2023-06-08T23:11:53.216+0200] {logging_mixin.py:117} INFO - [2023-06-08T23:11:53.216+0200] {dag.py:3324} INFO - Setting next_dagrun for example_branch_dop_operator_v3 to 2023-06-08T21:10:00+00:00, run_after=2023-06-08T21:11:00+00:00
[2023-06-08T23:11:53.226+0200] {processor.py:178} INFO - Processing /Users/brenda/miniconda3/envs/airflow/lib/python3.8/site-packages/airflow/example_dags/example_branch_python_dop_operator_3.py took 0.163 seconds
[2023-06-08T23:12:55.441+0200] {processor.py:156} INFO - Started process (PID=17088) to work on /Users/brenda/miniconda3/envs/airflow/lib/python3.8/site-packages/airflow/example_dags/example_branch_python_dop_operator_3.py
[2023-06-08T23:12:55.445+0200] {processor.py:758} INFO - Processing file /Users/brenda/miniconda3/envs/airflow/lib/python3.8/site-packages/airflow/example_dags/example_branch_python_dop_operator_3.py for tasks to queue
[2023-06-08T23:12:55.445+0200] {logging_mixin.py:117} INFO - [2023-06-08T23:12:55.445+0200] {dagbag.py:525} INFO - Filling up the DagBag from /Users/brenda/miniconda3/envs/airflow/lib/python3.8/site-packages/airflow/example_dags/example_branch_python_dop_operator_3.py
[2023-06-08T23:12:55.475+0200] {processor.py:768} INFO - DAG(s) dict_keys(['example_branch_dop_operator_v3']) retrieved from /Users/brenda/miniconda3/envs/airflow/lib/python3.8/site-packages/airflow/example_dags/example_branch_python_dop_operator_3.py
[2023-06-08T23:12:55.576+0200] {logging_mixin.py:117} INFO - [2023-06-08T23:12:55.576+0200] {dag.py:2573} INFO - Sync 1 DAGs
[2023-06-08T23:12:55.589+0200] {logging_mixin.py:117} INFO - [2023-06-08T23:12:55.589+0200] {dag.py:3324} INFO - Setting next_dagrun for example_branch_dop_operator_v3 to 2023-06-08T21:11:00+00:00, run_after=2023-06-08T21:12:00+00:00
[2023-06-08T23:12:55.599+0200] {processor.py:178} INFO - Processing /Users/brenda/miniconda3/envs/airflow/lib/python3.8/site-packages/airflow/example_dags/example_branch_python_dop_operator_3.py took 0.158 seconds
[2023-06-08T23:15:09.828+0200] {processor.py:156} INFO - Started process (PID=17548) to work on /Users/brenda/miniconda3/envs/airflow/lib/python3.8/site-packages/airflow/example_dags/example_branch_python_dop_operator_3.py
[2023-06-08T23:15:09.832+0200] {processor.py:758} INFO - Processing file /Users/brenda/miniconda3/envs/airflow/lib/python3.8/site-packages/airflow/example_dags/example_branch_python_dop_operator_3.py for tasks to queue
[2023-06-08T23:15:09.832+0200] {logging_mixin.py:117} INFO - [2023-06-08T23:15:09.832+0200] {dagbag.py:525} INFO - Filling up the DagBag from /Users/brenda/miniconda3/envs/airflow/lib/python3.8/site-packages/airflow/example_dags/example_branch_python_dop_operator_3.py
[2023-06-08T23:15:09.862+0200] {processor.py:768} INFO - DAG(s) dict_keys(['example_branch_dop_operator_v3']) retrieved from /Users/brenda/miniconda3/envs/airflow/lib/python3.8/site-packages/airflow/example_dags/example_branch_python_dop_operator_3.py
[2023-06-08T23:15:09.962+0200] {logging_mixin.py:117} INFO - [2023-06-08T23:15:09.961+0200] {dag.py:2573} INFO - Sync 1 DAGs
[2023-06-08T23:15:09.975+0200] {logging_mixin.py:117} INFO - [2023-06-08T23:15:09.975+0200] {dag.py:3324} INFO - Setting next_dagrun for example_branch_dop_operator_v3 to 2023-06-08T21:14:00+00:00, run_after=2023-06-08T21:15:00+00:00
[2023-06-08T23:15:09.985+0200] {processor.py:178} INFO - Processing /Users/brenda/miniconda3/envs/airflow/lib/python3.8/site-packages/airflow/example_dags/example_branch_python_dop_operator_3.py took 0.158 seconds
[2023-06-08T23:15:45.832+0200] {processor.py:156} INFO - Started process (PID=17643) to work on /Users/brenda/miniconda3/envs/airflow/lib/python3.8/site-packages/airflow/example_dags/example_branch_python_dop_operator_3.py
[2023-06-08T23:15:45.836+0200] {processor.py:758} INFO - Processing file /Users/brenda/miniconda3/envs/airflow/lib/python3.8/site-packages/airflow/example_dags/example_branch_python_dop_operator_3.py for tasks to queue
[2023-06-08T23:15:45.837+0200] {logging_mixin.py:117} INFO - [2023-06-08T23:15:45.837+0200] {dagbag.py:525} INFO - Filling up the DagBag from /Users/brenda/miniconda3/envs/airflow/lib/python3.8/site-packages/airflow/example_dags/example_branch_python_dop_operator_3.py
[2023-06-08T23:15:45.867+0200] {processor.py:768} INFO - DAG(s) dict_keys(['example_branch_dop_operator_v3']) retrieved from /Users/brenda/miniconda3/envs/airflow/lib/python3.8/site-packages/airflow/example_dags/example_branch_python_dop_operator_3.py
[2023-06-08T23:15:45.969+0200] {logging_mixin.py:117} INFO - [2023-06-08T23:15:45.969+0200] {dag.py:2573} INFO - Sync 1 DAGs
[2023-06-08T23:15:45.982+0200] {logging_mixin.py:117} INFO - [2023-06-08T23:15:45.982+0200] {dag.py:3324} INFO - Setting next_dagrun for example_branch_dop_operator_v3 to 2023-06-08T21:14:00+00:00, run_after=2023-06-08T21:15:00+00:00
[2023-06-08T23:15:45.993+0200] {processor.py:178} INFO - Processing /Users/brenda/miniconda3/envs/airflow/lib/python3.8/site-packages/airflow/example_dags/example_branch_python_dop_operator_3.py took 0.161 seconds
[2023-06-08T23:16:47.946+0200] {processor.py:156} INFO - Started process (PID=17774) to work on /Users/brenda/miniconda3/envs/airflow/lib/python3.8/site-packages/airflow/example_dags/example_branch_python_dop_operator_3.py
[2023-06-08T23:16:47.950+0200] {processor.py:758} INFO - Processing file /Users/brenda/miniconda3/envs/airflow/lib/python3.8/site-packages/airflow/example_dags/example_branch_python_dop_operator_3.py for tasks to queue
[2023-06-08T23:16:47.950+0200] {logging_mixin.py:117} INFO - [2023-06-08T23:16:47.950+0200] {dagbag.py:525} INFO - Filling up the DagBag from /Users/brenda/miniconda3/envs/airflow/lib/python3.8/site-packages/airflow/example_dags/example_branch_python_dop_operator_3.py
[2023-06-08T23:16:47.980+0200] {processor.py:768} INFO - DAG(s) dict_keys(['example_branch_dop_operator_v3']) retrieved from /Users/brenda/miniconda3/envs/airflow/lib/python3.8/site-packages/airflow/example_dags/example_branch_python_dop_operator_3.py
[2023-06-08T23:16:48.080+0200] {logging_mixin.py:117} INFO - [2023-06-08T23:16:48.079+0200] {dag.py:2573} INFO - Sync 1 DAGs
[2023-06-08T23:16:48.093+0200] {logging_mixin.py:117} INFO - [2023-06-08T23:16:48.093+0200] {dag.py:3324} INFO - Setting next_dagrun for example_branch_dop_operator_v3 to 2023-06-08T21:15:00+00:00, run_after=2023-06-08T21:16:00+00:00
[2023-06-08T23:16:48.103+0200] {processor.py:178} INFO - Processing /Users/brenda/miniconda3/envs/airflow/lib/python3.8/site-packages/airflow/example_dags/example_branch_python_dop_operator_3.py took 0.157 seconds
[2023-06-08T23:17:52.059+0200] {processor.py:156} INFO - Started process (PID=17939) to work on /Users/brenda/miniconda3/envs/airflow/lib/python3.8/site-packages/airflow/example_dags/example_branch_python_dop_operator_3.py
[2023-06-08T23:17:52.063+0200] {processor.py:758} INFO - Processing file /Users/brenda/miniconda3/envs/airflow/lib/python3.8/site-packages/airflow/example_dags/example_branch_python_dop_operator_3.py for tasks to queue
[2023-06-08T23:17:52.063+0200] {logging_mixin.py:117} INFO - [2023-06-08T23:17:52.063+0200] {dagbag.py:525} INFO - Filling up the DagBag from /Users/brenda/miniconda3/envs/airflow/lib/python3.8/site-packages/airflow/example_dags/example_branch_python_dop_operator_3.py
[2023-06-08T23:17:52.093+0200] {processor.py:768} INFO - DAG(s) dict_keys(['example_branch_dop_operator_v3']) retrieved from /Users/brenda/miniconda3/envs/airflow/lib/python3.8/site-packages/airflow/example_dags/example_branch_python_dop_operator_3.py
[2023-06-08T23:17:52.194+0200] {logging_mixin.py:117} INFO - [2023-06-08T23:17:52.194+0200] {dag.py:2573} INFO - Sync 1 DAGs
[2023-06-08T23:17:52.208+0200] {logging_mixin.py:117} INFO - [2023-06-08T23:17:52.207+0200] {dag.py:3324} INFO - Setting next_dagrun for example_branch_dop_operator_v3 to 2023-06-08T21:16:00+00:00, run_after=2023-06-08T21:17:00+00:00
[2023-06-08T23:17:52.218+0200] {processor.py:178} INFO - Processing /Users/brenda/miniconda3/envs/airflow/lib/python3.8/site-packages/airflow/example_dags/example_branch_python_dop_operator_3.py took 0.159 seconds
[2023-06-08T23:18:57.243+0200] {processor.py:156} INFO - Started process (PID=18083) to work on /Users/brenda/miniconda3/envs/airflow/lib/python3.8/site-packages/airflow/example_dags/example_branch_python_dop_operator_3.py
[2023-06-08T23:18:57.247+0200] {processor.py:758} INFO - Processing file /Users/brenda/miniconda3/envs/airflow/lib/python3.8/site-packages/airflow/example_dags/example_branch_python_dop_operator_3.py for tasks to queue
[2023-06-08T23:18:57.247+0200] {logging_mixin.py:117} INFO - [2023-06-08T23:18:57.247+0200] {dagbag.py:525} INFO - Filling up the DagBag from /Users/brenda/miniconda3/envs/airflow/lib/python3.8/site-packages/airflow/example_dags/example_branch_python_dop_operator_3.py
[2023-06-08T23:18:57.277+0200] {processor.py:768} INFO - DAG(s) dict_keys(['example_branch_dop_operator_v3']) retrieved from /Users/brenda/miniconda3/envs/airflow/lib/python3.8/site-packages/airflow/example_dags/example_branch_python_dop_operator_3.py
[2023-06-08T23:18:57.382+0200] {logging_mixin.py:117} INFO - [2023-06-08T23:18:57.382+0200] {dag.py:2573} INFO - Sync 1 DAGs
[2023-06-08T23:18:57.396+0200] {logging_mixin.py:117} INFO - [2023-06-08T23:18:57.396+0200] {dag.py:3324} INFO - Setting next_dagrun for example_branch_dop_operator_v3 to 2023-06-08T21:17:00+00:00, run_after=2023-06-08T21:18:00+00:00
[2023-06-08T23:18:57.406+0200] {processor.py:178} INFO - Processing /Users/brenda/miniconda3/envs/airflow/lib/python3.8/site-packages/airflow/example_dags/example_branch_python_dop_operator_3.py took 0.163 seconds
[2023-06-08T23:21:11.331+0200] {processor.py:156} INFO - Started process (PID=18575) to work on /Users/brenda/miniconda3/envs/airflow/lib/python3.8/site-packages/airflow/example_dags/example_branch_python_dop_operator_3.py
[2023-06-08T23:21:11.336+0200] {processor.py:758} INFO - Processing file /Users/brenda/miniconda3/envs/airflow/lib/python3.8/site-packages/airflow/example_dags/example_branch_python_dop_operator_3.py for tasks to queue
[2023-06-08T23:21:11.336+0200] {logging_mixin.py:117} INFO - [2023-06-08T23:21:11.336+0200] {dagbag.py:525} INFO - Filling up the DagBag from /Users/brenda/miniconda3/envs/airflow/lib/python3.8/site-packages/airflow/example_dags/example_branch_python_dop_operator_3.py
[2023-06-08T23:21:11.365+0200] {processor.py:768} INFO - DAG(s) dict_keys(['example_branch_dop_operator_v3']) retrieved from /Users/brenda/miniconda3/envs/airflow/lib/python3.8/site-packages/airflow/example_dags/example_branch_python_dop_operator_3.py
[2023-06-08T23:21:11.466+0200] {logging_mixin.py:117} INFO - [2023-06-08T23:21:11.466+0200] {dag.py:2573} INFO - Sync 1 DAGs
[2023-06-08T23:21:11.479+0200] {logging_mixin.py:117} INFO - [2023-06-08T23:21:11.479+0200] {dag.py:3324} INFO - Setting next_dagrun for example_branch_dop_operator_v3 to 2023-06-08T21:20:00+00:00, run_after=2023-06-08T21:21:00+00:00
[2023-06-08T23:21:11.491+0200] {processor.py:178} INFO - Processing /Users/brenda/miniconda3/envs/airflow/lib/python3.8/site-packages/airflow/example_dags/example_branch_python_dop_operator_3.py took 0.160 seconds
[2023-06-08T23:22:17.232+0200] {processor.py:156} INFO - Started process (PID=18741) to work on /Users/brenda/miniconda3/envs/airflow/lib/python3.8/site-packages/airflow/example_dags/example_branch_python_dop_operator_3.py
[2023-06-08T23:22:17.235+0200] {processor.py:758} INFO - Processing file /Users/brenda/miniconda3/envs/airflow/lib/python3.8/site-packages/airflow/example_dags/example_branch_python_dop_operator_3.py for tasks to queue
[2023-06-08T23:22:17.236+0200] {logging_mixin.py:117} INFO - [2023-06-08T23:22:17.236+0200] {dagbag.py:525} INFO - Filling up the DagBag from /Users/brenda/miniconda3/envs/airflow/lib/python3.8/site-packages/airflow/example_dags/example_branch_python_dop_operator_3.py
[2023-06-08T23:22:17.265+0200] {processor.py:768} INFO - DAG(s) dict_keys(['example_branch_dop_operator_v3']) retrieved from /Users/brenda/miniconda3/envs/airflow/lib/python3.8/site-packages/airflow/example_dags/example_branch_python_dop_operator_3.py
[2023-06-08T23:22:17.368+0200] {logging_mixin.py:117} INFO - [2023-06-08T23:22:17.368+0200] {dag.py:2573} INFO - Sync 1 DAGs
[2023-06-08T23:22:17.381+0200] {logging_mixin.py:117} INFO - [2023-06-08T23:22:17.381+0200] {dag.py:3324} INFO - Setting next_dagrun for example_branch_dop_operator_v3 to 2023-06-08T21:21:00+00:00, run_after=2023-06-08T21:22:00+00:00
[2023-06-08T23:22:17.391+0200] {processor.py:178} INFO - Processing /Users/brenda/miniconda3/envs/airflow/lib/python3.8/site-packages/airflow/example_dags/example_branch_python_dop_operator_3.py took 0.159 seconds
[2023-06-08T23:23:23.142+0200] {processor.py:156} INFO - Started process (PID=18909) to work on /Users/brenda/miniconda3/envs/airflow/lib/python3.8/site-packages/airflow/example_dags/example_branch_python_dop_operator_3.py
[2023-06-08T23:23:23.145+0200] {processor.py:758} INFO - Processing file /Users/brenda/miniconda3/envs/airflow/lib/python3.8/site-packages/airflow/example_dags/example_branch_python_dop_operator_3.py for tasks to queue
[2023-06-08T23:23:23.146+0200] {logging_mixin.py:117} INFO - [2023-06-08T23:23:23.146+0200] {dagbag.py:525} INFO - Filling up the DagBag from /Users/brenda/miniconda3/envs/airflow/lib/python3.8/site-packages/airflow/example_dags/example_branch_python_dop_operator_3.py
[2023-06-08T23:23:23.178+0200] {processor.py:768} INFO - DAG(s) dict_keys(['example_branch_dop_operator_v3']) retrieved from /Users/brenda/miniconda3/envs/airflow/lib/python3.8/site-packages/airflow/example_dags/example_branch_python_dop_operator_3.py
[2023-06-08T23:23:23.354+0200] {logging_mixin.py:117} INFO - [2023-06-08T23:23:23.354+0200] {dag.py:2573} INFO - Sync 1 DAGs
[2023-06-08T23:23:23.368+0200] {logging_mixin.py:117} INFO - [2023-06-08T23:23:23.368+0200] {dag.py:3324} INFO - Setting next_dagrun for example_branch_dop_operator_v3 to 2023-06-08T21:22:00+00:00, run_after=2023-06-08T21:23:00+00:00
[2023-06-08T23:23:23.380+0200] {processor.py:178} INFO - Processing /Users/brenda/miniconda3/envs/airflow/lib/python3.8/site-packages/airflow/example_dags/example_branch_python_dop_operator_3.py took 0.239 seconds
[2023-06-08T23:24:31.113+0200] {processor.py:156} INFO - Started process (PID=19065) to work on /Users/brenda/miniconda3/envs/airflow/lib/python3.8/site-packages/airflow/example_dags/example_branch_python_dop_operator_3.py
[2023-06-08T23:24:31.117+0200] {processor.py:758} INFO - Processing file /Users/brenda/miniconda3/envs/airflow/lib/python3.8/site-packages/airflow/example_dags/example_branch_python_dop_operator_3.py for tasks to queue
[2023-06-08T23:24:31.117+0200] {logging_mixin.py:117} INFO - [2023-06-08T23:24:31.117+0200] {dagbag.py:525} INFO - Filling up the DagBag from /Users/brenda/miniconda3/envs/airflow/lib/python3.8/site-packages/airflow/example_dags/example_branch_python_dop_operator_3.py
[2023-06-08T23:24:31.146+0200] {processor.py:768} INFO - DAG(s) dict_keys(['example_branch_dop_operator_v3']) retrieved from /Users/brenda/miniconda3/envs/airflow/lib/python3.8/site-packages/airflow/example_dags/example_branch_python_dop_operator_3.py
[2023-06-08T23:24:31.246+0200] {logging_mixin.py:117} INFO - [2023-06-08T23:24:31.246+0200] {dag.py:2573} INFO - Sync 1 DAGs
[2023-06-08T23:24:31.259+0200] {logging_mixin.py:117} INFO - [2023-06-08T23:24:31.259+0200] {dag.py:3324} INFO - Setting next_dagrun for example_branch_dop_operator_v3 to 2023-06-08T21:23:00+00:00, run_after=2023-06-08T21:24:00+00:00
[2023-06-08T23:24:31.269+0200] {processor.py:178} INFO - Processing /Users/brenda/miniconda3/envs/airflow/lib/python3.8/site-packages/airflow/example_dags/example_branch_python_dop_operator_3.py took 0.157 seconds
[2023-06-08T23:25:23.205+0200] {processor.py:156} INFO - Started process (PID=19214) to work on /Users/brenda/miniconda3/envs/airflow/lib/python3.8/site-packages/airflow/example_dags/example_branch_python_dop_operator_3.py
[2023-06-08T23:25:23.209+0200] {processor.py:758} INFO - Processing file /Users/brenda/miniconda3/envs/airflow/lib/python3.8/site-packages/airflow/example_dags/example_branch_python_dop_operator_3.py for tasks to queue
[2023-06-08T23:25:23.209+0200] {logging_mixin.py:117} INFO - [2023-06-08T23:25:23.209+0200] {dagbag.py:525} INFO - Filling up the DagBag from /Users/brenda/miniconda3/envs/airflow/lib/python3.8/site-packages/airflow/example_dags/example_branch_python_dop_operator_3.py
[2023-06-08T23:25:23.238+0200] {processor.py:768} INFO - DAG(s) dict_keys(['example_branch_dop_operator_v3']) retrieved from /Users/brenda/miniconda3/envs/airflow/lib/python3.8/site-packages/airflow/example_dags/example_branch_python_dop_operator_3.py
[2023-06-08T23:25:23.338+0200] {logging_mixin.py:117} INFO - [2023-06-08T23:25:23.337+0200] {dag.py:2573} INFO - Sync 1 DAGs
[2023-06-08T23:25:23.351+0200] {logging_mixin.py:117} INFO - [2023-06-08T23:25:23.351+0200] {dag.py:3324} INFO - Setting next_dagrun for example_branch_dop_operator_v3 to 2023-06-08T21:24:00+00:00, run_after=2023-06-08T21:25:00+00:00
[2023-06-08T23:25:23.361+0200] {processor.py:178} INFO - Processing /Users/brenda/miniconda3/envs/airflow/lib/python3.8/site-packages/airflow/example_dags/example_branch_python_dop_operator_3.py took 0.157 seconds
[2023-06-08T23:26:44.968+0200] {processor.py:156} INFO - Started process (PID=19538) to work on /Users/brenda/miniconda3/envs/airflow/lib/python3.8/site-packages/airflow/example_dags/example_branch_python_dop_operator_3.py
[2023-06-08T23:26:44.972+0200] {processor.py:758} INFO - Processing file /Users/brenda/miniconda3/envs/airflow/lib/python3.8/site-packages/airflow/example_dags/example_branch_python_dop_operator_3.py for tasks to queue
[2023-06-08T23:26:44.972+0200] {logging_mixin.py:117} INFO - [2023-06-08T23:26:44.972+0200] {dagbag.py:525} INFO - Filling up the DagBag from /Users/brenda/miniconda3/envs/airflow/lib/python3.8/site-packages/airflow/example_dags/example_branch_python_dop_operator_3.py
[2023-06-08T23:26:45.002+0200] {processor.py:768} INFO - DAG(s) dict_keys(['example_branch_dop_operator_v3']) retrieved from /Users/brenda/miniconda3/envs/airflow/lib/python3.8/site-packages/airflow/example_dags/example_branch_python_dop_operator_3.py
[2023-06-08T23:26:45.114+0200] {logging_mixin.py:117} INFO - [2023-06-08T23:26:45.114+0200] {dag.py:2573} INFO - Sync 1 DAGs
[2023-06-08T23:26:45.128+0200] {logging_mixin.py:117} INFO - [2023-06-08T23:26:45.128+0200] {dag.py:3324} INFO - Setting next_dagrun for example_branch_dop_operator_v3 to 2023-06-08T21:25:00+00:00, run_after=2023-06-08T21:26:00+00:00
[2023-06-08T23:26:45.138+0200] {processor.py:178} INFO - Processing /Users/brenda/miniconda3/envs/airflow/lib/python3.8/site-packages/airflow/example_dags/example_branch_python_dop_operator_3.py took 0.171 seconds
[2023-06-08T23:27:21.678+0200] {processor.py:156} INFO - Started process (PID=19618) to work on /Users/brenda/miniconda3/envs/airflow/lib/python3.8/site-packages/airflow/example_dags/example_branch_python_dop_operator_3.py
[2023-06-08T23:27:21.682+0200] {processor.py:758} INFO - Processing file /Users/brenda/miniconda3/envs/airflow/lib/python3.8/site-packages/airflow/example_dags/example_branch_python_dop_operator_3.py for tasks to queue
[2023-06-08T23:27:21.682+0200] {logging_mixin.py:117} INFO - [2023-06-08T23:27:21.682+0200] {dagbag.py:525} INFO - Filling up the DagBag from /Users/brenda/miniconda3/envs/airflow/lib/python3.8/site-packages/airflow/example_dags/example_branch_python_dop_operator_3.py
[2023-06-08T23:27:21.711+0200] {processor.py:768} INFO - DAG(s) dict_keys(['example_branch_dop_operator_v3']) retrieved from /Users/brenda/miniconda3/envs/airflow/lib/python3.8/site-packages/airflow/example_dags/example_branch_python_dop_operator_3.py
[2023-06-08T23:27:21.810+0200] {logging_mixin.py:117} INFO - [2023-06-08T23:27:21.810+0200] {dag.py:2573} INFO - Sync 1 DAGs
[2023-06-08T23:27:21.824+0200] {logging_mixin.py:117} INFO - [2023-06-08T23:27:21.824+0200] {dag.py:3324} INFO - Setting next_dagrun for example_branch_dop_operator_v3 to 2023-06-08T21:26:00+00:00, run_after=2023-06-08T21:27:00+00:00
[2023-06-08T23:27:21.834+0200] {processor.py:178} INFO - Processing /Users/brenda/miniconda3/envs/airflow/lib/python3.8/site-packages/airflow/example_dags/example_branch_python_dop_operator_3.py took 0.156 seconds
[2023-06-08T23:28:25.923+0200] {processor.py:156} INFO - Started process (PID=19761) to work on /Users/brenda/miniconda3/envs/airflow/lib/python3.8/site-packages/airflow/example_dags/example_branch_python_dop_operator_3.py
[2023-06-08T23:28:25.926+0200] {processor.py:758} INFO - Processing file /Users/brenda/miniconda3/envs/airflow/lib/python3.8/site-packages/airflow/example_dags/example_branch_python_dop_operator_3.py for tasks to queue
[2023-06-08T23:28:25.927+0200] {logging_mixin.py:117} INFO - [2023-06-08T23:28:25.927+0200] {dagbag.py:525} INFO - Filling up the DagBag from /Users/brenda/miniconda3/envs/airflow/lib/python3.8/site-packages/airflow/example_dags/example_branch_python_dop_operator_3.py
[2023-06-08T23:28:25.956+0200] {processor.py:768} INFO - DAG(s) dict_keys(['example_branch_dop_operator_v3']) retrieved from /Users/brenda/miniconda3/envs/airflow/lib/python3.8/site-packages/airflow/example_dags/example_branch_python_dop_operator_3.py
[2023-06-08T23:28:26.055+0200] {logging_mixin.py:117} INFO - [2023-06-08T23:28:26.055+0200] {dag.py:2573} INFO - Sync 1 DAGs
[2023-06-08T23:28:26.069+0200] {logging_mixin.py:117} INFO - [2023-06-08T23:28:26.068+0200] {dag.py:3324} INFO - Setting next_dagrun for example_branch_dop_operator_v3 to 2023-06-08T21:27:00+00:00, run_after=2023-06-08T21:28:00+00:00
[2023-06-08T23:28:26.078+0200] {processor.py:178} INFO - Processing /Users/brenda/miniconda3/envs/airflow/lib/python3.8/site-packages/airflow/example_dags/example_branch_python_dop_operator_3.py took 0.156 seconds
[2023-06-08T23:29:30.532+0200] {processor.py:156} INFO - Started process (PID=19914) to work on /Users/brenda/miniconda3/envs/airflow/lib/python3.8/site-packages/airflow/example_dags/example_branch_python_dop_operator_3.py
[2023-06-08T23:29:30.537+0200] {processor.py:758} INFO - Processing file /Users/brenda/miniconda3/envs/airflow/lib/python3.8/site-packages/airflow/example_dags/example_branch_python_dop_operator_3.py for tasks to queue
[2023-06-08T23:29:30.537+0200] {logging_mixin.py:117} INFO - [2023-06-08T23:29:30.537+0200] {dagbag.py:525} INFO - Filling up the DagBag from /Users/brenda/miniconda3/envs/airflow/lib/python3.8/site-packages/airflow/example_dags/example_branch_python_dop_operator_3.py
[2023-06-08T23:29:30.568+0200] {processor.py:768} INFO - DAG(s) dict_keys(['example_branch_dop_operator_v3']) retrieved from /Users/brenda/miniconda3/envs/airflow/lib/python3.8/site-packages/airflow/example_dags/example_branch_python_dop_operator_3.py
[2023-06-08T23:29:30.675+0200] {logging_mixin.py:117} INFO - [2023-06-08T23:29:30.675+0200] {dag.py:2573} INFO - Sync 1 DAGs
[2023-06-08T23:29:30.689+0200] {logging_mixin.py:117} INFO - [2023-06-08T23:29:30.689+0200] {dag.py:3324} INFO - Setting next_dagrun for example_branch_dop_operator_v3 to 2023-06-08T21:28:00+00:00, run_after=2023-06-08T21:29:00+00:00
[2023-06-08T23:29:30.699+0200] {processor.py:178} INFO - Processing /Users/brenda/miniconda3/envs/airflow/lib/python3.8/site-packages/airflow/example_dags/example_branch_python_dop_operator_3.py took 0.168 seconds
[2023-06-08T23:30:52.574+0200] {processor.py:156} INFO - Started process (PID=20126) to work on /Users/brenda/miniconda3/envs/airflow/lib/python3.8/site-packages/airflow/example_dags/example_branch_python_dop_operator_3.py
[2023-06-08T23:30:52.578+0200] {processor.py:758} INFO - Processing file /Users/brenda/miniconda3/envs/airflow/lib/python3.8/site-packages/airflow/example_dags/example_branch_python_dop_operator_3.py for tasks to queue
[2023-06-08T23:30:52.579+0200] {logging_mixin.py:117} INFO - [2023-06-08T23:30:52.578+0200] {dagbag.py:525} INFO - Filling up the DagBag from /Users/brenda/miniconda3/envs/airflow/lib/python3.8/site-packages/airflow/example_dags/example_branch_python_dop_operator_3.py
[2023-06-08T23:30:52.607+0200] {processor.py:768} INFO - DAG(s) dict_keys(['example_branch_dop_operator_v3']) retrieved from /Users/brenda/miniconda3/envs/airflow/lib/python3.8/site-packages/airflow/example_dags/example_branch_python_dop_operator_3.py
[2023-06-08T23:30:52.707+0200] {logging_mixin.py:117} INFO - [2023-06-08T23:30:52.706+0200] {dag.py:2573} INFO - Sync 1 DAGs
[2023-06-08T23:30:52.720+0200] {logging_mixin.py:117} INFO - [2023-06-08T23:30:52.720+0200] {dag.py:3324} INFO - Setting next_dagrun for example_branch_dop_operator_v3 to 2023-06-08T21:29:00+00:00, run_after=2023-06-08T21:30:00+00:00
[2023-06-08T23:30:52.730+0200] {processor.py:178} INFO - Processing /Users/brenda/miniconda3/envs/airflow/lib/python3.8/site-packages/airflow/example_dags/example_branch_python_dop_operator_3.py took 0.156 seconds
[2023-06-08T23:32:42.681+0200] {processor.py:156} INFO - Started process (PID=20532) to work on /Users/brenda/miniconda3/envs/airflow/lib/python3.8/site-packages/airflow/example_dags/example_branch_python_dop_operator_3.py
[2023-06-08T23:32:42.684+0200] {processor.py:758} INFO - Processing file /Users/brenda/miniconda3/envs/airflow/lib/python3.8/site-packages/airflow/example_dags/example_branch_python_dop_operator_3.py for tasks to queue
[2023-06-08T23:32:42.685+0200] {logging_mixin.py:117} INFO - [2023-06-08T23:32:42.685+0200] {dagbag.py:525} INFO - Filling up the DagBag from /Users/brenda/miniconda3/envs/airflow/lib/python3.8/site-packages/airflow/example_dags/example_branch_python_dop_operator_3.py
[2023-06-08T23:32:42.714+0200] {processor.py:768} INFO - DAG(s) dict_keys(['example_branch_dop_operator_v3']) retrieved from /Users/brenda/miniconda3/envs/airflow/lib/python3.8/site-packages/airflow/example_dags/example_branch_python_dop_operator_3.py
[2023-06-08T23:32:42.814+0200] {logging_mixin.py:117} INFO - [2023-06-08T23:32:42.814+0200] {dag.py:2573} INFO - Sync 1 DAGs
[2023-06-08T23:32:42.827+0200] {logging_mixin.py:117} INFO - [2023-06-08T23:32:42.827+0200] {dag.py:3324} INFO - Setting next_dagrun for example_branch_dop_operator_v3 to 2023-06-08T21:31:00+00:00, run_after=2023-06-08T21:32:00+00:00
[2023-06-08T23:32:42.837+0200] {processor.py:178} INFO - Processing /Users/brenda/miniconda3/envs/airflow/lib/python3.8/site-packages/airflow/example_dags/example_branch_python_dop_operator_3.py took 0.157 seconds
[2023-06-08T23:33:46.360+0200] {processor.py:156} INFO - Started process (PID=20683) to work on /Users/brenda/miniconda3/envs/airflow/lib/python3.8/site-packages/airflow/example_dags/example_branch_python_dop_operator_3.py
[2023-06-08T23:33:46.365+0200] {processor.py:758} INFO - Processing file /Users/brenda/miniconda3/envs/airflow/lib/python3.8/site-packages/airflow/example_dags/example_branch_python_dop_operator_3.py for tasks to queue
[2023-06-08T23:33:46.365+0200] {logging_mixin.py:117} INFO - [2023-06-08T23:33:46.365+0200] {dagbag.py:525} INFO - Filling up the DagBag from /Users/brenda/miniconda3/envs/airflow/lib/python3.8/site-packages/airflow/example_dags/example_branch_python_dop_operator_3.py
[2023-06-08T23:33:46.396+0200] {processor.py:768} INFO - DAG(s) dict_keys(['example_branch_dop_operator_v3']) retrieved from /Users/brenda/miniconda3/envs/airflow/lib/python3.8/site-packages/airflow/example_dags/example_branch_python_dop_operator_3.py
[2023-06-08T23:33:46.497+0200] {logging_mixin.py:117} INFO - [2023-06-08T23:33:46.497+0200] {dag.py:2573} INFO - Sync 1 DAGs
[2023-06-08T23:33:46.510+0200] {logging_mixin.py:117} INFO - [2023-06-08T23:33:46.510+0200] {dag.py:3324} INFO - Setting next_dagrun for example_branch_dop_operator_v3 to 2023-06-08T21:32:00+00:00, run_after=2023-06-08T21:33:00+00:00
[2023-06-08T23:33:46.521+0200] {processor.py:178} INFO - Processing /Users/brenda/miniconda3/envs/airflow/lib/python3.8/site-packages/airflow/example_dags/example_branch_python_dop_operator_3.py took 0.161 seconds
[2023-06-08T23:34:51.979+0200] {processor.py:156} INFO - Started process (PID=20830) to work on /Users/brenda/miniconda3/envs/airflow/lib/python3.8/site-packages/airflow/example_dags/example_branch_python_dop_operator_3.py
[2023-06-08T23:34:51.983+0200] {processor.py:758} INFO - Processing file /Users/brenda/miniconda3/envs/airflow/lib/python3.8/site-packages/airflow/example_dags/example_branch_python_dop_operator_3.py for tasks to queue
[2023-06-08T23:34:51.983+0200] {logging_mixin.py:117} INFO - [2023-06-08T23:34:51.983+0200] {dagbag.py:525} INFO - Filling up the DagBag from /Users/brenda/miniconda3/envs/airflow/lib/python3.8/site-packages/airflow/example_dags/example_branch_python_dop_operator_3.py
[2023-06-08T23:34:52.015+0200] {processor.py:768} INFO - DAG(s) dict_keys(['example_branch_dop_operator_v3']) retrieved from /Users/brenda/miniconda3/envs/airflow/lib/python3.8/site-packages/airflow/example_dags/example_branch_python_dop_operator_3.py
[2023-06-08T23:34:52.137+0200] {logging_mixin.py:117} INFO - [2023-06-08T23:34:52.137+0200] {dag.py:2573} INFO - Sync 1 DAGs
[2023-06-08T23:34:52.151+0200] {logging_mixin.py:117} INFO - [2023-06-08T23:34:52.151+0200] {dag.py:3324} INFO - Setting next_dagrun for example_branch_dop_operator_v3 to 2023-06-08T21:33:00+00:00, run_after=2023-06-08T21:34:00+00:00
[2023-06-08T23:34:52.162+0200] {processor.py:178} INFO - Processing /Users/brenda/miniconda3/envs/airflow/lib/python3.8/site-packages/airflow/example_dags/example_branch_python_dop_operator_3.py took 0.184 seconds
[2023-06-08T23:36:18.054+0200] {processor.py:156} INFO - Started process (PID=21045) to work on /Users/brenda/miniconda3/envs/airflow/lib/python3.8/site-packages/airflow/example_dags/example_branch_python_dop_operator_3.py
[2023-06-08T23:36:18.058+0200] {processor.py:758} INFO - Processing file /Users/brenda/miniconda3/envs/airflow/lib/python3.8/site-packages/airflow/example_dags/example_branch_python_dop_operator_3.py for tasks to queue
[2023-06-08T23:36:18.058+0200] {logging_mixin.py:117} INFO - [2023-06-08T23:36:18.058+0200] {dagbag.py:525} INFO - Filling up the DagBag from /Users/brenda/miniconda3/envs/airflow/lib/python3.8/site-packages/airflow/example_dags/example_branch_python_dop_operator_3.py
[2023-06-08T23:36:18.087+0200] {processor.py:768} INFO - DAG(s) dict_keys(['example_branch_dop_operator_v3']) retrieved from /Users/brenda/miniconda3/envs/airflow/lib/python3.8/site-packages/airflow/example_dags/example_branch_python_dop_operator_3.py
[2023-06-08T23:36:18.186+0200] {logging_mixin.py:117} INFO - [2023-06-08T23:36:18.186+0200] {dag.py:2573} INFO - Sync 1 DAGs
[2023-06-08T23:36:18.200+0200] {logging_mixin.py:117} INFO - [2023-06-08T23:36:18.200+0200] {dag.py:3324} INFO - Setting next_dagrun for example_branch_dop_operator_v3 to 2023-06-08T21:35:00+00:00, run_after=2023-06-08T21:36:00+00:00
[2023-06-08T23:36:18.210+0200] {processor.py:178} INFO - Processing /Users/brenda/miniconda3/envs/airflow/lib/python3.8/site-packages/airflow/example_dags/example_branch_python_dop_operator_3.py took 0.157 seconds
[2023-06-08T23:37:51.747+0200] {processor.py:156} INFO - Started process (PID=21380) to work on /Users/brenda/miniconda3/envs/airflow/lib/python3.8/site-packages/airflow/example_dags/example_branch_python_dop_operator_3.py
[2023-06-08T23:37:51.751+0200] {processor.py:758} INFO - Processing file /Users/brenda/miniconda3/envs/airflow/lib/python3.8/site-packages/airflow/example_dags/example_branch_python_dop_operator_3.py for tasks to queue
[2023-06-08T23:37:51.751+0200] {logging_mixin.py:117} INFO - [2023-06-08T23:37:51.751+0200] {dagbag.py:525} INFO - Filling up the DagBag from /Users/brenda/miniconda3/envs/airflow/lib/python3.8/site-packages/airflow/example_dags/example_branch_python_dop_operator_3.py
[2023-06-08T23:37:51.781+0200] {processor.py:768} INFO - DAG(s) dict_keys(['example_branch_dop_operator_v3']) retrieved from /Users/brenda/miniconda3/envs/airflow/lib/python3.8/site-packages/airflow/example_dags/example_branch_python_dop_operator_3.py
[2023-06-08T23:37:51.881+0200] {logging_mixin.py:117} INFO - [2023-06-08T23:37:51.881+0200] {dag.py:2573} INFO - Sync 1 DAGs
[2023-06-08T23:37:51.895+0200] {logging_mixin.py:117} INFO - [2023-06-08T23:37:51.895+0200] {dag.py:3324} INFO - Setting next_dagrun for example_branch_dop_operator_v3 to 2023-06-08T21:36:00+00:00, run_after=2023-06-08T21:37:00+00:00
[2023-06-08T23:37:51.905+0200] {processor.py:178} INFO - Processing /Users/brenda/miniconda3/envs/airflow/lib/python3.8/site-packages/airflow/example_dags/example_branch_python_dop_operator_3.py took 0.158 seconds
[2023-06-08T23:38:50.475+0200] {processor.py:156} INFO - Started process (PID=21516) to work on /Users/brenda/miniconda3/envs/airflow/lib/python3.8/site-packages/airflow/example_dags/example_branch_python_dop_operator_3.py
[2023-06-08T23:38:50.478+0200] {processor.py:758} INFO - Processing file /Users/brenda/miniconda3/envs/airflow/lib/python3.8/site-packages/airflow/example_dags/example_branch_python_dop_operator_3.py for tasks to queue
[2023-06-08T23:38:50.479+0200] {logging_mixin.py:117} INFO - [2023-06-08T23:38:50.479+0200] {dagbag.py:525} INFO - Filling up the DagBag from /Users/brenda/miniconda3/envs/airflow/lib/python3.8/site-packages/airflow/example_dags/example_branch_python_dop_operator_3.py
[2023-06-08T23:38:50.509+0200] {processor.py:768} INFO - DAG(s) dict_keys(['example_branch_dop_operator_v3']) retrieved from /Users/brenda/miniconda3/envs/airflow/lib/python3.8/site-packages/airflow/example_dags/example_branch_python_dop_operator_3.py
[2023-06-08T23:38:50.612+0200] {logging_mixin.py:117} INFO - [2023-06-08T23:38:50.612+0200] {dag.py:2573} INFO - Sync 1 DAGs
[2023-06-08T23:38:50.626+0200] {logging_mixin.py:117} INFO - [2023-06-08T23:38:50.626+0200] {dag.py:3324} INFO - Setting next_dagrun for example_branch_dop_operator_v3 to 2023-06-08T21:37:00+00:00, run_after=2023-06-08T21:38:00+00:00
[2023-06-08T23:38:50.636+0200] {processor.py:178} INFO - Processing /Users/brenda/miniconda3/envs/airflow/lib/python3.8/site-packages/airflow/example_dags/example_branch_python_dop_operator_3.py took 0.161 seconds
[2023-06-08T23:39:52.483+0200] {processor.py:156} INFO - Started process (PID=21660) to work on /Users/brenda/miniconda3/envs/airflow/lib/python3.8/site-packages/airflow/example_dags/example_branch_python_dop_operator_3.py
[2023-06-08T23:39:52.486+0200] {processor.py:758} INFO - Processing file /Users/brenda/miniconda3/envs/airflow/lib/python3.8/site-packages/airflow/example_dags/example_branch_python_dop_operator_3.py for tasks to queue
[2023-06-08T23:39:52.486+0200] {logging_mixin.py:117} INFO - [2023-06-08T23:39:52.486+0200] {dagbag.py:525} INFO - Filling up the DagBag from /Users/brenda/miniconda3/envs/airflow/lib/python3.8/site-packages/airflow/example_dags/example_branch_python_dop_operator_3.py
[2023-06-08T23:39:52.516+0200] {processor.py:768} INFO - DAG(s) dict_keys(['example_branch_dop_operator_v3']) retrieved from /Users/brenda/miniconda3/envs/airflow/lib/python3.8/site-packages/airflow/example_dags/example_branch_python_dop_operator_3.py
[2023-06-08T23:39:52.619+0200] {logging_mixin.py:117} INFO - [2023-06-08T23:39:52.619+0200] {dag.py:2573} INFO - Sync 1 DAGs
[2023-06-08T23:39:52.633+0200] {logging_mixin.py:117} INFO - [2023-06-08T23:39:52.633+0200] {dag.py:3324} INFO - Setting next_dagrun for example_branch_dop_operator_v3 to 2023-06-08T21:38:00+00:00, run_after=2023-06-08T21:39:00+00:00
[2023-06-08T23:39:52.643+0200] {processor.py:178} INFO - Processing /Users/brenda/miniconda3/envs/airflow/lib/python3.8/site-packages/airflow/example_dags/example_branch_python_dop_operator_3.py took 0.160 seconds
[2023-06-08T23:41:05.903+0200] {processor.py:156} INFO - Started process (PID=21845) to work on /Users/brenda/miniconda3/envs/airflow/lib/python3.8/site-packages/airflow/example_dags/example_branch_python_dop_operator_3.py
[2023-06-08T23:41:05.907+0200] {processor.py:758} INFO - Processing file /Users/brenda/miniconda3/envs/airflow/lib/python3.8/site-packages/airflow/example_dags/example_branch_python_dop_operator_3.py for tasks to queue
[2023-06-08T23:41:05.907+0200] {logging_mixin.py:117} INFO - [2023-06-08T23:41:05.907+0200] {dagbag.py:525} INFO - Filling up the DagBag from /Users/brenda/miniconda3/envs/airflow/lib/python3.8/site-packages/airflow/example_dags/example_branch_python_dop_operator_3.py
[2023-06-08T23:41:05.936+0200] {processor.py:768} INFO - DAG(s) dict_keys(['example_branch_dop_operator_v3']) retrieved from /Users/brenda/miniconda3/envs/airflow/lib/python3.8/site-packages/airflow/example_dags/example_branch_python_dop_operator_3.py
[2023-06-08T23:41:06.035+0200] {logging_mixin.py:117} INFO - [2023-06-08T23:41:06.035+0200] {dag.py:2573} INFO - Sync 1 DAGs
[2023-06-08T23:41:06.049+0200] {logging_mixin.py:117} INFO - [2023-06-08T23:41:06.049+0200] {dag.py:3324} INFO - Setting next_dagrun for example_branch_dop_operator_v3 to 2023-06-08T21:40:00+00:00, run_after=2023-06-08T21:41:00+00:00
[2023-06-08T23:41:06.058+0200] {processor.py:178} INFO - Processing /Users/brenda/miniconda3/envs/airflow/lib/python3.8/site-packages/airflow/example_dags/example_branch_python_dop_operator_3.py took 0.156 seconds
[2023-06-08T23:43:00.852+0200] {processor.py:156} INFO - Started process (PID=22185) to work on /Users/brenda/miniconda3/envs/airflow/lib/python3.8/site-packages/airflow/example_dags/example_branch_python_dop_operator_3.py
[2023-06-08T23:43:00.856+0200] {processor.py:758} INFO - Processing file /Users/brenda/miniconda3/envs/airflow/lib/python3.8/site-packages/airflow/example_dags/example_branch_python_dop_operator_3.py for tasks to queue
[2023-06-08T23:43:00.856+0200] {logging_mixin.py:117} INFO - [2023-06-08T23:43:00.856+0200] {dagbag.py:525} INFO - Filling up the DagBag from /Users/brenda/miniconda3/envs/airflow/lib/python3.8/site-packages/airflow/example_dags/example_branch_python_dop_operator_3.py
[2023-06-08T23:43:00.887+0200] {processor.py:768} INFO - DAG(s) dict_keys(['example_branch_dop_operator_v3']) retrieved from /Users/brenda/miniconda3/envs/airflow/lib/python3.8/site-packages/airflow/example_dags/example_branch_python_dop_operator_3.py
[2023-06-08T23:43:01.006+0200] {logging_mixin.py:117} INFO - [2023-06-08T23:43:01.006+0200] {dag.py:2573} INFO - Sync 1 DAGs
[2023-06-08T23:43:01.019+0200] {logging_mixin.py:117} INFO - [2023-06-08T23:43:01.019+0200] {dag.py:3324} INFO - Setting next_dagrun for example_branch_dop_operator_v3 to 2023-06-08T21:42:00+00:00, run_after=2023-06-08T21:43:00+00:00
[2023-06-08T23:43:01.030+0200] {processor.py:178} INFO - Processing /Users/brenda/miniconda3/envs/airflow/lib/python3.8/site-packages/airflow/example_dags/example_branch_python_dop_operator_3.py took 0.178 seconds
[2023-06-08T23:43:47.859+0200] {processor.py:156} INFO - Started process (PID=22340) to work on /Users/brenda/miniconda3/envs/airflow/lib/python3.8/site-packages/airflow/example_dags/example_branch_python_dop_operator_3.py
[2023-06-08T23:43:47.863+0200] {processor.py:758} INFO - Processing file /Users/brenda/miniconda3/envs/airflow/lib/python3.8/site-packages/airflow/example_dags/example_branch_python_dop_operator_3.py for tasks to queue
[2023-06-08T23:43:47.863+0200] {logging_mixin.py:117} INFO - [2023-06-08T23:43:47.863+0200] {dagbag.py:525} INFO - Filling up the DagBag from /Users/brenda/miniconda3/envs/airflow/lib/python3.8/site-packages/airflow/example_dags/example_branch_python_dop_operator_3.py
[2023-06-08T23:43:47.893+0200] {processor.py:768} INFO - DAG(s) dict_keys(['example_branch_dop_operator_v3']) retrieved from /Users/brenda/miniconda3/envs/airflow/lib/python3.8/site-packages/airflow/example_dags/example_branch_python_dop_operator_3.py
[2023-06-08T23:43:47.994+0200] {logging_mixin.py:117} INFO - [2023-06-08T23:43:47.994+0200] {dag.py:2573} INFO - Sync 1 DAGs
[2023-06-08T23:43:48.007+0200] {logging_mixin.py:117} INFO - [2023-06-08T23:43:48.007+0200] {dag.py:3324} INFO - Setting next_dagrun for example_branch_dop_operator_v3 to 2023-06-08T21:42:00+00:00, run_after=2023-06-08T21:43:00+00:00
[2023-06-08T23:43:48.017+0200] {processor.py:178} INFO - Processing /Users/brenda/miniconda3/envs/airflow/lib/python3.8/site-packages/airflow/example_dags/example_branch_python_dop_operator_3.py took 0.159 seconds
[2023-06-08T23:44:54.732+0200] {processor.py:156} INFO - Started process (PID=22484) to work on /Users/brenda/miniconda3/envs/airflow/lib/python3.8/site-packages/airflow/example_dags/example_branch_python_dop_operator_3.py
[2023-06-08T23:44:54.737+0200] {processor.py:758} INFO - Processing file /Users/brenda/miniconda3/envs/airflow/lib/python3.8/site-packages/airflow/example_dags/example_branch_python_dop_operator_3.py for tasks to queue
[2023-06-08T23:44:54.737+0200] {logging_mixin.py:117} INFO - [2023-06-08T23:44:54.737+0200] {dagbag.py:525} INFO - Filling up the DagBag from /Users/brenda/miniconda3/envs/airflow/lib/python3.8/site-packages/airflow/example_dags/example_branch_python_dop_operator_3.py
[2023-06-08T23:44:54.771+0200] {processor.py:768} INFO - DAG(s) dict_keys(['example_branch_dop_operator_v3']) retrieved from /Users/brenda/miniconda3/envs/airflow/lib/python3.8/site-packages/airflow/example_dags/example_branch_python_dop_operator_3.py
[2023-06-08T23:44:54.872+0200] {logging_mixin.py:117} INFO - [2023-06-08T23:44:54.871+0200] {dag.py:2573} INFO - Sync 1 DAGs
[2023-06-08T23:44:54.885+0200] {logging_mixin.py:117} INFO - [2023-06-08T23:44:54.885+0200] {dag.py:3324} INFO - Setting next_dagrun for example_branch_dop_operator_v3 to 2023-06-08T21:43:00+00:00, run_after=2023-06-08T21:44:00+00:00
[2023-06-08T23:44:54.895+0200] {processor.py:178} INFO - Processing /Users/brenda/miniconda3/envs/airflow/lib/python3.8/site-packages/airflow/example_dags/example_branch_python_dop_operator_3.py took 0.163 seconds
[2023-06-08T23:46:01.713+0200] {processor.py:156} INFO - Started process (PID=22684) to work on /Users/brenda/miniconda3/envs/airflow/lib/python3.8/site-packages/airflow/example_dags/example_branch_python_dop_operator_3.py
[2023-06-08T23:46:01.717+0200] {processor.py:758} INFO - Processing file /Users/brenda/miniconda3/envs/airflow/lib/python3.8/site-packages/airflow/example_dags/example_branch_python_dop_operator_3.py for tasks to queue
[2023-06-08T23:46:01.718+0200] {logging_mixin.py:117} INFO - [2023-06-08T23:46:01.718+0200] {dagbag.py:525} INFO - Filling up the DagBag from /Users/brenda/miniconda3/envs/airflow/lib/python3.8/site-packages/airflow/example_dags/example_branch_python_dop_operator_3.py
[2023-06-08T23:46:01.748+0200] {processor.py:768} INFO - DAG(s) dict_keys(['example_branch_dop_operator_v3']) retrieved from /Users/brenda/miniconda3/envs/airflow/lib/python3.8/site-packages/airflow/example_dags/example_branch_python_dop_operator_3.py
[2023-06-08T23:46:01.851+0200] {logging_mixin.py:117} INFO - [2023-06-08T23:46:01.851+0200] {dag.py:2573} INFO - Sync 1 DAGs
[2023-06-08T23:46:01.869+0200] {logging_mixin.py:117} INFO - [2023-06-08T23:46:01.869+0200] {dag.py:3324} INFO - Setting next_dagrun for example_branch_dop_operator_v3 to 2023-06-08T21:45:00+00:00, run_after=2023-06-08T21:46:00+00:00
[2023-06-08T23:46:01.883+0200] {processor.py:178} INFO - Processing /Users/brenda/miniconda3/envs/airflow/lib/python3.8/site-packages/airflow/example_dags/example_branch_python_dop_operator_3.py took 0.170 seconds
[2023-06-08T23:46:47.746+0200] {processor.py:156} INFO - Started process (PID=22831) to work on /Users/brenda/miniconda3/envs/airflow/lib/python3.8/site-packages/airflow/example_dags/example_branch_python_dop_operator_3.py
[2023-06-08T23:46:47.749+0200] {processor.py:758} INFO - Processing file /Users/brenda/miniconda3/envs/airflow/lib/python3.8/site-packages/airflow/example_dags/example_branch_python_dop_operator_3.py for tasks to queue
[2023-06-08T23:46:47.749+0200] {logging_mixin.py:117} INFO - [2023-06-08T23:46:47.749+0200] {dagbag.py:525} INFO - Filling up the DagBag from /Users/brenda/miniconda3/envs/airflow/lib/python3.8/site-packages/airflow/example_dags/example_branch_python_dop_operator_3.py
[2023-06-08T23:46:47.779+0200] {processor.py:768} INFO - DAG(s) dict_keys(['example_branch_dop_operator_v3']) retrieved from /Users/brenda/miniconda3/envs/airflow/lib/python3.8/site-packages/airflow/example_dags/example_branch_python_dop_operator_3.py
[2023-06-08T23:46:47.878+0200] {logging_mixin.py:117} INFO - [2023-06-08T23:46:47.878+0200] {dag.py:2573} INFO - Sync 1 DAGs
[2023-06-08T23:46:47.892+0200] {logging_mixin.py:117} INFO - [2023-06-08T23:46:47.892+0200] {dag.py:3324} INFO - Setting next_dagrun for example_branch_dop_operator_v3 to 2023-06-08T21:45:00+00:00, run_after=2023-06-08T21:46:00+00:00
[2023-06-08T23:46:47.901+0200] {processor.py:178} INFO - Processing /Users/brenda/miniconda3/envs/airflow/lib/python3.8/site-packages/airflow/example_dags/example_branch_python_dop_operator_3.py took 0.156 seconds
[2023-06-08T23:48:32.077+0200] {processor.py:156} INFO - Started process (PID=23158) to work on /Users/brenda/miniconda3/envs/airflow/lib/python3.8/site-packages/airflow/example_dags/example_branch_python_dop_operator_3.py
[2023-06-08T23:48:32.081+0200] {processor.py:758} INFO - Processing file /Users/brenda/miniconda3/envs/airflow/lib/python3.8/site-packages/airflow/example_dags/example_branch_python_dop_operator_3.py for tasks to queue
[2023-06-08T23:48:32.081+0200] {logging_mixin.py:117} INFO - [2023-06-08T23:48:32.081+0200] {dagbag.py:525} INFO - Filling up the DagBag from /Users/brenda/miniconda3/envs/airflow/lib/python3.8/site-packages/airflow/example_dags/example_branch_python_dop_operator_3.py
[2023-06-08T23:48:32.110+0200] {processor.py:768} INFO - DAG(s) dict_keys(['example_branch_dop_operator_v3']) retrieved from /Users/brenda/miniconda3/envs/airflow/lib/python3.8/site-packages/airflow/example_dags/example_branch_python_dop_operator_3.py
[2023-06-08T23:48:32.211+0200] {logging_mixin.py:117} INFO - [2023-06-08T23:48:32.210+0200] {dag.py:2573} INFO - Sync 1 DAGs
[2023-06-08T23:48:32.224+0200] {logging_mixin.py:117} INFO - [2023-06-08T23:48:32.224+0200] {dag.py:3324} INFO - Setting next_dagrun for example_branch_dop_operator_v3 to 2023-06-08T21:47:00+00:00, run_after=2023-06-08T21:48:00+00:00
[2023-06-08T23:48:32.234+0200] {processor.py:178} INFO - Processing /Users/brenda/miniconda3/envs/airflow/lib/python3.8/site-packages/airflow/example_dags/example_branch_python_dop_operator_3.py took 0.157 seconds
[2023-06-08T23:49:20.849+0200] {processor.py:156} INFO - Started process (PID=23320) to work on /Users/brenda/miniconda3/envs/airflow/lib/python3.8/site-packages/airflow/example_dags/example_branch_python_dop_operator_3.py
[2023-06-08T23:49:20.852+0200] {processor.py:758} INFO - Processing file /Users/brenda/miniconda3/envs/airflow/lib/python3.8/site-packages/airflow/example_dags/example_branch_python_dop_operator_3.py for tasks to queue
[2023-06-08T23:49:20.852+0200] {logging_mixin.py:117} INFO - [2023-06-08T23:49:20.852+0200] {dagbag.py:525} INFO - Filling up the DagBag from /Users/brenda/miniconda3/envs/airflow/lib/python3.8/site-packages/airflow/example_dags/example_branch_python_dop_operator_3.py
[2023-06-08T23:49:20.882+0200] {processor.py:768} INFO - DAG(s) dict_keys(['example_branch_dop_operator_v3']) retrieved from /Users/brenda/miniconda3/envs/airflow/lib/python3.8/site-packages/airflow/example_dags/example_branch_python_dop_operator_3.py
[2023-06-08T23:49:20.983+0200] {logging_mixin.py:117} INFO - [2023-06-08T23:49:20.983+0200] {dag.py:2573} INFO - Sync 1 DAGs
[2023-06-08T23:49:20.997+0200] {logging_mixin.py:117} INFO - [2023-06-08T23:49:20.997+0200] {dag.py:3324} INFO - Setting next_dagrun for example_branch_dop_operator_v3 to 2023-06-08T21:48:00+00:00, run_after=2023-06-08T21:49:00+00:00
[2023-06-08T23:49:21.008+0200] {processor.py:178} INFO - Processing /Users/brenda/miniconda3/envs/airflow/lib/python3.8/site-packages/airflow/example_dags/example_branch_python_dop_operator_3.py took 0.159 seconds
[2023-06-08T23:50:24.844+0200] {processor.py:156} INFO - Started process (PID=23464) to work on /Users/brenda/miniconda3/envs/airflow/lib/python3.8/site-packages/airflow/example_dags/example_branch_python_dop_operator_3.py
[2023-06-08T23:50:24.847+0200] {processor.py:758} INFO - Processing file /Users/brenda/miniconda3/envs/airflow/lib/python3.8/site-packages/airflow/example_dags/example_branch_python_dop_operator_3.py for tasks to queue
[2023-06-08T23:50:24.848+0200] {logging_mixin.py:117} INFO - [2023-06-08T23:50:24.848+0200] {dagbag.py:525} INFO - Filling up the DagBag from /Users/brenda/miniconda3/envs/airflow/lib/python3.8/site-packages/airflow/example_dags/example_branch_python_dop_operator_3.py
[2023-06-08T23:50:24.877+0200] {processor.py:768} INFO - DAG(s) dict_keys(['example_branch_dop_operator_v3']) retrieved from /Users/brenda/miniconda3/envs/airflow/lib/python3.8/site-packages/airflow/example_dags/example_branch_python_dop_operator_3.py
[2023-06-08T23:50:24.978+0200] {logging_mixin.py:117} INFO - [2023-06-08T23:50:24.978+0200] {dag.py:2573} INFO - Sync 1 DAGs
[2023-06-08T23:50:24.991+0200] {logging_mixin.py:117} INFO - [2023-06-08T23:50:24.991+0200] {dag.py:3324} INFO - Setting next_dagrun for example_branch_dop_operator_v3 to 2023-06-08T21:49:00+00:00, run_after=2023-06-08T21:50:00+00:00
[2023-06-08T23:50:25.001+0200] {processor.py:178} INFO - Processing /Users/brenda/miniconda3/envs/airflow/lib/python3.8/site-packages/airflow/example_dags/example_branch_python_dop_operator_3.py took 0.157 seconds
[2023-06-08T23:51:30.602+0200] {processor.py:156} INFO - Started process (PID=23601) to work on /Users/brenda/miniconda3/envs/airflow/lib/python3.8/site-packages/airflow/example_dags/example_branch_python_dop_operator_3.py
[2023-06-08T23:51:30.605+0200] {processor.py:758} INFO - Processing file /Users/brenda/miniconda3/envs/airflow/lib/python3.8/site-packages/airflow/example_dags/example_branch_python_dop_operator_3.py for tasks to queue
[2023-06-08T23:51:30.605+0200] {logging_mixin.py:117} INFO - [2023-06-08T23:51:30.605+0200] {dagbag.py:525} INFO - Filling up the DagBag from /Users/brenda/miniconda3/envs/airflow/lib/python3.8/site-packages/airflow/example_dags/example_branch_python_dop_operator_3.py
[2023-06-08T23:51:30.635+0200] {processor.py:768} INFO - DAG(s) dict_keys(['example_branch_dop_operator_v3']) retrieved from /Users/brenda/miniconda3/envs/airflow/lib/python3.8/site-packages/airflow/example_dags/example_branch_python_dop_operator_3.py
[2023-06-08T23:51:30.740+0200] {logging_mixin.py:117} INFO - [2023-06-08T23:51:30.739+0200] {dag.py:2573} INFO - Sync 1 DAGs
[2023-06-08T23:51:30.753+0200] {logging_mixin.py:117} INFO - [2023-06-08T23:51:30.753+0200] {dag.py:3324} INFO - Setting next_dagrun for example_branch_dop_operator_v3 to 2023-06-08T21:50:00+00:00, run_after=2023-06-08T21:51:00+00:00
[2023-06-08T23:51:30.763+0200] {processor.py:178} INFO - Processing /Users/brenda/miniconda3/envs/airflow/lib/python3.8/site-packages/airflow/example_dags/example_branch_python_dop_operator_3.py took 0.162 seconds
[2023-06-08T23:52:19.881+0200] {processor.py:156} INFO - Started process (PID=23733) to work on /Users/brenda/miniconda3/envs/airflow/lib/python3.8/site-packages/airflow/example_dags/example_branch_python_dop_operator_3.py
[2023-06-08T23:52:19.884+0200] {processor.py:758} INFO - Processing file /Users/brenda/miniconda3/envs/airflow/lib/python3.8/site-packages/airflow/example_dags/example_branch_python_dop_operator_3.py for tasks to queue
[2023-06-08T23:52:19.885+0200] {logging_mixin.py:117} INFO - [2023-06-08T23:52:19.885+0200] {dagbag.py:525} INFO - Filling up the DagBag from /Users/brenda/miniconda3/envs/airflow/lib/python3.8/site-packages/airflow/example_dags/example_branch_python_dop_operator_3.py
[2023-06-08T23:52:19.914+0200] {processor.py:768} INFO - DAG(s) dict_keys(['example_branch_dop_operator_v3']) retrieved from /Users/brenda/miniconda3/envs/airflow/lib/python3.8/site-packages/airflow/example_dags/example_branch_python_dop_operator_3.py
[2023-06-08T23:52:20.014+0200] {logging_mixin.py:117} INFO - [2023-06-08T23:52:20.014+0200] {dag.py:2573} INFO - Sync 1 DAGs
[2023-06-08T23:52:20.027+0200] {logging_mixin.py:117} INFO - [2023-06-08T23:52:20.027+0200] {dag.py:3324} INFO - Setting next_dagrun for example_branch_dop_operator_v3 to 2023-06-08T21:51:00+00:00, run_after=2023-06-08T21:52:00+00:00
[2023-06-08T23:52:20.037+0200] {processor.py:178} INFO - Processing /Users/brenda/miniconda3/envs/airflow/lib/python3.8/site-packages/airflow/example_dags/example_branch_python_dop_operator_3.py took 0.157 seconds
[2023-06-08T23:54:27.596+0200] {processor.py:156} INFO - Started process (PID=24191) to work on /Users/brenda/miniconda3/envs/airflow/lib/python3.8/site-packages/airflow/example_dags/example_branch_python_dop_operator_3.py
[2023-06-08T23:54:27.600+0200] {processor.py:758} INFO - Processing file /Users/brenda/miniconda3/envs/airflow/lib/python3.8/site-packages/airflow/example_dags/example_branch_python_dop_operator_3.py for tasks to queue
[2023-06-08T23:54:27.600+0200] {logging_mixin.py:117} INFO - [2023-06-08T23:54:27.600+0200] {dagbag.py:525} INFO - Filling up the DagBag from /Users/brenda/miniconda3/envs/airflow/lib/python3.8/site-packages/airflow/example_dags/example_branch_python_dop_operator_3.py
[2023-06-08T23:54:27.635+0200] {processor.py:768} INFO - DAG(s) dict_keys(['example_branch_dop_operator_v3']) retrieved from /Users/brenda/miniconda3/envs/airflow/lib/python3.8/site-packages/airflow/example_dags/example_branch_python_dop_operator_3.py
[2023-06-08T23:54:27.747+0200] {logging_mixin.py:117} INFO - [2023-06-08T23:54:27.747+0200] {dag.py:2573} INFO - Sync 1 DAGs
[2023-06-08T23:54:27.761+0200] {logging_mixin.py:117} INFO - [2023-06-08T23:54:27.761+0200] {dag.py:3324} INFO - Setting next_dagrun for example_branch_dop_operator_v3 to 2023-06-08T21:53:00+00:00, run_after=2023-06-08T21:54:00+00:00
[2023-06-08T23:54:27.771+0200] {processor.py:178} INFO - Processing /Users/brenda/miniconda3/envs/airflow/lib/python3.8/site-packages/airflow/example_dags/example_branch_python_dop_operator_3.py took 0.176 seconds
[2023-06-08T23:55:27.757+0200] {processor.py:156} INFO - Started process (PID=24347) to work on /Users/brenda/miniconda3/envs/airflow/lib/python3.8/site-packages/airflow/example_dags/example_branch_python_dop_operator_3.py
[2023-06-08T23:55:27.761+0200] {processor.py:758} INFO - Processing file /Users/brenda/miniconda3/envs/airflow/lib/python3.8/site-packages/airflow/example_dags/example_branch_python_dop_operator_3.py for tasks to queue
[2023-06-08T23:55:27.761+0200] {logging_mixin.py:117} INFO - [2023-06-08T23:55:27.761+0200] {dagbag.py:525} INFO - Filling up the DagBag from /Users/brenda/miniconda3/envs/airflow/lib/python3.8/site-packages/airflow/example_dags/example_branch_python_dop_operator_3.py
[2023-06-08T23:55:27.791+0200] {processor.py:768} INFO - DAG(s) dict_keys(['example_branch_dop_operator_v3']) retrieved from /Users/brenda/miniconda3/envs/airflow/lib/python3.8/site-packages/airflow/example_dags/example_branch_python_dop_operator_3.py
[2023-06-08T23:55:27.890+0200] {logging_mixin.py:117} INFO - [2023-06-08T23:55:27.890+0200] {dag.py:2573} INFO - Sync 1 DAGs
[2023-06-08T23:55:27.904+0200] {logging_mixin.py:117} INFO - [2023-06-08T23:55:27.904+0200] {dag.py:3324} INFO - Setting next_dagrun for example_branch_dop_operator_v3 to 2023-06-08T21:54:00+00:00, run_after=2023-06-08T21:55:00+00:00
[2023-06-08T23:55:27.914+0200] {processor.py:178} INFO - Processing /Users/brenda/miniconda3/envs/airflow/lib/python3.8/site-packages/airflow/example_dags/example_branch_python_dop_operator_3.py took 0.157 seconds
[2023-06-08T23:56:29.981+0200] {processor.py:156} INFO - Started process (PID=24486) to work on /Users/brenda/miniconda3/envs/airflow/lib/python3.8/site-packages/airflow/example_dags/example_branch_python_dop_operator_3.py
[2023-06-08T23:56:29.985+0200] {processor.py:758} INFO - Processing file /Users/brenda/miniconda3/envs/airflow/lib/python3.8/site-packages/airflow/example_dags/example_branch_python_dop_operator_3.py for tasks to queue
[2023-06-08T23:56:29.985+0200] {logging_mixin.py:117} INFO - [2023-06-08T23:56:29.985+0200] {dagbag.py:525} INFO - Filling up the DagBag from /Users/brenda/miniconda3/envs/airflow/lib/python3.8/site-packages/airflow/example_dags/example_branch_python_dop_operator_3.py
[2023-06-08T23:56:30.016+0200] {processor.py:768} INFO - DAG(s) dict_keys(['example_branch_dop_operator_v3']) retrieved from /Users/brenda/miniconda3/envs/airflow/lib/python3.8/site-packages/airflow/example_dags/example_branch_python_dop_operator_3.py
[2023-06-08T23:56:30.116+0200] {logging_mixin.py:117} INFO - [2023-06-08T23:56:30.116+0200] {dag.py:2573} INFO - Sync 1 DAGs
[2023-06-08T23:56:30.129+0200] {logging_mixin.py:117} INFO - [2023-06-08T23:56:30.129+0200] {dag.py:3324} INFO - Setting next_dagrun for example_branch_dop_operator_v3 to 2023-06-08T21:55:00+00:00, run_after=2023-06-08T21:56:00+00:00
[2023-06-08T23:56:30.140+0200] {processor.py:178} INFO - Processing /Users/brenda/miniconda3/envs/airflow/lib/python3.8/site-packages/airflow/example_dags/example_branch_python_dop_operator_3.py took 0.159 seconds
[2023-06-08T23:57:48.417+0200] {processor.py:156} INFO - Started process (PID=24688) to work on /Users/brenda/miniconda3/envs/airflow/lib/python3.8/site-packages/airflow/example_dags/example_branch_python_dop_operator_3.py
[2023-06-08T23:57:48.420+0200] {processor.py:758} INFO - Processing file /Users/brenda/miniconda3/envs/airflow/lib/python3.8/site-packages/airflow/example_dags/example_branch_python_dop_operator_3.py for tasks to queue
[2023-06-08T23:57:48.420+0200] {logging_mixin.py:117} INFO - [2023-06-08T23:57:48.420+0200] {dagbag.py:525} INFO - Filling up the DagBag from /Users/brenda/miniconda3/envs/airflow/lib/python3.8/site-packages/airflow/example_dags/example_branch_python_dop_operator_3.py
[2023-06-08T23:57:48.451+0200] {processor.py:768} INFO - DAG(s) dict_keys(['example_branch_dop_operator_v3']) retrieved from /Users/brenda/miniconda3/envs/airflow/lib/python3.8/site-packages/airflow/example_dags/example_branch_python_dop_operator_3.py
[2023-06-08T23:57:48.552+0200] {logging_mixin.py:117} INFO - [2023-06-08T23:57:48.552+0200] {dag.py:2573} INFO - Sync 1 DAGs
[2023-06-08T23:57:48.566+0200] {logging_mixin.py:117} INFO - [2023-06-08T23:57:48.566+0200] {dag.py:3324} INFO - Setting next_dagrun for example_branch_dop_operator_v3 to 2023-06-08T21:56:00+00:00, run_after=2023-06-08T21:57:00+00:00
[2023-06-08T23:57:48.575+0200] {processor.py:178} INFO - Processing /Users/brenda/miniconda3/envs/airflow/lib/python3.8/site-packages/airflow/example_dags/example_branch_python_dop_operator_3.py took 0.159 seconds
[2023-06-08T23:59:17.703+0200] {processor.py:156} INFO - Started process (PID=24946) to work on /Users/brenda/miniconda3/envs/airflow/lib/python3.8/site-packages/airflow/example_dags/example_branch_python_dop_operator_3.py
[2023-06-08T23:59:17.707+0200] {processor.py:758} INFO - Processing file /Users/brenda/miniconda3/envs/airflow/lib/python3.8/site-packages/airflow/example_dags/example_branch_python_dop_operator_3.py for tasks to queue
[2023-06-08T23:59:17.707+0200] {logging_mixin.py:117} INFO - [2023-06-08T23:59:17.707+0200] {dagbag.py:525} INFO - Filling up the DagBag from /Users/brenda/miniconda3/envs/airflow/lib/python3.8/site-packages/airflow/example_dags/example_branch_python_dop_operator_3.py
[2023-06-08T23:59:17.736+0200] {processor.py:768} INFO - DAG(s) dict_keys(['example_branch_dop_operator_v3']) retrieved from /Users/brenda/miniconda3/envs/airflow/lib/python3.8/site-packages/airflow/example_dags/example_branch_python_dop_operator_3.py
[2023-06-08T23:59:17.838+0200] {logging_mixin.py:117} INFO - [2023-06-08T23:59:17.838+0200] {dag.py:2573} INFO - Sync 1 DAGs
[2023-06-08T23:59:17.851+0200] {logging_mixin.py:117} INFO - [2023-06-08T23:59:17.851+0200] {dag.py:3324} INFO - Setting next_dagrun for example_branch_dop_operator_v3 to 2023-06-08T21:58:00+00:00, run_after=2023-06-08T21:59:00+00:00
[2023-06-08T23:59:17.862+0200] {processor.py:178} INFO - Processing /Users/brenda/miniconda3/envs/airflow/lib/python3.8/site-packages/airflow/example_dags/example_branch_python_dop_operator_3.py took 0.159 seconds
[2023-06-09T00:00:41.528+0200] {processor.py:156} INFO - Started process (PID=25296) to work on /Users/brenda/miniconda3/envs/airflow/lib/python3.8/site-packages/airflow/example_dags/example_branch_python_dop_operator_3.py
[2023-06-09T00:00:41.533+0200] {processor.py:758} INFO - Processing file /Users/brenda/miniconda3/envs/airflow/lib/python3.8/site-packages/airflow/example_dags/example_branch_python_dop_operator_3.py for tasks to queue
[2023-06-09T00:00:41.534+0200] {logging_mixin.py:117} INFO - [2023-06-09T00:00:41.534+0200] {dagbag.py:525} INFO - Filling up the DagBag from /Users/brenda/miniconda3/envs/airflow/lib/python3.8/site-packages/airflow/example_dags/example_branch_python_dop_operator_3.py
[2023-06-09T00:00:41.568+0200] {processor.py:768} INFO - DAG(s) dict_keys(['example_branch_dop_operator_v3']) retrieved from /Users/brenda/miniconda3/envs/airflow/lib/python3.8/site-packages/airflow/example_dags/example_branch_python_dop_operator_3.py
[2023-06-09T00:00:41.683+0200] {logging_mixin.py:117} INFO - [2023-06-09T00:00:41.683+0200] {dag.py:2573} INFO - Sync 1 DAGs
[2023-06-09T00:00:41.698+0200] {logging_mixin.py:117} INFO - [2023-06-09T00:00:41.698+0200] {dag.py:3324} INFO - Setting next_dagrun for example_branch_dop_operator_v3 to 2023-06-08T21:59:00+00:00, run_after=2023-06-08T22:00:00+00:00
[2023-06-09T00:00:41.712+0200] {processor.py:178} INFO - Processing /Users/brenda/miniconda3/envs/airflow/lib/python3.8/site-packages/airflow/example_dags/example_branch_python_dop_operator_3.py took 0.184 seconds
[2023-06-09T00:01:18.153+0200] {processor.py:156} INFO - Started process (PID=25411) to work on /Users/brenda/miniconda3/envs/airflow/lib/python3.8/site-packages/airflow/example_dags/example_branch_python_dop_operator_3.py
[2023-06-09T00:01:18.157+0200] {processor.py:758} INFO - Processing file /Users/brenda/miniconda3/envs/airflow/lib/python3.8/site-packages/airflow/example_dags/example_branch_python_dop_operator_3.py for tasks to queue
[2023-06-09T00:01:18.157+0200] {logging_mixin.py:117} INFO - [2023-06-09T00:01:18.157+0200] {dagbag.py:525} INFO - Filling up the DagBag from /Users/brenda/miniconda3/envs/airflow/lib/python3.8/site-packages/airflow/example_dags/example_branch_python_dop_operator_3.py
[2023-06-09T00:01:18.187+0200] {processor.py:768} INFO - DAG(s) dict_keys(['example_branch_dop_operator_v3']) retrieved from /Users/brenda/miniconda3/envs/airflow/lib/python3.8/site-packages/airflow/example_dags/example_branch_python_dop_operator_3.py
[2023-06-09T00:01:18.286+0200] {logging_mixin.py:117} INFO - [2023-06-09T00:01:18.285+0200] {dag.py:2573} INFO - Sync 1 DAGs
[2023-06-09T00:01:18.299+0200] {logging_mixin.py:117} INFO - [2023-06-09T00:01:18.299+0200] {dag.py:3324} INFO - Setting next_dagrun for example_branch_dop_operator_v3 to 2023-06-08T22:00:00+00:00, run_after=2023-06-08T22:01:00+00:00
[2023-06-09T00:01:18.309+0200] {processor.py:178} INFO - Processing /Users/brenda/miniconda3/envs/airflow/lib/python3.8/site-packages/airflow/example_dags/example_branch_python_dop_operator_3.py took 0.157 seconds
[2023-06-09T00:02:22.269+0200] {processor.py:156} INFO - Started process (PID=25554) to work on /Users/brenda/miniconda3/envs/airflow/lib/python3.8/site-packages/airflow/example_dags/example_branch_python_dop_operator_3.py
[2023-06-09T00:02:22.273+0200] {processor.py:758} INFO - Processing file /Users/brenda/miniconda3/envs/airflow/lib/python3.8/site-packages/airflow/example_dags/example_branch_python_dop_operator_3.py for tasks to queue
[2023-06-09T00:02:22.274+0200] {logging_mixin.py:117} INFO - [2023-06-09T00:02:22.274+0200] {dagbag.py:525} INFO - Filling up the DagBag from /Users/brenda/miniconda3/envs/airflow/lib/python3.8/site-packages/airflow/example_dags/example_branch_python_dop_operator_3.py
[2023-06-09T00:02:22.304+0200] {processor.py:768} INFO - DAG(s) dict_keys(['example_branch_dop_operator_v3']) retrieved from /Users/brenda/miniconda3/envs/airflow/lib/python3.8/site-packages/airflow/example_dags/example_branch_python_dop_operator_3.py
[2023-06-09T00:02:22.404+0200] {logging_mixin.py:117} INFO - [2023-06-09T00:02:22.404+0200] {dag.py:2573} INFO - Sync 1 DAGs
[2023-06-09T00:02:22.418+0200] {logging_mixin.py:117} INFO - [2023-06-09T00:02:22.418+0200] {dag.py:3324} INFO - Setting next_dagrun for example_branch_dop_operator_v3 to 2023-06-08T22:01:00+00:00, run_after=2023-06-08T22:02:00+00:00
[2023-06-09T00:02:22.429+0200] {processor.py:178} INFO - Processing /Users/brenda/miniconda3/envs/airflow/lib/python3.8/site-packages/airflow/example_dags/example_branch_python_dop_operator_3.py took 0.160 seconds
