[2023-06-08T23:09:10.481+0200] {processor.py:156} INFO - Started process (PID=16570) to work on /Users/brenda/miniconda3/envs/airflow/lib/python3.8/site-packages/airflow/example_dags/example_dag_decorator.py
[2023-06-08T23:09:10.484+0200] {processor.py:758} INFO - Processing file /Users/brenda/miniconda3/envs/airflow/lib/python3.8/site-packages/airflow/example_dags/example_dag_decorator.py for tasks to queue
[2023-06-08T23:09:10.484+0200] {logging_mixin.py:117} INFO - [2023-06-08T23:09:10.484+0200] {dagbag.py:525} INFO - Filling up the DagBag from /Users/brenda/miniconda3/envs/airflow/lib/python3.8/site-packages/airflow/example_dags/example_dag_decorator.py
[2023-06-08T23:09:10.641+0200] {processor.py:768} INFO - DAG(s) dict_keys(['example_dag_decorator']) retrieved from /Users/brenda/miniconda3/envs/airflow/lib/python3.8/site-packages/airflow/example_dags/example_dag_decorator.py
[2023-06-08T23:09:10.961+0200] {logging_mixin.py:117} INFO - [2023-06-08T23:09:10.960+0200] {dag.py:2573} INFO - Sync 1 DAGs
[2023-06-08T23:09:10.976+0200] {logging_mixin.py:117} INFO - [2023-06-08T23:09:10.976+0200] {dag.py:3324} INFO - Setting next_dagrun for example_dag_decorator to None, run_after=None
[2023-06-08T23:09:10.996+0200] {processor.py:178} INFO - Processing /Users/brenda/miniconda3/envs/airflow/lib/python3.8/site-packages/airflow/example_dags/example_dag_decorator.py took 0.515 seconds
[2023-06-08T23:09:45.030+0200] {processor.py:156} INFO - Started process (PID=16648) to work on /Users/brenda/miniconda3/envs/airflow/lib/python3.8/site-packages/airflow/example_dags/example_dag_decorator.py
[2023-06-08T23:09:45.034+0200] {processor.py:758} INFO - Processing file /Users/brenda/miniconda3/envs/airflow/lib/python3.8/site-packages/airflow/example_dags/example_dag_decorator.py for tasks to queue
[2023-06-08T23:09:45.034+0200] {logging_mixin.py:117} INFO - [2023-06-08T23:09:45.034+0200] {dagbag.py:525} INFO - Filling up the DagBag from /Users/brenda/miniconda3/envs/airflow/lib/python3.8/site-packages/airflow/example_dags/example_dag_decorator.py
[2023-06-08T23:09:45.181+0200] {processor.py:768} INFO - DAG(s) dict_keys(['example_dag_decorator']) retrieved from /Users/brenda/miniconda3/envs/airflow/lib/python3.8/site-packages/airflow/example_dags/example_dag_decorator.py
[2023-06-08T23:09:45.489+0200] {logging_mixin.py:117} INFO - [2023-06-08T23:09:45.489+0200] {dag.py:2573} INFO - Sync 1 DAGs
[2023-06-08T23:09:45.499+0200] {logging_mixin.py:117} INFO - [2023-06-08T23:09:45.499+0200] {dag.py:3324} INFO - Setting next_dagrun for example_dag_decorator to None, run_after=None
[2023-06-08T23:09:45.509+0200] {processor.py:178} INFO - Processing /Users/brenda/miniconda3/envs/airflow/lib/python3.8/site-packages/airflow/example_dags/example_dag_decorator.py took 0.479 seconds
[2023-06-08T23:10:47.823+0200] {processor.py:156} INFO - Started process (PID=16798) to work on /Users/brenda/miniconda3/envs/airflow/lib/python3.8/site-packages/airflow/example_dags/example_dag_decorator.py
[2023-06-08T23:10:47.826+0200] {processor.py:758} INFO - Processing file /Users/brenda/miniconda3/envs/airflow/lib/python3.8/site-packages/airflow/example_dags/example_dag_decorator.py for tasks to queue
[2023-06-08T23:10:47.827+0200] {logging_mixin.py:117} INFO - [2023-06-08T23:10:47.826+0200] {dagbag.py:525} INFO - Filling up the DagBag from /Users/brenda/miniconda3/envs/airflow/lib/python3.8/site-packages/airflow/example_dags/example_dag_decorator.py
[2023-06-08T23:10:47.977+0200] {processor.py:768} INFO - DAG(s) dict_keys(['example_dag_decorator']) retrieved from /Users/brenda/miniconda3/envs/airflow/lib/python3.8/site-packages/airflow/example_dags/example_dag_decorator.py
[2023-06-08T23:10:48.292+0200] {logging_mixin.py:117} INFO - [2023-06-08T23:10:48.292+0200] {dag.py:2573} INFO - Sync 1 DAGs
[2023-06-08T23:10:48.303+0200] {logging_mixin.py:117} INFO - [2023-06-08T23:10:48.302+0200] {dag.py:3324} INFO - Setting next_dagrun for example_dag_decorator to None, run_after=None
[2023-06-08T23:10:48.313+0200] {processor.py:178} INFO - Processing /Users/brenda/miniconda3/envs/airflow/lib/python3.8/site-packages/airflow/example_dags/example_dag_decorator.py took 0.491 seconds
[2023-06-08T23:11:51.230+0200] {processor.py:156} INFO - Started process (PID=16948) to work on /Users/brenda/miniconda3/envs/airflow/lib/python3.8/site-packages/airflow/example_dags/example_dag_decorator.py
[2023-06-08T23:11:51.234+0200] {processor.py:758} INFO - Processing file /Users/brenda/miniconda3/envs/airflow/lib/python3.8/site-packages/airflow/example_dags/example_dag_decorator.py for tasks to queue
[2023-06-08T23:11:51.234+0200] {logging_mixin.py:117} INFO - [2023-06-08T23:11:51.234+0200] {dagbag.py:525} INFO - Filling up the DagBag from /Users/brenda/miniconda3/envs/airflow/lib/python3.8/site-packages/airflow/example_dags/example_dag_decorator.py
[2023-06-08T23:11:51.384+0200] {processor.py:768} INFO - DAG(s) dict_keys(['example_dag_decorator']) retrieved from /Users/brenda/miniconda3/envs/airflow/lib/python3.8/site-packages/airflow/example_dags/example_dag_decorator.py
[2023-06-08T23:11:51.696+0200] {logging_mixin.py:117} INFO - [2023-06-08T23:11:51.696+0200] {dag.py:2573} INFO - Sync 1 DAGs
[2023-06-08T23:11:51.707+0200] {logging_mixin.py:117} INFO - [2023-06-08T23:11:51.707+0200] {dag.py:3324} INFO - Setting next_dagrun for example_dag_decorator to None, run_after=None
[2023-06-08T23:11:51.718+0200] {processor.py:178} INFO - Processing /Users/brenda/miniconda3/envs/airflow/lib/python3.8/site-packages/airflow/example_dags/example_dag_decorator.py took 0.488 seconds
[2023-06-08T23:12:53.649+0200] {processor.py:156} INFO - Started process (PID=17084) to work on /Users/brenda/miniconda3/envs/airflow/lib/python3.8/site-packages/airflow/example_dags/example_dag_decorator.py
[2023-06-08T23:12:53.652+0200] {processor.py:758} INFO - Processing file /Users/brenda/miniconda3/envs/airflow/lib/python3.8/site-packages/airflow/example_dags/example_dag_decorator.py for tasks to queue
[2023-06-08T23:12:53.652+0200] {logging_mixin.py:117} INFO - [2023-06-08T23:12:53.652+0200] {dagbag.py:525} INFO - Filling up the DagBag from /Users/brenda/miniconda3/envs/airflow/lib/python3.8/site-packages/airflow/example_dags/example_dag_decorator.py
[2023-06-08T23:12:53.803+0200] {processor.py:768} INFO - DAG(s) dict_keys(['example_dag_decorator']) retrieved from /Users/brenda/miniconda3/envs/airflow/lib/python3.8/site-packages/airflow/example_dags/example_dag_decorator.py
[2023-06-08T23:12:54.111+0200] {logging_mixin.py:117} INFO - [2023-06-08T23:12:54.111+0200] {dag.py:2573} INFO - Sync 1 DAGs
[2023-06-08T23:12:54.121+0200] {logging_mixin.py:117} INFO - [2023-06-08T23:12:54.121+0200] {dag.py:3324} INFO - Setting next_dagrun for example_dag_decorator to None, run_after=None
[2023-06-08T23:12:54.132+0200] {processor.py:178} INFO - Processing /Users/brenda/miniconda3/envs/airflow/lib/python3.8/site-packages/airflow/example_dags/example_dag_decorator.py took 0.484 seconds
[2023-06-08T23:15:07.994+0200] {processor.py:156} INFO - Started process (PID=17544) to work on /Users/brenda/miniconda3/envs/airflow/lib/python3.8/site-packages/airflow/example_dags/example_dag_decorator.py
[2023-06-08T23:15:07.997+0200] {processor.py:758} INFO - Processing file /Users/brenda/miniconda3/envs/airflow/lib/python3.8/site-packages/airflow/example_dags/example_dag_decorator.py for tasks to queue
[2023-06-08T23:15:07.998+0200] {logging_mixin.py:117} INFO - [2023-06-08T23:15:07.998+0200] {dagbag.py:525} INFO - Filling up the DagBag from /Users/brenda/miniconda3/envs/airflow/lib/python3.8/site-packages/airflow/example_dags/example_dag_decorator.py
[2023-06-08T23:15:08.145+0200] {processor.py:768} INFO - DAG(s) dict_keys(['example_dag_decorator']) retrieved from /Users/brenda/miniconda3/envs/airflow/lib/python3.8/site-packages/airflow/example_dags/example_dag_decorator.py
[2023-06-08T23:15:08.453+0200] {logging_mixin.py:117} INFO - [2023-06-08T23:15:08.453+0200] {dag.py:2573} INFO - Sync 1 DAGs
[2023-06-08T23:15:08.463+0200] {logging_mixin.py:117} INFO - [2023-06-08T23:15:08.463+0200] {dag.py:3324} INFO - Setting next_dagrun for example_dag_decorator to None, run_after=None
[2023-06-08T23:15:08.473+0200] {processor.py:178} INFO - Processing /Users/brenda/miniconda3/envs/airflow/lib/python3.8/site-packages/airflow/example_dags/example_dag_decorator.py took 0.480 seconds
[2023-06-08T23:15:44.049+0200] {processor.py:156} INFO - Started process (PID=17638) to work on /Users/brenda/miniconda3/envs/airflow/lib/python3.8/site-packages/airflow/example_dags/example_dag_decorator.py
[2023-06-08T23:15:44.053+0200] {processor.py:758} INFO - Processing file /Users/brenda/miniconda3/envs/airflow/lib/python3.8/site-packages/airflow/example_dags/example_dag_decorator.py for tasks to queue
[2023-06-08T23:15:44.053+0200] {logging_mixin.py:117} INFO - [2023-06-08T23:15:44.053+0200] {dagbag.py:525} INFO - Filling up the DagBag from /Users/brenda/miniconda3/envs/airflow/lib/python3.8/site-packages/airflow/example_dags/example_dag_decorator.py
[2023-06-08T23:15:44.201+0200] {processor.py:768} INFO - DAG(s) dict_keys(['example_dag_decorator']) retrieved from /Users/brenda/miniconda3/envs/airflow/lib/python3.8/site-packages/airflow/example_dags/example_dag_decorator.py
[2023-06-08T23:15:44.516+0200] {logging_mixin.py:117} INFO - [2023-06-08T23:15:44.516+0200] {dag.py:2573} INFO - Sync 1 DAGs
[2023-06-08T23:15:44.527+0200] {logging_mixin.py:117} INFO - [2023-06-08T23:15:44.526+0200] {dag.py:3324} INFO - Setting next_dagrun for example_dag_decorator to None, run_after=None
[2023-06-08T23:15:44.536+0200] {processor.py:178} INFO - Processing /Users/brenda/miniconda3/envs/airflow/lib/python3.8/site-packages/airflow/example_dags/example_dag_decorator.py took 0.488 seconds
[2023-06-08T23:16:45.786+0200] {processor.py:156} INFO - Started process (PID=17770) to work on /Users/brenda/miniconda3/envs/airflow/lib/python3.8/site-packages/airflow/example_dags/example_dag_decorator.py
[2023-06-08T23:16:45.790+0200] {processor.py:758} INFO - Processing file /Users/brenda/miniconda3/envs/airflow/lib/python3.8/site-packages/airflow/example_dags/example_dag_decorator.py for tasks to queue
[2023-06-08T23:16:45.790+0200] {logging_mixin.py:117} INFO - [2023-06-08T23:16:45.790+0200] {dagbag.py:525} INFO - Filling up the DagBag from /Users/brenda/miniconda3/envs/airflow/lib/python3.8/site-packages/airflow/example_dags/example_dag_decorator.py
[2023-06-08T23:16:45.938+0200] {processor.py:768} INFO - DAG(s) dict_keys(['example_dag_decorator']) retrieved from /Users/brenda/miniconda3/envs/airflow/lib/python3.8/site-packages/airflow/example_dags/example_dag_decorator.py
[2023-06-08T23:16:46.243+0200] {logging_mixin.py:117} INFO - [2023-06-08T23:16:46.243+0200] {dag.py:2573} INFO - Sync 1 DAGs
[2023-06-08T23:16:46.254+0200] {logging_mixin.py:117} INFO - [2023-06-08T23:16:46.254+0200] {dag.py:3324} INFO - Setting next_dagrun for example_dag_decorator to None, run_after=None
[2023-06-08T23:16:46.264+0200] {processor.py:178} INFO - Processing /Users/brenda/miniconda3/envs/airflow/lib/python3.8/site-packages/airflow/example_dags/example_dag_decorator.py took 0.479 seconds
[2023-06-08T23:17:49.895+0200] {processor.py:156} INFO - Started process (PID=17934) to work on /Users/brenda/miniconda3/envs/airflow/lib/python3.8/site-packages/airflow/example_dags/example_dag_decorator.py
[2023-06-08T23:17:49.899+0200] {processor.py:758} INFO - Processing file /Users/brenda/miniconda3/envs/airflow/lib/python3.8/site-packages/airflow/example_dags/example_dag_decorator.py for tasks to queue
[2023-06-08T23:17:49.899+0200] {logging_mixin.py:117} INFO - [2023-06-08T23:17:49.899+0200] {dagbag.py:525} INFO - Filling up the DagBag from /Users/brenda/miniconda3/envs/airflow/lib/python3.8/site-packages/airflow/example_dags/example_dag_decorator.py
[2023-06-08T23:17:50.046+0200] {processor.py:768} INFO - DAG(s) dict_keys(['example_dag_decorator']) retrieved from /Users/brenda/miniconda3/envs/airflow/lib/python3.8/site-packages/airflow/example_dags/example_dag_decorator.py
[2023-06-08T23:17:50.352+0200] {logging_mixin.py:117} INFO - [2023-06-08T23:17:50.352+0200] {dag.py:2573} INFO - Sync 1 DAGs
[2023-06-08T23:17:50.362+0200] {logging_mixin.py:117} INFO - [2023-06-08T23:17:50.362+0200] {dag.py:3324} INFO - Setting next_dagrun for example_dag_decorator to None, run_after=None
[2023-06-08T23:17:50.373+0200] {processor.py:178} INFO - Processing /Users/brenda/miniconda3/envs/airflow/lib/python3.8/site-packages/airflow/example_dags/example_dag_decorator.py took 0.478 seconds
[2023-06-08T23:18:55.199+0200] {processor.py:156} INFO - Started process (PID=18078) to work on /Users/brenda/miniconda3/envs/airflow/lib/python3.8/site-packages/airflow/example_dags/example_dag_decorator.py
[2023-06-08T23:18:55.202+0200] {processor.py:758} INFO - Processing file /Users/brenda/miniconda3/envs/airflow/lib/python3.8/site-packages/airflow/example_dags/example_dag_decorator.py for tasks to queue
[2023-06-08T23:18:55.202+0200] {logging_mixin.py:117} INFO - [2023-06-08T23:18:55.202+0200] {dagbag.py:525} INFO - Filling up the DagBag from /Users/brenda/miniconda3/envs/airflow/lib/python3.8/site-packages/airflow/example_dags/example_dag_decorator.py
[2023-06-08T23:18:55.351+0200] {processor.py:768} INFO - DAG(s) dict_keys(['example_dag_decorator']) retrieved from /Users/brenda/miniconda3/envs/airflow/lib/python3.8/site-packages/airflow/example_dags/example_dag_decorator.py
[2023-06-08T23:18:55.658+0200] {logging_mixin.py:117} INFO - [2023-06-08T23:18:55.658+0200] {dag.py:2573} INFO - Sync 1 DAGs
[2023-06-08T23:18:55.668+0200] {logging_mixin.py:117} INFO - [2023-06-08T23:18:55.668+0200] {dag.py:3324} INFO - Setting next_dagrun for example_dag_decorator to None, run_after=None
[2023-06-08T23:18:55.678+0200] {processor.py:178} INFO - Processing /Users/brenda/miniconda3/envs/airflow/lib/python3.8/site-packages/airflow/example_dags/example_dag_decorator.py took 0.480 seconds
[2023-06-08T23:21:09.171+0200] {processor.py:156} INFO - Started process (PID=18570) to work on /Users/brenda/miniconda3/envs/airflow/lib/python3.8/site-packages/airflow/example_dags/example_dag_decorator.py
[2023-06-08T23:21:09.176+0200] {processor.py:758} INFO - Processing file /Users/brenda/miniconda3/envs/airflow/lib/python3.8/site-packages/airflow/example_dags/example_dag_decorator.py for tasks to queue
[2023-06-08T23:21:09.176+0200] {logging_mixin.py:117} INFO - [2023-06-08T23:21:09.176+0200] {dagbag.py:525} INFO - Filling up the DagBag from /Users/brenda/miniconda3/envs/airflow/lib/python3.8/site-packages/airflow/example_dags/example_dag_decorator.py
[2023-06-08T23:21:09.324+0200] {processor.py:768} INFO - DAG(s) dict_keys(['example_dag_decorator']) retrieved from /Users/brenda/miniconda3/envs/airflow/lib/python3.8/site-packages/airflow/example_dags/example_dag_decorator.py
[2023-06-08T23:21:09.642+0200] {logging_mixin.py:117} INFO - [2023-06-08T23:21:09.642+0200] {dag.py:2573} INFO - Sync 1 DAGs
[2023-06-08T23:21:09.652+0200] {logging_mixin.py:117} INFO - [2023-06-08T23:21:09.652+0200] {dag.py:3324} INFO - Setting next_dagrun for example_dag_decorator to None, run_after=None
[2023-06-08T23:21:09.663+0200] {processor.py:178} INFO - Processing /Users/brenda/miniconda3/envs/airflow/lib/python3.8/site-packages/airflow/example_dags/example_dag_decorator.py took 0.492 seconds
[2023-06-08T23:21:46.015+0200] {processor.py:156} INFO - Started process (PID=18669) to work on /Users/brenda/miniconda3/envs/airflow/lib/python3.8/site-packages/airflow/example_dags/example_dag_decorator.py
[2023-06-08T23:21:46.018+0200] {processor.py:758} INFO - Processing file /Users/brenda/miniconda3/envs/airflow/lib/python3.8/site-packages/airflow/example_dags/example_dag_decorator.py for tasks to queue
[2023-06-08T23:21:46.018+0200] {logging_mixin.py:117} INFO - [2023-06-08T23:21:46.018+0200] {dagbag.py:525} INFO - Filling up the DagBag from /Users/brenda/miniconda3/envs/airflow/lib/python3.8/site-packages/airflow/example_dags/example_dag_decorator.py
[2023-06-08T23:21:46.165+0200] {processor.py:768} INFO - DAG(s) dict_keys(['example_dag_decorator']) retrieved from /Users/brenda/miniconda3/envs/airflow/lib/python3.8/site-packages/airflow/example_dags/example_dag_decorator.py
[2023-06-08T23:21:46.475+0200] {logging_mixin.py:117} INFO - [2023-06-08T23:21:46.474+0200] {dag.py:2573} INFO - Sync 1 DAGs
[2023-06-08T23:21:46.485+0200] {logging_mixin.py:117} INFO - [2023-06-08T23:21:46.485+0200] {dag.py:3324} INFO - Setting next_dagrun for example_dag_decorator to None, run_after=None
[2023-06-08T23:21:46.495+0200] {processor.py:178} INFO - Processing /Users/brenda/miniconda3/envs/airflow/lib/python3.8/site-packages/airflow/example_dags/example_dag_decorator.py took 0.481 seconds
[2023-06-08T23:22:50.874+0200] {processor.py:156} INFO - Started process (PID=18818) to work on /Users/brenda/miniconda3/envs/airflow/lib/python3.8/site-packages/airflow/example_dags/example_dag_decorator.py
[2023-06-08T23:22:50.878+0200] {processor.py:758} INFO - Processing file /Users/brenda/miniconda3/envs/airflow/lib/python3.8/site-packages/airflow/example_dags/example_dag_decorator.py for tasks to queue
[2023-06-08T23:22:50.878+0200] {logging_mixin.py:117} INFO - [2023-06-08T23:22:50.878+0200] {dagbag.py:525} INFO - Filling up the DagBag from /Users/brenda/miniconda3/envs/airflow/lib/python3.8/site-packages/airflow/example_dags/example_dag_decorator.py
[2023-06-08T23:22:51.025+0200] {processor.py:768} INFO - DAG(s) dict_keys(['example_dag_decorator']) retrieved from /Users/brenda/miniconda3/envs/airflow/lib/python3.8/site-packages/airflow/example_dags/example_dag_decorator.py
[2023-06-08T23:22:51.335+0200] {logging_mixin.py:117} INFO - [2023-06-08T23:22:51.335+0200] {dag.py:2573} INFO - Sync 1 DAGs
[2023-06-08T23:22:51.346+0200] {logging_mixin.py:117} INFO - [2023-06-08T23:22:51.346+0200] {dag.py:3324} INFO - Setting next_dagrun for example_dag_decorator to None, run_after=None
[2023-06-08T23:22:51.357+0200] {processor.py:178} INFO - Processing /Users/brenda/miniconda3/envs/airflow/lib/python3.8/site-packages/airflow/example_dags/example_dag_decorator.py took 0.483 seconds
[2023-06-08T23:23:57.215+0200] {processor.py:156} INFO - Started process (PID=18986) to work on /Users/brenda/miniconda3/envs/airflow/lib/python3.8/site-packages/airflow/example_dags/example_dag_decorator.py
[2023-06-08T23:23:57.218+0200] {processor.py:758} INFO - Processing file /Users/brenda/miniconda3/envs/airflow/lib/python3.8/site-packages/airflow/example_dags/example_dag_decorator.py for tasks to queue
[2023-06-08T23:23:57.219+0200] {logging_mixin.py:117} INFO - [2023-06-08T23:23:57.219+0200] {dagbag.py:525} INFO - Filling up the DagBag from /Users/brenda/miniconda3/envs/airflow/lib/python3.8/site-packages/airflow/example_dags/example_dag_decorator.py
[2023-06-08T23:23:57.368+0200] {processor.py:768} INFO - DAG(s) dict_keys(['example_dag_decorator']) retrieved from /Users/brenda/miniconda3/envs/airflow/lib/python3.8/site-packages/airflow/example_dags/example_dag_decorator.py
[2023-06-08T23:23:57.679+0200] {logging_mixin.py:117} INFO - [2023-06-08T23:23:57.679+0200] {dag.py:2573} INFO - Sync 1 DAGs
[2023-06-08T23:23:57.689+0200] {logging_mixin.py:117} INFO - [2023-06-08T23:23:57.689+0200] {dag.py:3324} INFO - Setting next_dagrun for example_dag_decorator to None, run_after=None
[2023-06-08T23:23:57.700+0200] {processor.py:178} INFO - Processing /Users/brenda/miniconda3/envs/airflow/lib/python3.8/site-packages/airflow/example_dags/example_dag_decorator.py took 0.485 seconds
[2023-06-08T23:25:19.339+0200] {processor.py:156} INFO - Started process (PID=19204) to work on /Users/brenda/miniconda3/envs/airflow/lib/python3.8/site-packages/airflow/example_dags/example_dag_decorator.py
[2023-06-08T23:25:19.343+0200] {processor.py:758} INFO - Processing file /Users/brenda/miniconda3/envs/airflow/lib/python3.8/site-packages/airflow/example_dags/example_dag_decorator.py for tasks to queue
[2023-06-08T23:25:19.343+0200] {logging_mixin.py:117} INFO - [2023-06-08T23:25:19.343+0200] {dagbag.py:525} INFO - Filling up the DagBag from /Users/brenda/miniconda3/envs/airflow/lib/python3.8/site-packages/airflow/example_dags/example_dag_decorator.py
[2023-06-08T23:25:19.492+0200] {processor.py:768} INFO - DAG(s) dict_keys(['example_dag_decorator']) retrieved from /Users/brenda/miniconda3/envs/airflow/lib/python3.8/site-packages/airflow/example_dags/example_dag_decorator.py
[2023-06-08T23:25:19.802+0200] {logging_mixin.py:117} INFO - [2023-06-08T23:25:19.802+0200] {dag.py:2573} INFO - Sync 1 DAGs
[2023-06-08T23:25:19.812+0200] {logging_mixin.py:117} INFO - [2023-06-08T23:25:19.812+0200] {dag.py:3324} INFO - Setting next_dagrun for example_dag_decorator to None, run_after=None
[2023-06-08T23:25:19.823+0200] {processor.py:178} INFO - Processing /Users/brenda/miniconda3/envs/airflow/lib/python3.8/site-packages/airflow/example_dags/example_dag_decorator.py took 0.484 seconds
[2023-06-08T23:26:43.323+0200] {processor.py:156} INFO - Started process (PID=19532) to work on /Users/brenda/miniconda3/envs/airflow/lib/python3.8/site-packages/airflow/example_dags/example_dag_decorator.py
[2023-06-08T23:26:43.327+0200] {processor.py:758} INFO - Processing file /Users/brenda/miniconda3/envs/airflow/lib/python3.8/site-packages/airflow/example_dags/example_dag_decorator.py for tasks to queue
[2023-06-08T23:26:43.327+0200] {logging_mixin.py:117} INFO - [2023-06-08T23:26:43.327+0200] {dagbag.py:525} INFO - Filling up the DagBag from /Users/brenda/miniconda3/envs/airflow/lib/python3.8/site-packages/airflow/example_dags/example_dag_decorator.py
[2023-06-08T23:26:43.474+0200] {processor.py:768} INFO - DAG(s) dict_keys(['example_dag_decorator']) retrieved from /Users/brenda/miniconda3/envs/airflow/lib/python3.8/site-packages/airflow/example_dags/example_dag_decorator.py
[2023-06-08T23:26:43.821+0200] {logging_mixin.py:117} INFO - [2023-06-08T23:26:43.821+0200] {dag.py:2573} INFO - Sync 1 DAGs
[2023-06-08T23:26:43.832+0200] {logging_mixin.py:117} INFO - [2023-06-08T23:26:43.832+0200] {dag.py:3324} INFO - Setting next_dagrun for example_dag_decorator to None, run_after=None
[2023-06-08T23:26:43.843+0200] {processor.py:178} INFO - Processing /Users/brenda/miniconda3/envs/airflow/lib/python3.8/site-packages/airflow/example_dags/example_dag_decorator.py took 0.520 seconds
[2023-06-08T23:27:20.006+0200] {processor.py:156} INFO - Started process (PID=19614) to work on /Users/brenda/miniconda3/envs/airflow/lib/python3.8/site-packages/airflow/example_dags/example_dag_decorator.py
[2023-06-08T23:27:20.010+0200] {processor.py:758} INFO - Processing file /Users/brenda/miniconda3/envs/airflow/lib/python3.8/site-packages/airflow/example_dags/example_dag_decorator.py for tasks to queue
[2023-06-08T23:27:20.010+0200] {logging_mixin.py:117} INFO - [2023-06-08T23:27:20.010+0200] {dagbag.py:525} INFO - Filling up the DagBag from /Users/brenda/miniconda3/envs/airflow/lib/python3.8/site-packages/airflow/example_dags/example_dag_decorator.py
[2023-06-08T23:27:20.163+0200] {processor.py:768} INFO - DAG(s) dict_keys(['example_dag_decorator']) retrieved from /Users/brenda/miniconda3/envs/airflow/lib/python3.8/site-packages/airflow/example_dags/example_dag_decorator.py
[2023-06-08T23:27:20.476+0200] {logging_mixin.py:117} INFO - [2023-06-08T23:27:20.476+0200] {dag.py:2573} INFO - Sync 1 DAGs
[2023-06-08T23:27:20.488+0200] {logging_mixin.py:117} INFO - [2023-06-08T23:27:20.488+0200] {dag.py:3324} INFO - Setting next_dagrun for example_dag_decorator to None, run_after=None
[2023-06-08T23:27:20.499+0200] {processor.py:178} INFO - Processing /Users/brenda/miniconda3/envs/airflow/lib/python3.8/site-packages/airflow/example_dags/example_dag_decorator.py took 0.493 seconds
[2023-06-08T23:28:23.753+0200] {processor.py:156} INFO - Started process (PID=19757) to work on /Users/brenda/miniconda3/envs/airflow/lib/python3.8/site-packages/airflow/example_dags/example_dag_decorator.py
[2023-06-08T23:28:23.757+0200] {processor.py:758} INFO - Processing file /Users/brenda/miniconda3/envs/airflow/lib/python3.8/site-packages/airflow/example_dags/example_dag_decorator.py for tasks to queue
[2023-06-08T23:28:23.757+0200] {logging_mixin.py:117} INFO - [2023-06-08T23:28:23.757+0200] {dagbag.py:525} INFO - Filling up the DagBag from /Users/brenda/miniconda3/envs/airflow/lib/python3.8/site-packages/airflow/example_dags/example_dag_decorator.py
[2023-06-08T23:28:23.906+0200] {processor.py:768} INFO - DAG(s) dict_keys(['example_dag_decorator']) retrieved from /Users/brenda/miniconda3/envs/airflow/lib/python3.8/site-packages/airflow/example_dags/example_dag_decorator.py
[2023-06-08T23:28:24.213+0200] {logging_mixin.py:117} INFO - [2023-06-08T23:28:24.213+0200] {dag.py:2573} INFO - Sync 1 DAGs
[2023-06-08T23:28:24.224+0200] {logging_mixin.py:117} INFO - [2023-06-08T23:28:24.224+0200] {dag.py:3324} INFO - Setting next_dagrun for example_dag_decorator to None, run_after=None
[2023-06-08T23:28:24.234+0200] {processor.py:178} INFO - Processing /Users/brenda/miniconda3/envs/airflow/lib/python3.8/site-packages/airflow/example_dags/example_dag_decorator.py took 0.481 seconds
[2023-06-08T23:29:28.721+0200] {processor.py:156} INFO - Started process (PID=19910) to work on /Users/brenda/miniconda3/envs/airflow/lib/python3.8/site-packages/airflow/example_dags/example_dag_decorator.py
[2023-06-08T23:29:28.725+0200] {processor.py:758} INFO - Processing file /Users/brenda/miniconda3/envs/airflow/lib/python3.8/site-packages/airflow/example_dags/example_dag_decorator.py for tasks to queue
[2023-06-08T23:29:28.726+0200] {logging_mixin.py:117} INFO - [2023-06-08T23:29:28.726+0200] {dagbag.py:525} INFO - Filling up the DagBag from /Users/brenda/miniconda3/envs/airflow/lib/python3.8/site-packages/airflow/example_dags/example_dag_decorator.py
[2023-06-08T23:29:28.874+0200] {processor.py:768} INFO - DAG(s) dict_keys(['example_dag_decorator']) retrieved from /Users/brenda/miniconda3/envs/airflow/lib/python3.8/site-packages/airflow/example_dags/example_dag_decorator.py
[2023-06-08T23:29:29.194+0200] {logging_mixin.py:117} INFO - [2023-06-08T23:29:29.194+0200] {dag.py:2573} INFO - Sync 1 DAGs
[2023-06-08T23:29:29.204+0200] {logging_mixin.py:117} INFO - [2023-06-08T23:29:29.204+0200] {dag.py:3324} INFO - Setting next_dagrun for example_dag_decorator to None, run_after=None
[2023-06-08T23:29:29.215+0200] {processor.py:178} INFO - Processing /Users/brenda/miniconda3/envs/airflow/lib/python3.8/site-packages/airflow/example_dags/example_dag_decorator.py took 0.494 seconds
[2023-06-08T23:30:50.835+0200] {processor.py:156} INFO - Started process (PID=20122) to work on /Users/brenda/miniconda3/envs/airflow/lib/python3.8/site-packages/airflow/example_dags/example_dag_decorator.py
[2023-06-08T23:30:50.838+0200] {processor.py:758} INFO - Processing file /Users/brenda/miniconda3/envs/airflow/lib/python3.8/site-packages/airflow/example_dags/example_dag_decorator.py for tasks to queue
[2023-06-08T23:30:50.838+0200] {logging_mixin.py:117} INFO - [2023-06-08T23:30:50.838+0200] {dagbag.py:525} INFO - Filling up the DagBag from /Users/brenda/miniconda3/envs/airflow/lib/python3.8/site-packages/airflow/example_dags/example_dag_decorator.py
[2023-06-08T23:30:50.987+0200] {processor.py:768} INFO - DAG(s) dict_keys(['example_dag_decorator']) retrieved from /Users/brenda/miniconda3/envs/airflow/lib/python3.8/site-packages/airflow/example_dags/example_dag_decorator.py
[2023-06-08T23:30:51.309+0200] {logging_mixin.py:117} INFO - [2023-06-08T23:30:51.309+0200] {dag.py:2573} INFO - Sync 1 DAGs
[2023-06-08T23:30:51.319+0200] {logging_mixin.py:117} INFO - [2023-06-08T23:30:51.319+0200] {dag.py:3324} INFO - Setting next_dagrun for example_dag_decorator to None, run_after=None
[2023-06-08T23:30:51.329+0200] {processor.py:178} INFO - Processing /Users/brenda/miniconda3/envs/airflow/lib/python3.8/site-packages/airflow/example_dags/example_dag_decorator.py took 0.495 seconds
[2023-06-08T23:32:40.899+0200] {processor.py:156} INFO - Started process (PID=20526) to work on /Users/brenda/miniconda3/envs/airflow/lib/python3.8/site-packages/airflow/example_dags/example_dag_decorator.py
[2023-06-08T23:32:40.903+0200] {processor.py:758} INFO - Processing file /Users/brenda/miniconda3/envs/airflow/lib/python3.8/site-packages/airflow/example_dags/example_dag_decorator.py for tasks to queue
[2023-06-08T23:32:40.903+0200] {logging_mixin.py:117} INFO - [2023-06-08T23:32:40.903+0200] {dagbag.py:525} INFO - Filling up the DagBag from /Users/brenda/miniconda3/envs/airflow/lib/python3.8/site-packages/airflow/example_dags/example_dag_decorator.py
[2023-06-08T23:32:41.077+0200] {processor.py:768} INFO - DAG(s) dict_keys(['example_dag_decorator']) retrieved from /Users/brenda/miniconda3/envs/airflow/lib/python3.8/site-packages/airflow/example_dags/example_dag_decorator.py
[2023-06-08T23:32:41.446+0200] {logging_mixin.py:117} INFO - [2023-06-08T23:32:41.446+0200] {dag.py:2573} INFO - Sync 1 DAGs
[2023-06-08T23:32:41.457+0200] {logging_mixin.py:117} INFO - [2023-06-08T23:32:41.457+0200] {dag.py:3324} INFO - Setting next_dagrun for example_dag_decorator to None, run_after=None
[2023-06-08T23:32:41.468+0200] {processor.py:178} INFO - Processing /Users/brenda/miniconda3/envs/airflow/lib/python3.8/site-packages/airflow/example_dags/example_dag_decorator.py took 0.569 seconds
[2023-06-08T23:33:14.466+0200] {processor.py:156} INFO - Started process (PID=20614) to work on /Users/brenda/miniconda3/envs/airflow/lib/python3.8/site-packages/airflow/example_dags/example_dag_decorator.py
[2023-06-08T23:33:14.470+0200] {processor.py:758} INFO - Processing file /Users/brenda/miniconda3/envs/airflow/lib/python3.8/site-packages/airflow/example_dags/example_dag_decorator.py for tasks to queue
[2023-06-08T23:33:14.471+0200] {logging_mixin.py:117} INFO - [2023-06-08T23:33:14.470+0200] {dagbag.py:525} INFO - Filling up the DagBag from /Users/brenda/miniconda3/envs/airflow/lib/python3.8/site-packages/airflow/example_dags/example_dag_decorator.py
[2023-06-08T23:33:14.629+0200] {processor.py:768} INFO - DAG(s) dict_keys(['example_dag_decorator']) retrieved from /Users/brenda/miniconda3/envs/airflow/lib/python3.8/site-packages/airflow/example_dags/example_dag_decorator.py
[2023-06-08T23:33:14.956+0200] {logging_mixin.py:117} INFO - [2023-06-08T23:33:14.956+0200] {dag.py:2573} INFO - Sync 1 DAGs
[2023-06-08T23:33:14.966+0200] {logging_mixin.py:117} INFO - [2023-06-08T23:33:14.966+0200] {dag.py:3324} INFO - Setting next_dagrun for example_dag_decorator to None, run_after=None
[2023-06-08T23:33:14.977+0200] {processor.py:178} INFO - Processing /Users/brenda/miniconda3/envs/airflow/lib/python3.8/site-packages/airflow/example_dags/example_dag_decorator.py took 0.511 seconds
[2023-06-08T23:34:18.076+0200] {processor.py:156} INFO - Started process (PID=20749) to work on /Users/brenda/miniconda3/envs/airflow/lib/python3.8/site-packages/airflow/example_dags/example_dag_decorator.py
[2023-06-08T23:34:18.080+0200] {processor.py:758} INFO - Processing file /Users/brenda/miniconda3/envs/airflow/lib/python3.8/site-packages/airflow/example_dags/example_dag_decorator.py for tasks to queue
[2023-06-08T23:34:18.080+0200] {logging_mixin.py:117} INFO - [2023-06-08T23:34:18.080+0200] {dagbag.py:525} INFO - Filling up the DagBag from /Users/brenda/miniconda3/envs/airflow/lib/python3.8/site-packages/airflow/example_dags/example_dag_decorator.py
[2023-06-08T23:34:18.232+0200] {processor.py:768} INFO - DAG(s) dict_keys(['example_dag_decorator']) retrieved from /Users/brenda/miniconda3/envs/airflow/lib/python3.8/site-packages/airflow/example_dags/example_dag_decorator.py
[2023-06-08T23:34:18.548+0200] {logging_mixin.py:117} INFO - [2023-06-08T23:34:18.548+0200] {dag.py:2573} INFO - Sync 1 DAGs
[2023-06-08T23:34:18.558+0200] {logging_mixin.py:117} INFO - [2023-06-08T23:34:18.558+0200] {dag.py:3324} INFO - Setting next_dagrun for example_dag_decorator to None, run_after=None
[2023-06-08T23:34:18.569+0200] {processor.py:178} INFO - Processing /Users/brenda/miniconda3/envs/airflow/lib/python3.8/site-packages/airflow/example_dags/example_dag_decorator.py took 0.493 seconds
[2023-06-08T23:35:30.140+0200] {processor.py:156} INFO - Started process (PID=20920) to work on /Users/brenda/miniconda3/envs/airflow/lib/python3.8/site-packages/airflow/example_dags/example_dag_decorator.py
[2023-06-08T23:35:30.143+0200] {processor.py:758} INFO - Processing file /Users/brenda/miniconda3/envs/airflow/lib/python3.8/site-packages/airflow/example_dags/example_dag_decorator.py for tasks to queue
[2023-06-08T23:35:30.143+0200] {logging_mixin.py:117} INFO - [2023-06-08T23:35:30.143+0200] {dagbag.py:525} INFO - Filling up the DagBag from /Users/brenda/miniconda3/envs/airflow/lib/python3.8/site-packages/airflow/example_dags/example_dag_decorator.py
[2023-06-08T23:35:30.295+0200] {processor.py:768} INFO - DAG(s) dict_keys(['example_dag_decorator']) retrieved from /Users/brenda/miniconda3/envs/airflow/lib/python3.8/site-packages/airflow/example_dags/example_dag_decorator.py
[2023-06-08T23:35:30.614+0200] {logging_mixin.py:117} INFO - [2023-06-08T23:35:30.613+0200] {dag.py:2573} INFO - Sync 1 DAGs
[2023-06-08T23:35:30.625+0200] {logging_mixin.py:117} INFO - [2023-06-08T23:35:30.625+0200] {dag.py:3324} INFO - Setting next_dagrun for example_dag_decorator to None, run_after=None
[2023-06-08T23:35:30.635+0200] {processor.py:178} INFO - Processing /Users/brenda/miniconda3/envs/airflow/lib/python3.8/site-packages/airflow/example_dags/example_dag_decorator.py took 0.496 seconds
[2023-06-08T23:36:16.529+0200] {processor.py:156} INFO - Started process (PID=21041) to work on /Users/brenda/miniconda3/envs/airflow/lib/python3.8/site-packages/airflow/example_dags/example_dag_decorator.py
[2023-06-08T23:36:16.533+0200] {processor.py:758} INFO - Processing file /Users/brenda/miniconda3/envs/airflow/lib/python3.8/site-packages/airflow/example_dags/example_dag_decorator.py for tasks to queue
[2023-06-08T23:36:16.534+0200] {logging_mixin.py:117} INFO - [2023-06-08T23:36:16.533+0200] {dagbag.py:525} INFO - Filling up the DagBag from /Users/brenda/miniconda3/envs/airflow/lib/python3.8/site-packages/airflow/example_dags/example_dag_decorator.py
[2023-06-08T23:36:16.682+0200] {processor.py:768} INFO - DAG(s) dict_keys(['example_dag_decorator']) retrieved from /Users/brenda/miniconda3/envs/airflow/lib/python3.8/site-packages/airflow/example_dags/example_dag_decorator.py
[2023-06-08T23:36:16.992+0200] {logging_mixin.py:117} INFO - [2023-06-08T23:36:16.991+0200] {dag.py:2573} INFO - Sync 1 DAGs
[2023-06-08T23:36:17.002+0200] {logging_mixin.py:117} INFO - [2023-06-08T23:36:17.002+0200] {dag.py:3324} INFO - Setting next_dagrun for example_dag_decorator to None, run_after=None
[2023-06-08T23:36:17.012+0200] {processor.py:178} INFO - Processing /Users/brenda/miniconda3/envs/airflow/lib/python3.8/site-packages/airflow/example_dags/example_dag_decorator.py took 0.483 seconds
[2023-06-08T23:37:45.462+0200] {processor.py:156} INFO - Started process (PID=21364) to work on /Users/brenda/miniconda3/envs/airflow/lib/python3.8/site-packages/airflow/example_dags/example_dag_decorator.py
[2023-06-08T23:37:45.465+0200] {processor.py:758} INFO - Processing file /Users/brenda/miniconda3/envs/airflow/lib/python3.8/site-packages/airflow/example_dags/example_dag_decorator.py for tasks to queue
[2023-06-08T23:37:45.465+0200] {logging_mixin.py:117} INFO - [2023-06-08T23:37:45.465+0200] {dagbag.py:525} INFO - Filling up the DagBag from /Users/brenda/miniconda3/envs/airflow/lib/python3.8/site-packages/airflow/example_dags/example_dag_decorator.py
[2023-06-08T23:37:45.612+0200] {processor.py:768} INFO - DAG(s) dict_keys(['example_dag_decorator']) retrieved from /Users/brenda/miniconda3/envs/airflow/lib/python3.8/site-packages/airflow/example_dags/example_dag_decorator.py
[2023-06-08T23:37:45.922+0200] {logging_mixin.py:117} INFO - [2023-06-08T23:37:45.922+0200] {dag.py:2573} INFO - Sync 1 DAGs
[2023-06-08T23:37:45.933+0200] {logging_mixin.py:117} INFO - [2023-06-08T23:37:45.933+0200] {dag.py:3324} INFO - Setting next_dagrun for example_dag_decorator to None, run_after=None
[2023-06-08T23:37:45.943+0200] {processor.py:178} INFO - Processing /Users/brenda/miniconda3/envs/airflow/lib/python3.8/site-packages/airflow/example_dags/example_dag_decorator.py took 0.482 seconds
[2023-06-08T23:38:17.765+0200] {processor.py:156} INFO - Started process (PID=21444) to work on /Users/brenda/miniconda3/envs/airflow/lib/python3.8/site-packages/airflow/example_dags/example_dag_decorator.py
[2023-06-08T23:38:17.769+0200] {processor.py:758} INFO - Processing file /Users/brenda/miniconda3/envs/airflow/lib/python3.8/site-packages/airflow/example_dags/example_dag_decorator.py for tasks to queue
[2023-06-08T23:38:17.769+0200] {logging_mixin.py:117} INFO - [2023-06-08T23:38:17.769+0200] {dagbag.py:525} INFO - Filling up the DagBag from /Users/brenda/miniconda3/envs/airflow/lib/python3.8/site-packages/airflow/example_dags/example_dag_decorator.py
[2023-06-08T23:38:17.918+0200] {processor.py:768} INFO - DAG(s) dict_keys(['example_dag_decorator']) retrieved from /Users/brenda/miniconda3/envs/airflow/lib/python3.8/site-packages/airflow/example_dags/example_dag_decorator.py
[2023-06-08T23:38:18.227+0200] {logging_mixin.py:117} INFO - [2023-06-08T23:38:18.227+0200] {dag.py:2573} INFO - Sync 1 DAGs
[2023-06-08T23:38:18.237+0200] {logging_mixin.py:117} INFO - [2023-06-08T23:38:18.237+0200] {dag.py:3324} INFO - Setting next_dagrun for example_dag_decorator to None, run_after=None
[2023-06-08T23:38:18.248+0200] {processor.py:178} INFO - Processing /Users/brenda/miniconda3/envs/airflow/lib/python3.8/site-packages/airflow/example_dags/example_dag_decorator.py took 0.483 seconds
[2023-06-08T23:39:20.858+0200] {processor.py:156} INFO - Started process (PID=21592) to work on /Users/brenda/miniconda3/envs/airflow/lib/python3.8/site-packages/airflow/example_dags/example_dag_decorator.py
[2023-06-08T23:39:20.862+0200] {processor.py:758} INFO - Processing file /Users/brenda/miniconda3/envs/airflow/lib/python3.8/site-packages/airflow/example_dags/example_dag_decorator.py for tasks to queue
[2023-06-08T23:39:20.862+0200] {logging_mixin.py:117} INFO - [2023-06-08T23:39:20.862+0200] {dagbag.py:525} INFO - Filling up the DagBag from /Users/brenda/miniconda3/envs/airflow/lib/python3.8/site-packages/airflow/example_dags/example_dag_decorator.py
[2023-06-08T23:39:21.012+0200] {processor.py:768} INFO - DAG(s) dict_keys(['example_dag_decorator']) retrieved from /Users/brenda/miniconda3/envs/airflow/lib/python3.8/site-packages/airflow/example_dags/example_dag_decorator.py
[2023-06-08T23:39:21.326+0200] {logging_mixin.py:117} INFO - [2023-06-08T23:39:21.326+0200] {dag.py:2573} INFO - Sync 1 DAGs
[2023-06-08T23:39:21.337+0200] {logging_mixin.py:117} INFO - [2023-06-08T23:39:21.337+0200] {dag.py:3324} INFO - Setting next_dagrun for example_dag_decorator to None, run_after=None
[2023-06-08T23:39:21.349+0200] {processor.py:178} INFO - Processing /Users/brenda/miniconda3/envs/airflow/lib/python3.8/site-packages/airflow/example_dags/example_dag_decorator.py took 0.492 seconds
[2023-06-08T23:40:23.121+0200] {processor.py:156} INFO - Started process (PID=21727) to work on /Users/brenda/miniconda3/envs/airflow/lib/python3.8/site-packages/airflow/example_dags/example_dag_decorator.py
[2023-06-08T23:40:23.125+0200] {processor.py:758} INFO - Processing file /Users/brenda/miniconda3/envs/airflow/lib/python3.8/site-packages/airflow/example_dags/example_dag_decorator.py for tasks to queue
[2023-06-08T23:40:23.125+0200] {logging_mixin.py:117} INFO - [2023-06-08T23:40:23.125+0200] {dagbag.py:525} INFO - Filling up the DagBag from /Users/brenda/miniconda3/envs/airflow/lib/python3.8/site-packages/airflow/example_dags/example_dag_decorator.py
[2023-06-08T23:40:23.275+0200] {processor.py:768} INFO - DAG(s) dict_keys(['example_dag_decorator']) retrieved from /Users/brenda/miniconda3/envs/airflow/lib/python3.8/site-packages/airflow/example_dags/example_dag_decorator.py
[2023-06-08T23:40:23.588+0200] {logging_mixin.py:117} INFO - [2023-06-08T23:40:23.588+0200] {dag.py:2573} INFO - Sync 1 DAGs
[2023-06-08T23:40:23.598+0200] {logging_mixin.py:117} INFO - [2023-06-08T23:40:23.598+0200] {dag.py:3324} INFO - Setting next_dagrun for example_dag_decorator to None, run_after=None
[2023-06-08T23:40:23.609+0200] {processor.py:178} INFO - Processing /Users/brenda/miniconda3/envs/airflow/lib/python3.8/site-packages/airflow/example_dags/example_dag_decorator.py took 0.488 seconds
[2023-06-08T23:41:40.620+0200] {processor.py:156} INFO - Started process (PID=21930) to work on /Users/brenda/miniconda3/envs/airflow/lib/python3.8/site-packages/airflow/example_dags/example_dag_decorator.py
[2023-06-08T23:41:40.623+0200] {processor.py:758} INFO - Processing file /Users/brenda/miniconda3/envs/airflow/lib/python3.8/site-packages/airflow/example_dags/example_dag_decorator.py for tasks to queue
[2023-06-08T23:41:40.624+0200] {logging_mixin.py:117} INFO - [2023-06-08T23:41:40.624+0200] {dagbag.py:525} INFO - Filling up the DagBag from /Users/brenda/miniconda3/envs/airflow/lib/python3.8/site-packages/airflow/example_dags/example_dag_decorator.py
[2023-06-08T23:41:40.885+0200] {processor.py:768} INFO - DAG(s) dict_keys(['example_dag_decorator']) retrieved from /Users/brenda/miniconda3/envs/airflow/lib/python3.8/site-packages/airflow/example_dags/example_dag_decorator.py
[2023-06-08T23:41:41.328+0200] {logging_mixin.py:117} INFO - [2023-06-08T23:41:41.328+0200] {dag.py:2573} INFO - Sync 1 DAGs
[2023-06-08T23:41:41.340+0200] {logging_mixin.py:117} INFO - [2023-06-08T23:41:41.339+0200] {dag.py:3324} INFO - Setting next_dagrun for example_dag_decorator to None, run_after=None
[2023-06-08T23:41:41.352+0200] {processor.py:178} INFO - Processing /Users/brenda/miniconda3/envs/airflow/lib/python3.8/site-packages/airflow/example_dags/example_dag_decorator.py took 0.732 seconds
[2023-06-08T23:42:59.789+0200] {processor.py:156} INFO - Started process (PID=22182) to work on /Users/brenda/miniconda3/envs/airflow/lib/python3.8/site-packages/airflow/example_dags/example_dag_decorator.py
[2023-06-08T23:42:59.793+0200] {processor.py:758} INFO - Processing file /Users/brenda/miniconda3/envs/airflow/lib/python3.8/site-packages/airflow/example_dags/example_dag_decorator.py for tasks to queue
[2023-06-08T23:42:59.794+0200] {logging_mixin.py:117} INFO - [2023-06-08T23:42:59.793+0200] {dagbag.py:525} INFO - Filling up the DagBag from /Users/brenda/miniconda3/envs/airflow/lib/python3.8/site-packages/airflow/example_dags/example_dag_decorator.py
[2023-06-08T23:42:59.944+0200] {processor.py:768} INFO - DAG(s) dict_keys(['example_dag_decorator']) retrieved from /Users/brenda/miniconda3/envs/airflow/lib/python3.8/site-packages/airflow/example_dags/example_dag_decorator.py
[2023-06-08T23:43:00.331+0200] {logging_mixin.py:117} INFO - [2023-06-08T23:43:00.331+0200] {dag.py:2573} INFO - Sync 1 DAGs
[2023-06-08T23:43:00.341+0200] {logging_mixin.py:117} INFO - [2023-06-08T23:43:00.341+0200] {dag.py:3324} INFO - Setting next_dagrun for example_dag_decorator to None, run_after=None
[2023-06-08T23:43:00.353+0200] {processor.py:178} INFO - Processing /Users/brenda/miniconda3/envs/airflow/lib/python3.8/site-packages/airflow/example_dags/example_dag_decorator.py took 0.564 seconds
[2023-06-08T23:43:45.590+0200] {processor.py:156} INFO - Started process (PID=22336) to work on /Users/brenda/miniconda3/envs/airflow/lib/python3.8/site-packages/airflow/example_dags/example_dag_decorator.py
[2023-06-08T23:43:45.594+0200] {processor.py:758} INFO - Processing file /Users/brenda/miniconda3/envs/airflow/lib/python3.8/site-packages/airflow/example_dags/example_dag_decorator.py for tasks to queue
[2023-06-08T23:43:45.594+0200] {logging_mixin.py:117} INFO - [2023-06-08T23:43:45.594+0200] {dagbag.py:525} INFO - Filling up the DagBag from /Users/brenda/miniconda3/envs/airflow/lib/python3.8/site-packages/airflow/example_dags/example_dag_decorator.py
[2023-06-08T23:43:45.741+0200] {processor.py:768} INFO - DAG(s) dict_keys(['example_dag_decorator']) retrieved from /Users/brenda/miniconda3/envs/airflow/lib/python3.8/site-packages/airflow/example_dags/example_dag_decorator.py
[2023-06-08T23:43:46.065+0200] {logging_mixin.py:117} INFO - [2023-06-08T23:43:46.065+0200] {dag.py:2573} INFO - Sync 1 DAGs
[2023-06-08T23:43:46.076+0200] {logging_mixin.py:117} INFO - [2023-06-08T23:43:46.076+0200] {dag.py:3324} INFO - Setting next_dagrun for example_dag_decorator to None, run_after=None
[2023-06-08T23:43:46.089+0200] {processor.py:178} INFO - Processing /Users/brenda/miniconda3/envs/airflow/lib/python3.8/site-packages/airflow/example_dags/example_dag_decorator.py took 0.499 seconds
[2023-06-08T23:44:20.999+0200] {processor.py:156} INFO - Started process (PID=22416) to work on /Users/brenda/miniconda3/envs/airflow/lib/python3.8/site-packages/airflow/example_dags/example_dag_decorator.py
[2023-06-08T23:44:21.003+0200] {processor.py:758} INFO - Processing file /Users/brenda/miniconda3/envs/airflow/lib/python3.8/site-packages/airflow/example_dags/example_dag_decorator.py for tasks to queue
[2023-06-08T23:44:21.003+0200] {logging_mixin.py:117} INFO - [2023-06-08T23:44:21.003+0200] {dagbag.py:525} INFO - Filling up the DagBag from /Users/brenda/miniconda3/envs/airflow/lib/python3.8/site-packages/airflow/example_dags/example_dag_decorator.py
[2023-06-08T23:44:21.152+0200] {processor.py:768} INFO - DAG(s) dict_keys(['example_dag_decorator']) retrieved from /Users/brenda/miniconda3/envs/airflow/lib/python3.8/site-packages/airflow/example_dags/example_dag_decorator.py
[2023-06-08T23:44:21.462+0200] {logging_mixin.py:117} INFO - [2023-06-08T23:44:21.462+0200] {dag.py:2573} INFO - Sync 1 DAGs
[2023-06-08T23:44:21.473+0200] {logging_mixin.py:117} INFO - [2023-06-08T23:44:21.472+0200] {dag.py:3324} INFO - Setting next_dagrun for example_dag_decorator to None, run_after=None
[2023-06-08T23:44:21.484+0200] {processor.py:178} INFO - Processing /Users/brenda/miniconda3/envs/airflow/lib/python3.8/site-packages/airflow/example_dags/example_dag_decorator.py took 0.485 seconds
[2023-06-08T23:45:26.018+0200] {processor.py:156} INFO - Started process (PID=22555) to work on /Users/brenda/miniconda3/envs/airflow/lib/python3.8/site-packages/airflow/example_dags/example_dag_decorator.py
[2023-06-08T23:45:26.022+0200] {processor.py:758} INFO - Processing file /Users/brenda/miniconda3/envs/airflow/lib/python3.8/site-packages/airflow/example_dags/example_dag_decorator.py for tasks to queue
[2023-06-08T23:45:26.022+0200] {logging_mixin.py:117} INFO - [2023-06-08T23:45:26.022+0200] {dagbag.py:525} INFO - Filling up the DagBag from /Users/brenda/miniconda3/envs/airflow/lib/python3.8/site-packages/airflow/example_dags/example_dag_decorator.py
[2023-06-08T23:45:26.170+0200] {processor.py:768} INFO - DAG(s) dict_keys(['example_dag_decorator']) retrieved from /Users/brenda/miniconda3/envs/airflow/lib/python3.8/site-packages/airflow/example_dags/example_dag_decorator.py
[2023-06-08T23:45:26.488+0200] {logging_mixin.py:117} INFO - [2023-06-08T23:45:26.487+0200] {dag.py:2573} INFO - Sync 1 DAGs
[2023-06-08T23:45:26.498+0200] {logging_mixin.py:117} INFO - [2023-06-08T23:45:26.498+0200] {dag.py:3324} INFO - Setting next_dagrun for example_dag_decorator to None, run_after=None
[2023-06-08T23:45:26.508+0200] {processor.py:178} INFO - Processing /Users/brenda/miniconda3/envs/airflow/lib/python3.8/site-packages/airflow/example_dags/example_dag_decorator.py took 0.491 seconds
[2023-06-08T23:46:46.202+0200] {processor.py:156} INFO - Started process (PID=22827) to work on /Users/brenda/miniconda3/envs/airflow/lib/python3.8/site-packages/airflow/example_dags/example_dag_decorator.py
[2023-06-08T23:46:46.205+0200] {processor.py:758} INFO - Processing file /Users/brenda/miniconda3/envs/airflow/lib/python3.8/site-packages/airflow/example_dags/example_dag_decorator.py for tasks to queue
[2023-06-08T23:46:46.205+0200] {logging_mixin.py:117} INFO - [2023-06-08T23:46:46.205+0200] {dagbag.py:525} INFO - Filling up the DagBag from /Users/brenda/miniconda3/envs/airflow/lib/python3.8/site-packages/airflow/example_dags/example_dag_decorator.py
[2023-06-08T23:46:46.356+0200] {processor.py:768} INFO - DAG(s) dict_keys(['example_dag_decorator']) retrieved from /Users/brenda/miniconda3/envs/airflow/lib/python3.8/site-packages/airflow/example_dags/example_dag_decorator.py
[2023-06-08T23:46:46.666+0200] {logging_mixin.py:117} INFO - [2023-06-08T23:46:46.666+0200] {dag.py:2573} INFO - Sync 1 DAGs
[2023-06-08T23:46:46.677+0200] {logging_mixin.py:117} INFO - [2023-06-08T23:46:46.676+0200] {dag.py:3324} INFO - Setting next_dagrun for example_dag_decorator to None, run_after=None
[2023-06-08T23:46:46.687+0200] {processor.py:178} INFO - Processing /Users/brenda/miniconda3/envs/airflow/lib/python3.8/site-packages/airflow/example_dags/example_dag_decorator.py took 0.486 seconds
[2023-06-08T23:47:27.971+0200] {processor.py:156} INFO - Started process (PID=22927) to work on /Users/brenda/miniconda3/envs/airflow/lib/python3.8/site-packages/airflow/example_dags/example_dag_decorator.py
[2023-06-08T23:47:27.975+0200] {processor.py:758} INFO - Processing file /Users/brenda/miniconda3/envs/airflow/lib/python3.8/site-packages/airflow/example_dags/example_dag_decorator.py for tasks to queue
[2023-06-08T23:47:27.975+0200] {logging_mixin.py:117} INFO - [2023-06-08T23:47:27.975+0200] {dagbag.py:525} INFO - Filling up the DagBag from /Users/brenda/miniconda3/envs/airflow/lib/python3.8/site-packages/airflow/example_dags/example_dag_decorator.py
[2023-06-08T23:47:28.121+0200] {processor.py:768} INFO - DAG(s) dict_keys(['example_dag_decorator']) retrieved from /Users/brenda/miniconda3/envs/airflow/lib/python3.8/site-packages/airflow/example_dags/example_dag_decorator.py
[2023-06-08T23:47:28.431+0200] {logging_mixin.py:117} INFO - [2023-06-08T23:47:28.430+0200] {dag.py:2573} INFO - Sync 1 DAGs
[2023-06-08T23:47:28.441+0200] {logging_mixin.py:117} INFO - [2023-06-08T23:47:28.441+0200] {dag.py:3324} INFO - Setting next_dagrun for example_dag_decorator to None, run_after=None
[2023-06-08T23:47:28.451+0200] {processor.py:178} INFO - Processing /Users/brenda/miniconda3/envs/airflow/lib/python3.8/site-packages/airflow/example_dags/example_dag_decorator.py took 0.481 seconds
[2023-06-08T23:48:22.413+0200] {processor.py:156} INFO - Started process (PID=23117) to work on /Users/brenda/miniconda3/envs/airflow/lib/python3.8/site-packages/airflow/example_dags/example_dag_decorator.py
[2023-06-08T23:48:22.418+0200] {processor.py:758} INFO - Processing file /Users/brenda/miniconda3/envs/airflow/lib/python3.8/site-packages/airflow/example_dags/example_dag_decorator.py for tasks to queue
[2023-06-08T23:48:22.418+0200] {logging_mixin.py:117} INFO - [2023-06-08T23:48:22.418+0200] {dagbag.py:525} INFO - Filling up the DagBag from /Users/brenda/miniconda3/envs/airflow/lib/python3.8/site-packages/airflow/example_dags/example_dag_decorator.py
[2023-06-08T23:48:22.564+0200] {processor.py:768} INFO - DAG(s) dict_keys(['example_dag_decorator']) retrieved from /Users/brenda/miniconda3/envs/airflow/lib/python3.8/site-packages/airflow/example_dags/example_dag_decorator.py
[2023-06-08T23:48:22.873+0200] {logging_mixin.py:117} INFO - [2023-06-08T23:48:22.873+0200] {dag.py:2573} INFO - Sync 1 DAGs
[2023-06-08T23:48:22.883+0200] {logging_mixin.py:117} INFO - [2023-06-08T23:48:22.883+0200] {dag.py:3324} INFO - Setting next_dagrun for example_dag_decorator to None, run_after=None
[2023-06-08T23:48:22.894+0200] {processor.py:178} INFO - Processing /Users/brenda/miniconda3/envs/airflow/lib/python3.8/site-packages/airflow/example_dags/example_dag_decorator.py took 0.481 seconds
[2023-06-08T23:49:18.746+0200] {processor.py:156} INFO - Started process (PID=23316) to work on /Users/brenda/miniconda3/envs/airflow/lib/python3.8/site-packages/airflow/example_dags/example_dag_decorator.py
[2023-06-08T23:49:18.750+0200] {processor.py:758} INFO - Processing file /Users/brenda/miniconda3/envs/airflow/lib/python3.8/site-packages/airflow/example_dags/example_dag_decorator.py for tasks to queue
[2023-06-08T23:49:18.750+0200] {logging_mixin.py:117} INFO - [2023-06-08T23:49:18.750+0200] {dagbag.py:525} INFO - Filling up the DagBag from /Users/brenda/miniconda3/envs/airflow/lib/python3.8/site-packages/airflow/example_dags/example_dag_decorator.py
[2023-06-08T23:49:18.907+0200] {processor.py:768} INFO - DAG(s) dict_keys(['example_dag_decorator']) retrieved from /Users/brenda/miniconda3/envs/airflow/lib/python3.8/site-packages/airflow/example_dags/example_dag_decorator.py
[2023-06-08T23:49:19.221+0200] {logging_mixin.py:117} INFO - [2023-06-08T23:49:19.221+0200] {dag.py:2573} INFO - Sync 1 DAGs
[2023-06-08T23:49:19.231+0200] {logging_mixin.py:117} INFO - [2023-06-08T23:49:19.231+0200] {dag.py:3324} INFO - Setting next_dagrun for example_dag_decorator to None, run_after=None
[2023-06-08T23:49:19.242+0200] {processor.py:178} INFO - Processing /Users/brenda/miniconda3/envs/airflow/lib/python3.8/site-packages/airflow/example_dags/example_dag_decorator.py took 0.496 seconds
[2023-06-08T23:49:54.414+0200] {processor.py:156} INFO - Started process (PID=23389) to work on /Users/brenda/miniconda3/envs/airflow/lib/python3.8/site-packages/airflow/example_dags/example_dag_decorator.py
[2023-06-08T23:49:54.418+0200] {processor.py:758} INFO - Processing file /Users/brenda/miniconda3/envs/airflow/lib/python3.8/site-packages/airflow/example_dags/example_dag_decorator.py for tasks to queue
[2023-06-08T23:49:54.418+0200] {logging_mixin.py:117} INFO - [2023-06-08T23:49:54.418+0200] {dagbag.py:525} INFO - Filling up the DagBag from /Users/brenda/miniconda3/envs/airflow/lib/python3.8/site-packages/airflow/example_dags/example_dag_decorator.py
[2023-06-08T23:49:54.565+0200] {processor.py:768} INFO - DAG(s) dict_keys(['example_dag_decorator']) retrieved from /Users/brenda/miniconda3/envs/airflow/lib/python3.8/site-packages/airflow/example_dags/example_dag_decorator.py
[2023-06-08T23:49:54.876+0200] {logging_mixin.py:117} INFO - [2023-06-08T23:49:54.876+0200] {dag.py:2573} INFO - Sync 1 DAGs
[2023-06-08T23:49:54.887+0200] {logging_mixin.py:117} INFO - [2023-06-08T23:49:54.887+0200] {dag.py:3324} INFO - Setting next_dagrun for example_dag_decorator to None, run_after=None
[2023-06-08T23:49:54.898+0200] {processor.py:178} INFO - Processing /Users/brenda/miniconda3/envs/airflow/lib/python3.8/site-packages/airflow/example_dags/example_dag_decorator.py took 0.484 seconds
[2023-06-08T23:50:57.586+0200] {processor.py:156} INFO - Started process (PID=23534) to work on /Users/brenda/miniconda3/envs/airflow/lib/python3.8/site-packages/airflow/example_dags/example_dag_decorator.py
[2023-06-08T23:50:57.589+0200] {processor.py:758} INFO - Processing file /Users/brenda/miniconda3/envs/airflow/lib/python3.8/site-packages/airflow/example_dags/example_dag_decorator.py for tasks to queue
[2023-06-08T23:50:57.590+0200] {logging_mixin.py:117} INFO - [2023-06-08T23:50:57.589+0200] {dagbag.py:525} INFO - Filling up the DagBag from /Users/brenda/miniconda3/envs/airflow/lib/python3.8/site-packages/airflow/example_dags/example_dag_decorator.py
[2023-06-08T23:50:57.737+0200] {processor.py:768} INFO - DAG(s) dict_keys(['example_dag_decorator']) retrieved from /Users/brenda/miniconda3/envs/airflow/lib/python3.8/site-packages/airflow/example_dags/example_dag_decorator.py
[2023-06-08T23:50:58.076+0200] {logging_mixin.py:117} INFO - [2023-06-08T23:50:58.076+0200] {dag.py:2573} INFO - Sync 1 DAGs
[2023-06-08T23:50:58.087+0200] {logging_mixin.py:117} INFO - [2023-06-08T23:50:58.087+0200] {dag.py:3324} INFO - Setting next_dagrun for example_dag_decorator to None, run_after=None
[2023-06-08T23:50:58.098+0200] {processor.py:178} INFO - Processing /Users/brenda/miniconda3/envs/airflow/lib/python3.8/site-packages/airflow/example_dags/example_dag_decorator.py took 0.512 seconds
[2023-06-08T23:52:17.969+0200] {processor.py:156} INFO - Started process (PID=23728) to work on /Users/brenda/miniconda3/envs/airflow/lib/python3.8/site-packages/airflow/example_dags/example_dag_decorator.py
[2023-06-08T23:52:17.973+0200] {processor.py:758} INFO - Processing file /Users/brenda/miniconda3/envs/airflow/lib/python3.8/site-packages/airflow/example_dags/example_dag_decorator.py for tasks to queue
[2023-06-08T23:52:17.973+0200] {logging_mixin.py:117} INFO - [2023-06-08T23:52:17.973+0200] {dagbag.py:525} INFO - Filling up the DagBag from /Users/brenda/miniconda3/envs/airflow/lib/python3.8/site-packages/airflow/example_dags/example_dag_decorator.py
[2023-06-08T23:52:18.124+0200] {processor.py:768} INFO - DAG(s) dict_keys(['example_dag_decorator']) retrieved from /Users/brenda/miniconda3/envs/airflow/lib/python3.8/site-packages/airflow/example_dags/example_dag_decorator.py
[2023-06-08T23:52:18.438+0200] {logging_mixin.py:117} INFO - [2023-06-08T23:52:18.438+0200] {dag.py:2573} INFO - Sync 1 DAGs
[2023-06-08T23:52:18.449+0200] {logging_mixin.py:117} INFO - [2023-06-08T23:52:18.448+0200] {dag.py:3324} INFO - Setting next_dagrun for example_dag_decorator to None, run_after=None
[2023-06-08T23:52:18.459+0200] {processor.py:178} INFO - Processing /Users/brenda/miniconda3/envs/airflow/lib/python3.8/site-packages/airflow/example_dags/example_dag_decorator.py took 0.490 seconds
[2023-06-08T23:53:09.380+0200] {processor.py:156} INFO - Started process (PID=23876) to work on /Users/brenda/miniconda3/envs/airflow/lib/python3.8/site-packages/airflow/example_dags/example_dag_decorator.py
[2023-06-08T23:53:09.384+0200] {processor.py:758} INFO - Processing file /Users/brenda/miniconda3/envs/airflow/lib/python3.8/site-packages/airflow/example_dags/example_dag_decorator.py for tasks to queue
[2023-06-08T23:53:09.384+0200] {logging_mixin.py:117} INFO - [2023-06-08T23:53:09.384+0200] {dagbag.py:525} INFO - Filling up the DagBag from /Users/brenda/miniconda3/envs/airflow/lib/python3.8/site-packages/airflow/example_dags/example_dag_decorator.py
[2023-06-08T23:53:09.531+0200] {processor.py:768} INFO - DAG(s) dict_keys(['example_dag_decorator']) retrieved from /Users/brenda/miniconda3/envs/airflow/lib/python3.8/site-packages/airflow/example_dags/example_dag_decorator.py
[2023-06-08T23:53:09.840+0200] {logging_mixin.py:117} INFO - [2023-06-08T23:53:09.839+0200] {dag.py:2573} INFO - Sync 1 DAGs
[2023-06-08T23:53:09.850+0200] {logging_mixin.py:117} INFO - [2023-06-08T23:53:09.850+0200] {dag.py:3324} INFO - Setting next_dagrun for example_dag_decorator to None, run_after=None
[2023-06-08T23:53:09.860+0200] {processor.py:178} INFO - Processing /Users/brenda/miniconda3/envs/airflow/lib/python3.8/site-packages/airflow/example_dags/example_dag_decorator.py took 0.481 seconds
[2023-06-08T23:54:19.349+0200] {processor.py:156} INFO - Started process (PID=24156) to work on /Users/brenda/miniconda3/envs/airflow/lib/python3.8/site-packages/airflow/example_dags/example_dag_decorator.py
[2023-06-08T23:54:19.352+0200] {processor.py:758} INFO - Processing file /Users/brenda/miniconda3/envs/airflow/lib/python3.8/site-packages/airflow/example_dags/example_dag_decorator.py for tasks to queue
[2023-06-08T23:54:19.352+0200] {logging_mixin.py:117} INFO - [2023-06-08T23:54:19.352+0200] {dagbag.py:525} INFO - Filling up the DagBag from /Users/brenda/miniconda3/envs/airflow/lib/python3.8/site-packages/airflow/example_dags/example_dag_decorator.py
[2023-06-08T23:54:19.504+0200] {processor.py:768} INFO - DAG(s) dict_keys(['example_dag_decorator']) retrieved from /Users/brenda/miniconda3/envs/airflow/lib/python3.8/site-packages/airflow/example_dags/example_dag_decorator.py
[2023-06-08T23:54:19.820+0200] {logging_mixin.py:117} INFO - [2023-06-08T23:54:19.820+0200] {dag.py:2573} INFO - Sync 1 DAGs
[2023-06-08T23:54:19.831+0200] {logging_mixin.py:117} INFO - [2023-06-08T23:54:19.831+0200] {dag.py:3324} INFO - Setting next_dagrun for example_dag_decorator to None, run_after=None
[2023-06-08T23:54:19.841+0200] {processor.py:178} INFO - Processing /Users/brenda/miniconda3/envs/airflow/lib/python3.8/site-packages/airflow/example_dags/example_dag_decorator.py took 0.493 seconds
[2023-06-08T23:54:56.842+0200] {processor.py:156} INFO - Started process (PID=24278) to work on /Users/brenda/miniconda3/envs/airflow/lib/python3.8/site-packages/airflow/example_dags/example_dag_decorator.py
[2023-06-08T23:54:56.845+0200] {processor.py:758} INFO - Processing file /Users/brenda/miniconda3/envs/airflow/lib/python3.8/site-packages/airflow/example_dags/example_dag_decorator.py for tasks to queue
[2023-06-08T23:54:56.845+0200] {logging_mixin.py:117} INFO - [2023-06-08T23:54:56.845+0200] {dagbag.py:525} INFO - Filling up the DagBag from /Users/brenda/miniconda3/envs/airflow/lib/python3.8/site-packages/airflow/example_dags/example_dag_decorator.py
[2023-06-08T23:54:56.996+0200] {processor.py:768} INFO - DAG(s) dict_keys(['example_dag_decorator']) retrieved from /Users/brenda/miniconda3/envs/airflow/lib/python3.8/site-packages/airflow/example_dags/example_dag_decorator.py
[2023-06-08T23:54:57.312+0200] {logging_mixin.py:117} INFO - [2023-06-08T23:54:57.312+0200] {dag.py:2573} INFO - Sync 1 DAGs
[2023-06-08T23:54:57.323+0200] {logging_mixin.py:117} INFO - [2023-06-08T23:54:57.322+0200] {dag.py:3324} INFO - Setting next_dagrun for example_dag_decorator to None, run_after=None
[2023-06-08T23:54:57.333+0200] {processor.py:178} INFO - Processing /Users/brenda/miniconda3/envs/airflow/lib/python3.8/site-packages/airflow/example_dags/example_dag_decorator.py took 0.491 seconds
[2023-06-08T23:56:00.059+0200] {processor.py:156} INFO - Started process (PID=24415) to work on /Users/brenda/miniconda3/envs/airflow/lib/python3.8/site-packages/airflow/example_dags/example_dag_decorator.py
[2023-06-08T23:56:00.062+0200] {processor.py:758} INFO - Processing file /Users/brenda/miniconda3/envs/airflow/lib/python3.8/site-packages/airflow/example_dags/example_dag_decorator.py for tasks to queue
[2023-06-08T23:56:00.063+0200] {logging_mixin.py:117} INFO - [2023-06-08T23:56:00.063+0200] {dagbag.py:525} INFO - Filling up the DagBag from /Users/brenda/miniconda3/envs/airflow/lib/python3.8/site-packages/airflow/example_dags/example_dag_decorator.py
[2023-06-08T23:56:00.212+0200] {processor.py:768} INFO - DAG(s) dict_keys(['example_dag_decorator']) retrieved from /Users/brenda/miniconda3/envs/airflow/lib/python3.8/site-packages/airflow/example_dags/example_dag_decorator.py
[2023-06-08T23:56:00.522+0200] {logging_mixin.py:117} INFO - [2023-06-08T23:56:00.521+0200] {dag.py:2573} INFO - Sync 1 DAGs
[2023-06-08T23:56:00.532+0200] {logging_mixin.py:117} INFO - [2023-06-08T23:56:00.532+0200] {dag.py:3324} INFO - Setting next_dagrun for example_dag_decorator to None, run_after=None
[2023-06-08T23:56:00.543+0200] {processor.py:178} INFO - Processing /Users/brenda/miniconda3/envs/airflow/lib/python3.8/site-packages/airflow/example_dags/example_dag_decorator.py took 0.484 seconds
[2023-06-08T23:57:07.793+0200] {processor.py:156} INFO - Started process (PID=24570) to work on /Users/brenda/miniconda3/envs/airflow/lib/python3.8/site-packages/airflow/example_dags/example_dag_decorator.py
[2023-06-08T23:57:07.797+0200] {processor.py:758} INFO - Processing file /Users/brenda/miniconda3/envs/airflow/lib/python3.8/site-packages/airflow/example_dags/example_dag_decorator.py for tasks to queue
[2023-06-08T23:57:07.797+0200] {logging_mixin.py:117} INFO - [2023-06-08T23:57:07.797+0200] {dagbag.py:525} INFO - Filling up the DagBag from /Users/brenda/miniconda3/envs/airflow/lib/python3.8/site-packages/airflow/example_dags/example_dag_decorator.py
[2023-06-08T23:57:07.944+0200] {processor.py:768} INFO - DAG(s) dict_keys(['example_dag_decorator']) retrieved from /Users/brenda/miniconda3/envs/airflow/lib/python3.8/site-packages/airflow/example_dags/example_dag_decorator.py
[2023-06-08T23:57:08.252+0200] {logging_mixin.py:117} INFO - [2023-06-08T23:57:08.252+0200] {dag.py:2573} INFO - Sync 1 DAGs
[2023-06-08T23:57:08.263+0200] {logging_mixin.py:117} INFO - [2023-06-08T23:57:08.263+0200] {dag.py:3324} INFO - Setting next_dagrun for example_dag_decorator to None, run_after=None
[2023-06-08T23:57:08.273+0200] {processor.py:178} INFO - Processing /Users/brenda/miniconda3/envs/airflow/lib/python3.8/site-packages/airflow/example_dags/example_dag_decorator.py took 0.481 seconds
[2023-06-08T23:58:27.740+0200] {processor.py:156} INFO - Started process (PID=24786) to work on /Users/brenda/miniconda3/envs/airflow/lib/python3.8/site-packages/airflow/example_dags/example_dag_decorator.py
[2023-06-08T23:58:27.744+0200] {processor.py:758} INFO - Processing file /Users/brenda/miniconda3/envs/airflow/lib/python3.8/site-packages/airflow/example_dags/example_dag_decorator.py for tasks to queue
[2023-06-08T23:58:27.745+0200] {logging_mixin.py:117} INFO - [2023-06-08T23:58:27.745+0200] {dagbag.py:525} INFO - Filling up the DagBag from /Users/brenda/miniconda3/envs/airflow/lib/python3.8/site-packages/airflow/example_dags/example_dag_decorator.py
[2023-06-08T23:58:27.892+0200] {processor.py:768} INFO - DAG(s) dict_keys(['example_dag_decorator']) retrieved from /Users/brenda/miniconda3/envs/airflow/lib/python3.8/site-packages/airflow/example_dags/example_dag_decorator.py
[2023-06-08T23:58:28.204+0200] {logging_mixin.py:117} INFO - [2023-06-08T23:58:28.204+0200] {dag.py:2573} INFO - Sync 1 DAGs
[2023-06-08T23:58:28.214+0200] {logging_mixin.py:117} INFO - [2023-06-08T23:58:28.214+0200] {dag.py:3324} INFO - Setting next_dagrun for example_dag_decorator to None, run_after=None
[2023-06-08T23:58:28.226+0200] {processor.py:178} INFO - Processing /Users/brenda/miniconda3/envs/airflow/lib/python3.8/site-packages/airflow/example_dags/example_dag_decorator.py took 0.486 seconds
[2023-06-08T23:59:16.741+0200] {processor.py:156} INFO - Started process (PID=24944) to work on /Users/brenda/miniconda3/envs/airflow/lib/python3.8/site-packages/airflow/example_dags/example_dag_decorator.py
[2023-06-08T23:59:16.744+0200] {processor.py:758} INFO - Processing file /Users/brenda/miniconda3/envs/airflow/lib/python3.8/site-packages/airflow/example_dags/example_dag_decorator.py for tasks to queue
[2023-06-08T23:59:16.745+0200] {logging_mixin.py:117} INFO - [2023-06-08T23:59:16.744+0200] {dagbag.py:525} INFO - Filling up the DagBag from /Users/brenda/miniconda3/envs/airflow/lib/python3.8/site-packages/airflow/example_dags/example_dag_decorator.py
[2023-06-08T23:59:16.894+0200] {processor.py:768} INFO - DAG(s) dict_keys(['example_dag_decorator']) retrieved from /Users/brenda/miniconda3/envs/airflow/lib/python3.8/site-packages/airflow/example_dags/example_dag_decorator.py
[2023-06-08T23:59:17.203+0200] {logging_mixin.py:117} INFO - [2023-06-08T23:59:17.203+0200] {dag.py:2573} INFO - Sync 1 DAGs
[2023-06-08T23:59:17.213+0200] {logging_mixin.py:117} INFO - [2023-06-08T23:59:17.213+0200] {dag.py:3324} INFO - Setting next_dagrun for example_dag_decorator to None, run_after=None
[2023-06-08T23:59:17.224+0200] {processor.py:178} INFO - Processing /Users/brenda/miniconda3/envs/airflow/lib/python3.8/site-packages/airflow/example_dags/example_dag_decorator.py took 0.483 seconds
[2023-06-09T00:00:39.704+0200] {processor.py:156} INFO - Started process (PID=25292) to work on /Users/brenda/miniconda3/envs/airflow/lib/python3.8/site-packages/airflow/example_dags/example_dag_decorator.py
[2023-06-09T00:00:39.708+0200] {processor.py:758} INFO - Processing file /Users/brenda/miniconda3/envs/airflow/lib/python3.8/site-packages/airflow/example_dags/example_dag_decorator.py for tasks to queue
[2023-06-09T00:00:39.708+0200] {logging_mixin.py:117} INFO - [2023-06-09T00:00:39.708+0200] {dagbag.py:525} INFO - Filling up the DagBag from /Users/brenda/miniconda3/envs/airflow/lib/python3.8/site-packages/airflow/example_dags/example_dag_decorator.py
[2023-06-09T00:00:39.854+0200] {processor.py:768} INFO - DAG(s) dict_keys(['example_dag_decorator']) retrieved from /Users/brenda/miniconda3/envs/airflow/lib/python3.8/site-packages/airflow/example_dags/example_dag_decorator.py
[2023-06-09T00:00:40.167+0200] {logging_mixin.py:117} INFO - [2023-06-09T00:00:40.167+0200] {dag.py:2573} INFO - Sync 1 DAGs
[2023-06-09T00:00:40.177+0200] {logging_mixin.py:117} INFO - [2023-06-09T00:00:40.177+0200] {dag.py:3324} INFO - Setting next_dagrun for example_dag_decorator to None, run_after=None
[2023-06-09T00:00:40.188+0200] {processor.py:178} INFO - Processing /Users/brenda/miniconda3/envs/airflow/lib/python3.8/site-packages/airflow/example_dags/example_dag_decorator.py took 0.484 seconds
[2023-06-09T00:01:16.212+0200] {processor.py:156} INFO - Started process (PID=25407) to work on /Users/brenda/miniconda3/envs/airflow/lib/python3.8/site-packages/airflow/example_dags/example_dag_decorator.py
[2023-06-09T00:01:16.215+0200] {processor.py:758} INFO - Processing file /Users/brenda/miniconda3/envs/airflow/lib/python3.8/site-packages/airflow/example_dags/example_dag_decorator.py for tasks to queue
[2023-06-09T00:01:16.215+0200] {logging_mixin.py:117} INFO - [2023-06-09T00:01:16.215+0200] {dagbag.py:525} INFO - Filling up the DagBag from /Users/brenda/miniconda3/envs/airflow/lib/python3.8/site-packages/airflow/example_dags/example_dag_decorator.py
[2023-06-09T00:01:16.366+0200] {processor.py:768} INFO - DAG(s) dict_keys(['example_dag_decorator']) retrieved from /Users/brenda/miniconda3/envs/airflow/lib/python3.8/site-packages/airflow/example_dags/example_dag_decorator.py
[2023-06-09T00:01:16.680+0200] {logging_mixin.py:117} INFO - [2023-06-09T00:01:16.680+0200] {dag.py:2573} INFO - Sync 1 DAGs
[2023-06-09T00:01:16.691+0200] {logging_mixin.py:117} INFO - [2023-06-09T00:01:16.691+0200] {dag.py:3324} INFO - Setting next_dagrun for example_dag_decorator to None, run_after=None
[2023-06-09T00:01:16.701+0200] {processor.py:178} INFO - Processing /Users/brenda/miniconda3/envs/airflow/lib/python3.8/site-packages/airflow/example_dags/example_dag_decorator.py took 0.489 seconds
[2023-06-09T00:02:20.113+0200] {processor.py:156} INFO - Started process (PID=25550) to work on /Users/brenda/miniconda3/envs/airflow/lib/python3.8/site-packages/airflow/example_dags/example_dag_decorator.py
[2023-06-09T00:02:20.116+0200] {processor.py:758} INFO - Processing file /Users/brenda/miniconda3/envs/airflow/lib/python3.8/site-packages/airflow/example_dags/example_dag_decorator.py for tasks to queue
[2023-06-09T00:02:20.117+0200] {logging_mixin.py:117} INFO - [2023-06-09T00:02:20.117+0200] {dagbag.py:525} INFO - Filling up the DagBag from /Users/brenda/miniconda3/envs/airflow/lib/python3.8/site-packages/airflow/example_dags/example_dag_decorator.py
[2023-06-09T00:02:20.264+0200] {processor.py:768} INFO - DAG(s) dict_keys(['example_dag_decorator']) retrieved from /Users/brenda/miniconda3/envs/airflow/lib/python3.8/site-packages/airflow/example_dags/example_dag_decorator.py
[2023-06-09T00:02:20.572+0200] {logging_mixin.py:117} INFO - [2023-06-09T00:02:20.571+0200] {dag.py:2573} INFO - Sync 1 DAGs
[2023-06-09T00:02:20.582+0200] {logging_mixin.py:117} INFO - [2023-06-09T00:02:20.582+0200] {dag.py:3324} INFO - Setting next_dagrun for example_dag_decorator to None, run_after=None
[2023-06-09T00:02:20.592+0200] {processor.py:178} INFO - Processing /Users/brenda/miniconda3/envs/airflow/lib/python3.8/site-packages/airflow/example_dags/example_dag_decorator.py took 0.480 seconds
