[2023-06-08T23:09:17.649+0200] {processor.py:156} INFO - Started process (PID=16587) to work on /Users/brenda/miniconda3/envs/airflow/lib/python3.8/site-packages/airflow/example_dags/example_bash_operator.py
[2023-06-08T23:09:17.652+0200] {processor.py:758} INFO - Processing file /Users/brenda/miniconda3/envs/airflow/lib/python3.8/site-packages/airflow/example_dags/example_bash_operator.py for tasks to queue
[2023-06-08T23:09:17.652+0200] {logging_mixin.py:117} INFO - [2023-06-08T23:09:17.652+0200] {dagbag.py:525} INFO - Filling up the DagBag from /Users/brenda/miniconda3/envs/airflow/lib/python3.8/site-packages/airflow/example_dags/example_bash_operator.py
[2023-06-08T23:09:17.693+0200] {processor.py:768} INFO - DAG(s) dict_keys(['example_bash_operator']) retrieved from /Users/brenda/miniconda3/envs/airflow/lib/python3.8/site-packages/airflow/example_dags/example_bash_operator.py
[2023-06-08T23:09:17.789+0200] {logging_mixin.py:117} INFO - [2023-06-08T23:09:17.789+0200] {dag.py:2573} INFO - Sync 1 DAGs
[2023-06-08T23:09:17.800+0200] {logging_mixin.py:117} INFO - [2023-06-08T23:09:17.800+0200] {dag.py:3324} INFO - Setting next_dagrun for example_bash_operator to 2023-06-07T00:00:00+00:00, run_after=2023-06-08T00:00:00+00:00
[2023-06-08T23:09:17.810+0200] {processor.py:178} INFO - Processing /Users/brenda/miniconda3/envs/airflow/lib/python3.8/site-packages/airflow/example_dags/example_bash_operator.py took 0.162 seconds
[2023-06-08T23:10:19.308+0200] {processor.py:156} INFO - Started process (PID=16726) to work on /Users/brenda/miniconda3/envs/airflow/lib/python3.8/site-packages/airflow/example_dags/example_bash_operator.py
[2023-06-08T23:10:19.312+0200] {processor.py:758} INFO - Processing file /Users/brenda/miniconda3/envs/airflow/lib/python3.8/site-packages/airflow/example_dags/example_bash_operator.py for tasks to queue
[2023-06-08T23:10:19.312+0200] {logging_mixin.py:117} INFO - [2023-06-08T23:10:19.312+0200] {dagbag.py:525} INFO - Filling up the DagBag from /Users/brenda/miniconda3/envs/airflow/lib/python3.8/site-packages/airflow/example_dags/example_bash_operator.py
[2023-06-08T23:10:19.353+0200] {processor.py:768} INFO - DAG(s) dict_keys(['example_bash_operator']) retrieved from /Users/brenda/miniconda3/envs/airflow/lib/python3.8/site-packages/airflow/example_dags/example_bash_operator.py
[2023-06-08T23:10:19.447+0200] {logging_mixin.py:117} INFO - [2023-06-08T23:10:19.447+0200] {dag.py:2573} INFO - Sync 1 DAGs
[2023-06-08T23:10:19.458+0200] {logging_mixin.py:117} INFO - [2023-06-08T23:10:19.458+0200] {dag.py:3324} INFO - Setting next_dagrun for example_bash_operator to 2023-06-07T00:00:00+00:00, run_after=2023-06-08T00:00:00+00:00
[2023-06-08T23:10:19.469+0200] {processor.py:178} INFO - Processing /Users/brenda/miniconda3/envs/airflow/lib/python3.8/site-packages/airflow/example_dags/example_bash_operator.py took 0.161 seconds
[2023-06-08T23:11:21.652+0200] {processor.py:156} INFO - Started process (PID=16875) to work on /Users/brenda/miniconda3/envs/airflow/lib/python3.8/site-packages/airflow/example_dags/example_bash_operator.py
[2023-06-08T23:11:21.655+0200] {processor.py:758} INFO - Processing file /Users/brenda/miniconda3/envs/airflow/lib/python3.8/site-packages/airflow/example_dags/example_bash_operator.py for tasks to queue
[2023-06-08T23:11:21.655+0200] {logging_mixin.py:117} INFO - [2023-06-08T23:11:21.655+0200] {dagbag.py:525} INFO - Filling up the DagBag from /Users/brenda/miniconda3/envs/airflow/lib/python3.8/site-packages/airflow/example_dags/example_bash_operator.py
[2023-06-08T23:11:21.698+0200] {processor.py:768} INFO - DAG(s) dict_keys(['example_bash_operator']) retrieved from /Users/brenda/miniconda3/envs/airflow/lib/python3.8/site-packages/airflow/example_dags/example_bash_operator.py
[2023-06-08T23:11:21.792+0200] {logging_mixin.py:117} INFO - [2023-06-08T23:11:21.792+0200] {dag.py:2573} INFO - Sync 1 DAGs
[2023-06-08T23:11:21.803+0200] {logging_mixin.py:117} INFO - [2023-06-08T23:11:21.803+0200] {dag.py:3324} INFO - Setting next_dagrun for example_bash_operator to 2023-06-07T00:00:00+00:00, run_after=2023-06-08T00:00:00+00:00
[2023-06-08T23:11:21.814+0200] {processor.py:178} INFO - Processing /Users/brenda/miniconda3/envs/airflow/lib/python3.8/site-packages/airflow/example_dags/example_bash_operator.py took 0.163 seconds
[2023-06-08T23:12:26.167+0200] {processor.py:156} INFO - Started process (PID=17023) to work on /Users/brenda/miniconda3/envs/airflow/lib/python3.8/site-packages/airflow/example_dags/example_bash_operator.py
[2023-06-08T23:12:26.171+0200] {processor.py:758} INFO - Processing file /Users/brenda/miniconda3/envs/airflow/lib/python3.8/site-packages/airflow/example_dags/example_bash_operator.py for tasks to queue
[2023-06-08T23:12:26.172+0200] {logging_mixin.py:117} INFO - [2023-06-08T23:12:26.172+0200] {dagbag.py:525} INFO - Filling up the DagBag from /Users/brenda/miniconda3/envs/airflow/lib/python3.8/site-packages/airflow/example_dags/example_bash_operator.py
[2023-06-08T23:12:26.209+0200] {processor.py:768} INFO - DAG(s) dict_keys(['example_bash_operator']) retrieved from /Users/brenda/miniconda3/envs/airflow/lib/python3.8/site-packages/airflow/example_dags/example_bash_operator.py
[2023-06-08T23:12:26.302+0200] {logging_mixin.py:117} INFO - [2023-06-08T23:12:26.302+0200] {dag.py:2573} INFO - Sync 1 DAGs
[2023-06-08T23:12:26.313+0200] {logging_mixin.py:117} INFO - [2023-06-08T23:12:26.313+0200] {dag.py:3324} INFO - Setting next_dagrun for example_bash_operator to 2023-06-07T00:00:00+00:00, run_after=2023-06-08T00:00:00+00:00
[2023-06-08T23:12:26.323+0200] {processor.py:178} INFO - Processing /Users/brenda/miniconda3/envs/airflow/lib/python3.8/site-packages/airflow/example_dags/example_bash_operator.py took 0.156 seconds
[2023-06-08T23:13:44.046+0200] {processor.py:156} INFO - Started process (PID=17217) to work on /Users/brenda/miniconda3/envs/airflow/lib/python3.8/site-packages/airflow/example_dags/example_bash_operator.py
[2023-06-08T23:13:44.049+0200] {processor.py:758} INFO - Processing file /Users/brenda/miniconda3/envs/airflow/lib/python3.8/site-packages/airflow/example_dags/example_bash_operator.py for tasks to queue
[2023-06-08T23:13:44.049+0200] {logging_mixin.py:117} INFO - [2023-06-08T23:13:44.049+0200] {dagbag.py:525} INFO - Filling up the DagBag from /Users/brenda/miniconda3/envs/airflow/lib/python3.8/site-packages/airflow/example_dags/example_bash_operator.py
[2023-06-08T23:13:44.089+0200] {processor.py:768} INFO - DAG(s) dict_keys(['example_bash_operator']) retrieved from /Users/brenda/miniconda3/envs/airflow/lib/python3.8/site-packages/airflow/example_dags/example_bash_operator.py
[2023-06-08T23:13:44.183+0200] {logging_mixin.py:117} INFO - [2023-06-08T23:13:44.183+0200] {dag.py:2573} INFO - Sync 1 DAGs
[2023-06-08T23:13:44.195+0200] {logging_mixin.py:117} INFO - [2023-06-08T23:13:44.195+0200] {dag.py:3324} INFO - Setting next_dagrun for example_bash_operator to 2023-06-07T00:00:00+00:00, run_after=2023-06-08T00:00:00+00:00
[2023-06-08T23:13:44.204+0200] {processor.py:178} INFO - Processing /Users/brenda/miniconda3/envs/airflow/lib/python3.8/site-packages/airflow/example_dags/example_bash_operator.py took 0.159 seconds
[2023-06-08T23:15:46.931+0200] {processor.py:156} INFO - Started process (PID=17645) to work on /Users/brenda/miniconda3/envs/airflow/lib/python3.8/site-packages/airflow/example_dags/example_bash_operator.py
[2023-06-08T23:15:46.934+0200] {processor.py:758} INFO - Processing file /Users/brenda/miniconda3/envs/airflow/lib/python3.8/site-packages/airflow/example_dags/example_bash_operator.py for tasks to queue
[2023-06-08T23:15:46.934+0200] {logging_mixin.py:117} INFO - [2023-06-08T23:15:46.934+0200] {dagbag.py:525} INFO - Filling up the DagBag from /Users/brenda/miniconda3/envs/airflow/lib/python3.8/site-packages/airflow/example_dags/example_bash_operator.py
[2023-06-08T23:15:46.973+0200] {processor.py:768} INFO - DAG(s) dict_keys(['example_bash_operator']) retrieved from /Users/brenda/miniconda3/envs/airflow/lib/python3.8/site-packages/airflow/example_dags/example_bash_operator.py
[2023-06-08T23:15:47.065+0200] {logging_mixin.py:117} INFO - [2023-06-08T23:15:47.065+0200] {dag.py:2573} INFO - Sync 1 DAGs
[2023-06-08T23:15:47.076+0200] {logging_mixin.py:117} INFO - [2023-06-08T23:15:47.076+0200] {dag.py:3324} INFO - Setting next_dagrun for example_bash_operator to 2023-06-07T00:00:00+00:00, run_after=2023-06-08T00:00:00+00:00
[2023-06-08T23:15:47.086+0200] {processor.py:178} INFO - Processing /Users/brenda/miniconda3/envs/airflow/lib/python3.8/site-packages/airflow/example_dags/example_bash_operator.py took 0.155 seconds
[2023-06-08T23:16:48.513+0200] {processor.py:156} INFO - Started process (PID=17776) to work on /Users/brenda/miniconda3/envs/airflow/lib/python3.8/site-packages/airflow/example_dags/example_bash_operator.py
[2023-06-08T23:16:48.517+0200] {processor.py:758} INFO - Processing file /Users/brenda/miniconda3/envs/airflow/lib/python3.8/site-packages/airflow/example_dags/example_bash_operator.py for tasks to queue
[2023-06-08T23:16:48.517+0200] {logging_mixin.py:117} INFO - [2023-06-08T23:16:48.517+0200] {dagbag.py:525} INFO - Filling up the DagBag from /Users/brenda/miniconda3/envs/airflow/lib/python3.8/site-packages/airflow/example_dags/example_bash_operator.py
[2023-06-08T23:16:48.556+0200] {processor.py:768} INFO - DAG(s) dict_keys(['example_bash_operator']) retrieved from /Users/brenda/miniconda3/envs/airflow/lib/python3.8/site-packages/airflow/example_dags/example_bash_operator.py
[2023-06-08T23:16:48.649+0200] {logging_mixin.py:117} INFO - [2023-06-08T23:16:48.649+0200] {dag.py:2573} INFO - Sync 1 DAGs
[2023-06-08T23:16:48.660+0200] {logging_mixin.py:117} INFO - [2023-06-08T23:16:48.660+0200] {dag.py:3324} INFO - Setting next_dagrun for example_bash_operator to 2023-06-07T00:00:00+00:00, run_after=2023-06-08T00:00:00+00:00
[2023-06-08T23:16:48.669+0200] {processor.py:178} INFO - Processing /Users/brenda/miniconda3/envs/airflow/lib/python3.8/site-packages/airflow/example_dags/example_bash_operator.py took 0.157 seconds
[2023-06-08T23:17:52.792+0200] {processor.py:156} INFO - Started process (PID=17941) to work on /Users/brenda/miniconda3/envs/airflow/lib/python3.8/site-packages/airflow/example_dags/example_bash_operator.py
[2023-06-08T23:17:52.796+0200] {processor.py:758} INFO - Processing file /Users/brenda/miniconda3/envs/airflow/lib/python3.8/site-packages/airflow/example_dags/example_bash_operator.py for tasks to queue
[2023-06-08T23:17:52.796+0200] {logging_mixin.py:117} INFO - [2023-06-08T23:17:52.796+0200] {dagbag.py:525} INFO - Filling up the DagBag from /Users/brenda/miniconda3/envs/airflow/lib/python3.8/site-packages/airflow/example_dags/example_bash_operator.py
[2023-06-08T23:17:52.835+0200] {processor.py:768} INFO - DAG(s) dict_keys(['example_bash_operator']) retrieved from /Users/brenda/miniconda3/envs/airflow/lib/python3.8/site-packages/airflow/example_dags/example_bash_operator.py
[2023-06-08T23:17:52.928+0200] {logging_mixin.py:117} INFO - [2023-06-08T23:17:52.928+0200] {dag.py:2573} INFO - Sync 1 DAGs
[2023-06-08T23:17:52.939+0200] {logging_mixin.py:117} INFO - [2023-06-08T23:17:52.939+0200] {dag.py:3324} INFO - Setting next_dagrun for example_bash_operator to 2023-06-07T00:00:00+00:00, run_after=2023-06-08T00:00:00+00:00
[2023-06-08T23:17:52.948+0200] {processor.py:178} INFO - Processing /Users/brenda/miniconda3/envs/airflow/lib/python3.8/site-packages/airflow/example_dags/example_bash_operator.py took 0.157 seconds
[2023-06-08T23:18:58.406+0200] {processor.py:156} INFO - Started process (PID=18085) to work on /Users/brenda/miniconda3/envs/airflow/lib/python3.8/site-packages/airflow/example_dags/example_bash_operator.py
[2023-06-08T23:18:58.410+0200] {processor.py:758} INFO - Processing file /Users/brenda/miniconda3/envs/airflow/lib/python3.8/site-packages/airflow/example_dags/example_bash_operator.py for tasks to queue
[2023-06-08T23:18:58.410+0200] {logging_mixin.py:117} INFO - [2023-06-08T23:18:58.410+0200] {dagbag.py:525} INFO - Filling up the DagBag from /Users/brenda/miniconda3/envs/airflow/lib/python3.8/site-packages/airflow/example_dags/example_bash_operator.py
[2023-06-08T23:18:58.465+0200] {processor.py:768} INFO - DAG(s) dict_keys(['example_bash_operator']) retrieved from /Users/brenda/miniconda3/envs/airflow/lib/python3.8/site-packages/airflow/example_dags/example_bash_operator.py
[2023-06-08T23:18:58.602+0200] {logging_mixin.py:117} INFO - [2023-06-08T23:18:58.602+0200] {dag.py:2573} INFO - Sync 1 DAGs
[2023-06-08T23:18:58.617+0200] {logging_mixin.py:117} INFO - [2023-06-08T23:18:58.617+0200] {dag.py:3324} INFO - Setting next_dagrun for example_bash_operator to 2023-06-07T00:00:00+00:00, run_after=2023-06-08T00:00:00+00:00
[2023-06-08T23:18:58.629+0200] {processor.py:178} INFO - Processing /Users/brenda/miniconda3/envs/airflow/lib/python3.8/site-packages/airflow/example_dags/example_bash_operator.py took 0.223 seconds
[2023-06-08T23:21:14.858+0200] {processor.py:156} INFO - Started process (PID=18590) to work on /Users/brenda/miniconda3/envs/airflow/lib/python3.8/site-packages/airflow/example_dags/example_bash_operator.py
[2023-06-08T23:21:14.867+0200] {processor.py:758} INFO - Processing file /Users/brenda/miniconda3/envs/airflow/lib/python3.8/site-packages/airflow/example_dags/example_bash_operator.py for tasks to queue
[2023-06-08T23:21:14.867+0200] {logging_mixin.py:117} INFO - [2023-06-08T23:21:14.867+0200] {dagbag.py:525} INFO - Filling up the DagBag from /Users/brenda/miniconda3/envs/airflow/lib/python3.8/site-packages/airflow/example_dags/example_bash_operator.py
[2023-06-08T23:21:14.907+0200] {processor.py:768} INFO - DAG(s) dict_keys(['example_bash_operator']) retrieved from /Users/brenda/miniconda3/envs/airflow/lib/python3.8/site-packages/airflow/example_dags/example_bash_operator.py
[2023-06-08T23:21:15.011+0200] {logging_mixin.py:117} INFO - [2023-06-08T23:21:15.011+0200] {dag.py:2573} INFO - Sync 1 DAGs
[2023-06-08T23:21:15.022+0200] {logging_mixin.py:117} INFO - [2023-06-08T23:21:15.022+0200] {dag.py:3324} INFO - Setting next_dagrun for example_bash_operator to 2023-06-07T00:00:00+00:00, run_after=2023-06-08T00:00:00+00:00
[2023-06-08T23:21:15.035+0200] {processor.py:178} INFO - Processing /Users/brenda/miniconda3/envs/airflow/lib/python3.8/site-packages/airflow/example_dags/example_bash_operator.py took 0.177 seconds
[2023-06-08T23:22:20.753+0200] {processor.py:156} INFO - Started process (PID=18749) to work on /Users/brenda/miniconda3/envs/airflow/lib/python3.8/site-packages/airflow/example_dags/example_bash_operator.py
[2023-06-08T23:22:20.756+0200] {processor.py:758} INFO - Processing file /Users/brenda/miniconda3/envs/airflow/lib/python3.8/site-packages/airflow/example_dags/example_bash_operator.py for tasks to queue
[2023-06-08T23:22:20.756+0200] {logging_mixin.py:117} INFO - [2023-06-08T23:22:20.756+0200] {dagbag.py:525} INFO - Filling up the DagBag from /Users/brenda/miniconda3/envs/airflow/lib/python3.8/site-packages/airflow/example_dags/example_bash_operator.py
[2023-06-08T23:22:20.813+0200] {processor.py:768} INFO - DAG(s) dict_keys(['example_bash_operator']) retrieved from /Users/brenda/miniconda3/envs/airflow/lib/python3.8/site-packages/airflow/example_dags/example_bash_operator.py
[2023-06-08T23:22:20.960+0200] {logging_mixin.py:117} INFO - [2023-06-08T23:22:20.960+0200] {dag.py:2573} INFO - Sync 1 DAGs
[2023-06-08T23:22:20.975+0200] {logging_mixin.py:117} INFO - [2023-06-08T23:22:20.975+0200] {dag.py:3324} INFO - Setting next_dagrun for example_bash_operator to 2023-06-07T00:00:00+00:00, run_after=2023-06-08T00:00:00+00:00
[2023-06-08T23:22:20.989+0200] {processor.py:178} INFO - Processing /Users/brenda/miniconda3/envs/airflow/lib/python3.8/site-packages/airflow/example_dags/example_bash_operator.py took 0.237 seconds
[2023-06-08T23:23:27.513+0200] {processor.py:156} INFO - Started process (PID=18920) to work on /Users/brenda/miniconda3/envs/airflow/lib/python3.8/site-packages/airflow/example_dags/example_bash_operator.py
[2023-06-08T23:23:27.517+0200] {processor.py:758} INFO - Processing file /Users/brenda/miniconda3/envs/airflow/lib/python3.8/site-packages/airflow/example_dags/example_bash_operator.py for tasks to queue
[2023-06-08T23:23:27.517+0200] {logging_mixin.py:117} INFO - [2023-06-08T23:23:27.517+0200] {dagbag.py:525} INFO - Filling up the DagBag from /Users/brenda/miniconda3/envs/airflow/lib/python3.8/site-packages/airflow/example_dags/example_bash_operator.py
[2023-06-08T23:23:27.558+0200] {processor.py:768} INFO - DAG(s) dict_keys(['example_bash_operator']) retrieved from /Users/brenda/miniconda3/envs/airflow/lib/python3.8/site-packages/airflow/example_dags/example_bash_operator.py
[2023-06-08T23:23:27.651+0200] {logging_mixin.py:117} INFO - [2023-06-08T23:23:27.651+0200] {dag.py:2573} INFO - Sync 1 DAGs
[2023-06-08T23:23:27.662+0200] {logging_mixin.py:117} INFO - [2023-06-08T23:23:27.662+0200] {dag.py:3324} INFO - Setting next_dagrun for example_bash_operator to 2023-06-07T00:00:00+00:00, run_after=2023-06-08T00:00:00+00:00
[2023-06-08T23:23:27.672+0200] {processor.py:178} INFO - Processing /Users/brenda/miniconda3/envs/airflow/lib/python3.8/site-packages/airflow/example_dags/example_bash_operator.py took 0.160 seconds
[2023-06-08T23:24:36.199+0200] {processor.py:156} INFO - Started process (PID=19080) to work on /Users/brenda/miniconda3/envs/airflow/lib/python3.8/site-packages/airflow/example_dags/example_bash_operator.py
[2023-06-08T23:24:36.203+0200] {processor.py:758} INFO - Processing file /Users/brenda/miniconda3/envs/airflow/lib/python3.8/site-packages/airflow/example_dags/example_bash_operator.py for tasks to queue
[2023-06-08T23:24:36.203+0200] {logging_mixin.py:117} INFO - [2023-06-08T23:24:36.203+0200] {dagbag.py:525} INFO - Filling up the DagBag from /Users/brenda/miniconda3/envs/airflow/lib/python3.8/site-packages/airflow/example_dags/example_bash_operator.py
[2023-06-08T23:24:36.256+0200] {processor.py:768} INFO - DAG(s) dict_keys(['example_bash_operator']) retrieved from /Users/brenda/miniconda3/envs/airflow/lib/python3.8/site-packages/airflow/example_dags/example_bash_operator.py
[2023-06-08T23:24:36.370+0200] {logging_mixin.py:117} INFO - [2023-06-08T23:24:36.370+0200] {dag.py:2573} INFO - Sync 1 DAGs
[2023-06-08T23:24:36.383+0200] {logging_mixin.py:117} INFO - [2023-06-08T23:24:36.383+0200] {dag.py:3324} INFO - Setting next_dagrun for example_bash_operator to 2023-06-07T00:00:00+00:00, run_after=2023-06-08T00:00:00+00:00
[2023-06-08T23:24:36.395+0200] {processor.py:178} INFO - Processing /Users/brenda/miniconda3/envs/airflow/lib/python3.8/site-packages/airflow/example_dags/example_bash_operator.py took 0.196 seconds
[2023-06-08T23:26:49.749+0200] {processor.py:156} INFO - Started process (PID=19552) to work on /Users/brenda/miniconda3/envs/airflow/lib/python3.8/site-packages/airflow/example_dags/example_bash_operator.py
[2023-06-08T23:26:49.752+0200] {processor.py:758} INFO - Processing file /Users/brenda/miniconda3/envs/airflow/lib/python3.8/site-packages/airflow/example_dags/example_bash_operator.py for tasks to queue
[2023-06-08T23:26:49.752+0200] {logging_mixin.py:117} INFO - [2023-06-08T23:26:49.752+0200] {dagbag.py:525} INFO - Filling up the DagBag from /Users/brenda/miniconda3/envs/airflow/lib/python3.8/site-packages/airflow/example_dags/example_bash_operator.py
[2023-06-08T23:26:49.790+0200] {processor.py:768} INFO - DAG(s) dict_keys(['example_bash_operator']) retrieved from /Users/brenda/miniconda3/envs/airflow/lib/python3.8/site-packages/airflow/example_dags/example_bash_operator.py
[2023-06-08T23:26:49.883+0200] {logging_mixin.py:117} INFO - [2023-06-08T23:26:49.883+0200] {dag.py:2573} INFO - Sync 1 DAGs
[2023-06-08T23:26:49.895+0200] {logging_mixin.py:117} INFO - [2023-06-08T23:26:49.894+0200] {dag.py:3324} INFO - Setting next_dagrun for example_bash_operator to 2023-06-07T00:00:00+00:00, run_after=2023-06-08T00:00:00+00:00
[2023-06-08T23:26:49.905+0200] {processor.py:178} INFO - Processing /Users/brenda/miniconda3/envs/airflow/lib/python3.8/site-packages/airflow/example_dags/example_bash_operator.py took 0.157 seconds
[2023-06-08T23:27:54.259+0200] {processor.py:156} INFO - Started process (PID=19695) to work on /Users/brenda/miniconda3/envs/airflow/lib/python3.8/site-packages/airflow/example_dags/example_bash_operator.py
[2023-06-08T23:27:54.263+0200] {processor.py:758} INFO - Processing file /Users/brenda/miniconda3/envs/airflow/lib/python3.8/site-packages/airflow/example_dags/example_bash_operator.py for tasks to queue
[2023-06-08T23:27:54.263+0200] {logging_mixin.py:117} INFO - [2023-06-08T23:27:54.263+0200] {dagbag.py:525} INFO - Filling up the DagBag from /Users/brenda/miniconda3/envs/airflow/lib/python3.8/site-packages/airflow/example_dags/example_bash_operator.py
[2023-06-08T23:27:54.301+0200] {processor.py:768} INFO - DAG(s) dict_keys(['example_bash_operator']) retrieved from /Users/brenda/miniconda3/envs/airflow/lib/python3.8/site-packages/airflow/example_dags/example_bash_operator.py
[2023-06-08T23:27:54.394+0200] {logging_mixin.py:117} INFO - [2023-06-08T23:27:54.394+0200] {dag.py:2573} INFO - Sync 1 DAGs
[2023-06-08T23:27:54.405+0200] {logging_mixin.py:117} INFO - [2023-06-08T23:27:54.405+0200] {dag.py:3324} INFO - Setting next_dagrun for example_bash_operator to 2023-06-07T00:00:00+00:00, run_after=2023-06-08T00:00:00+00:00
[2023-06-08T23:27:54.415+0200] {processor.py:178} INFO - Processing /Users/brenda/miniconda3/envs/airflow/lib/python3.8/site-packages/airflow/example_dags/example_bash_operator.py took 0.156 seconds
[2023-06-08T23:28:59.629+0200] {processor.py:156} INFO - Started process (PID=19846) to work on /Users/brenda/miniconda3/envs/airflow/lib/python3.8/site-packages/airflow/example_dags/example_bash_operator.py
[2023-06-08T23:28:59.632+0200] {processor.py:758} INFO - Processing file /Users/brenda/miniconda3/envs/airflow/lib/python3.8/site-packages/airflow/example_dags/example_bash_operator.py for tasks to queue
[2023-06-08T23:28:59.632+0200] {logging_mixin.py:117} INFO - [2023-06-08T23:28:59.632+0200] {dagbag.py:525} INFO - Filling up the DagBag from /Users/brenda/miniconda3/envs/airflow/lib/python3.8/site-packages/airflow/example_dags/example_bash_operator.py
[2023-06-08T23:28:59.672+0200] {processor.py:768} INFO - DAG(s) dict_keys(['example_bash_operator']) retrieved from /Users/brenda/miniconda3/envs/airflow/lib/python3.8/site-packages/airflow/example_dags/example_bash_operator.py
[2023-06-08T23:28:59.766+0200] {logging_mixin.py:117} INFO - [2023-06-08T23:28:59.766+0200] {dag.py:2573} INFO - Sync 1 DAGs
[2023-06-08T23:28:59.778+0200] {logging_mixin.py:117} INFO - [2023-06-08T23:28:59.778+0200] {dag.py:3324} INFO - Setting next_dagrun for example_bash_operator to 2023-06-07T00:00:00+00:00, run_after=2023-06-08T00:00:00+00:00
[2023-06-08T23:28:59.789+0200] {processor.py:178} INFO - Processing /Users/brenda/miniconda3/envs/airflow/lib/python3.8/site-packages/airflow/example_dags/example_bash_operator.py took 0.161 seconds
[2023-06-08T23:30:14.937+0200] {processor.py:156} INFO - Started process (PID=20036) to work on /Users/brenda/miniconda3/envs/airflow/lib/python3.8/site-packages/airflow/example_dags/example_bash_operator.py
[2023-06-08T23:30:14.941+0200] {processor.py:758} INFO - Processing file /Users/brenda/miniconda3/envs/airflow/lib/python3.8/site-packages/airflow/example_dags/example_bash_operator.py for tasks to queue
[2023-06-08T23:30:14.942+0200] {logging_mixin.py:117} INFO - [2023-06-08T23:30:14.942+0200] {dagbag.py:525} INFO - Filling up the DagBag from /Users/brenda/miniconda3/envs/airflow/lib/python3.8/site-packages/airflow/example_dags/example_bash_operator.py
[2023-06-08T23:30:14.979+0200] {processor.py:768} INFO - DAG(s) dict_keys(['example_bash_operator']) retrieved from /Users/brenda/miniconda3/envs/airflow/lib/python3.8/site-packages/airflow/example_dags/example_bash_operator.py
[2023-06-08T23:30:15.072+0200] {logging_mixin.py:117} INFO - [2023-06-08T23:30:15.072+0200] {dag.py:2573} INFO - Sync 1 DAGs
[2023-06-08T23:30:15.083+0200] {logging_mixin.py:117} INFO - [2023-06-08T23:30:15.083+0200] {dag.py:3324} INFO - Setting next_dagrun for example_bash_operator to 2023-06-07T00:00:00+00:00, run_after=2023-06-08T00:00:00+00:00
[2023-06-08T23:30:15.093+0200] {processor.py:178} INFO - Processing /Users/brenda/miniconda3/envs/airflow/lib/python3.8/site-packages/airflow/example_dags/example_bash_operator.py took 0.156 seconds
[2023-06-08T23:32:18.585+0200] {processor.py:156} INFO - Started process (PID=20466) to work on /Users/brenda/miniconda3/envs/airflow/lib/python3.8/site-packages/airflow/example_dags/example_bash_operator.py
[2023-06-08T23:32:18.589+0200] {processor.py:758} INFO - Processing file /Users/brenda/miniconda3/envs/airflow/lib/python3.8/site-packages/airflow/example_dags/example_bash_operator.py for tasks to queue
[2023-06-08T23:32:18.590+0200] {logging_mixin.py:117} INFO - [2023-06-08T23:32:18.590+0200] {dagbag.py:525} INFO - Filling up the DagBag from /Users/brenda/miniconda3/envs/airflow/lib/python3.8/site-packages/airflow/example_dags/example_bash_operator.py
[2023-06-08T23:32:18.628+0200] {processor.py:768} INFO - DAG(s) dict_keys(['example_bash_operator']) retrieved from /Users/brenda/miniconda3/envs/airflow/lib/python3.8/site-packages/airflow/example_dags/example_bash_operator.py
[2023-06-08T23:32:18.721+0200] {logging_mixin.py:117} INFO - [2023-06-08T23:32:18.721+0200] {dag.py:2573} INFO - Sync 1 DAGs
[2023-06-08T23:32:18.732+0200] {logging_mixin.py:117} INFO - [2023-06-08T23:32:18.732+0200] {dag.py:3324} INFO - Setting next_dagrun for example_bash_operator to 2023-06-07T00:00:00+00:00, run_after=2023-06-08T00:00:00+00:00
[2023-06-08T23:32:18.742+0200] {processor.py:178} INFO - Processing /Users/brenda/miniconda3/envs/airflow/lib/python3.8/site-packages/airflow/example_dags/example_bash_operator.py took 0.157 seconds
[2023-06-08T23:33:17.749+0200] {processor.py:156} INFO - Started process (PID=20620) to work on /Users/brenda/miniconda3/envs/airflow/lib/python3.8/site-packages/airflow/example_dags/example_bash_operator.py
[2023-06-08T23:33:17.752+0200] {processor.py:758} INFO - Processing file /Users/brenda/miniconda3/envs/airflow/lib/python3.8/site-packages/airflow/example_dags/example_bash_operator.py for tasks to queue
[2023-06-08T23:33:17.753+0200] {logging_mixin.py:117} INFO - [2023-06-08T23:33:17.753+0200] {dagbag.py:525} INFO - Filling up the DagBag from /Users/brenda/miniconda3/envs/airflow/lib/python3.8/site-packages/airflow/example_dags/example_bash_operator.py
[2023-06-08T23:33:17.791+0200] {processor.py:768} INFO - DAG(s) dict_keys(['example_bash_operator']) retrieved from /Users/brenda/miniconda3/envs/airflow/lib/python3.8/site-packages/airflow/example_dags/example_bash_operator.py
[2023-06-08T23:33:17.885+0200] {logging_mixin.py:117} INFO - [2023-06-08T23:33:17.885+0200] {dag.py:2573} INFO - Sync 1 DAGs
[2023-06-08T23:33:17.896+0200] {logging_mixin.py:117} INFO - [2023-06-08T23:33:17.896+0200] {dag.py:3324} INFO - Setting next_dagrun for example_bash_operator to 2023-06-07T00:00:00+00:00, run_after=2023-06-08T00:00:00+00:00
[2023-06-08T23:33:17.907+0200] {processor.py:178} INFO - Processing /Users/brenda/miniconda3/envs/airflow/lib/python3.8/site-packages/airflow/example_dags/example_bash_operator.py took 0.158 seconds
[2023-06-08T23:34:21.243+0200] {processor.py:156} INFO - Started process (PID=20756) to work on /Users/brenda/miniconda3/envs/airflow/lib/python3.8/site-packages/airflow/example_dags/example_bash_operator.py
[2023-06-08T23:34:21.247+0200] {processor.py:758} INFO - Processing file /Users/brenda/miniconda3/envs/airflow/lib/python3.8/site-packages/airflow/example_dags/example_bash_operator.py for tasks to queue
[2023-06-08T23:34:21.248+0200] {logging_mixin.py:117} INFO - [2023-06-08T23:34:21.247+0200] {dagbag.py:525} INFO - Filling up the DagBag from /Users/brenda/miniconda3/envs/airflow/lib/python3.8/site-packages/airflow/example_dags/example_bash_operator.py
[2023-06-08T23:34:21.285+0200] {processor.py:768} INFO - DAG(s) dict_keys(['example_bash_operator']) retrieved from /Users/brenda/miniconda3/envs/airflow/lib/python3.8/site-packages/airflow/example_dags/example_bash_operator.py
[2023-06-08T23:34:21.383+0200] {logging_mixin.py:117} INFO - [2023-06-08T23:34:21.382+0200] {dag.py:2573} INFO - Sync 1 DAGs
[2023-06-08T23:34:21.396+0200] {logging_mixin.py:117} INFO - [2023-06-08T23:34:21.396+0200] {dag.py:3324} INFO - Setting next_dagrun for example_bash_operator to 2023-06-07T00:00:00+00:00, run_after=2023-06-08T00:00:00+00:00
[2023-06-08T23:34:21.407+0200] {processor.py:178} INFO - Processing /Users/brenda/miniconda3/envs/airflow/lib/python3.8/site-packages/airflow/example_dags/example_bash_operator.py took 0.164 seconds
[2023-06-08T23:35:38.501+0200] {processor.py:156} INFO - Started process (PID=20943) to work on /Users/brenda/miniconda3/envs/airflow/lib/python3.8/site-packages/airflow/example_dags/example_bash_operator.py
[2023-06-08T23:35:38.505+0200] {processor.py:758} INFO - Processing file /Users/brenda/miniconda3/envs/airflow/lib/python3.8/site-packages/airflow/example_dags/example_bash_operator.py for tasks to queue
[2023-06-08T23:35:38.505+0200] {logging_mixin.py:117} INFO - [2023-06-08T23:35:38.505+0200] {dagbag.py:525} INFO - Filling up the DagBag from /Users/brenda/miniconda3/envs/airflow/lib/python3.8/site-packages/airflow/example_dags/example_bash_operator.py
[2023-06-08T23:35:38.542+0200] {processor.py:768} INFO - DAG(s) dict_keys(['example_bash_operator']) retrieved from /Users/brenda/miniconda3/envs/airflow/lib/python3.8/site-packages/airflow/example_dags/example_bash_operator.py
[2023-06-08T23:35:38.635+0200] {logging_mixin.py:117} INFO - [2023-06-08T23:35:38.635+0200] {dag.py:2573} INFO - Sync 1 DAGs
[2023-06-08T23:35:38.646+0200] {logging_mixin.py:117} INFO - [2023-06-08T23:35:38.646+0200] {dag.py:3324} INFO - Setting next_dagrun for example_bash_operator to 2023-06-07T00:00:00+00:00, run_after=2023-06-08T00:00:00+00:00
[2023-06-08T23:35:38.657+0200] {processor.py:178} INFO - Processing /Users/brenda/miniconda3/envs/airflow/lib/python3.8/site-packages/airflow/example_dags/example_bash_operator.py took 0.156 seconds
[2023-06-08T23:37:53.575+0200] {processor.py:156} INFO - Started process (PID=21386) to work on /Users/brenda/miniconda3/envs/airflow/lib/python3.8/site-packages/airflow/example_dags/example_bash_operator.py
[2023-06-08T23:37:53.580+0200] {processor.py:758} INFO - Processing file /Users/brenda/miniconda3/envs/airflow/lib/python3.8/site-packages/airflow/example_dags/example_bash_operator.py for tasks to queue
[2023-06-08T23:37:53.580+0200] {logging_mixin.py:117} INFO - [2023-06-08T23:37:53.580+0200] {dagbag.py:525} INFO - Filling up the DagBag from /Users/brenda/miniconda3/envs/airflow/lib/python3.8/site-packages/airflow/example_dags/example_bash_operator.py
[2023-06-08T23:37:53.620+0200] {processor.py:768} INFO - DAG(s) dict_keys(['example_bash_operator']) retrieved from /Users/brenda/miniconda3/envs/airflow/lib/python3.8/site-packages/airflow/example_dags/example_bash_operator.py
[2023-06-08T23:37:53.718+0200] {logging_mixin.py:117} INFO - [2023-06-08T23:37:53.718+0200] {dag.py:2573} INFO - Sync 1 DAGs
[2023-06-08T23:37:53.730+0200] {logging_mixin.py:117} INFO - [2023-06-08T23:37:53.730+0200] {dag.py:3324} INFO - Setting next_dagrun for example_bash_operator to 2023-06-07T00:00:00+00:00, run_after=2023-06-08T00:00:00+00:00
[2023-06-08T23:37:53.740+0200] {processor.py:178} INFO - Processing /Users/brenda/miniconda3/envs/airflow/lib/python3.8/site-packages/airflow/example_dags/example_bash_operator.py took 0.165 seconds
[2023-06-08T23:38:53.229+0200] {processor.py:156} INFO - Started process (PID=21522) to work on /Users/brenda/miniconda3/envs/airflow/lib/python3.8/site-packages/airflow/example_dags/example_bash_operator.py
[2023-06-08T23:38:53.232+0200] {processor.py:758} INFO - Processing file /Users/brenda/miniconda3/envs/airflow/lib/python3.8/site-packages/airflow/example_dags/example_bash_operator.py for tasks to queue
[2023-06-08T23:38:53.232+0200] {logging_mixin.py:117} INFO - [2023-06-08T23:38:53.232+0200] {dagbag.py:525} INFO - Filling up the DagBag from /Users/brenda/miniconda3/envs/airflow/lib/python3.8/site-packages/airflow/example_dags/example_bash_operator.py
[2023-06-08T23:38:53.271+0200] {processor.py:768} INFO - DAG(s) dict_keys(['example_bash_operator']) retrieved from /Users/brenda/miniconda3/envs/airflow/lib/python3.8/site-packages/airflow/example_dags/example_bash_operator.py
[2023-06-08T23:38:53.367+0200] {logging_mixin.py:117} INFO - [2023-06-08T23:38:53.367+0200] {dag.py:2573} INFO - Sync 1 DAGs
[2023-06-08T23:38:53.379+0200] {logging_mixin.py:117} INFO - [2023-06-08T23:38:53.379+0200] {dag.py:3324} INFO - Setting next_dagrun for example_bash_operator to 2023-06-07T00:00:00+00:00, run_after=2023-06-08T00:00:00+00:00
[2023-06-08T23:38:53.389+0200] {processor.py:178} INFO - Processing /Users/brenda/miniconda3/envs/airflow/lib/python3.8/site-packages/airflow/example_dags/example_bash_operator.py took 0.161 seconds
[2023-06-08T23:39:55.258+0200] {processor.py:156} INFO - Started process (PID=21666) to work on /Users/brenda/miniconda3/envs/airflow/lib/python3.8/site-packages/airflow/example_dags/example_bash_operator.py
[2023-06-08T23:39:55.262+0200] {processor.py:758} INFO - Processing file /Users/brenda/miniconda3/envs/airflow/lib/python3.8/site-packages/airflow/example_dags/example_bash_operator.py for tasks to queue
[2023-06-08T23:39:55.262+0200] {logging_mixin.py:117} INFO - [2023-06-08T23:39:55.262+0200] {dagbag.py:525} INFO - Filling up the DagBag from /Users/brenda/miniconda3/envs/airflow/lib/python3.8/site-packages/airflow/example_dags/example_bash_operator.py
[2023-06-08T23:39:55.303+0200] {processor.py:768} INFO - DAG(s) dict_keys(['example_bash_operator']) retrieved from /Users/brenda/miniconda3/envs/airflow/lib/python3.8/site-packages/airflow/example_dags/example_bash_operator.py
[2023-06-08T23:39:55.397+0200] {logging_mixin.py:117} INFO - [2023-06-08T23:39:55.396+0200] {dag.py:2573} INFO - Sync 1 DAGs
[2023-06-08T23:39:55.408+0200] {logging_mixin.py:117} INFO - [2023-06-08T23:39:55.408+0200] {dag.py:3324} INFO - Setting next_dagrun for example_bash_operator to 2023-06-07T00:00:00+00:00, run_after=2023-06-08T00:00:00+00:00
[2023-06-08T23:39:55.418+0200] {processor.py:178} INFO - Processing /Users/brenda/miniconda3/envs/airflow/lib/python3.8/site-packages/airflow/example_dags/example_bash_operator.py took 0.161 seconds
[2023-06-08T23:41:08.663+0200] {processor.py:156} INFO - Started process (PID=21851) to work on /Users/brenda/miniconda3/envs/airflow/lib/python3.8/site-packages/airflow/example_dags/example_bash_operator.py
[2023-06-08T23:41:08.667+0200] {processor.py:758} INFO - Processing file /Users/brenda/miniconda3/envs/airflow/lib/python3.8/site-packages/airflow/example_dags/example_bash_operator.py for tasks to queue
[2023-06-08T23:41:08.667+0200] {logging_mixin.py:117} INFO - [2023-06-08T23:41:08.667+0200] {dagbag.py:525} INFO - Filling up the DagBag from /Users/brenda/miniconda3/envs/airflow/lib/python3.8/site-packages/airflow/example_dags/example_bash_operator.py
[2023-06-08T23:41:08.705+0200] {processor.py:768} INFO - DAG(s) dict_keys(['example_bash_operator']) retrieved from /Users/brenda/miniconda3/envs/airflow/lib/python3.8/site-packages/airflow/example_dags/example_bash_operator.py
[2023-06-08T23:41:08.797+0200] {logging_mixin.py:117} INFO - [2023-06-08T23:41:08.797+0200] {dag.py:2573} INFO - Sync 1 DAGs
[2023-06-08T23:41:08.808+0200] {logging_mixin.py:117} INFO - [2023-06-08T23:41:08.808+0200] {dag.py:3324} INFO - Setting next_dagrun for example_bash_operator to 2023-06-07T00:00:00+00:00, run_after=2023-06-08T00:00:00+00:00
[2023-06-08T23:41:08.818+0200] {processor.py:178} INFO - Processing /Users/brenda/miniconda3/envs/airflow/lib/python3.8/site-packages/airflow/example_dags/example_bash_operator.py took 0.155 seconds
[2023-06-08T23:43:11.015+0200] {processor.py:156} INFO - Started process (PID=22230) to work on /Users/brenda/miniconda3/envs/airflow/lib/python3.8/site-packages/airflow/example_dags/example_bash_operator.py
[2023-06-08T23:43:11.018+0200] {processor.py:758} INFO - Processing file /Users/brenda/miniconda3/envs/airflow/lib/python3.8/site-packages/airflow/example_dags/example_bash_operator.py for tasks to queue
[2023-06-08T23:43:11.019+0200] {logging_mixin.py:117} INFO - [2023-06-08T23:43:11.019+0200] {dagbag.py:525} INFO - Filling up the DagBag from /Users/brenda/miniconda3/envs/airflow/lib/python3.8/site-packages/airflow/example_dags/example_bash_operator.py
[2023-06-08T23:43:11.057+0200] {processor.py:768} INFO - DAG(s) dict_keys(['example_bash_operator']) retrieved from /Users/brenda/miniconda3/envs/airflow/lib/python3.8/site-packages/airflow/example_dags/example_bash_operator.py
[2023-06-08T23:43:11.153+0200] {logging_mixin.py:117} INFO - [2023-06-08T23:43:11.153+0200] {dag.py:2573} INFO - Sync 1 DAGs
[2023-06-08T23:43:11.166+0200] {logging_mixin.py:117} INFO - [2023-06-08T23:43:11.166+0200] {dag.py:3324} INFO - Setting next_dagrun for example_bash_operator to 2023-06-07T00:00:00+00:00, run_after=2023-06-08T00:00:00+00:00
[2023-06-08T23:43:11.178+0200] {processor.py:178} INFO - Processing /Users/brenda/miniconda3/envs/airflow/lib/python3.8/site-packages/airflow/example_dags/example_bash_operator.py took 0.164 seconds
[2023-06-08T23:44:24.271+0200] {processor.py:156} INFO - Started process (PID=22422) to work on /Users/brenda/miniconda3/envs/airflow/lib/python3.8/site-packages/airflow/example_dags/example_bash_operator.py
[2023-06-08T23:44:24.275+0200] {processor.py:758} INFO - Processing file /Users/brenda/miniconda3/envs/airflow/lib/python3.8/site-packages/airflow/example_dags/example_bash_operator.py for tasks to queue
[2023-06-08T23:44:24.275+0200] {logging_mixin.py:117} INFO - [2023-06-08T23:44:24.275+0200] {dagbag.py:525} INFO - Filling up the DagBag from /Users/brenda/miniconda3/envs/airflow/lib/python3.8/site-packages/airflow/example_dags/example_bash_operator.py
[2023-06-08T23:44:24.313+0200] {processor.py:768} INFO - DAG(s) dict_keys(['example_bash_operator']) retrieved from /Users/brenda/miniconda3/envs/airflow/lib/python3.8/site-packages/airflow/example_dags/example_bash_operator.py
[2023-06-08T23:44:24.404+0200] {logging_mixin.py:117} INFO - [2023-06-08T23:44:24.404+0200] {dag.py:2573} INFO - Sync 1 DAGs
[2023-06-08T23:44:24.416+0200] {logging_mixin.py:117} INFO - [2023-06-08T23:44:24.415+0200] {dag.py:3324} INFO - Setting next_dagrun for example_bash_operator to 2023-06-07T00:00:00+00:00, run_after=2023-06-08T00:00:00+00:00
[2023-06-08T23:44:24.425+0200] {processor.py:178} INFO - Processing /Users/brenda/miniconda3/envs/airflow/lib/python3.8/site-packages/airflow/example_dags/example_bash_operator.py took 0.155 seconds
[2023-06-08T23:45:28.835+0200] {processor.py:156} INFO - Started process (PID=22563) to work on /Users/brenda/miniconda3/envs/airflow/lib/python3.8/site-packages/airflow/example_dags/example_bash_operator.py
[2023-06-08T23:45:28.839+0200] {processor.py:758} INFO - Processing file /Users/brenda/miniconda3/envs/airflow/lib/python3.8/site-packages/airflow/example_dags/example_bash_operator.py for tasks to queue
[2023-06-08T23:45:28.839+0200] {logging_mixin.py:117} INFO - [2023-06-08T23:45:28.839+0200] {dagbag.py:525} INFO - Filling up the DagBag from /Users/brenda/miniconda3/envs/airflow/lib/python3.8/site-packages/airflow/example_dags/example_bash_operator.py
[2023-06-08T23:45:28.880+0200] {processor.py:768} INFO - DAG(s) dict_keys(['example_bash_operator']) retrieved from /Users/brenda/miniconda3/envs/airflow/lib/python3.8/site-packages/airflow/example_dags/example_bash_operator.py
[2023-06-08T23:45:28.976+0200] {logging_mixin.py:117} INFO - [2023-06-08T23:45:28.976+0200] {dag.py:2573} INFO - Sync 1 DAGs
[2023-06-08T23:45:28.988+0200] {logging_mixin.py:117} INFO - [2023-06-08T23:45:28.988+0200] {dag.py:3324} INFO - Setting next_dagrun for example_bash_operator to 2023-06-07T00:00:00+00:00, run_after=2023-06-08T00:00:00+00:00
[2023-06-08T23:45:28.998+0200] {processor.py:178} INFO - Processing /Users/brenda/miniconda3/envs/airflow/lib/python3.8/site-packages/airflow/example_dags/example_bash_operator.py took 0.163 seconds
[2023-06-08T23:46:51.764+0200] {processor.py:156} INFO - Started process (PID=22839) to work on /Users/brenda/miniconda3/envs/airflow/lib/python3.8/site-packages/airflow/example_dags/example_bash_operator.py
[2023-06-08T23:46:51.767+0200] {processor.py:758} INFO - Processing file /Users/brenda/miniconda3/envs/airflow/lib/python3.8/site-packages/airflow/example_dags/example_bash_operator.py for tasks to queue
[2023-06-08T23:46:51.768+0200] {logging_mixin.py:117} INFO - [2023-06-08T23:46:51.768+0200] {dagbag.py:525} INFO - Filling up the DagBag from /Users/brenda/miniconda3/envs/airflow/lib/python3.8/site-packages/airflow/example_dags/example_bash_operator.py
[2023-06-08T23:46:51.807+0200] {processor.py:768} INFO - DAG(s) dict_keys(['example_bash_operator']) retrieved from /Users/brenda/miniconda3/envs/airflow/lib/python3.8/site-packages/airflow/example_dags/example_bash_operator.py
[2023-06-08T23:46:51.904+0200] {logging_mixin.py:117} INFO - [2023-06-08T23:46:51.904+0200] {dag.py:2573} INFO - Sync 1 DAGs
[2023-06-08T23:46:51.916+0200] {logging_mixin.py:117} INFO - [2023-06-08T23:46:51.916+0200] {dag.py:3324} INFO - Setting next_dagrun for example_bash_operator to 2023-06-07T00:00:00+00:00, run_after=2023-06-08T00:00:00+00:00
[2023-06-08T23:46:51.926+0200] {processor.py:178} INFO - Processing /Users/brenda/miniconda3/envs/airflow/lib/python3.8/site-packages/airflow/example_dags/example_bash_operator.py took 0.163 seconds
[2023-06-08T23:48:43.178+0200] {processor.py:156} INFO - Started process (PID=23206) to work on /Users/brenda/miniconda3/envs/airflow/lib/python3.8/site-packages/airflow/example_dags/example_bash_operator.py
[2023-06-08T23:48:43.181+0200] {processor.py:758} INFO - Processing file /Users/brenda/miniconda3/envs/airflow/lib/python3.8/site-packages/airflow/example_dags/example_bash_operator.py for tasks to queue
[2023-06-08T23:48:43.181+0200] {logging_mixin.py:117} INFO - [2023-06-08T23:48:43.181+0200] {dagbag.py:525} INFO - Filling up the DagBag from /Users/brenda/miniconda3/envs/airflow/lib/python3.8/site-packages/airflow/example_dags/example_bash_operator.py
[2023-06-08T23:48:43.219+0200] {processor.py:768} INFO - DAG(s) dict_keys(['example_bash_operator']) retrieved from /Users/brenda/miniconda3/envs/airflow/lib/python3.8/site-packages/airflow/example_dags/example_bash_operator.py
[2023-06-08T23:48:43.362+0200] {logging_mixin.py:117} INFO - [2023-06-08T23:48:43.362+0200] {dag.py:2573} INFO - Sync 1 DAGs
[2023-06-08T23:48:43.377+0200] {logging_mixin.py:117} INFO - [2023-06-08T23:48:43.377+0200] {dag.py:3324} INFO - Setting next_dagrun for example_bash_operator to 2023-06-07T00:00:00+00:00, run_after=2023-06-08T00:00:00+00:00
[2023-06-08T23:48:43.388+0200] {processor.py:178} INFO - Processing /Users/brenda/miniconda3/envs/airflow/lib/python3.8/site-packages/airflow/example_dags/example_bash_operator.py took 0.211 seconds
[2023-06-08T23:49:57.289+0200] {processor.py:156} INFO - Started process (PID=23395) to work on /Users/brenda/miniconda3/envs/airflow/lib/python3.8/site-packages/airflow/example_dags/example_bash_operator.py
[2023-06-08T23:49:57.292+0200] {processor.py:758} INFO - Processing file /Users/brenda/miniconda3/envs/airflow/lib/python3.8/site-packages/airflow/example_dags/example_bash_operator.py for tasks to queue
[2023-06-08T23:49:57.292+0200] {logging_mixin.py:117} INFO - [2023-06-08T23:49:57.292+0200] {dagbag.py:525} INFO - Filling up the DagBag from /Users/brenda/miniconda3/envs/airflow/lib/python3.8/site-packages/airflow/example_dags/example_bash_operator.py
[2023-06-08T23:49:57.331+0200] {processor.py:768} INFO - DAG(s) dict_keys(['example_bash_operator']) retrieved from /Users/brenda/miniconda3/envs/airflow/lib/python3.8/site-packages/airflow/example_dags/example_bash_operator.py
[2023-06-08T23:49:57.435+0200] {logging_mixin.py:117} INFO - [2023-06-08T23:49:57.434+0200] {dag.py:2573} INFO - Sync 1 DAGs
[2023-06-08T23:49:57.447+0200] {logging_mixin.py:117} INFO - [2023-06-08T23:49:57.447+0200] {dag.py:3324} INFO - Setting next_dagrun for example_bash_operator to 2023-06-07T00:00:00+00:00, run_after=2023-06-08T00:00:00+00:00
[2023-06-08T23:49:57.457+0200] {processor.py:178} INFO - Processing /Users/brenda/miniconda3/envs/airflow/lib/python3.8/site-packages/airflow/example_dags/example_bash_operator.py took 0.169 seconds
[2023-06-08T23:51:00.832+0200] {processor.py:156} INFO - Started process (PID=23540) to work on /Users/brenda/miniconda3/envs/airflow/lib/python3.8/site-packages/airflow/example_dags/example_bash_operator.py
[2023-06-08T23:51:00.835+0200] {processor.py:758} INFO - Processing file /Users/brenda/miniconda3/envs/airflow/lib/python3.8/site-packages/airflow/example_dags/example_bash_operator.py for tasks to queue
[2023-06-08T23:51:00.836+0200] {logging_mixin.py:117} INFO - [2023-06-08T23:51:00.836+0200] {dagbag.py:525} INFO - Filling up the DagBag from /Users/brenda/miniconda3/envs/airflow/lib/python3.8/site-packages/airflow/example_dags/example_bash_operator.py
[2023-06-08T23:51:00.889+0200] {processor.py:768} INFO - DAG(s) dict_keys(['example_bash_operator']) retrieved from /Users/brenda/miniconda3/envs/airflow/lib/python3.8/site-packages/airflow/example_dags/example_bash_operator.py
[2023-06-08T23:51:01.018+0200] {logging_mixin.py:117} INFO - [2023-06-08T23:51:01.018+0200] {dag.py:2573} INFO - Sync 1 DAGs
[2023-06-08T23:51:01.033+0200] {logging_mixin.py:117} INFO - [2023-06-08T23:51:01.032+0200] {dag.py:3324} INFO - Setting next_dagrun for example_bash_operator to 2023-06-07T00:00:00+00:00, run_after=2023-06-08T00:00:00+00:00
[2023-06-08T23:51:01.044+0200] {processor.py:178} INFO - Processing /Users/brenda/miniconda3/envs/airflow/lib/python3.8/site-packages/airflow/example_dags/example_bash_operator.py took 0.213 seconds
[2023-06-08T23:52:23.854+0200] {processor.py:156} INFO - Started process (PID=23745) to work on /Users/brenda/miniconda3/envs/airflow/lib/python3.8/site-packages/airflow/example_dags/example_bash_operator.py
[2023-06-08T23:52:23.858+0200] {processor.py:758} INFO - Processing file /Users/brenda/miniconda3/envs/airflow/lib/python3.8/site-packages/airflow/example_dags/example_bash_operator.py for tasks to queue
[2023-06-08T23:52:23.858+0200] {logging_mixin.py:117} INFO - [2023-06-08T23:52:23.858+0200] {dagbag.py:525} INFO - Filling up the DagBag from /Users/brenda/miniconda3/envs/airflow/lib/python3.8/site-packages/airflow/example_dags/example_bash_operator.py
[2023-06-08T23:52:23.896+0200] {processor.py:768} INFO - DAG(s) dict_keys(['example_bash_operator']) retrieved from /Users/brenda/miniconda3/envs/airflow/lib/python3.8/site-packages/airflow/example_dags/example_bash_operator.py
[2023-06-08T23:52:23.988+0200] {logging_mixin.py:117} INFO - [2023-06-08T23:52:23.988+0200] {dag.py:2573} INFO - Sync 1 DAGs
[2023-06-08T23:52:23.999+0200] {logging_mixin.py:117} INFO - [2023-06-08T23:52:23.999+0200] {dag.py:3324} INFO - Setting next_dagrun for example_bash_operator to 2023-06-07T00:00:00+00:00, run_after=2023-06-08T00:00:00+00:00
[2023-06-08T23:52:24.010+0200] {processor.py:178} INFO - Processing /Users/brenda/miniconda3/envs/airflow/lib/python3.8/site-packages/airflow/example_dags/example_bash_operator.py took 0.156 seconds
[2023-06-08T23:54:29.960+0200] {processor.py:156} INFO - Started process (PID=24199) to work on /Users/brenda/miniconda3/envs/airflow/lib/python3.8/site-packages/airflow/example_dags/example_bash_operator.py
[2023-06-08T23:54:29.964+0200] {processor.py:758} INFO - Processing file /Users/brenda/miniconda3/envs/airflow/lib/python3.8/site-packages/airflow/example_dags/example_bash_operator.py for tasks to queue
[2023-06-08T23:54:29.964+0200] {logging_mixin.py:117} INFO - [2023-06-08T23:54:29.964+0200] {dagbag.py:525} INFO - Filling up the DagBag from /Users/brenda/miniconda3/envs/airflow/lib/python3.8/site-packages/airflow/example_dags/example_bash_operator.py
[2023-06-08T23:54:30.003+0200] {processor.py:768} INFO - DAG(s) dict_keys(['example_bash_operator']) retrieved from /Users/brenda/miniconda3/envs/airflow/lib/python3.8/site-packages/airflow/example_dags/example_bash_operator.py
[2023-06-08T23:54:30.095+0200] {logging_mixin.py:117} INFO - [2023-06-08T23:54:30.095+0200] {dag.py:2573} INFO - Sync 1 DAGs
[2023-06-08T23:54:30.107+0200] {logging_mixin.py:117} INFO - [2023-06-08T23:54:30.107+0200] {dag.py:3324} INFO - Setting next_dagrun for example_bash_operator to 2023-06-07T00:00:00+00:00, run_after=2023-06-08T00:00:00+00:00
[2023-06-08T23:54:30.117+0200] {processor.py:178} INFO - Processing /Users/brenda/miniconda3/envs/airflow/lib/python3.8/site-packages/airflow/example_dags/example_bash_operator.py took 0.157 seconds
[2023-06-08T23:55:31.738+0200] {processor.py:156} INFO - Started process (PID=24355) to work on /Users/brenda/miniconda3/envs/airflow/lib/python3.8/site-packages/airflow/example_dags/example_bash_operator.py
[2023-06-08T23:55:31.742+0200] {processor.py:758} INFO - Processing file /Users/brenda/miniconda3/envs/airflow/lib/python3.8/site-packages/airflow/example_dags/example_bash_operator.py for tasks to queue
[2023-06-08T23:55:31.742+0200] {logging_mixin.py:117} INFO - [2023-06-08T23:55:31.742+0200] {dagbag.py:525} INFO - Filling up the DagBag from /Users/brenda/miniconda3/envs/airflow/lib/python3.8/site-packages/airflow/example_dags/example_bash_operator.py
[2023-06-08T23:55:31.781+0200] {processor.py:768} INFO - DAG(s) dict_keys(['example_bash_operator']) retrieved from /Users/brenda/miniconda3/envs/airflow/lib/python3.8/site-packages/airflow/example_dags/example_bash_operator.py
[2023-06-08T23:55:31.872+0200] {logging_mixin.py:117} INFO - [2023-06-08T23:55:31.872+0200] {dag.py:2573} INFO - Sync 1 DAGs
[2023-06-08T23:55:31.885+0200] {logging_mixin.py:117} INFO - [2023-06-08T23:55:31.884+0200] {dag.py:3324} INFO - Setting next_dagrun for example_bash_operator to 2023-06-07T00:00:00+00:00, run_after=2023-06-08T00:00:00+00:00
[2023-06-08T23:55:31.894+0200] {processor.py:178} INFO - Processing /Users/brenda/miniconda3/envs/airflow/lib/python3.8/site-packages/airflow/example_dags/example_bash_operator.py took 0.157 seconds
[2023-06-08T23:56:34.396+0200] {processor.py:156} INFO - Started process (PID=24494) to work on /Users/brenda/miniconda3/envs/airflow/lib/python3.8/site-packages/airflow/example_dags/example_bash_operator.py
[2023-06-08T23:56:34.399+0200] {processor.py:758} INFO - Processing file /Users/brenda/miniconda3/envs/airflow/lib/python3.8/site-packages/airflow/example_dags/example_bash_operator.py for tasks to queue
[2023-06-08T23:56:34.400+0200] {logging_mixin.py:117} INFO - [2023-06-08T23:56:34.399+0200] {dagbag.py:525} INFO - Filling up the DagBag from /Users/brenda/miniconda3/envs/airflow/lib/python3.8/site-packages/airflow/example_dags/example_bash_operator.py
[2023-06-08T23:56:34.439+0200] {processor.py:768} INFO - DAG(s) dict_keys(['example_bash_operator']) retrieved from /Users/brenda/miniconda3/envs/airflow/lib/python3.8/site-packages/airflow/example_dags/example_bash_operator.py
[2023-06-08T23:56:34.538+0200] {logging_mixin.py:117} INFO - [2023-06-08T23:56:34.538+0200] {dag.py:2573} INFO - Sync 1 DAGs
[2023-06-08T23:56:34.549+0200] {logging_mixin.py:117} INFO - [2023-06-08T23:56:34.549+0200] {dag.py:3324} INFO - Setting next_dagrun for example_bash_operator to 2023-06-07T00:00:00+00:00, run_after=2023-06-08T00:00:00+00:00
[2023-06-08T23:56:34.560+0200] {processor.py:178} INFO - Processing /Users/brenda/miniconda3/envs/airflow/lib/python3.8/site-packages/airflow/example_dags/example_bash_operator.py took 0.164 seconds
[2023-06-08T23:57:52.261+0200] {processor.py:156} INFO - Started process (PID=24696) to work on /Users/brenda/miniconda3/envs/airflow/lib/python3.8/site-packages/airflow/example_dags/example_bash_operator.py
[2023-06-08T23:57:52.265+0200] {processor.py:758} INFO - Processing file /Users/brenda/miniconda3/envs/airflow/lib/python3.8/site-packages/airflow/example_dags/example_bash_operator.py for tasks to queue
[2023-06-08T23:57:52.265+0200] {logging_mixin.py:117} INFO - [2023-06-08T23:57:52.265+0200] {dagbag.py:525} INFO - Filling up the DagBag from /Users/brenda/miniconda3/envs/airflow/lib/python3.8/site-packages/airflow/example_dags/example_bash_operator.py
[2023-06-08T23:57:52.303+0200] {processor.py:768} INFO - DAG(s) dict_keys(['example_bash_operator']) retrieved from /Users/brenda/miniconda3/envs/airflow/lib/python3.8/site-packages/airflow/example_dags/example_bash_operator.py
[2023-06-08T23:57:52.394+0200] {logging_mixin.py:117} INFO - [2023-06-08T23:57:52.394+0200] {dag.py:2573} INFO - Sync 1 DAGs
[2023-06-08T23:57:52.405+0200] {logging_mixin.py:117} INFO - [2023-06-08T23:57:52.405+0200] {dag.py:3324} INFO - Setting next_dagrun for example_bash_operator to 2023-06-07T00:00:00+00:00, run_after=2023-06-08T00:00:00+00:00
[2023-06-08T23:57:52.415+0200] {processor.py:178} INFO - Processing /Users/brenda/miniconda3/envs/airflow/lib/python3.8/site-packages/airflow/example_dags/example_bash_operator.py took 0.154 seconds
[2023-06-08T23:59:36.883+0200] {processor.py:156} INFO - Started process (PID=25022) to work on /Users/brenda/miniconda3/envs/airflow/lib/python3.8/site-packages/airflow/example_dags/example_bash_operator.py
[2023-06-08T23:59:36.886+0200] {processor.py:758} INFO - Processing file /Users/brenda/miniconda3/envs/airflow/lib/python3.8/site-packages/airflow/example_dags/example_bash_operator.py for tasks to queue
[2023-06-08T23:59:36.887+0200] {logging_mixin.py:117} INFO - [2023-06-08T23:59:36.887+0200] {dagbag.py:525} INFO - Filling up the DagBag from /Users/brenda/miniconda3/envs/airflow/lib/python3.8/site-packages/airflow/example_dags/example_bash_operator.py
[2023-06-08T23:59:36.931+0200] {processor.py:768} INFO - DAG(s) dict_keys(['example_bash_operator']) retrieved from /Users/brenda/miniconda3/envs/airflow/lib/python3.8/site-packages/airflow/example_dags/example_bash_operator.py
[2023-06-08T23:59:37.027+0200] {logging_mixin.py:117} INFO - [2023-06-08T23:59:37.027+0200] {dag.py:2573} INFO - Sync 1 DAGs
[2023-06-08T23:59:37.038+0200] {logging_mixin.py:117} INFO - [2023-06-08T23:59:37.038+0200] {dag.py:3324} INFO - Setting next_dagrun for example_bash_operator to 2023-06-07T00:00:00+00:00, run_after=2023-06-08T00:00:00+00:00
[2023-06-08T23:59:37.048+0200] {processor.py:178} INFO - Processing /Users/brenda/miniconda3/envs/airflow/lib/python3.8/site-packages/airflow/example_dags/example_bash_operator.py took 0.166 seconds
[2023-06-09T00:00:47.096+0200] {processor.py:156} INFO - Started process (PID=25318) to work on /Users/brenda/miniconda3/envs/airflow/lib/python3.8/site-packages/airflow/example_dags/example_bash_operator.py
[2023-06-09T00:00:47.100+0200] {processor.py:758} INFO - Processing file /Users/brenda/miniconda3/envs/airflow/lib/python3.8/site-packages/airflow/example_dags/example_bash_operator.py for tasks to queue
[2023-06-09T00:00:47.100+0200] {logging_mixin.py:117} INFO - [2023-06-09T00:00:47.100+0200] {dagbag.py:525} INFO - Filling up the DagBag from /Users/brenda/miniconda3/envs/airflow/lib/python3.8/site-packages/airflow/example_dags/example_bash_operator.py
[2023-06-09T00:00:47.138+0200] {processor.py:768} INFO - DAG(s) dict_keys(['example_bash_operator']) retrieved from /Users/brenda/miniconda3/envs/airflow/lib/python3.8/site-packages/airflow/example_dags/example_bash_operator.py
[2023-06-09T00:00:47.230+0200] {logging_mixin.py:117} INFO - [2023-06-09T00:00:47.230+0200] {dag.py:2573} INFO - Sync 1 DAGs
[2023-06-09T00:00:47.242+0200] {logging_mixin.py:117} INFO - [2023-06-09T00:00:47.241+0200] {dag.py:3324} INFO - Setting next_dagrun for example_bash_operator to 2023-06-07T00:00:00+00:00, run_after=2023-06-08T00:00:00+00:00
[2023-06-09T00:00:47.253+0200] {processor.py:178} INFO - Processing /Users/brenda/miniconda3/envs/airflow/lib/python3.8/site-packages/airflow/example_dags/example_bash_operator.py took 0.157 seconds
[2023-06-09T00:01:50.379+0200] {processor.py:156} INFO - Started process (PID=25488) to work on /Users/brenda/miniconda3/envs/airflow/lib/python3.8/site-packages/airflow/example_dags/example_bash_operator.py
[2023-06-09T00:01:50.383+0200] {processor.py:758} INFO - Processing file /Users/brenda/miniconda3/envs/airflow/lib/python3.8/site-packages/airflow/example_dags/example_bash_operator.py for tasks to queue
[2023-06-09T00:01:50.384+0200] {logging_mixin.py:117} INFO - [2023-06-09T00:01:50.384+0200] {dagbag.py:525} INFO - Filling up the DagBag from /Users/brenda/miniconda3/envs/airflow/lib/python3.8/site-packages/airflow/example_dags/example_bash_operator.py
[2023-06-09T00:01:50.424+0200] {processor.py:768} INFO - DAG(s) dict_keys(['example_bash_operator']) retrieved from /Users/brenda/miniconda3/envs/airflow/lib/python3.8/site-packages/airflow/example_dags/example_bash_operator.py
[2023-06-09T00:01:50.517+0200] {logging_mixin.py:117} INFO - [2023-06-09T00:01:50.517+0200] {dag.py:2573} INFO - Sync 1 DAGs
[2023-06-09T00:01:50.529+0200] {logging_mixin.py:117} INFO - [2023-06-09T00:01:50.529+0200] {dag.py:3324} INFO - Setting next_dagrun for example_bash_operator to 2023-06-07T00:00:00+00:00, run_after=2023-06-08T00:00:00+00:00
[2023-06-09T00:01:50.539+0200] {processor.py:178} INFO - Processing /Users/brenda/miniconda3/envs/airflow/lib/python3.8/site-packages/airflow/example_dags/example_bash_operator.py took 0.160 seconds
