[2023-06-01T14:21:31.279+0200] {processor.py:156} INFO - Started process (PID=86720) to work on /Users/brenda/airflow/dags/lib/data_baseball.py
[2023-06-01T14:21:31.298+0200] {processor.py:758} INFO - Processing file /Users/brenda/airflow/dags/lib/data_baseball.py for tasks to queue
[2023-06-01T14:21:31.298+0200] {logging_mixin.py:117} INFO - [2023-06-01T14:21:31.298+0200] {dagbag.py:525} INFO - Filling up the DagBag from /Users/brenda/airflow/dags/lib/data_baseball.py
[2023-06-01T14:21:31.415+0200] {logging_mixin.py:117} INFO - [2023-06-01T14:21:31.413+0200] {dagbag.py:330} ERROR - Failed to import: /Users/brenda/airflow/dags/lib/data_baseball.py
Traceback (most recent call last):
  File "/Users/brenda/miniconda3/envs/airflow/lib/python3.8/site-packages/airflow/models/dagbag.py", line 326, in parse
    loader.exec_module(new_module)
  File "<frozen importlib._bootstrap_external>", line 843, in exec_module
  File "<frozen importlib._bootstrap>", line 219, in _call_with_frames_removed
  File "/Users/brenda/airflow/dags/lib/data_baseball.py", line 3, in <module>
    from airflow.hooks.postgres_hook import PostgresHook
  File "/Users/brenda/miniconda3/envs/airflow/lib/python3.8/site-packages/airflow/utils/deprecation_tools.py", line 36, in getattr_with_deprecation
    return getattr(importlib.import_module(new_module), new_class_name)
  File "/Users/brenda/miniconda3/envs/airflow/lib/python3.8/importlib/__init__.py", line 127, in import_module
    return _bootstrap._gcd_import(name[level:], package, level)
  File "<frozen importlib._bootstrap>", line 1014, in _gcd_import
  File "<frozen importlib._bootstrap>", line 991, in _find_and_load
  File "<frozen importlib._bootstrap>", line 961, in _find_and_load_unlocked
  File "<frozen importlib._bootstrap>", line 219, in _call_with_frames_removed
  File "<frozen importlib._bootstrap>", line 1014, in _gcd_import
  File "<frozen importlib._bootstrap>", line 991, in _find_and_load
  File "<frozen importlib._bootstrap>", line 961, in _find_and_load_unlocked
  File "<frozen importlib._bootstrap>", line 219, in _call_with_frames_removed
  File "<frozen importlib._bootstrap>", line 1014, in _gcd_import
  File "<frozen importlib._bootstrap>", line 991, in _find_and_load
  File "<frozen importlib._bootstrap>", line 973, in _find_and_load_unlocked
ModuleNotFoundError: No module named 'airflow.providers.postgres'
[2023-06-01T14:21:31.415+0200] {processor.py:770} WARNING - No viable dags retrieved from /Users/brenda/airflow/dags/lib/data_baseball.py
[2023-06-01T14:21:31.723+0200] {processor.py:178} INFO - Processing /Users/brenda/airflow/dags/lib/data_baseball.py took 0.446 seconds
[2023-06-01T14:22:36.309+0200] {processor.py:156} INFO - Started process (PID=86823) to work on /Users/brenda/airflow/dags/lib/data_baseball.py
[2023-06-01T14:22:36.314+0200] {processor.py:758} INFO - Processing file /Users/brenda/airflow/dags/lib/data_baseball.py for tasks to queue
[2023-06-01T14:22:36.315+0200] {logging_mixin.py:117} INFO - [2023-06-01T14:22:36.314+0200] {dagbag.py:525} INFO - Filling up the DagBag from /Users/brenda/airflow/dags/lib/data_baseball.py
[2023-06-01T14:22:36.354+0200] {logging_mixin.py:117} INFO - [2023-06-01T14:22:36.342+0200] {dagbag.py:330} ERROR - Failed to import: /Users/brenda/airflow/dags/lib/data_baseball.py
Traceback (most recent call last):
  File "/Users/brenda/miniconda3/envs/airflow/lib/python3.8/site-packages/airflow/models/dagbag.py", line 326, in parse
    loader.exec_module(new_module)
  File "<frozen importlib._bootstrap_external>", line 843, in exec_module
  File "<frozen importlib._bootstrap>", line 219, in _call_with_frames_removed
  File "/Users/brenda/airflow/dags/lib/data_baseball.py", line 3, in <module>
    from airflow.hooks.postgres_hook import PostgresHook
  File "/Users/brenda/miniconda3/envs/airflow/lib/python3.8/site-packages/airflow/utils/deprecation_tools.py", line 36, in getattr_with_deprecation
    return getattr(importlib.import_module(new_module), new_class_name)
  File "/Users/brenda/miniconda3/envs/airflow/lib/python3.8/importlib/__init__.py", line 127, in import_module
    return _bootstrap._gcd_import(name[level:], package, level)
  File "<frozen importlib._bootstrap>", line 1014, in _gcd_import
  File "<frozen importlib._bootstrap>", line 991, in _find_and_load
  File "<frozen importlib._bootstrap>", line 961, in _find_and_load_unlocked
  File "<frozen importlib._bootstrap>", line 219, in _call_with_frames_removed
  File "<frozen importlib._bootstrap>", line 1014, in _gcd_import
  File "<frozen importlib._bootstrap>", line 991, in _find_and_load
  File "<frozen importlib._bootstrap>", line 961, in _find_and_load_unlocked
  File "<frozen importlib._bootstrap>", line 219, in _call_with_frames_removed
  File "<frozen importlib._bootstrap>", line 1014, in _gcd_import
  File "<frozen importlib._bootstrap>", line 991, in _find_and_load
  File "<frozen importlib._bootstrap>", line 973, in _find_and_load_unlocked
ModuleNotFoundError: No module named 'airflow.providers.postgres'
[2023-06-01T14:22:36.354+0200] {processor.py:770} WARNING - No viable dags retrieved from /Users/brenda/airflow/dags/lib/data_baseball.py
[2023-06-01T14:22:36.440+0200] {processor.py:178} INFO - Processing /Users/brenda/airflow/dags/lib/data_baseball.py took 0.131 seconds
