[2023-04-20 22:37:02,335] {processor.py:153} INFO - Started process (PID=56536) to work on /Users/brenda/miniconda3/lib/python3.10/site-packages/airflow/example_dags/example_branch_day_of_week_operator.py
[2023-04-20 22:37:02,335] {processor.py:641} INFO - Processing file /Users/brenda/miniconda3/lib/python3.10/site-packages/airflow/example_dags/example_branch_day_of_week_operator.py for tasks to queue
[2023-04-20 22:37:02,336] {logging_mixin.py:115} INFO - [2023-04-20 22:37:02,336] {dagbag.py:507} INFO - Filling up the DagBag from /Users/brenda/miniconda3/lib/python3.10/site-packages/airflow/example_dags/example_branch_day_of_week_operator.py
[2023-04-20 22:37:02,343] {processor.py:651} INFO - DAG(s) dict_keys(['example_weekday_branch_operator']) retrieved from /Users/brenda/miniconda3/lib/python3.10/site-packages/airflow/example_dags/example_branch_day_of_week_operator.py
[2023-04-20 22:37:02,853] {logging_mixin.py:115} INFO - [2023-04-20 22:37:02,853] {manager.py:508} INFO - Created Permission View: can delete on DAG:example_weekday_branch_operator
[2023-04-20 22:37:02,857] {logging_mixin.py:115} INFO - [2023-04-20 22:37:02,857] {manager.py:508} INFO - Created Permission View: can edit on DAG:example_weekday_branch_operator
[2023-04-20 22:37:02,860] {logging_mixin.py:115} INFO - [2023-04-20 22:37:02,860] {manager.py:508} INFO - Created Permission View: can read on DAG:example_weekday_branch_operator
[2023-04-20 22:37:02,860] {logging_mixin.py:115} INFO - [2023-04-20 22:37:02,860] {dag.py:2371} INFO - Sync 1 DAGs
[2023-04-20 22:37:02,865] {logging_mixin.py:115} INFO - [2023-04-20 22:37:02,864] {dag.py:2390} INFO - Creating ORM DAG for example_weekday_branch_operator
[2023-04-20 22:37:02,869] {logging_mixin.py:115} INFO - [2023-04-20 22:37:02,869] {dag.py:2915} INFO - Setting next_dagrun for example_weekday_branch_operator to 2023-04-19T00:00:00+00:00, run_after=2023-04-20T00:00:00+00:00
[2023-04-20 22:37:02,875] {processor.py:161} INFO - Processing /Users/brenda/miniconda3/lib/python3.10/site-packages/airflow/example_dags/example_branch_day_of_week_operator.py took 0.540 seconds
[2023-04-20 22:37:55,110] {processor.py:153} INFO - Started process (PID=56584) to work on /Users/brenda/miniconda3/lib/python3.10/site-packages/airflow/example_dags/example_branch_day_of_week_operator.py
[2023-04-20 22:37:55,111] {processor.py:641} INFO - Processing file /Users/brenda/miniconda3/lib/python3.10/site-packages/airflow/example_dags/example_branch_day_of_week_operator.py for tasks to queue
[2023-04-20 22:37:55,111] {logging_mixin.py:115} INFO - [2023-04-20 22:37:55,111] {dagbag.py:507} INFO - Filling up the DagBag from /Users/brenda/miniconda3/lib/python3.10/site-packages/airflow/example_dags/example_branch_day_of_week_operator.py
[2023-04-20 22:37:55,118] {processor.py:651} INFO - DAG(s) dict_keys(['example_weekday_branch_operator']) retrieved from /Users/brenda/miniconda3/lib/python3.10/site-packages/airflow/example_dags/example_branch_day_of_week_operator.py
[2023-04-20 22:37:55,148] {logging_mixin.py:115} INFO - [2023-04-20 22:37:55,148] {dag.py:2371} INFO - Sync 1 DAGs
[2023-04-20 22:37:55,156] {logging_mixin.py:115} INFO - [2023-04-20 22:37:55,156] {dag.py:2915} INFO - Setting next_dagrun for example_weekday_branch_operator to 2023-04-19T00:00:00+00:00, run_after=2023-04-20T00:00:00+00:00
[2023-04-20 22:37:55,161] {processor.py:161} INFO - Processing /Users/brenda/miniconda3/lib/python3.10/site-packages/airflow/example_dags/example_branch_day_of_week_operator.py took 0.052 seconds
[2023-04-20 22:38:44,874] {processor.py:153} INFO - Started process (PID=56627) to work on /Users/brenda/miniconda3/lib/python3.10/site-packages/airflow/example_dags/example_branch_day_of_week_operator.py
[2023-04-20 22:38:44,875] {processor.py:641} INFO - Processing file /Users/brenda/miniconda3/lib/python3.10/site-packages/airflow/example_dags/example_branch_day_of_week_operator.py for tasks to queue
[2023-04-20 22:38:44,875] {logging_mixin.py:115} INFO - [2023-04-20 22:38:44,875] {dagbag.py:507} INFO - Filling up the DagBag from /Users/brenda/miniconda3/lib/python3.10/site-packages/airflow/example_dags/example_branch_day_of_week_operator.py
[2023-04-20 22:38:44,882] {processor.py:651} INFO - DAG(s) dict_keys(['example_weekday_branch_operator']) retrieved from /Users/brenda/miniconda3/lib/python3.10/site-packages/airflow/example_dags/example_branch_day_of_week_operator.py
[2023-04-20 22:38:44,912] {logging_mixin.py:115} INFO - [2023-04-20 22:38:44,912] {dag.py:2371} INFO - Sync 1 DAGs
[2023-04-20 22:38:44,920] {logging_mixin.py:115} INFO - [2023-04-20 22:38:44,920] {dag.py:2915} INFO - Setting next_dagrun for example_weekday_branch_operator to 2023-04-19T00:00:00+00:00, run_after=2023-04-20T00:00:00+00:00
[2023-04-20 22:38:44,925] {processor.py:161} INFO - Processing /Users/brenda/miniconda3/lib/python3.10/site-packages/airflow/example_dags/example_branch_day_of_week_operator.py took 0.051 seconds
[2023-04-20 22:39:36,067] {processor.py:153} INFO - Started process (PID=56673) to work on /Users/brenda/miniconda3/lib/python3.10/site-packages/airflow/example_dags/example_branch_day_of_week_operator.py
[2023-04-20 22:39:36,068] {processor.py:641} INFO - Processing file /Users/brenda/miniconda3/lib/python3.10/site-packages/airflow/example_dags/example_branch_day_of_week_operator.py for tasks to queue
[2023-04-20 22:39:36,068] {logging_mixin.py:115} INFO - [2023-04-20 22:39:36,068] {dagbag.py:507} INFO - Filling up the DagBag from /Users/brenda/miniconda3/lib/python3.10/site-packages/airflow/example_dags/example_branch_day_of_week_operator.py
[2023-04-20 22:39:36,075] {processor.py:651} INFO - DAG(s) dict_keys(['example_weekday_branch_operator']) retrieved from /Users/brenda/miniconda3/lib/python3.10/site-packages/airflow/example_dags/example_branch_day_of_week_operator.py
[2023-04-20 22:39:36,105] {logging_mixin.py:115} INFO - [2023-04-20 22:39:36,105] {dag.py:2371} INFO - Sync 1 DAGs
[2023-04-20 22:39:36,114] {logging_mixin.py:115} INFO - [2023-04-20 22:39:36,114] {dag.py:2915} INFO - Setting next_dagrun for example_weekday_branch_operator to 2023-04-19T00:00:00+00:00, run_after=2023-04-20T00:00:00+00:00
[2023-04-20 22:39:36,119] {processor.py:161} INFO - Processing /Users/brenda/miniconda3/lib/python3.10/site-packages/airflow/example_dags/example_branch_day_of_week_operator.py took 0.052 seconds
[2023-04-20 22:40:27,183] {processor.py:153} INFO - Started process (PID=56713) to work on /Users/brenda/miniconda3/lib/python3.10/site-packages/airflow/example_dags/example_branch_day_of_week_operator.py
[2023-04-20 22:40:27,184] {processor.py:641} INFO - Processing file /Users/brenda/miniconda3/lib/python3.10/site-packages/airflow/example_dags/example_branch_day_of_week_operator.py for tasks to queue
[2023-04-20 22:40:27,184] {logging_mixin.py:115} INFO - [2023-04-20 22:40:27,184] {dagbag.py:507} INFO - Filling up the DagBag from /Users/brenda/miniconda3/lib/python3.10/site-packages/airflow/example_dags/example_branch_day_of_week_operator.py
[2023-04-20 22:40:27,191] {processor.py:651} INFO - DAG(s) dict_keys(['example_weekday_branch_operator']) retrieved from /Users/brenda/miniconda3/lib/python3.10/site-packages/airflow/example_dags/example_branch_day_of_week_operator.py
[2023-04-20 22:40:27,221] {logging_mixin.py:115} INFO - [2023-04-20 22:40:27,221] {dag.py:2371} INFO - Sync 1 DAGs
[2023-04-20 22:40:27,229] {logging_mixin.py:115} INFO - [2023-04-20 22:40:27,229] {dag.py:2915} INFO - Setting next_dagrun for example_weekday_branch_operator to 2023-04-19T00:00:00+00:00, run_after=2023-04-20T00:00:00+00:00
[2023-04-20 22:40:27,234] {processor.py:161} INFO - Processing /Users/brenda/miniconda3/lib/python3.10/site-packages/airflow/example_dags/example_branch_day_of_week_operator.py took 0.051 seconds
[2023-04-20 22:41:16,180] {processor.py:153} INFO - Started process (PID=56749) to work on /Users/brenda/miniconda3/lib/python3.10/site-packages/airflow/example_dags/example_branch_day_of_week_operator.py
[2023-04-20 22:41:16,181] {processor.py:641} INFO - Processing file /Users/brenda/miniconda3/lib/python3.10/site-packages/airflow/example_dags/example_branch_day_of_week_operator.py for tasks to queue
[2023-04-20 22:41:16,181] {logging_mixin.py:115} INFO - [2023-04-20 22:41:16,181] {dagbag.py:507} INFO - Filling up the DagBag from /Users/brenda/miniconda3/lib/python3.10/site-packages/airflow/example_dags/example_branch_day_of_week_operator.py
[2023-04-20 22:41:16,189] {processor.py:651} INFO - DAG(s) dict_keys(['example_weekday_branch_operator']) retrieved from /Users/brenda/miniconda3/lib/python3.10/site-packages/airflow/example_dags/example_branch_day_of_week_operator.py
[2023-04-20 22:41:16,219] {logging_mixin.py:115} INFO - [2023-04-20 22:41:16,219] {dag.py:2371} INFO - Sync 1 DAGs
[2023-04-20 22:41:16,227] {logging_mixin.py:115} INFO - [2023-04-20 22:41:16,227] {dag.py:2915} INFO - Setting next_dagrun for example_weekday_branch_operator to 2023-04-19T00:00:00+00:00, run_after=2023-04-20T00:00:00+00:00
[2023-04-20 22:41:16,232] {processor.py:161} INFO - Processing /Users/brenda/miniconda3/lib/python3.10/site-packages/airflow/example_dags/example_branch_day_of_week_operator.py took 0.052 seconds
[2023-04-20 22:42:13,746] {processor.py:153} INFO - Started process (PID=56826) to work on /Users/brenda/miniconda3/lib/python3.10/site-packages/airflow/example_dags/example_branch_day_of_week_operator.py
[2023-04-20 22:42:13,747] {processor.py:641} INFO - Processing file /Users/brenda/miniconda3/lib/python3.10/site-packages/airflow/example_dags/example_branch_day_of_week_operator.py for tasks to queue
[2023-04-20 22:42:13,747] {logging_mixin.py:115} INFO - [2023-04-20 22:42:13,747] {dagbag.py:507} INFO - Filling up the DagBag from /Users/brenda/miniconda3/lib/python3.10/site-packages/airflow/example_dags/example_branch_day_of_week_operator.py
[2023-04-20 22:42:13,754] {processor.py:651} INFO - DAG(s) dict_keys(['example_weekday_branch_operator']) retrieved from /Users/brenda/miniconda3/lib/python3.10/site-packages/airflow/example_dags/example_branch_day_of_week_operator.py
[2023-04-20 22:42:13,783] {logging_mixin.py:115} INFO - [2023-04-20 22:42:13,783] {dag.py:2371} INFO - Sync 1 DAGs
[2023-04-20 22:42:13,792] {logging_mixin.py:115} INFO - [2023-04-20 22:42:13,792] {dag.py:2915} INFO - Setting next_dagrun for example_weekday_branch_operator to 2023-04-19T00:00:00+00:00, run_after=2023-04-20T00:00:00+00:00
[2023-04-20 22:42:13,797] {processor.py:161} INFO - Processing /Users/brenda/miniconda3/lib/python3.10/site-packages/airflow/example_dags/example_branch_day_of_week_operator.py took 0.051 seconds
[2023-04-20 22:43:03,931] {processor.py:153} INFO - Started process (PID=56863) to work on /Users/brenda/miniconda3/lib/python3.10/site-packages/airflow/example_dags/example_branch_day_of_week_operator.py
[2023-04-20 22:43:03,931] {processor.py:641} INFO - Processing file /Users/brenda/miniconda3/lib/python3.10/site-packages/airflow/example_dags/example_branch_day_of_week_operator.py for tasks to queue
[2023-04-20 22:43:03,931] {logging_mixin.py:115} INFO - [2023-04-20 22:43:03,931] {dagbag.py:507} INFO - Filling up the DagBag from /Users/brenda/miniconda3/lib/python3.10/site-packages/airflow/example_dags/example_branch_day_of_week_operator.py
[2023-04-20 22:43:03,939] {processor.py:651} INFO - DAG(s) dict_keys(['example_weekday_branch_operator']) retrieved from /Users/brenda/miniconda3/lib/python3.10/site-packages/airflow/example_dags/example_branch_day_of_week_operator.py
[2023-04-20 22:43:03,969] {logging_mixin.py:115} INFO - [2023-04-20 22:43:03,968] {dag.py:2371} INFO - Sync 1 DAGs
[2023-04-20 22:43:03,977] {logging_mixin.py:115} INFO - [2023-04-20 22:43:03,977] {dag.py:2915} INFO - Setting next_dagrun for example_weekday_branch_operator to 2023-04-19T00:00:00+00:00, run_after=2023-04-20T00:00:00+00:00
[2023-04-20 22:43:03,982] {processor.py:161} INFO - Processing /Users/brenda/miniconda3/lib/python3.10/site-packages/airflow/example_dags/example_branch_day_of_week_operator.py took 0.051 seconds
[2023-04-20 22:43:51,870] {processor.py:153} INFO - Started process (PID=56918) to work on /Users/brenda/miniconda3/lib/python3.10/site-packages/airflow/example_dags/example_branch_day_of_week_operator.py
[2023-04-20 22:43:51,871] {processor.py:641} INFO - Processing file /Users/brenda/miniconda3/lib/python3.10/site-packages/airflow/example_dags/example_branch_day_of_week_operator.py for tasks to queue
[2023-04-20 22:43:51,871] {logging_mixin.py:115} INFO - [2023-04-20 22:43:51,871] {dagbag.py:507} INFO - Filling up the DagBag from /Users/brenda/miniconda3/lib/python3.10/site-packages/airflow/example_dags/example_branch_day_of_week_operator.py
[2023-04-20 22:43:51,879] {processor.py:651} INFO - DAG(s) dict_keys(['example_weekday_branch_operator']) retrieved from /Users/brenda/miniconda3/lib/python3.10/site-packages/airflow/example_dags/example_branch_day_of_week_operator.py
[2023-04-20 22:43:51,914] {logging_mixin.py:115} INFO - [2023-04-20 22:43:51,914] {dag.py:2371} INFO - Sync 1 DAGs
[2023-04-20 22:43:51,922] {logging_mixin.py:115} INFO - [2023-04-20 22:43:51,922] {dag.py:2915} INFO - Setting next_dagrun for example_weekday_branch_operator to 2023-04-19T00:00:00+00:00, run_after=2023-04-20T00:00:00+00:00
[2023-04-20 22:43:51,927] {processor.py:161} INFO - Processing /Users/brenda/miniconda3/lib/python3.10/site-packages/airflow/example_dags/example_branch_day_of_week_operator.py took 0.057 seconds
[2023-04-20 22:44:40,944] {processor.py:153} INFO - Started process (PID=56965) to work on /Users/brenda/miniconda3/lib/python3.10/site-packages/airflow/example_dags/example_branch_day_of_week_operator.py
[2023-04-20 22:44:40,945] {processor.py:641} INFO - Processing file /Users/brenda/miniconda3/lib/python3.10/site-packages/airflow/example_dags/example_branch_day_of_week_operator.py for tasks to queue
[2023-04-20 22:44:40,945] {logging_mixin.py:115} INFO - [2023-04-20 22:44:40,945] {dagbag.py:507} INFO - Filling up the DagBag from /Users/brenda/miniconda3/lib/python3.10/site-packages/airflow/example_dags/example_branch_day_of_week_operator.py
[2023-04-20 22:44:40,952] {processor.py:651} INFO - DAG(s) dict_keys(['example_weekday_branch_operator']) retrieved from /Users/brenda/miniconda3/lib/python3.10/site-packages/airflow/example_dags/example_branch_day_of_week_operator.py
[2023-04-20 22:44:40,982] {logging_mixin.py:115} INFO - [2023-04-20 22:44:40,982] {dag.py:2371} INFO - Sync 1 DAGs
[2023-04-20 22:44:40,990] {logging_mixin.py:115} INFO - [2023-04-20 22:44:40,990] {dag.py:2915} INFO - Setting next_dagrun for example_weekday_branch_operator to 2023-04-19T00:00:00+00:00, run_after=2023-04-20T00:00:00+00:00
[2023-04-20 22:44:40,996] {processor.py:161} INFO - Processing /Users/brenda/miniconda3/lib/python3.10/site-packages/airflow/example_dags/example_branch_day_of_week_operator.py took 0.051 seconds
[2023-04-20 22:45:28,920] {processor.py:153} INFO - Started process (PID=57014) to work on /Users/brenda/miniconda3/lib/python3.10/site-packages/airflow/example_dags/example_branch_day_of_week_operator.py
[2023-04-20 22:45:28,920] {processor.py:641} INFO - Processing file /Users/brenda/miniconda3/lib/python3.10/site-packages/airflow/example_dags/example_branch_day_of_week_operator.py for tasks to queue
[2023-04-20 22:45:28,921] {logging_mixin.py:115} INFO - [2023-04-20 22:45:28,921] {dagbag.py:507} INFO - Filling up the DagBag from /Users/brenda/miniconda3/lib/python3.10/site-packages/airflow/example_dags/example_branch_day_of_week_operator.py
[2023-04-20 22:45:28,928] {processor.py:651} INFO - DAG(s) dict_keys(['example_weekday_branch_operator']) retrieved from /Users/brenda/miniconda3/lib/python3.10/site-packages/airflow/example_dags/example_branch_day_of_week_operator.py
[2023-04-20 22:45:28,958] {logging_mixin.py:115} INFO - [2023-04-20 22:45:28,958] {dag.py:2371} INFO - Sync 1 DAGs
[2023-04-20 22:45:28,967] {logging_mixin.py:115} INFO - [2023-04-20 22:45:28,966] {dag.py:2915} INFO - Setting next_dagrun for example_weekday_branch_operator to 2023-04-19T00:00:00+00:00, run_after=2023-04-20T00:00:00+00:00
[2023-04-20 22:45:28,972] {processor.py:161} INFO - Processing /Users/brenda/miniconda3/lib/python3.10/site-packages/airflow/example_dags/example_branch_day_of_week_operator.py took 0.052 seconds
[2023-04-20 22:46:17,649] {processor.py:153} INFO - Started process (PID=57054) to work on /Users/brenda/miniconda3/lib/python3.10/site-packages/airflow/example_dags/example_branch_day_of_week_operator.py
[2023-04-20 22:46:17,649] {processor.py:641} INFO - Processing file /Users/brenda/miniconda3/lib/python3.10/site-packages/airflow/example_dags/example_branch_day_of_week_operator.py for tasks to queue
[2023-04-20 22:46:17,649] {logging_mixin.py:115} INFO - [2023-04-20 22:46:17,649] {dagbag.py:507} INFO - Filling up the DagBag from /Users/brenda/miniconda3/lib/python3.10/site-packages/airflow/example_dags/example_branch_day_of_week_operator.py
[2023-04-20 22:46:17,657] {processor.py:651} INFO - DAG(s) dict_keys(['example_weekday_branch_operator']) retrieved from /Users/brenda/miniconda3/lib/python3.10/site-packages/airflow/example_dags/example_branch_day_of_week_operator.py
[2023-04-20 22:46:17,691] {logging_mixin.py:115} INFO - [2023-04-20 22:46:17,691] {dag.py:2371} INFO - Sync 1 DAGs
[2023-04-20 22:46:17,701] {logging_mixin.py:115} INFO - [2023-04-20 22:46:17,701] {dag.py:2915} INFO - Setting next_dagrun for example_weekday_branch_operator to 2023-04-19T00:00:00+00:00, run_after=2023-04-20T00:00:00+00:00
[2023-04-20 22:46:17,706] {processor.py:161} INFO - Processing /Users/brenda/miniconda3/lib/python3.10/site-packages/airflow/example_dags/example_branch_day_of_week_operator.py took 0.058 seconds
[2023-04-20 22:48:04,443] {processor.py:153} INFO - Started process (PID=57175) to work on /Users/brenda/miniconda3/lib/python3.10/site-packages/airflow/example_dags/example_branch_day_of_week_operator.py
[2023-04-20 22:48:04,444] {processor.py:641} INFO - Processing file /Users/brenda/miniconda3/lib/python3.10/site-packages/airflow/example_dags/example_branch_day_of_week_operator.py for tasks to queue
[2023-04-20 22:48:04,444] {logging_mixin.py:115} INFO - [2023-04-20 22:48:04,444] {dagbag.py:507} INFO - Filling up the DagBag from /Users/brenda/miniconda3/lib/python3.10/site-packages/airflow/example_dags/example_branch_day_of_week_operator.py
[2023-04-20 22:48:04,452] {processor.py:651} INFO - DAG(s) dict_keys(['example_weekday_branch_operator']) retrieved from /Users/brenda/miniconda3/lib/python3.10/site-packages/airflow/example_dags/example_branch_day_of_week_operator.py
[2023-04-20 22:48:04,482] {logging_mixin.py:115} INFO - [2023-04-20 22:48:04,482] {dag.py:2371} INFO - Sync 1 DAGs
[2023-04-20 22:48:04,491] {logging_mixin.py:115} INFO - [2023-04-20 22:48:04,491] {dag.py:2915} INFO - Setting next_dagrun for example_weekday_branch_operator to 2023-04-19T00:00:00+00:00, run_after=2023-04-20T00:00:00+00:00
[2023-04-20 22:48:04,496] {processor.py:161} INFO - Processing /Users/brenda/miniconda3/lib/python3.10/site-packages/airflow/example_dags/example_branch_day_of_week_operator.py took 0.053 seconds
[2023-04-20 22:48:54,984] {processor.py:153} INFO - Started process (PID=57235) to work on /Users/brenda/miniconda3/lib/python3.10/site-packages/airflow/example_dags/example_branch_day_of_week_operator.py
[2023-04-20 22:48:54,984] {processor.py:641} INFO - Processing file /Users/brenda/miniconda3/lib/python3.10/site-packages/airflow/example_dags/example_branch_day_of_week_operator.py for tasks to queue
[2023-04-20 22:48:54,985] {logging_mixin.py:115} INFO - [2023-04-20 22:48:54,985] {dagbag.py:507} INFO - Filling up the DagBag from /Users/brenda/miniconda3/lib/python3.10/site-packages/airflow/example_dags/example_branch_day_of_week_operator.py
[2023-04-20 22:48:54,992] {processor.py:651} INFO - DAG(s) dict_keys(['example_weekday_branch_operator']) retrieved from /Users/brenda/miniconda3/lib/python3.10/site-packages/airflow/example_dags/example_branch_day_of_week_operator.py
[2023-04-20 22:48:55,022] {logging_mixin.py:115} INFO - [2023-04-20 22:48:55,022] {dag.py:2371} INFO - Sync 1 DAGs
[2023-04-20 22:48:55,031] {logging_mixin.py:115} INFO - [2023-04-20 22:48:55,030] {dag.py:2915} INFO - Setting next_dagrun for example_weekday_branch_operator to 2023-04-19T00:00:00+00:00, run_after=2023-04-20T00:00:00+00:00
[2023-04-20 22:48:55,035] {processor.py:161} INFO - Processing /Users/brenda/miniconda3/lib/python3.10/site-packages/airflow/example_dags/example_branch_day_of_week_operator.py took 0.052 seconds
[2023-04-20 22:49:46,595] {processor.py:153} INFO - Started process (PID=57273) to work on /Users/brenda/miniconda3/lib/python3.10/site-packages/airflow/example_dags/example_branch_day_of_week_operator.py
[2023-04-20 22:49:46,595] {processor.py:641} INFO - Processing file /Users/brenda/miniconda3/lib/python3.10/site-packages/airflow/example_dags/example_branch_day_of_week_operator.py for tasks to queue
[2023-04-20 22:49:46,595] {logging_mixin.py:115} INFO - [2023-04-20 22:49:46,595] {dagbag.py:507} INFO - Filling up the DagBag from /Users/brenda/miniconda3/lib/python3.10/site-packages/airflow/example_dags/example_branch_day_of_week_operator.py
[2023-04-20 22:49:46,602] {processor.py:651} INFO - DAG(s) dict_keys(['example_weekday_branch_operator']) retrieved from /Users/brenda/miniconda3/lib/python3.10/site-packages/airflow/example_dags/example_branch_day_of_week_operator.py
[2023-04-20 22:49:46,632] {logging_mixin.py:115} INFO - [2023-04-20 22:49:46,632] {dag.py:2371} INFO - Sync 1 DAGs
[2023-04-20 22:49:46,641] {logging_mixin.py:115} INFO - [2023-04-20 22:49:46,641] {dag.py:2915} INFO - Setting next_dagrun for example_weekday_branch_operator to 2023-04-19T00:00:00+00:00, run_after=2023-04-20T00:00:00+00:00
[2023-04-20 22:49:46,646] {processor.py:161} INFO - Processing /Users/brenda/miniconda3/lib/python3.10/site-packages/airflow/example_dags/example_branch_day_of_week_operator.py took 0.052 seconds
[2023-04-20 22:50:36,027] {processor.py:153} INFO - Started process (PID=57321) to work on /Users/brenda/miniconda3/lib/python3.10/site-packages/airflow/example_dags/example_branch_day_of_week_operator.py
[2023-04-20 22:50:36,027] {processor.py:641} INFO - Processing file /Users/brenda/miniconda3/lib/python3.10/site-packages/airflow/example_dags/example_branch_day_of_week_operator.py for tasks to queue
[2023-04-20 22:50:36,027] {logging_mixin.py:115} INFO - [2023-04-20 22:50:36,027] {dagbag.py:507} INFO - Filling up the DagBag from /Users/brenda/miniconda3/lib/python3.10/site-packages/airflow/example_dags/example_branch_day_of_week_operator.py
[2023-04-20 22:50:36,035] {processor.py:651} INFO - DAG(s) dict_keys(['example_weekday_branch_operator']) retrieved from /Users/brenda/miniconda3/lib/python3.10/site-packages/airflow/example_dags/example_branch_day_of_week_operator.py
[2023-04-20 22:50:36,066] {logging_mixin.py:115} INFO - [2023-04-20 22:50:36,066] {dag.py:2371} INFO - Sync 1 DAGs
[2023-04-20 22:50:36,074] {logging_mixin.py:115} INFO - [2023-04-20 22:50:36,074] {dag.py:2915} INFO - Setting next_dagrun for example_weekday_branch_operator to 2023-04-19T00:00:00+00:00, run_after=2023-04-20T00:00:00+00:00
[2023-04-20 22:50:36,080] {processor.py:161} INFO - Processing /Users/brenda/miniconda3/lib/python3.10/site-packages/airflow/example_dags/example_branch_day_of_week_operator.py took 0.053 seconds
[2023-04-20 22:51:27,422] {processor.py:153} INFO - Started process (PID=57359) to work on /Users/brenda/miniconda3/lib/python3.10/site-packages/airflow/example_dags/example_branch_day_of_week_operator.py
[2023-04-20 22:51:27,422] {processor.py:641} INFO - Processing file /Users/brenda/miniconda3/lib/python3.10/site-packages/airflow/example_dags/example_branch_day_of_week_operator.py for tasks to queue
[2023-04-20 22:51:27,422] {logging_mixin.py:115} INFO - [2023-04-20 22:51:27,422] {dagbag.py:507} INFO - Filling up the DagBag from /Users/brenda/miniconda3/lib/python3.10/site-packages/airflow/example_dags/example_branch_day_of_week_operator.py
[2023-04-20 22:51:27,430] {processor.py:651} INFO - DAG(s) dict_keys(['example_weekday_branch_operator']) retrieved from /Users/brenda/miniconda3/lib/python3.10/site-packages/airflow/example_dags/example_branch_day_of_week_operator.py
[2023-04-20 22:51:27,462] {logging_mixin.py:115} INFO - [2023-04-20 22:51:27,462] {dag.py:2371} INFO - Sync 1 DAGs
[2023-04-20 22:51:27,471] {logging_mixin.py:115} INFO - [2023-04-20 22:51:27,471] {dag.py:2915} INFO - Setting next_dagrun for example_weekday_branch_operator to 2023-04-19T00:00:00+00:00, run_after=2023-04-20T00:00:00+00:00
[2023-04-20 22:51:27,476] {processor.py:161} INFO - Processing /Users/brenda/miniconda3/lib/python3.10/site-packages/airflow/example_dags/example_branch_day_of_week_operator.py took 0.055 seconds
[2023-04-20 22:52:18,150] {processor.py:153} INFO - Started process (PID=57400) to work on /Users/brenda/miniconda3/lib/python3.10/site-packages/airflow/example_dags/example_branch_day_of_week_operator.py
[2023-04-20 22:52:18,150] {processor.py:641} INFO - Processing file /Users/brenda/miniconda3/lib/python3.10/site-packages/airflow/example_dags/example_branch_day_of_week_operator.py for tasks to queue
[2023-04-20 22:52:18,151] {logging_mixin.py:115} INFO - [2023-04-20 22:52:18,151] {dagbag.py:507} INFO - Filling up the DagBag from /Users/brenda/miniconda3/lib/python3.10/site-packages/airflow/example_dags/example_branch_day_of_week_operator.py
[2023-04-20 22:52:18,158] {processor.py:651} INFO - DAG(s) dict_keys(['example_weekday_branch_operator']) retrieved from /Users/brenda/miniconda3/lib/python3.10/site-packages/airflow/example_dags/example_branch_day_of_week_operator.py
[2023-04-20 22:52:18,191] {logging_mixin.py:115} INFO - [2023-04-20 22:52:18,191] {dag.py:2371} INFO - Sync 1 DAGs
[2023-04-20 22:52:18,200] {logging_mixin.py:115} INFO - [2023-04-20 22:52:18,200] {dag.py:2915} INFO - Setting next_dagrun for example_weekday_branch_operator to 2023-04-19T00:00:00+00:00, run_after=2023-04-20T00:00:00+00:00
[2023-04-20 22:52:18,205] {processor.py:161} INFO - Processing /Users/brenda/miniconda3/lib/python3.10/site-packages/airflow/example_dags/example_branch_day_of_week_operator.py took 0.055 seconds
[2023-04-20 22:53:07,867] {processor.py:153} INFO - Started process (PID=57457) to work on /Users/brenda/miniconda3/lib/python3.10/site-packages/airflow/example_dags/example_branch_day_of_week_operator.py
[2023-04-20 22:53:07,867] {processor.py:641} INFO - Processing file /Users/brenda/miniconda3/lib/python3.10/site-packages/airflow/example_dags/example_branch_day_of_week_operator.py for tasks to queue
[2023-04-20 22:53:07,868] {logging_mixin.py:115} INFO - [2023-04-20 22:53:07,868] {dagbag.py:507} INFO - Filling up the DagBag from /Users/brenda/miniconda3/lib/python3.10/site-packages/airflow/example_dags/example_branch_day_of_week_operator.py
[2023-04-20 22:53:07,875] {processor.py:651} INFO - DAG(s) dict_keys(['example_weekday_branch_operator']) retrieved from /Users/brenda/miniconda3/lib/python3.10/site-packages/airflow/example_dags/example_branch_day_of_week_operator.py
[2023-04-20 22:53:07,905] {logging_mixin.py:115} INFO - [2023-04-20 22:53:07,905] {dag.py:2371} INFO - Sync 1 DAGs
[2023-04-20 22:53:07,913] {logging_mixin.py:115} INFO - [2023-04-20 22:53:07,913] {dag.py:2915} INFO - Setting next_dagrun for example_weekday_branch_operator to 2023-04-19T00:00:00+00:00, run_after=2023-04-20T00:00:00+00:00
[2023-04-20 22:53:07,918] {processor.py:161} INFO - Processing /Users/brenda/miniconda3/lib/python3.10/site-packages/airflow/example_dags/example_branch_day_of_week_operator.py took 0.051 seconds
[2023-04-20 23:26:33,021] {processor.py:153} INFO - Started process (PID=57561) to work on /Users/brenda/miniconda3/lib/python3.10/site-packages/airflow/example_dags/example_branch_day_of_week_operator.py
[2023-04-20 23:26:33,021] {processor.py:641} INFO - Processing file /Users/brenda/miniconda3/lib/python3.10/site-packages/airflow/example_dags/example_branch_day_of_week_operator.py for tasks to queue
[2023-04-20 23:26:33,021] {logging_mixin.py:115} INFO - [2023-04-20 23:26:33,021] {dagbag.py:507} INFO - Filling up the DagBag from /Users/brenda/miniconda3/lib/python3.10/site-packages/airflow/example_dags/example_branch_day_of_week_operator.py
[2023-04-20 23:26:33,034] {processor.py:651} INFO - DAG(s) dict_keys(['example_weekday_branch_operator']) retrieved from /Users/brenda/miniconda3/lib/python3.10/site-packages/airflow/example_dags/example_branch_day_of_week_operator.py
[2023-04-20 23:26:33,067] {logging_mixin.py:115} INFO - [2023-04-20 23:26:33,067] {dag.py:2371} INFO - Sync 1 DAGs
[2023-04-20 23:26:33,076] {logging_mixin.py:115} INFO - [2023-04-20 23:26:33,076] {dag.py:2915} INFO - Setting next_dagrun for example_weekday_branch_operator to 2023-04-19T00:00:00+00:00, run_after=2023-04-20T00:00:00+00:00
[2023-04-20 23:26:33,081] {processor.py:161} INFO - Processing /Users/brenda/miniconda3/lib/python3.10/site-packages/airflow/example_dags/example_branch_day_of_week_operator.py took 0.061 seconds
[2023-04-21 00:49:59,088] {processor.py:153} INFO - Started process (PID=57680) to work on /Users/brenda/miniconda3/lib/python3.10/site-packages/airflow/example_dags/example_branch_day_of_week_operator.py
[2023-04-21 00:49:59,089] {processor.py:641} INFO - Processing file /Users/brenda/miniconda3/lib/python3.10/site-packages/airflow/example_dags/example_branch_day_of_week_operator.py for tasks to queue
[2023-04-21 00:49:59,089] {logging_mixin.py:115} INFO - [2023-04-21 00:49:59,089] {dagbag.py:507} INFO - Filling up the DagBag from /Users/brenda/miniconda3/lib/python3.10/site-packages/airflow/example_dags/example_branch_day_of_week_operator.py
[2023-04-21 00:49:59,096] {processor.py:651} INFO - DAG(s) dict_keys(['example_weekday_branch_operator']) retrieved from /Users/brenda/miniconda3/lib/python3.10/site-packages/airflow/example_dags/example_branch_day_of_week_operator.py
[2023-04-21 00:49:59,125] {logging_mixin.py:115} INFO - [2023-04-21 00:49:59,125] {dag.py:2371} INFO - Sync 1 DAGs
[2023-04-21 00:49:59,134] {logging_mixin.py:115} INFO - [2023-04-21 00:49:59,134] {dag.py:2915} INFO - Setting next_dagrun for example_weekday_branch_operator to 2023-04-19T00:00:00+00:00, run_after=2023-04-20T00:00:00+00:00
[2023-04-21 00:49:59,138] {processor.py:161} INFO - Processing /Users/brenda/miniconda3/lib/python3.10/site-packages/airflow/example_dags/example_branch_day_of_week_operator.py took 0.051 seconds
