[2023-04-20 22:36:42,947] {processor.py:153} INFO - Started process (PID=56525) to work on /Users/brenda/miniconda3/lib/python3.10/site-packages/airflow/example_dags/example_latest_only_with_trigger.py
[2023-04-20 22:36:42,947] {processor.py:641} INFO - Processing file /Users/brenda/miniconda3/lib/python3.10/site-packages/airflow/example_dags/example_latest_only_with_trigger.py for tasks to queue
[2023-04-20 22:36:42,948] {logging_mixin.py:115} INFO - [2023-04-20 22:36:42,948] {dagbag.py:507} INFO - Filling up the DagBag from /Users/brenda/miniconda3/lib/python3.10/site-packages/airflow/example_dags/example_latest_only_with_trigger.py
[2023-04-20 22:36:42,954] {processor.py:651} INFO - DAG(s) dict_keys(['latest_only_with_trigger']) retrieved from /Users/brenda/miniconda3/lib/python3.10/site-packages/airflow/example_dags/example_latest_only_with_trigger.py
[2023-04-20 22:36:43,466] {logging_mixin.py:115} INFO - [2023-04-20 22:36:43,465] {manager.py:508} INFO - Created Permission View: can delete on DAG:latest_only_with_trigger
[2023-04-20 22:36:43,470] {logging_mixin.py:115} INFO - [2023-04-20 22:36:43,469] {manager.py:508} INFO - Created Permission View: can read on DAG:latest_only_with_trigger
[2023-04-20 22:36:43,472] {logging_mixin.py:115} INFO - [2023-04-20 22:36:43,472] {manager.py:508} INFO - Created Permission View: can edit on DAG:latest_only_with_trigger
[2023-04-20 22:36:43,472] {logging_mixin.py:115} INFO - [2023-04-20 22:36:43,472] {dag.py:2371} INFO - Sync 1 DAGs
[2023-04-20 22:36:43,477] {logging_mixin.py:115} INFO - [2023-04-20 22:36:43,477] {dag.py:2390} INFO - Creating ORM DAG for latest_only_with_trigger
[2023-04-20 22:36:43,481] {logging_mixin.py:115} INFO - [2023-04-20 22:36:43,481] {dag.py:2915} INFO - Setting next_dagrun for latest_only_with_trigger to 2023-04-20T16:36:43.481755+00:00, run_after=2023-04-20T20:36:43.481755+00:00
[2023-04-20 22:36:43,487] {processor.py:161} INFO - Processing /Users/brenda/miniconda3/lib/python3.10/site-packages/airflow/example_dags/example_latest_only_with_trigger.py took 0.540 seconds
[2023-04-20 22:37:40,371] {processor.py:153} INFO - Started process (PID=56572) to work on /Users/brenda/miniconda3/lib/python3.10/site-packages/airflow/example_dags/example_latest_only_with_trigger.py
[2023-04-20 22:37:40,371] {processor.py:641} INFO - Processing file /Users/brenda/miniconda3/lib/python3.10/site-packages/airflow/example_dags/example_latest_only_with_trigger.py for tasks to queue
[2023-04-20 22:37:40,372] {logging_mixin.py:115} INFO - [2023-04-20 22:37:40,372] {dagbag.py:507} INFO - Filling up the DagBag from /Users/brenda/miniconda3/lib/python3.10/site-packages/airflow/example_dags/example_latest_only_with_trigger.py
[2023-04-20 22:37:40,378] {processor.py:651} INFO - DAG(s) dict_keys(['latest_only_with_trigger']) retrieved from /Users/brenda/miniconda3/lib/python3.10/site-packages/airflow/example_dags/example_latest_only_with_trigger.py
[2023-04-20 22:37:40,408] {logging_mixin.py:115} INFO - [2023-04-20 22:37:40,408] {dag.py:2371} INFO - Sync 1 DAGs
[2023-04-20 22:37:40,416] {logging_mixin.py:115} INFO - [2023-04-20 22:37:40,416] {dag.py:2915} INFO - Setting next_dagrun for latest_only_with_trigger to 2023-04-20T16:37:40.416375+00:00, run_after=2023-04-20T20:37:40.416375+00:00
[2023-04-20 22:37:40,421] {processor.py:161} INFO - Processing /Users/brenda/miniconda3/lib/python3.10/site-packages/airflow/example_dags/example_latest_only_with_trigger.py took 0.051 seconds
[2023-04-20 22:38:30,030] {processor.py:153} INFO - Started process (PID=56617) to work on /Users/brenda/miniconda3/lib/python3.10/site-packages/airflow/example_dags/example_latest_only_with_trigger.py
[2023-04-20 22:38:30,031] {processor.py:641} INFO - Processing file /Users/brenda/miniconda3/lib/python3.10/site-packages/airflow/example_dags/example_latest_only_with_trigger.py for tasks to queue
[2023-04-20 22:38:30,031] {logging_mixin.py:115} INFO - [2023-04-20 22:38:30,031] {dagbag.py:507} INFO - Filling up the DagBag from /Users/brenda/miniconda3/lib/python3.10/site-packages/airflow/example_dags/example_latest_only_with_trigger.py
[2023-04-20 22:38:30,037] {processor.py:651} INFO - DAG(s) dict_keys(['latest_only_with_trigger']) retrieved from /Users/brenda/miniconda3/lib/python3.10/site-packages/airflow/example_dags/example_latest_only_with_trigger.py
[2023-04-20 22:38:30,067] {logging_mixin.py:115} INFO - [2023-04-20 22:38:30,067] {dag.py:2371} INFO - Sync 1 DAGs
[2023-04-20 22:38:30,075] {logging_mixin.py:115} INFO - [2023-04-20 22:38:30,075] {dag.py:2915} INFO - Setting next_dagrun for latest_only_with_trigger to 2023-04-20T16:38:30.075183+00:00, run_after=2023-04-20T20:38:30.075183+00:00
[2023-04-20 22:38:30,080] {processor.py:161} INFO - Processing /Users/brenda/miniconda3/lib/python3.10/site-packages/airflow/example_dags/example_latest_only_with_trigger.py took 0.051 seconds
[2023-04-20 22:39:21,306] {processor.py:153} INFO - Started process (PID=56660) to work on /Users/brenda/miniconda3/lib/python3.10/site-packages/airflow/example_dags/example_latest_only_with_trigger.py
[2023-04-20 22:39:21,307] {processor.py:641} INFO - Processing file /Users/brenda/miniconda3/lib/python3.10/site-packages/airflow/example_dags/example_latest_only_with_trigger.py for tasks to queue
[2023-04-20 22:39:21,307] {logging_mixin.py:115} INFO - [2023-04-20 22:39:21,307] {dagbag.py:507} INFO - Filling up the DagBag from /Users/brenda/miniconda3/lib/python3.10/site-packages/airflow/example_dags/example_latest_only_with_trigger.py
[2023-04-20 22:39:21,314] {processor.py:651} INFO - DAG(s) dict_keys(['latest_only_with_trigger']) retrieved from /Users/brenda/miniconda3/lib/python3.10/site-packages/airflow/example_dags/example_latest_only_with_trigger.py
[2023-04-20 22:39:21,343] {logging_mixin.py:115} INFO - [2023-04-20 22:39:21,343] {dag.py:2371} INFO - Sync 1 DAGs
[2023-04-20 22:39:21,351] {logging_mixin.py:115} INFO - [2023-04-20 22:39:21,351] {dag.py:2915} INFO - Setting next_dagrun for latest_only_with_trigger to 2023-04-20T16:39:21.351073+00:00, run_after=2023-04-20T20:39:21.351073+00:00
[2023-04-20 22:39:21,356] {processor.py:161} INFO - Processing /Users/brenda/miniconda3/lib/python3.10/site-packages/airflow/example_dags/example_latest_only_with_trigger.py took 0.050 seconds
[2023-04-20 22:40:12,449] {processor.py:153} INFO - Started process (PID=56699) to work on /Users/brenda/miniconda3/lib/python3.10/site-packages/airflow/example_dags/example_latest_only_with_trigger.py
[2023-04-20 22:40:12,449] {processor.py:641} INFO - Processing file /Users/brenda/miniconda3/lib/python3.10/site-packages/airflow/example_dags/example_latest_only_with_trigger.py for tasks to queue
[2023-04-20 22:40:12,450] {logging_mixin.py:115} INFO - [2023-04-20 22:40:12,450] {dagbag.py:507} INFO - Filling up the DagBag from /Users/brenda/miniconda3/lib/python3.10/site-packages/airflow/example_dags/example_latest_only_with_trigger.py
[2023-04-20 22:40:12,456] {processor.py:651} INFO - DAG(s) dict_keys(['latest_only_with_trigger']) retrieved from /Users/brenda/miniconda3/lib/python3.10/site-packages/airflow/example_dags/example_latest_only_with_trigger.py
[2023-04-20 22:40:12,486] {logging_mixin.py:115} INFO - [2023-04-20 22:40:12,486] {dag.py:2371} INFO - Sync 1 DAGs
[2023-04-20 22:40:12,494] {logging_mixin.py:115} INFO - [2023-04-20 22:40:12,494] {dag.py:2915} INFO - Setting next_dagrun for latest_only_with_trigger to 2023-04-20T16:40:12.494351+00:00, run_after=2023-04-20T20:40:12.494351+00:00
[2023-04-20 22:40:12,499] {processor.py:161} INFO - Processing /Users/brenda/miniconda3/lib/python3.10/site-packages/airflow/example_dags/example_latest_only_with_trigger.py took 0.051 seconds
[2023-04-20 22:41:01,405] {processor.py:153} INFO - Started process (PID=56737) to work on /Users/brenda/miniconda3/lib/python3.10/site-packages/airflow/example_dags/example_latest_only_with_trigger.py
[2023-04-20 22:41:01,405] {processor.py:641} INFO - Processing file /Users/brenda/miniconda3/lib/python3.10/site-packages/airflow/example_dags/example_latest_only_with_trigger.py for tasks to queue
[2023-04-20 22:41:01,406] {logging_mixin.py:115} INFO - [2023-04-20 22:41:01,406] {dagbag.py:507} INFO - Filling up the DagBag from /Users/brenda/miniconda3/lib/python3.10/site-packages/airflow/example_dags/example_latest_only_with_trigger.py
[2023-04-20 22:41:01,412] {processor.py:651} INFO - DAG(s) dict_keys(['latest_only_with_trigger']) retrieved from /Users/brenda/miniconda3/lib/python3.10/site-packages/airflow/example_dags/example_latest_only_with_trigger.py
[2023-04-20 22:41:01,445] {logging_mixin.py:115} INFO - [2023-04-20 22:41:01,445] {dag.py:2371} INFO - Sync 1 DAGs
[2023-04-20 22:41:01,452] {logging_mixin.py:115} INFO - [2023-04-20 22:41:01,452] {dag.py:2915} INFO - Setting next_dagrun for latest_only_with_trigger to 2023-04-20T16:41:01.452607+00:00, run_after=2023-04-20T20:41:01.452607+00:00
[2023-04-20 22:41:01,457] {processor.py:161} INFO - Processing /Users/brenda/miniconda3/lib/python3.10/site-packages/airflow/example_dags/example_latest_only_with_trigger.py took 0.052 seconds
[2023-04-20 22:41:51,800] {processor.py:153} INFO - Started process (PID=56773) to work on /Users/brenda/miniconda3/lib/python3.10/site-packages/airflow/example_dags/example_latest_only_with_trigger.py
[2023-04-20 22:41:51,801] {processor.py:641} INFO - Processing file /Users/brenda/miniconda3/lib/python3.10/site-packages/airflow/example_dags/example_latest_only_with_trigger.py for tasks to queue
[2023-04-20 22:41:51,802] {logging_mixin.py:115} INFO - [2023-04-20 22:41:51,801] {dagbag.py:507} INFO - Filling up the DagBag from /Users/brenda/miniconda3/lib/python3.10/site-packages/airflow/example_dags/example_latest_only_with_trigger.py
[2023-04-20 22:41:51,808] {processor.py:651} INFO - DAG(s) dict_keys(['latest_only_with_trigger']) retrieved from /Users/brenda/miniconda3/lib/python3.10/site-packages/airflow/example_dags/example_latest_only_with_trigger.py
[2023-04-20 22:41:51,839] {logging_mixin.py:115} INFO - [2023-04-20 22:41:51,839] {dag.py:2371} INFO - Sync 1 DAGs
[2023-04-20 22:41:51,848] {logging_mixin.py:115} INFO - [2023-04-20 22:41:51,848] {dag.py:2915} INFO - Setting next_dagrun for latest_only_with_trigger to 2023-04-20T16:41:51.847947+00:00, run_after=2023-04-20T20:41:51.847947+00:00
[2023-04-20 22:41:51,853] {processor.py:161} INFO - Processing /Users/brenda/miniconda3/lib/python3.10/site-packages/airflow/example_dags/example_latest_only_with_trigger.py took 0.053 seconds
[2023-04-20 22:42:49,687] {processor.py:153} INFO - Started process (PID=56853) to work on /Users/brenda/miniconda3/lib/python3.10/site-packages/airflow/example_dags/example_latest_only_with_trigger.py
[2023-04-20 22:42:49,688] {processor.py:641} INFO - Processing file /Users/brenda/miniconda3/lib/python3.10/site-packages/airflow/example_dags/example_latest_only_with_trigger.py for tasks to queue
[2023-04-20 22:42:49,689] {logging_mixin.py:115} INFO - [2023-04-20 22:42:49,689] {dagbag.py:507} INFO - Filling up the DagBag from /Users/brenda/miniconda3/lib/python3.10/site-packages/airflow/example_dags/example_latest_only_with_trigger.py
[2023-04-20 22:42:49,695] {processor.py:651} INFO - DAG(s) dict_keys(['latest_only_with_trigger']) retrieved from /Users/brenda/miniconda3/lib/python3.10/site-packages/airflow/example_dags/example_latest_only_with_trigger.py
[2023-04-20 22:42:49,725] {logging_mixin.py:115} INFO - [2023-04-20 22:42:49,725] {dag.py:2371} INFO - Sync 1 DAGs
[2023-04-20 22:42:49,733] {logging_mixin.py:115} INFO - [2023-04-20 22:42:49,733] {dag.py:2915} INFO - Setting next_dagrun for latest_only_with_trigger to 2023-04-20T16:42:49.733240+00:00, run_after=2023-04-20T20:42:49.733240+00:00
[2023-04-20 22:42:49,738] {processor.py:161} INFO - Processing /Users/brenda/miniconda3/lib/python3.10/site-packages/airflow/example_dags/example_latest_only_with_trigger.py took 0.051 seconds
[2023-04-20 22:43:37,790] {processor.py:153} INFO - Started process (PID=56891) to work on /Users/brenda/miniconda3/lib/python3.10/site-packages/airflow/example_dags/example_latest_only_with_trigger.py
[2023-04-20 22:43:37,793] {processor.py:641} INFO - Processing file /Users/brenda/miniconda3/lib/python3.10/site-packages/airflow/example_dags/example_latest_only_with_trigger.py for tasks to queue
[2023-04-20 22:43:37,793] {logging_mixin.py:115} INFO - [2023-04-20 22:43:37,793] {dagbag.py:507} INFO - Filling up the DagBag from /Users/brenda/miniconda3/lib/python3.10/site-packages/airflow/example_dags/example_latest_only_with_trigger.py
[2023-04-20 22:43:37,799] {processor.py:651} INFO - DAG(s) dict_keys(['latest_only_with_trigger']) retrieved from /Users/brenda/miniconda3/lib/python3.10/site-packages/airflow/example_dags/example_latest_only_with_trigger.py
[2023-04-20 22:43:37,829] {logging_mixin.py:115} INFO - [2023-04-20 22:43:37,829] {dag.py:2371} INFO - Sync 1 DAGs
[2023-04-20 22:43:37,837] {logging_mixin.py:115} INFO - [2023-04-20 22:43:37,836] {dag.py:2915} INFO - Setting next_dagrun for latest_only_with_trigger to 2023-04-20T16:43:37.836890+00:00, run_after=2023-04-20T20:43:37.836890+00:00
[2023-04-20 22:43:37,844] {processor.py:161} INFO - Processing /Users/brenda/miniconda3/lib/python3.10/site-packages/airflow/example_dags/example_latest_only_with_trigger.py took 0.054 seconds
[2023-04-20 22:44:26,696] {processor.py:153} INFO - Started process (PID=56953) to work on /Users/brenda/miniconda3/lib/python3.10/site-packages/airflow/example_dags/example_latest_only_with_trigger.py
[2023-04-20 22:44:26,697] {processor.py:641} INFO - Processing file /Users/brenda/miniconda3/lib/python3.10/site-packages/airflow/example_dags/example_latest_only_with_trigger.py for tasks to queue
[2023-04-20 22:44:26,697] {logging_mixin.py:115} INFO - [2023-04-20 22:44:26,697] {dagbag.py:507} INFO - Filling up the DagBag from /Users/brenda/miniconda3/lib/python3.10/site-packages/airflow/example_dags/example_latest_only_with_trigger.py
[2023-04-20 22:44:26,704] {processor.py:651} INFO - DAG(s) dict_keys(['latest_only_with_trigger']) retrieved from /Users/brenda/miniconda3/lib/python3.10/site-packages/airflow/example_dags/example_latest_only_with_trigger.py
[2023-04-20 22:44:26,735] {logging_mixin.py:115} INFO - [2023-04-20 22:44:26,735] {dag.py:2371} INFO - Sync 1 DAGs
[2023-04-20 22:44:26,743] {logging_mixin.py:115} INFO - [2023-04-20 22:44:26,743] {dag.py:2915} INFO - Setting next_dagrun for latest_only_with_trigger to 2023-04-20T16:44:26.742938+00:00, run_after=2023-04-20T20:44:26.742938+00:00
[2023-04-20 22:44:26,748] {processor.py:161} INFO - Processing /Users/brenda/miniconda3/lib/python3.10/site-packages/airflow/example_dags/example_latest_only_with_trigger.py took 0.051 seconds
[2023-04-20 22:45:16,275] {processor.py:153} INFO - Started process (PID=57003) to work on /Users/brenda/miniconda3/lib/python3.10/site-packages/airflow/example_dags/example_latest_only_with_trigger.py
[2023-04-20 22:45:16,275] {processor.py:641} INFO - Processing file /Users/brenda/miniconda3/lib/python3.10/site-packages/airflow/example_dags/example_latest_only_with_trigger.py for tasks to queue
[2023-04-20 22:45:16,276] {logging_mixin.py:115} INFO - [2023-04-20 22:45:16,276] {dagbag.py:507} INFO - Filling up the DagBag from /Users/brenda/miniconda3/lib/python3.10/site-packages/airflow/example_dags/example_latest_only_with_trigger.py
[2023-04-20 22:45:16,282] {processor.py:651} INFO - DAG(s) dict_keys(['latest_only_with_trigger']) retrieved from /Users/brenda/miniconda3/lib/python3.10/site-packages/airflow/example_dags/example_latest_only_with_trigger.py
[2023-04-20 22:45:16,312] {logging_mixin.py:115} INFO - [2023-04-20 22:45:16,312] {dag.py:2371} INFO - Sync 1 DAGs
[2023-04-20 22:45:16,320] {logging_mixin.py:115} INFO - [2023-04-20 22:45:16,320] {dag.py:2915} INFO - Setting next_dagrun for latest_only_with_trigger to 2023-04-20T16:45:16.320602+00:00, run_after=2023-04-20T20:45:16.320602+00:00
[2023-04-20 22:45:16,325] {processor.py:161} INFO - Processing /Users/brenda/miniconda3/lib/python3.10/site-packages/airflow/example_dags/example_latest_only_with_trigger.py took 0.051 seconds
[2023-04-20 22:46:03,118] {processor.py:153} INFO - Started process (PID=57042) to work on /Users/brenda/miniconda3/lib/python3.10/site-packages/airflow/example_dags/example_latest_only_with_trigger.py
[2023-04-20 22:46:03,118] {processor.py:641} INFO - Processing file /Users/brenda/miniconda3/lib/python3.10/site-packages/airflow/example_dags/example_latest_only_with_trigger.py for tasks to queue
[2023-04-20 22:46:03,118] {logging_mixin.py:115} INFO - [2023-04-20 22:46:03,118] {dagbag.py:507} INFO - Filling up the DagBag from /Users/brenda/miniconda3/lib/python3.10/site-packages/airflow/example_dags/example_latest_only_with_trigger.py
[2023-04-20 22:46:03,125] {processor.py:651} INFO - DAG(s) dict_keys(['latest_only_with_trigger']) retrieved from /Users/brenda/miniconda3/lib/python3.10/site-packages/airflow/example_dags/example_latest_only_with_trigger.py
[2023-04-20 22:46:03,155] {logging_mixin.py:115} INFO - [2023-04-20 22:46:03,154] {dag.py:2371} INFO - Sync 1 DAGs
[2023-04-20 22:46:03,162] {logging_mixin.py:115} INFO - [2023-04-20 22:46:03,162] {dag.py:2915} INFO - Setting next_dagrun for latest_only_with_trigger to 2023-04-20T16:46:03.162439+00:00, run_after=2023-04-20T20:46:03.162439+00:00
[2023-04-20 22:46:03,167] {processor.py:161} INFO - Processing /Users/brenda/miniconda3/lib/python3.10/site-packages/airflow/example_dags/example_latest_only_with_trigger.py took 0.050 seconds
[2023-04-20 22:47:50,190] {processor.py:153} INFO - Started process (PID=57158) to work on /Users/brenda/miniconda3/lib/python3.10/site-packages/airflow/example_dags/example_latest_only_with_trigger.py
[2023-04-20 22:47:50,191] {processor.py:641} INFO - Processing file /Users/brenda/miniconda3/lib/python3.10/site-packages/airflow/example_dags/example_latest_only_with_trigger.py for tasks to queue
[2023-04-20 22:47:50,191] {logging_mixin.py:115} INFO - [2023-04-20 22:47:50,191] {dagbag.py:507} INFO - Filling up the DagBag from /Users/brenda/miniconda3/lib/python3.10/site-packages/airflow/example_dags/example_latest_only_with_trigger.py
[2023-04-20 22:47:50,197] {processor.py:651} INFO - DAG(s) dict_keys(['latest_only_with_trigger']) retrieved from /Users/brenda/miniconda3/lib/python3.10/site-packages/airflow/example_dags/example_latest_only_with_trigger.py
[2023-04-20 22:47:50,228] {logging_mixin.py:115} INFO - [2023-04-20 22:47:50,228] {dag.py:2371} INFO - Sync 1 DAGs
[2023-04-20 22:47:50,236] {logging_mixin.py:115} INFO - [2023-04-20 22:47:50,236] {dag.py:2915} INFO - Setting next_dagrun for latest_only_with_trigger to 2023-04-20T16:47:50.236503+00:00, run_after=2023-04-20T20:47:50.236503+00:00
[2023-04-20 22:47:50,241] {processor.py:161} INFO - Processing /Users/brenda/miniconda3/lib/python3.10/site-packages/airflow/example_dags/example_latest_only_with_trigger.py took 0.051 seconds
[2023-04-20 22:48:40,640] {processor.py:153} INFO - Started process (PID=57216) to work on /Users/brenda/miniconda3/lib/python3.10/site-packages/airflow/example_dags/example_latest_only_with_trigger.py
[2023-04-20 22:48:40,640] {processor.py:641} INFO - Processing file /Users/brenda/miniconda3/lib/python3.10/site-packages/airflow/example_dags/example_latest_only_with_trigger.py for tasks to queue
[2023-04-20 22:48:40,641] {logging_mixin.py:115} INFO - [2023-04-20 22:48:40,641] {dagbag.py:507} INFO - Filling up the DagBag from /Users/brenda/miniconda3/lib/python3.10/site-packages/airflow/example_dags/example_latest_only_with_trigger.py
[2023-04-20 22:48:40,648] {processor.py:651} INFO - DAG(s) dict_keys(['latest_only_with_trigger']) retrieved from /Users/brenda/miniconda3/lib/python3.10/site-packages/airflow/example_dags/example_latest_only_with_trigger.py
[2023-04-20 22:48:40,678] {logging_mixin.py:115} INFO - [2023-04-20 22:48:40,678] {dag.py:2371} INFO - Sync 1 DAGs
[2023-04-20 22:48:40,686] {logging_mixin.py:115} INFO - [2023-04-20 22:48:40,686] {dag.py:2915} INFO - Setting next_dagrun for latest_only_with_trigger to 2023-04-20T16:48:40.686541+00:00, run_after=2023-04-20T20:48:40.686541+00:00
[2023-04-20 22:48:40,691] {processor.py:161} INFO - Processing /Users/brenda/miniconda3/lib/python3.10/site-packages/airflow/example_dags/example_latest_only_with_trigger.py took 0.052 seconds
[2023-04-20 22:49:31,771] {processor.py:153} INFO - Started process (PID=57262) to work on /Users/brenda/miniconda3/lib/python3.10/site-packages/airflow/example_dags/example_latest_only_with_trigger.py
[2023-04-20 22:49:31,772] {processor.py:641} INFO - Processing file /Users/brenda/miniconda3/lib/python3.10/site-packages/airflow/example_dags/example_latest_only_with_trigger.py for tasks to queue
[2023-04-20 22:49:31,772] {logging_mixin.py:115} INFO - [2023-04-20 22:49:31,772] {dagbag.py:507} INFO - Filling up the DagBag from /Users/brenda/miniconda3/lib/python3.10/site-packages/airflow/example_dags/example_latest_only_with_trigger.py
[2023-04-20 22:49:31,778] {processor.py:651} INFO - DAG(s) dict_keys(['latest_only_with_trigger']) retrieved from /Users/brenda/miniconda3/lib/python3.10/site-packages/airflow/example_dags/example_latest_only_with_trigger.py
[2023-04-20 22:49:31,808] {logging_mixin.py:115} INFO - [2023-04-20 22:49:31,808] {dag.py:2371} INFO - Sync 1 DAGs
[2023-04-20 22:49:31,816] {logging_mixin.py:115} INFO - [2023-04-20 22:49:31,816] {dag.py:2915} INFO - Setting next_dagrun for latest_only_with_trigger to 2023-04-20T16:49:31.816102+00:00, run_after=2023-04-20T20:49:31.816102+00:00
[2023-04-20 22:49:31,821] {processor.py:161} INFO - Processing /Users/brenda/miniconda3/lib/python3.10/site-packages/airflow/example_dags/example_latest_only_with_trigger.py took 0.050 seconds
[2023-04-20 22:50:21,237] {processor.py:153} INFO - Started process (PID=57302) to work on /Users/brenda/miniconda3/lib/python3.10/site-packages/airflow/example_dags/example_latest_only_with_trigger.py
[2023-04-20 22:50:21,238] {processor.py:641} INFO - Processing file /Users/brenda/miniconda3/lib/python3.10/site-packages/airflow/example_dags/example_latest_only_with_trigger.py for tasks to queue
[2023-04-20 22:50:21,238] {logging_mixin.py:115} INFO - [2023-04-20 22:50:21,238] {dagbag.py:507} INFO - Filling up the DagBag from /Users/brenda/miniconda3/lib/python3.10/site-packages/airflow/example_dags/example_latest_only_with_trigger.py
[2023-04-20 22:50:21,245] {processor.py:651} INFO - DAG(s) dict_keys(['latest_only_with_trigger']) retrieved from /Users/brenda/miniconda3/lib/python3.10/site-packages/airflow/example_dags/example_latest_only_with_trigger.py
[2023-04-20 22:50:21,275] {logging_mixin.py:115} INFO - [2023-04-20 22:50:21,275] {dag.py:2371} INFO - Sync 1 DAGs
[2023-04-20 22:50:21,283] {logging_mixin.py:115} INFO - [2023-04-20 22:50:21,283] {dag.py:2915} INFO - Setting next_dagrun for latest_only_with_trigger to 2023-04-20T16:50:21.283260+00:00, run_after=2023-04-20T20:50:21.283260+00:00
[2023-04-20 22:50:21,288] {processor.py:161} INFO - Processing /Users/brenda/miniconda3/lib/python3.10/site-packages/airflow/example_dags/example_latest_only_with_trigger.py took 0.051 seconds
[2023-04-20 22:51:12,407] {processor.py:153} INFO - Started process (PID=57349) to work on /Users/brenda/miniconda3/lib/python3.10/site-packages/airflow/example_dags/example_latest_only_with_trigger.py
[2023-04-20 22:51:12,407] {processor.py:641} INFO - Processing file /Users/brenda/miniconda3/lib/python3.10/site-packages/airflow/example_dags/example_latest_only_with_trigger.py for tasks to queue
[2023-04-20 22:51:12,407] {logging_mixin.py:115} INFO - [2023-04-20 22:51:12,407] {dagbag.py:507} INFO - Filling up the DagBag from /Users/brenda/miniconda3/lib/python3.10/site-packages/airflow/example_dags/example_latest_only_with_trigger.py
[2023-04-20 22:51:12,418] {processor.py:651} INFO - DAG(s) dict_keys(['latest_only_with_trigger']) retrieved from /Users/brenda/miniconda3/lib/python3.10/site-packages/airflow/example_dags/example_latest_only_with_trigger.py
[2023-04-20 22:51:12,448] {logging_mixin.py:115} INFO - [2023-04-20 22:51:12,448] {dag.py:2371} INFO - Sync 1 DAGs
[2023-04-20 22:51:12,456] {logging_mixin.py:115} INFO - [2023-04-20 22:51:12,456] {dag.py:2915} INFO - Setting next_dagrun for latest_only_with_trigger to 2023-04-20T16:51:12.456599+00:00, run_after=2023-04-20T20:51:12.456599+00:00
[2023-04-20 22:51:12,462] {processor.py:161} INFO - Processing /Users/brenda/miniconda3/lib/python3.10/site-packages/airflow/example_dags/example_latest_only_with_trigger.py took 0.055 seconds
[2023-04-20 22:52:03,900] {processor.py:153} INFO - Started process (PID=57388) to work on /Users/brenda/miniconda3/lib/python3.10/site-packages/airflow/example_dags/example_latest_only_with_trigger.py
[2023-04-20 22:52:03,901] {processor.py:641} INFO - Processing file /Users/brenda/miniconda3/lib/python3.10/site-packages/airflow/example_dags/example_latest_only_with_trigger.py for tasks to queue
[2023-04-20 22:52:03,901] {logging_mixin.py:115} INFO - [2023-04-20 22:52:03,901] {dagbag.py:507} INFO - Filling up the DagBag from /Users/brenda/miniconda3/lib/python3.10/site-packages/airflow/example_dags/example_latest_only_with_trigger.py
[2023-04-20 22:52:03,909] {processor.py:651} INFO - DAG(s) dict_keys(['latest_only_with_trigger']) retrieved from /Users/brenda/miniconda3/lib/python3.10/site-packages/airflow/example_dags/example_latest_only_with_trigger.py
[2023-04-20 22:52:03,939] {logging_mixin.py:115} INFO - [2023-04-20 22:52:03,939] {dag.py:2371} INFO - Sync 1 DAGs
[2023-04-20 22:52:03,947] {logging_mixin.py:115} INFO - [2023-04-20 22:52:03,947] {dag.py:2915} INFO - Setting next_dagrun for latest_only_with_trigger to 2023-04-20T16:52:03.947405+00:00, run_after=2023-04-20T20:52:03.947405+00:00
[2023-04-20 22:52:03,952] {processor.py:161} INFO - Processing /Users/brenda/miniconda3/lib/python3.10/site-packages/airflow/example_dags/example_latest_only_with_trigger.py took 0.052 seconds
[2023-04-20 22:52:53,259] {processor.py:153} INFO - Started process (PID=57442) to work on /Users/brenda/miniconda3/lib/python3.10/site-packages/airflow/example_dags/example_latest_only_with_trigger.py
[2023-04-20 22:52:53,262] {processor.py:641} INFO - Processing file /Users/brenda/miniconda3/lib/python3.10/site-packages/airflow/example_dags/example_latest_only_with_trigger.py for tasks to queue
[2023-04-20 22:52:53,262] {logging_mixin.py:115} INFO - [2023-04-20 22:52:53,262] {dagbag.py:507} INFO - Filling up the DagBag from /Users/brenda/miniconda3/lib/python3.10/site-packages/airflow/example_dags/example_latest_only_with_trigger.py
[2023-04-20 22:52:53,269] {processor.py:651} INFO - DAG(s) dict_keys(['latest_only_with_trigger']) retrieved from /Users/brenda/miniconda3/lib/python3.10/site-packages/airflow/example_dags/example_latest_only_with_trigger.py
[2023-04-20 22:52:53,300] {logging_mixin.py:115} INFO - [2023-04-20 22:52:53,300] {dag.py:2371} INFO - Sync 1 DAGs
[2023-04-20 22:52:53,308] {logging_mixin.py:115} INFO - [2023-04-20 22:52:53,308] {dag.py:2915} INFO - Setting next_dagrun for latest_only_with_trigger to 2023-04-20T16:52:53.308503+00:00, run_after=2023-04-20T20:52:53.308503+00:00
[2023-04-20 22:52:53,314] {processor.py:161} INFO - Processing /Users/brenda/miniconda3/lib/python3.10/site-packages/airflow/example_dags/example_latest_only_with_trigger.py took 0.055 seconds
[2023-04-20 22:53:44,583] {processor.py:153} INFO - Started process (PID=57514) to work on /Users/brenda/miniconda3/lib/python3.10/site-packages/airflow/example_dags/example_latest_only_with_trigger.py
[2023-04-20 22:53:44,584] {processor.py:641} INFO - Processing file /Users/brenda/miniconda3/lib/python3.10/site-packages/airflow/example_dags/example_latest_only_with_trigger.py for tasks to queue
[2023-04-20 22:53:44,584] {logging_mixin.py:115} INFO - [2023-04-20 22:53:44,584] {dagbag.py:507} INFO - Filling up the DagBag from /Users/brenda/miniconda3/lib/python3.10/site-packages/airflow/example_dags/example_latest_only_with_trigger.py
[2023-04-20 22:53:44,595] {processor.py:651} INFO - DAG(s) dict_keys(['latest_only_with_trigger']) retrieved from /Users/brenda/miniconda3/lib/python3.10/site-packages/airflow/example_dags/example_latest_only_with_trigger.py
[2023-04-20 22:53:44,628] {logging_mixin.py:115} INFO - [2023-04-20 22:53:44,628] {dag.py:2371} INFO - Sync 1 DAGs
[2023-04-20 22:53:44,636] {logging_mixin.py:115} INFO - [2023-04-20 22:53:44,636] {dag.py:2915} INFO - Setting next_dagrun for latest_only_with_trigger to 2023-04-20T16:53:44.636711+00:00, run_after=2023-04-20T20:53:44.636711+00:00
[2023-04-20 22:53:44,642] {processor.py:161} INFO - Processing /Users/brenda/miniconda3/lib/python3.10/site-packages/airflow/example_dags/example_latest_only_with_trigger.py took 0.059 seconds
[2023-04-21 00:32:50,538] {processor.py:153} INFO - Started process (PID=57661) to work on /Users/brenda/miniconda3/lib/python3.10/site-packages/airflow/example_dags/example_latest_only_with_trigger.py
[2023-04-21 00:32:50,541] {processor.py:641} INFO - Processing file /Users/brenda/miniconda3/lib/python3.10/site-packages/airflow/example_dags/example_latest_only_with_trigger.py for tasks to queue
[2023-04-21 00:32:50,541] {logging_mixin.py:115} INFO - [2023-04-21 00:32:50,541] {dagbag.py:507} INFO - Filling up the DagBag from /Users/brenda/miniconda3/lib/python3.10/site-packages/airflow/example_dags/example_latest_only_with_trigger.py
[2023-04-21 00:32:50,548] {processor.py:651} INFO - DAG(s) dict_keys(['latest_only_with_trigger']) retrieved from /Users/brenda/miniconda3/lib/python3.10/site-packages/airflow/example_dags/example_latest_only_with_trigger.py
[2023-04-21 00:32:50,578] {logging_mixin.py:115} INFO - [2023-04-21 00:32:50,578] {dag.py:2371} INFO - Sync 1 DAGs
[2023-04-21 00:32:50,586] {logging_mixin.py:115} INFO - [2023-04-21 00:32:50,586] {dag.py:2915} INFO - Setting next_dagrun for latest_only_with_trigger to 2023-04-20T18:32:50.585950+00:00, run_after=2023-04-20T22:32:50.585950+00:00
[2023-04-21 00:32:50,591] {processor.py:161} INFO - Processing /Users/brenda/miniconda3/lib/python3.10/site-packages/airflow/example_dags/example_latest_only_with_trigger.py took 0.053 seconds
[2023-04-21 01:41:23,609] {processor.py:153} INFO - Started process (PID=57739) to work on /Users/brenda/miniconda3/lib/python3.10/site-packages/airflow/example_dags/example_latest_only_with_trigger.py
[2023-04-21 01:41:23,611] {processor.py:641} INFO - Processing file /Users/brenda/miniconda3/lib/python3.10/site-packages/airflow/example_dags/example_latest_only_with_trigger.py for tasks to queue
[2023-04-21 01:41:23,611] {logging_mixin.py:115} INFO - [2023-04-21 01:41:23,611] {dagbag.py:507} INFO - Filling up the DagBag from /Users/brenda/miniconda3/lib/python3.10/site-packages/airflow/example_dags/example_latest_only_with_trigger.py
[2023-04-21 01:41:23,617] {processor.py:651} INFO - DAG(s) dict_keys(['latest_only_with_trigger']) retrieved from /Users/brenda/miniconda3/lib/python3.10/site-packages/airflow/example_dags/example_latest_only_with_trigger.py
[2023-04-21 01:41:23,647] {logging_mixin.py:115} INFO - [2023-04-21 01:41:23,647] {dag.py:2371} INFO - Sync 1 DAGs
[2023-04-21 01:41:23,654] {logging_mixin.py:115} INFO - [2023-04-21 01:41:23,654] {dag.py:2915} INFO - Setting next_dagrun for latest_only_with_trigger to 2023-04-20T19:41:23.654647+00:00, run_after=2023-04-20T23:41:23.654647+00:00
[2023-04-21 01:41:23,663] {processor.py:161} INFO - Processing /Users/brenda/miniconda3/lib/python3.10/site-packages/airflow/example_dags/example_latest_only_with_trigger.py took 0.055 seconds
