[2023-04-20 22:36:33,947] {processor.py:153} INFO - Started process (PID=56520) to work on /Users/brenda/miniconda3/lib/python3.10/site-packages/airflow/example_dags/example_short_circuit_operator.py
[2023-04-20 22:36:33,947] {processor.py:641} INFO - Processing file /Users/brenda/miniconda3/lib/python3.10/site-packages/airflow/example_dags/example_short_circuit_operator.py for tasks to queue
[2023-04-20 22:36:33,947] {logging_mixin.py:115} INFO - [2023-04-20 22:36:33,947] {dagbag.py:507} INFO - Filling up the DagBag from /Users/brenda/miniconda3/lib/python3.10/site-packages/airflow/example_dags/example_short_circuit_operator.py
[2023-04-20 22:36:33,961] {processor.py:651} INFO - DAG(s) dict_keys(['example_short_circuit_operator']) retrieved from /Users/brenda/miniconda3/lib/python3.10/site-packages/airflow/example_dags/example_short_circuit_operator.py
[2023-04-20 22:36:34,463] {logging_mixin.py:115} INFO - [2023-04-20 22:36:34,463] {manager.py:508} INFO - Created Permission View: can edit on DAG:example_short_circuit_operator
[2023-04-20 22:36:34,468] {logging_mixin.py:115} INFO - [2023-04-20 22:36:34,468] {manager.py:508} INFO - Created Permission View: can delete on DAG:example_short_circuit_operator
[2023-04-20 22:36:34,471] {logging_mixin.py:115} INFO - [2023-04-20 22:36:34,471] {manager.py:508} INFO - Created Permission View: can read on DAG:example_short_circuit_operator
[2023-04-20 22:36:34,471] {logging_mixin.py:115} INFO - [2023-04-20 22:36:34,471] {dag.py:2371} INFO - Sync 1 DAGs
[2023-04-20 22:36:34,475] {logging_mixin.py:115} INFO - [2023-04-20 22:36:34,475] {dag.py:2390} INFO - Creating ORM DAG for example_short_circuit_operator
[2023-04-20 22:36:34,479] {logging_mixin.py:115} INFO - [2023-04-20 22:36:34,479] {dag.py:2915} INFO - Setting next_dagrun for example_short_circuit_operator to 2023-04-19T20:36:34.479136+00:00, run_after=2023-04-20T20:36:34.479136+00:00
[2023-04-20 22:36:34,485] {processor.py:161} INFO - Processing /Users/brenda/miniconda3/lib/python3.10/site-packages/airflow/example_dags/example_short_circuit_operator.py took 0.538 seconds
[2023-04-20 22:37:33,593] {processor.py:153} INFO - Started process (PID=56559) to work on /Users/brenda/miniconda3/lib/python3.10/site-packages/airflow/example_dags/example_short_circuit_operator.py
[2023-04-20 22:37:33,594] {processor.py:641} INFO - Processing file /Users/brenda/miniconda3/lib/python3.10/site-packages/airflow/example_dags/example_short_circuit_operator.py for tasks to queue
[2023-04-20 22:37:33,594] {logging_mixin.py:115} INFO - [2023-04-20 22:37:33,594] {dagbag.py:507} INFO - Filling up the DagBag from /Users/brenda/miniconda3/lib/python3.10/site-packages/airflow/example_dags/example_short_circuit_operator.py
[2023-04-20 22:37:33,608] {processor.py:651} INFO - DAG(s) dict_keys(['example_short_circuit_operator']) retrieved from /Users/brenda/miniconda3/lib/python3.10/site-packages/airflow/example_dags/example_short_circuit_operator.py
[2023-04-20 22:37:33,639] {logging_mixin.py:115} INFO - [2023-04-20 22:37:33,639] {dag.py:2371} INFO - Sync 1 DAGs
[2023-04-20 22:37:33,646] {logging_mixin.py:115} INFO - [2023-04-20 22:37:33,646] {dag.py:2915} INFO - Setting next_dagrun for example_short_circuit_operator to 2023-04-19T20:37:33.645970+00:00, run_after=2023-04-20T20:37:33.645970+00:00
[2023-04-20 22:37:33,651] {processor.py:161} INFO - Processing /Users/brenda/miniconda3/lib/python3.10/site-packages/airflow/example_dags/example_short_circuit_operator.py took 0.058 seconds
[2023-04-20 22:38:22,354] {processor.py:153} INFO - Started process (PID=56612) to work on /Users/brenda/miniconda3/lib/python3.10/site-packages/airflow/example_dags/example_short_circuit_operator.py
[2023-04-20 22:38:22,354] {processor.py:641} INFO - Processing file /Users/brenda/miniconda3/lib/python3.10/site-packages/airflow/example_dags/example_short_circuit_operator.py for tasks to queue
[2023-04-20 22:38:22,354] {logging_mixin.py:115} INFO - [2023-04-20 22:38:22,354] {dagbag.py:507} INFO - Filling up the DagBag from /Users/brenda/miniconda3/lib/python3.10/site-packages/airflow/example_dags/example_short_circuit_operator.py
[2023-04-20 22:38:22,368] {processor.py:651} INFO - DAG(s) dict_keys(['example_short_circuit_operator']) retrieved from /Users/brenda/miniconda3/lib/python3.10/site-packages/airflow/example_dags/example_short_circuit_operator.py
[2023-04-20 22:38:22,399] {logging_mixin.py:115} INFO - [2023-04-20 22:38:22,399] {dag.py:2371} INFO - Sync 1 DAGs
[2023-04-20 22:38:22,406] {logging_mixin.py:115} INFO - [2023-04-20 22:38:22,406] {dag.py:2915} INFO - Setting next_dagrun for example_short_circuit_operator to 2023-04-19T20:38:22.406292+00:00, run_after=2023-04-20T20:38:22.406292+00:00
[2023-04-20 22:38:22,411] {processor.py:161} INFO - Processing /Users/brenda/miniconda3/lib/python3.10/site-packages/airflow/example_dags/example_short_circuit_operator.py took 0.058 seconds
[2023-04-20 22:39:14,882] {processor.py:153} INFO - Started process (PID=56650) to work on /Users/brenda/miniconda3/lib/python3.10/site-packages/airflow/example_dags/example_short_circuit_operator.py
[2023-04-20 22:39:14,883] {processor.py:641} INFO - Processing file /Users/brenda/miniconda3/lib/python3.10/site-packages/airflow/example_dags/example_short_circuit_operator.py for tasks to queue
[2023-04-20 22:39:14,883] {logging_mixin.py:115} INFO - [2023-04-20 22:39:14,883] {dagbag.py:507} INFO - Filling up the DagBag from /Users/brenda/miniconda3/lib/python3.10/site-packages/airflow/example_dags/example_short_circuit_operator.py
[2023-04-20 22:39:14,900] {processor.py:651} INFO - DAG(s) dict_keys(['example_short_circuit_operator']) retrieved from /Users/brenda/miniconda3/lib/python3.10/site-packages/airflow/example_dags/example_short_circuit_operator.py
[2023-04-20 22:39:14,936] {logging_mixin.py:115} INFO - [2023-04-20 22:39:14,936] {dag.py:2371} INFO - Sync 1 DAGs
[2023-04-20 22:39:14,943] {logging_mixin.py:115} INFO - [2023-04-20 22:39:14,943] {dag.py:2915} INFO - Setting next_dagrun for example_short_circuit_operator to 2023-04-19T20:39:14.943720+00:00, run_after=2023-04-20T20:39:14.943720+00:00
[2023-04-20 22:39:14,949] {processor.py:161} INFO - Processing /Users/brenda/miniconda3/lib/python3.10/site-packages/airflow/example_dags/example_short_circuit_operator.py took 0.067 seconds
[2023-04-20 22:40:05,387] {processor.py:153} INFO - Started process (PID=56694) to work on /Users/brenda/miniconda3/lib/python3.10/site-packages/airflow/example_dags/example_short_circuit_operator.py
[2023-04-20 22:40:05,388] {processor.py:641} INFO - Processing file /Users/brenda/miniconda3/lib/python3.10/site-packages/airflow/example_dags/example_short_circuit_operator.py for tasks to queue
[2023-04-20 22:40:05,388] {logging_mixin.py:115} INFO - [2023-04-20 22:40:05,388] {dagbag.py:507} INFO - Filling up the DagBag from /Users/brenda/miniconda3/lib/python3.10/site-packages/airflow/example_dags/example_short_circuit_operator.py
[2023-04-20 22:40:05,401] {processor.py:651} INFO - DAG(s) dict_keys(['example_short_circuit_operator']) retrieved from /Users/brenda/miniconda3/lib/python3.10/site-packages/airflow/example_dags/example_short_circuit_operator.py
[2023-04-20 22:40:05,432] {logging_mixin.py:115} INFO - [2023-04-20 22:40:05,432] {dag.py:2371} INFO - Sync 1 DAGs
[2023-04-20 22:40:05,439] {logging_mixin.py:115} INFO - [2023-04-20 22:40:05,439] {dag.py:2915} INFO - Setting next_dagrun for example_short_circuit_operator to 2023-04-19T20:40:05.439243+00:00, run_after=2023-04-20T20:40:05.439243+00:00
[2023-04-20 22:40:05,444] {processor.py:161} INFO - Processing /Users/brenda/miniconda3/lib/python3.10/site-packages/airflow/example_dags/example_short_circuit_operator.py took 0.058 seconds
[2023-04-20 22:40:54,285] {processor.py:153} INFO - Started process (PID=56732) to work on /Users/brenda/miniconda3/lib/python3.10/site-packages/airflow/example_dags/example_short_circuit_operator.py
[2023-04-20 22:40:54,286] {processor.py:641} INFO - Processing file /Users/brenda/miniconda3/lib/python3.10/site-packages/airflow/example_dags/example_short_circuit_operator.py for tasks to queue
[2023-04-20 22:40:54,286] {logging_mixin.py:115} INFO - [2023-04-20 22:40:54,286] {dagbag.py:507} INFO - Filling up the DagBag from /Users/brenda/miniconda3/lib/python3.10/site-packages/airflow/example_dags/example_short_circuit_operator.py
[2023-04-20 22:40:54,299] {processor.py:651} INFO - DAG(s) dict_keys(['example_short_circuit_operator']) retrieved from /Users/brenda/miniconda3/lib/python3.10/site-packages/airflow/example_dags/example_short_circuit_operator.py
[2023-04-20 22:40:54,330] {logging_mixin.py:115} INFO - [2023-04-20 22:40:54,330] {dag.py:2371} INFO - Sync 1 DAGs
[2023-04-20 22:40:54,338] {logging_mixin.py:115} INFO - [2023-04-20 22:40:54,338] {dag.py:2915} INFO - Setting next_dagrun for example_short_circuit_operator to 2023-04-19T20:40:54.337965+00:00, run_after=2023-04-20T20:40:54.337965+00:00
[2023-04-20 22:40:54,343] {processor.py:161} INFO - Processing /Users/brenda/miniconda3/lib/python3.10/site-packages/airflow/example_dags/example_short_circuit_operator.py took 0.059 seconds
[2023-04-20 22:41:44,659] {processor.py:153} INFO - Started process (PID=56768) to work on /Users/brenda/miniconda3/lib/python3.10/site-packages/airflow/example_dags/example_short_circuit_operator.py
[2023-04-20 22:41:44,660] {processor.py:641} INFO - Processing file /Users/brenda/miniconda3/lib/python3.10/site-packages/airflow/example_dags/example_short_circuit_operator.py for tasks to queue
[2023-04-20 22:41:44,660] {logging_mixin.py:115} INFO - [2023-04-20 22:41:44,660] {dagbag.py:507} INFO - Filling up the DagBag from /Users/brenda/miniconda3/lib/python3.10/site-packages/airflow/example_dags/example_short_circuit_operator.py
[2023-04-20 22:41:44,678] {processor.py:651} INFO - DAG(s) dict_keys(['example_short_circuit_operator']) retrieved from /Users/brenda/miniconda3/lib/python3.10/site-packages/airflow/example_dags/example_short_circuit_operator.py
[2023-04-20 22:41:44,709] {logging_mixin.py:115} INFO - [2023-04-20 22:41:44,709] {dag.py:2371} INFO - Sync 1 DAGs
[2023-04-20 22:41:44,716] {logging_mixin.py:115} INFO - [2023-04-20 22:41:44,716] {dag.py:2915} INFO - Setting next_dagrun for example_short_circuit_operator to 2023-04-19T20:41:44.716209+00:00, run_after=2023-04-20T20:41:44.716209+00:00
[2023-04-20 22:41:44,721] {processor.py:161} INFO - Processing /Users/brenda/miniconda3/lib/python3.10/site-packages/airflow/example_dags/example_short_circuit_operator.py took 0.063 seconds
[2023-04-20 22:42:43,271] {processor.py:153} INFO - Started process (PID=56848) to work on /Users/brenda/miniconda3/lib/python3.10/site-packages/airflow/example_dags/example_short_circuit_operator.py
[2023-04-20 22:42:43,271] {processor.py:641} INFO - Processing file /Users/brenda/miniconda3/lib/python3.10/site-packages/airflow/example_dags/example_short_circuit_operator.py for tasks to queue
[2023-04-20 22:42:43,271] {logging_mixin.py:115} INFO - [2023-04-20 22:42:43,271] {dagbag.py:507} INFO - Filling up the DagBag from /Users/brenda/miniconda3/lib/python3.10/site-packages/airflow/example_dags/example_short_circuit_operator.py
[2023-04-20 22:42:43,285] {processor.py:651} INFO - DAG(s) dict_keys(['example_short_circuit_operator']) retrieved from /Users/brenda/miniconda3/lib/python3.10/site-packages/airflow/example_dags/example_short_circuit_operator.py
[2023-04-20 22:42:43,317] {logging_mixin.py:115} INFO - [2023-04-20 22:42:43,317] {dag.py:2371} INFO - Sync 1 DAGs
[2023-04-20 22:42:43,324] {logging_mixin.py:115} INFO - [2023-04-20 22:42:43,324] {dag.py:2915} INFO - Setting next_dagrun for example_short_circuit_operator to 2023-04-19T20:42:43.324691+00:00, run_after=2023-04-20T20:42:43.324691+00:00
[2023-04-20 22:42:43,330] {processor.py:161} INFO - Processing /Users/brenda/miniconda3/lib/python3.10/site-packages/airflow/example_dags/example_short_circuit_operator.py took 0.059 seconds
[2023-04-20 22:43:30,980] {processor.py:153} INFO - Started process (PID=56886) to work on /Users/brenda/miniconda3/lib/python3.10/site-packages/airflow/example_dags/example_short_circuit_operator.py
[2023-04-20 22:43:30,981] {processor.py:641} INFO - Processing file /Users/brenda/miniconda3/lib/python3.10/site-packages/airflow/example_dags/example_short_circuit_operator.py for tasks to queue
[2023-04-20 22:43:30,981] {logging_mixin.py:115} INFO - [2023-04-20 22:43:30,981] {dagbag.py:507} INFO - Filling up the DagBag from /Users/brenda/miniconda3/lib/python3.10/site-packages/airflow/example_dags/example_short_circuit_operator.py
[2023-04-20 22:43:30,994] {processor.py:651} INFO - DAG(s) dict_keys(['example_short_circuit_operator']) retrieved from /Users/brenda/miniconda3/lib/python3.10/site-packages/airflow/example_dags/example_short_circuit_operator.py
[2023-04-20 22:43:31,026] {logging_mixin.py:115} INFO - [2023-04-20 22:43:31,025] {dag.py:2371} INFO - Sync 1 DAGs
[2023-04-20 22:43:31,032] {logging_mixin.py:115} INFO - [2023-04-20 22:43:31,032] {dag.py:2915} INFO - Setting next_dagrun for example_short_circuit_operator to 2023-04-19T20:43:31.032815+00:00, run_after=2023-04-20T20:43:31.032815+00:00
[2023-04-20 22:43:31,038] {processor.py:161} INFO - Processing /Users/brenda/miniconda3/lib/python3.10/site-packages/airflow/example_dags/example_short_circuit_operator.py took 0.058 seconds
[2023-04-20 22:44:19,626] {processor.py:153} INFO - Started process (PID=56945) to work on /Users/brenda/miniconda3/lib/python3.10/site-packages/airflow/example_dags/example_short_circuit_operator.py
[2023-04-20 22:44:19,627] {processor.py:641} INFO - Processing file /Users/brenda/miniconda3/lib/python3.10/site-packages/airflow/example_dags/example_short_circuit_operator.py for tasks to queue
[2023-04-20 22:44:19,628] {logging_mixin.py:115} INFO - [2023-04-20 22:44:19,627] {dagbag.py:507} INFO - Filling up the DagBag from /Users/brenda/miniconda3/lib/python3.10/site-packages/airflow/example_dags/example_short_circuit_operator.py
[2023-04-20 22:44:19,641] {processor.py:651} INFO - DAG(s) dict_keys(['example_short_circuit_operator']) retrieved from /Users/brenda/miniconda3/lib/python3.10/site-packages/airflow/example_dags/example_short_circuit_operator.py
[2023-04-20 22:44:19,674] {logging_mixin.py:115} INFO - [2023-04-20 22:44:19,674] {dag.py:2371} INFO - Sync 1 DAGs
[2023-04-20 22:44:19,682] {logging_mixin.py:115} INFO - [2023-04-20 22:44:19,682] {dag.py:2915} INFO - Setting next_dagrun for example_short_circuit_operator to 2023-04-19T20:44:19.682074+00:00, run_after=2023-04-20T20:44:19.682074+00:00
[2023-04-20 22:44:19,687] {processor.py:161} INFO - Processing /Users/brenda/miniconda3/lib/python3.10/site-packages/airflow/example_dags/example_short_circuit_operator.py took 0.061 seconds
[2023-04-20 22:45:09,076] {processor.py:153} INFO - Started process (PID=56996) to work on /Users/brenda/miniconda3/lib/python3.10/site-packages/airflow/example_dags/example_short_circuit_operator.py
[2023-04-20 22:45:09,077] {processor.py:641} INFO - Processing file /Users/brenda/miniconda3/lib/python3.10/site-packages/airflow/example_dags/example_short_circuit_operator.py for tasks to queue
[2023-04-20 22:45:09,077] {logging_mixin.py:115} INFO - [2023-04-20 22:45:09,077] {dagbag.py:507} INFO - Filling up the DagBag from /Users/brenda/miniconda3/lib/python3.10/site-packages/airflow/example_dags/example_short_circuit_operator.py
[2023-04-20 22:45:09,102] {processor.py:651} INFO - DAG(s) dict_keys(['example_short_circuit_operator']) retrieved from /Users/brenda/miniconda3/lib/python3.10/site-packages/airflow/example_dags/example_short_circuit_operator.py
[2023-04-20 22:45:09,151] {logging_mixin.py:115} INFO - [2023-04-20 22:45:09,151] {dag.py:2371} INFO - Sync 1 DAGs
[2023-04-20 22:45:09,161] {logging_mixin.py:115} INFO - [2023-04-20 22:45:09,161] {dag.py:2915} INFO - Setting next_dagrun for example_short_circuit_operator to 2023-04-19T20:45:09.161584+00:00, run_after=2023-04-20T20:45:09.161584+00:00
[2023-04-20 22:45:09,168] {processor.py:161} INFO - Processing /Users/brenda/miniconda3/lib/python3.10/site-packages/airflow/example_dags/example_short_circuit_operator.py took 0.094 seconds
[2023-04-20 22:45:55,856] {processor.py:153} INFO - Started process (PID=57036) to work on /Users/brenda/miniconda3/lib/python3.10/site-packages/airflow/example_dags/example_short_circuit_operator.py
[2023-04-20 22:45:55,860] {processor.py:641} INFO - Processing file /Users/brenda/miniconda3/lib/python3.10/site-packages/airflow/example_dags/example_short_circuit_operator.py for tasks to queue
[2023-04-20 22:45:55,860] {logging_mixin.py:115} INFO - [2023-04-20 22:45:55,860] {dagbag.py:507} INFO - Filling up the DagBag from /Users/brenda/miniconda3/lib/python3.10/site-packages/airflow/example_dags/example_short_circuit_operator.py
[2023-04-20 22:45:55,874] {processor.py:651} INFO - DAG(s) dict_keys(['example_short_circuit_operator']) retrieved from /Users/brenda/miniconda3/lib/python3.10/site-packages/airflow/example_dags/example_short_circuit_operator.py
[2023-04-20 22:45:55,906] {logging_mixin.py:115} INFO - [2023-04-20 22:45:55,906] {dag.py:2371} INFO - Sync 1 DAGs
[2023-04-20 22:45:55,913] {logging_mixin.py:115} INFO - [2023-04-20 22:45:55,913] {dag.py:2915} INFO - Setting next_dagrun for example_short_circuit_operator to 2023-04-19T20:45:55.913148+00:00, run_after=2023-04-20T20:45:55.913148+00:00
[2023-04-20 22:45:55,918] {processor.py:161} INFO - Processing /Users/brenda/miniconda3/lib/python3.10/site-packages/airflow/example_dags/example_short_circuit_operator.py took 0.062 seconds
[2023-04-20 22:47:43,312] {processor.py:153} INFO - Started process (PID=57153) to work on /Users/brenda/miniconda3/lib/python3.10/site-packages/airflow/example_dags/example_short_circuit_operator.py
[2023-04-20 22:47:43,313] {processor.py:641} INFO - Processing file /Users/brenda/miniconda3/lib/python3.10/site-packages/airflow/example_dags/example_short_circuit_operator.py for tasks to queue
[2023-04-20 22:47:43,313] {logging_mixin.py:115} INFO - [2023-04-20 22:47:43,313] {dagbag.py:507} INFO - Filling up the DagBag from /Users/brenda/miniconda3/lib/python3.10/site-packages/airflow/example_dags/example_short_circuit_operator.py
[2023-04-20 22:47:43,326] {processor.py:651} INFO - DAG(s) dict_keys(['example_short_circuit_operator']) retrieved from /Users/brenda/miniconda3/lib/python3.10/site-packages/airflow/example_dags/example_short_circuit_operator.py
[2023-04-20 22:47:43,358] {logging_mixin.py:115} INFO - [2023-04-20 22:47:43,357] {dag.py:2371} INFO - Sync 1 DAGs
[2023-04-20 22:47:43,364] {logging_mixin.py:115} INFO - [2023-04-20 22:47:43,364] {dag.py:2915} INFO - Setting next_dagrun for example_short_circuit_operator to 2023-04-19T20:47:43.364758+00:00, run_after=2023-04-20T20:47:43.364758+00:00
[2023-04-20 22:47:43,370] {processor.py:161} INFO - Processing /Users/brenda/miniconda3/lib/python3.10/site-packages/airflow/example_dags/example_short_circuit_operator.py took 0.058 seconds
[2023-04-20 22:48:33,929] {processor.py:153} INFO - Started process (PID=57209) to work on /Users/brenda/miniconda3/lib/python3.10/site-packages/airflow/example_dags/example_short_circuit_operator.py
[2023-04-20 22:48:33,933] {processor.py:641} INFO - Processing file /Users/brenda/miniconda3/lib/python3.10/site-packages/airflow/example_dags/example_short_circuit_operator.py for tasks to queue
[2023-04-20 22:48:33,933] {logging_mixin.py:115} INFO - [2023-04-20 22:48:33,933] {dagbag.py:507} INFO - Filling up the DagBag from /Users/brenda/miniconda3/lib/python3.10/site-packages/airflow/example_dags/example_short_circuit_operator.py
[2023-04-20 22:48:33,950] {processor.py:651} INFO - DAG(s) dict_keys(['example_short_circuit_operator']) retrieved from /Users/brenda/miniconda3/lib/python3.10/site-packages/airflow/example_dags/example_short_circuit_operator.py
[2023-04-20 22:48:33,982] {logging_mixin.py:115} INFO - [2023-04-20 22:48:33,982] {dag.py:2371} INFO - Sync 1 DAGs
[2023-04-20 22:48:33,989] {logging_mixin.py:115} INFO - [2023-04-20 22:48:33,989] {dag.py:2915} INFO - Setting next_dagrun for example_short_circuit_operator to 2023-04-19T20:48:33.989035+00:00, run_after=2023-04-20T20:48:33.989035+00:00
[2023-04-20 22:48:33,994] {processor.py:161} INFO - Processing /Users/brenda/miniconda3/lib/python3.10/site-packages/airflow/example_dags/example_short_circuit_operator.py took 0.065 seconds
[2023-04-20 22:49:24,620] {processor.py:153} INFO - Started process (PID=57257) to work on /Users/brenda/miniconda3/lib/python3.10/site-packages/airflow/example_dags/example_short_circuit_operator.py
[2023-04-20 22:49:24,621] {processor.py:641} INFO - Processing file /Users/brenda/miniconda3/lib/python3.10/site-packages/airflow/example_dags/example_short_circuit_operator.py for tasks to queue
[2023-04-20 22:49:24,621] {logging_mixin.py:115} INFO - [2023-04-20 22:49:24,621] {dagbag.py:507} INFO - Filling up the DagBag from /Users/brenda/miniconda3/lib/python3.10/site-packages/airflow/example_dags/example_short_circuit_operator.py
[2023-04-20 22:49:24,646] {processor.py:651} INFO - DAG(s) dict_keys(['example_short_circuit_operator']) retrieved from /Users/brenda/miniconda3/lib/python3.10/site-packages/airflow/example_dags/example_short_circuit_operator.py
[2023-04-20 22:49:24,691] {logging_mixin.py:115} INFO - [2023-04-20 22:49:24,691] {dag.py:2371} INFO - Sync 1 DAGs
[2023-04-20 22:49:24,700] {logging_mixin.py:115} INFO - [2023-04-20 22:49:24,700] {dag.py:2915} INFO - Setting next_dagrun for example_short_circuit_operator to 2023-04-19T20:49:24.700499+00:00, run_after=2023-04-20T20:49:24.700499+00:00
[2023-04-20 22:49:24,710] {processor.py:161} INFO - Processing /Users/brenda/miniconda3/lib/python3.10/site-packages/airflow/example_dags/example_short_circuit_operator.py took 0.091 seconds
[2023-04-20 22:50:14,342] {processor.py:153} INFO - Started process (PID=57295) to work on /Users/brenda/miniconda3/lib/python3.10/site-packages/airflow/example_dags/example_short_circuit_operator.py
[2023-04-20 22:50:14,350] {processor.py:641} INFO - Processing file /Users/brenda/miniconda3/lib/python3.10/site-packages/airflow/example_dags/example_short_circuit_operator.py for tasks to queue
[2023-04-20 22:50:14,351] {logging_mixin.py:115} INFO - [2023-04-20 22:50:14,351] {dagbag.py:507} INFO - Filling up the DagBag from /Users/brenda/miniconda3/lib/python3.10/site-packages/airflow/example_dags/example_short_circuit_operator.py
[2023-04-20 22:50:14,366] {processor.py:651} INFO - DAG(s) dict_keys(['example_short_circuit_operator']) retrieved from /Users/brenda/miniconda3/lib/python3.10/site-packages/airflow/example_dags/example_short_circuit_operator.py
[2023-04-20 22:50:14,398] {logging_mixin.py:115} INFO - [2023-04-20 22:50:14,398] {dag.py:2371} INFO - Sync 1 DAGs
[2023-04-20 22:50:14,405] {logging_mixin.py:115} INFO - [2023-04-20 22:50:14,405] {dag.py:2915} INFO - Setting next_dagrun for example_short_circuit_operator to 2023-04-19T20:50:14.405535+00:00, run_after=2023-04-20T20:50:14.405535+00:00
[2023-04-20 22:50:14,410] {processor.py:161} INFO - Processing /Users/brenda/miniconda3/lib/python3.10/site-packages/airflow/example_dags/example_short_circuit_operator.py took 0.069 seconds
[2023-04-20 22:51:05,447] {processor.py:153} INFO - Started process (PID=57342) to work on /Users/brenda/miniconda3/lib/python3.10/site-packages/airflow/example_dags/example_short_circuit_operator.py
[2023-04-20 22:51:05,448] {processor.py:641} INFO - Processing file /Users/brenda/miniconda3/lib/python3.10/site-packages/airflow/example_dags/example_short_circuit_operator.py for tasks to queue
[2023-04-20 22:51:05,448] {logging_mixin.py:115} INFO - [2023-04-20 22:51:05,448] {dagbag.py:507} INFO - Filling up the DagBag from /Users/brenda/miniconda3/lib/python3.10/site-packages/airflow/example_dags/example_short_circuit_operator.py
[2023-04-20 22:51:05,462] {processor.py:651} INFO - DAG(s) dict_keys(['example_short_circuit_operator']) retrieved from /Users/brenda/miniconda3/lib/python3.10/site-packages/airflow/example_dags/example_short_circuit_operator.py
[2023-04-20 22:51:05,493] {logging_mixin.py:115} INFO - [2023-04-20 22:51:05,493] {dag.py:2371} INFO - Sync 1 DAGs
[2023-04-20 22:51:05,500] {logging_mixin.py:115} INFO - [2023-04-20 22:51:05,500] {dag.py:2915} INFO - Setting next_dagrun for example_short_circuit_operator to 2023-04-19T20:51:05.500804+00:00, run_after=2023-04-20T20:51:05.500804+00:00
[2023-04-20 22:51:05,506] {processor.py:161} INFO - Processing /Users/brenda/miniconda3/lib/python3.10/site-packages/airflow/example_dags/example_short_circuit_operator.py took 0.059 seconds
[2023-04-20 22:51:57,155] {processor.py:153} INFO - Started process (PID=57383) to work on /Users/brenda/miniconda3/lib/python3.10/site-packages/airflow/example_dags/example_short_circuit_operator.py
[2023-04-20 22:51:57,156] {processor.py:641} INFO - Processing file /Users/brenda/miniconda3/lib/python3.10/site-packages/airflow/example_dags/example_short_circuit_operator.py for tasks to queue
[2023-04-20 22:51:57,156] {logging_mixin.py:115} INFO - [2023-04-20 22:51:57,156] {dagbag.py:507} INFO - Filling up the DagBag from /Users/brenda/miniconda3/lib/python3.10/site-packages/airflow/example_dags/example_short_circuit_operator.py
[2023-04-20 22:51:57,169] {processor.py:651} INFO - DAG(s) dict_keys(['example_short_circuit_operator']) retrieved from /Users/brenda/miniconda3/lib/python3.10/site-packages/airflow/example_dags/example_short_circuit_operator.py
[2023-04-20 22:51:57,201] {logging_mixin.py:115} INFO - [2023-04-20 22:51:57,201] {dag.py:2371} INFO - Sync 1 DAGs
[2023-04-20 22:51:57,208] {logging_mixin.py:115} INFO - [2023-04-20 22:51:57,208] {dag.py:2915} INFO - Setting next_dagrun for example_short_circuit_operator to 2023-04-19T20:51:57.208255+00:00, run_after=2023-04-20T20:51:57.208255+00:00
[2023-04-20 22:51:57,214] {processor.py:161} INFO - Processing /Users/brenda/miniconda3/lib/python3.10/site-packages/airflow/example_dags/example_short_circuit_operator.py took 0.059 seconds
[2023-04-20 22:52:46,108] {processor.py:153} INFO - Started process (PID=57437) to work on /Users/brenda/miniconda3/lib/python3.10/site-packages/airflow/example_dags/example_short_circuit_operator.py
[2023-04-20 22:52:46,109] {processor.py:641} INFO - Processing file /Users/brenda/miniconda3/lib/python3.10/site-packages/airflow/example_dags/example_short_circuit_operator.py for tasks to queue
[2023-04-20 22:52:46,109] {logging_mixin.py:115} INFO - [2023-04-20 22:52:46,109] {dagbag.py:507} INFO - Filling up the DagBag from /Users/brenda/miniconda3/lib/python3.10/site-packages/airflow/example_dags/example_short_circuit_operator.py
[2023-04-20 22:52:46,123] {processor.py:651} INFO - DAG(s) dict_keys(['example_short_circuit_operator']) retrieved from /Users/brenda/miniconda3/lib/python3.10/site-packages/airflow/example_dags/example_short_circuit_operator.py
[2023-04-20 22:52:46,155] {logging_mixin.py:115} INFO - [2023-04-20 22:52:46,155] {dag.py:2371} INFO - Sync 1 DAGs
[2023-04-20 22:52:46,162] {logging_mixin.py:115} INFO - [2023-04-20 22:52:46,162] {dag.py:2915} INFO - Setting next_dagrun for example_short_circuit_operator to 2023-04-19T20:52:46.162308+00:00, run_after=2023-04-20T20:52:46.162308+00:00
[2023-04-20 22:52:46,167] {processor.py:161} INFO - Processing /Users/brenda/miniconda3/lib/python3.10/site-packages/airflow/example_dags/example_short_circuit_operator.py took 0.059 seconds
[2023-04-20 22:53:37,404] {processor.py:153} INFO - Started process (PID=57486) to work on /Users/brenda/miniconda3/lib/python3.10/site-packages/airflow/example_dags/example_short_circuit_operator.py
[2023-04-20 22:53:37,404] {processor.py:641} INFO - Processing file /Users/brenda/miniconda3/lib/python3.10/site-packages/airflow/example_dags/example_short_circuit_operator.py for tasks to queue
[2023-04-20 22:53:37,404] {logging_mixin.py:115} INFO - [2023-04-20 22:53:37,404] {dagbag.py:507} INFO - Filling up the DagBag from /Users/brenda/miniconda3/lib/python3.10/site-packages/airflow/example_dags/example_short_circuit_operator.py
[2023-04-20 22:53:37,418] {processor.py:651} INFO - DAG(s) dict_keys(['example_short_circuit_operator']) retrieved from /Users/brenda/miniconda3/lib/python3.10/site-packages/airflow/example_dags/example_short_circuit_operator.py
[2023-04-20 22:53:37,449] {logging_mixin.py:115} INFO - [2023-04-20 22:53:37,449] {dag.py:2371} INFO - Sync 1 DAGs
[2023-04-20 22:53:37,456] {logging_mixin.py:115} INFO - [2023-04-20 22:53:37,456] {dag.py:2915} INFO - Setting next_dagrun for example_short_circuit_operator to 2023-04-19T20:53:37.456633+00:00, run_after=2023-04-20T20:53:37.456633+00:00
[2023-04-20 22:53:37,462] {processor.py:161} INFO - Processing /Users/brenda/miniconda3/lib/python3.10/site-packages/airflow/example_dags/example_short_circuit_operator.py took 0.058 seconds
[2023-04-21 00:14:52,832] {processor.py:153} INFO - Started process (PID=57645) to work on /Users/brenda/miniconda3/lib/python3.10/site-packages/airflow/example_dags/example_short_circuit_operator.py
[2023-04-21 00:14:52,833] {processor.py:641} INFO - Processing file /Users/brenda/miniconda3/lib/python3.10/site-packages/airflow/example_dags/example_short_circuit_operator.py for tasks to queue
[2023-04-21 00:14:52,833] {logging_mixin.py:115} INFO - [2023-04-21 00:14:52,833] {dagbag.py:507} INFO - Filling up the DagBag from /Users/brenda/miniconda3/lib/python3.10/site-packages/airflow/example_dags/example_short_circuit_operator.py
[2023-04-21 00:14:52,846] {processor.py:651} INFO - DAG(s) dict_keys(['example_short_circuit_operator']) retrieved from /Users/brenda/miniconda3/lib/python3.10/site-packages/airflow/example_dags/example_short_circuit_operator.py
[2023-04-21 00:14:52,877] {logging_mixin.py:115} INFO - [2023-04-21 00:14:52,876] {dag.py:2371} INFO - Sync 1 DAGs
[2023-04-21 00:14:52,883] {logging_mixin.py:115} INFO - [2023-04-21 00:14:52,883] {dag.py:2915} INFO - Setting next_dagrun for example_short_circuit_operator to 2023-04-19T22:14:52.883801+00:00, run_after=2023-04-20T22:14:52.883801+00:00
[2023-04-21 00:14:52,889] {processor.py:161} INFO - Processing /Users/brenda/miniconda3/lib/python3.10/site-packages/airflow/example_dags/example_short_circuit_operator.py took 0.057 seconds
[2023-04-21 01:41:16,512] {processor.py:153} INFO - Started process (PID=57726) to work on /Users/brenda/miniconda3/lib/python3.10/site-packages/airflow/example_dags/example_short_circuit_operator.py
[2023-04-21 01:41:16,512] {processor.py:641} INFO - Processing file /Users/brenda/miniconda3/lib/python3.10/site-packages/airflow/example_dags/example_short_circuit_operator.py for tasks to queue
[2023-04-21 01:41:16,512] {logging_mixin.py:115} INFO - [2023-04-21 01:41:16,512] {dagbag.py:507} INFO - Filling up the DagBag from /Users/brenda/miniconda3/lib/python3.10/site-packages/airflow/example_dags/example_short_circuit_operator.py
[2023-04-21 01:41:16,527] {processor.py:651} INFO - DAG(s) dict_keys(['example_short_circuit_operator']) retrieved from /Users/brenda/miniconda3/lib/python3.10/site-packages/airflow/example_dags/example_short_circuit_operator.py
[2023-04-21 01:41:16,569] {logging_mixin.py:115} INFO - [2023-04-21 01:41:16,569] {dag.py:2371} INFO - Sync 1 DAGs
[2023-04-21 01:41:16,576] {logging_mixin.py:115} INFO - [2023-04-21 01:41:16,576] {dag.py:2915} INFO - Setting next_dagrun for example_short_circuit_operator to 2023-04-19T23:41:16.576348+00:00, run_after=2023-04-20T23:41:16.576348+00:00
[2023-04-21 01:41:16,585] {processor.py:161} INFO - Processing /Users/brenda/miniconda3/lib/python3.10/site-packages/airflow/example_dags/example_short_circuit_operator.py took 0.073 seconds
