[2023-04-20 22:36:31,829] {processor.py:153} INFO - Started process (PID=56519) to work on /Users/brenda/miniconda3/lib/python3.10/site-packages/airflow/example_dags/example_skip_dag.py
[2023-04-20 22:36:31,829] {processor.py:641} INFO - Processing file /Users/brenda/miniconda3/lib/python3.10/site-packages/airflow/example_dags/example_skip_dag.py for tasks to queue
[2023-04-20 22:36:31,829] {logging_mixin.py:115} INFO - [2023-04-20 22:36:31,829] {dagbag.py:507} INFO - Filling up the DagBag from /Users/brenda/miniconda3/lib/python3.10/site-packages/airflow/example_dags/example_skip_dag.py
[2023-04-20 22:36:31,835] {processor.py:651} INFO - DAG(s) dict_keys(['example_skip_dag']) retrieved from /Users/brenda/miniconda3/lib/python3.10/site-packages/airflow/example_dags/example_skip_dag.py
[2023-04-20 22:36:32,349] {logging_mixin.py:115} INFO - [2023-04-20 22:36:32,349] {manager.py:508} INFO - Created Permission View: can read on DAG:example_skip_dag
[2023-04-20 22:36:32,353] {logging_mixin.py:115} INFO - [2023-04-20 22:36:32,353] {manager.py:508} INFO - Created Permission View: can edit on DAG:example_skip_dag
[2023-04-20 22:36:32,356] {logging_mixin.py:115} INFO - [2023-04-20 22:36:32,356] {manager.py:508} INFO - Created Permission View: can delete on DAG:example_skip_dag
[2023-04-20 22:36:32,356] {logging_mixin.py:115} INFO - [2023-04-20 22:36:32,356] {dag.py:2371} INFO - Sync 1 DAGs
[2023-04-20 22:36:32,362] {logging_mixin.py:115} INFO - [2023-04-20 22:36:32,361] {dag.py:2390} INFO - Creating ORM DAG for example_skip_dag
[2023-04-20 22:36:32,366] {logging_mixin.py:115} INFO - [2023-04-20 22:36:32,366] {dag.py:2915} INFO - Setting next_dagrun for example_skip_dag to 2023-04-19T20:36:32.366375+00:00, run_after=2023-04-20T20:36:32.366375+00:00
[2023-04-20 22:36:32,372] {processor.py:161} INFO - Processing /Users/brenda/miniconda3/lib/python3.10/site-packages/airflow/example_dags/example_skip_dag.py took 0.544 seconds
[2023-04-20 22:37:32,037] {processor.py:153} INFO - Started process (PID=56557) to work on /Users/brenda/miniconda3/lib/python3.10/site-packages/airflow/example_dags/example_skip_dag.py
[2023-04-20 22:37:32,037] {processor.py:641} INFO - Processing file /Users/brenda/miniconda3/lib/python3.10/site-packages/airflow/example_dags/example_skip_dag.py for tasks to queue
[2023-04-20 22:37:32,038] {logging_mixin.py:115} INFO - [2023-04-20 22:37:32,038] {dagbag.py:507} INFO - Filling up the DagBag from /Users/brenda/miniconda3/lib/python3.10/site-packages/airflow/example_dags/example_skip_dag.py
[2023-04-20 22:37:32,044] {processor.py:651} INFO - DAG(s) dict_keys(['example_skip_dag']) retrieved from /Users/brenda/miniconda3/lib/python3.10/site-packages/airflow/example_dags/example_skip_dag.py
[2023-04-20 22:37:32,074] {logging_mixin.py:115} INFO - [2023-04-20 22:37:32,074] {dag.py:2371} INFO - Sync 1 DAGs
[2023-04-20 22:37:32,082] {logging_mixin.py:115} INFO - [2023-04-20 22:37:32,082] {dag.py:2915} INFO - Setting next_dagrun for example_skip_dag to 2023-04-19T20:37:32.082257+00:00, run_after=2023-04-20T20:37:32.082257+00:00
[2023-04-20 22:37:32,087] {processor.py:161} INFO - Processing /Users/brenda/miniconda3/lib/python3.10/site-packages/airflow/example_dags/example_skip_dag.py took 0.051 seconds
[2023-04-20 22:38:21,421] {processor.py:153} INFO - Started process (PID=56611) to work on /Users/brenda/miniconda3/lib/python3.10/site-packages/airflow/example_dags/example_skip_dag.py
[2023-04-20 22:38:21,422] {processor.py:641} INFO - Processing file /Users/brenda/miniconda3/lib/python3.10/site-packages/airflow/example_dags/example_skip_dag.py for tasks to queue
[2023-04-20 22:38:21,422] {logging_mixin.py:115} INFO - [2023-04-20 22:38:21,422] {dagbag.py:507} INFO - Filling up the DagBag from /Users/brenda/miniconda3/lib/python3.10/site-packages/airflow/example_dags/example_skip_dag.py
[2023-04-20 22:38:21,429] {processor.py:651} INFO - DAG(s) dict_keys(['example_skip_dag']) retrieved from /Users/brenda/miniconda3/lib/python3.10/site-packages/airflow/example_dags/example_skip_dag.py
[2023-04-20 22:38:21,459] {logging_mixin.py:115} INFO - [2023-04-20 22:38:21,459] {dag.py:2371} INFO - Sync 1 DAGs
[2023-04-20 22:38:21,467] {logging_mixin.py:115} INFO - [2023-04-20 22:38:21,467] {dag.py:2915} INFO - Setting next_dagrun for example_skip_dag to 2023-04-19T20:38:21.467276+00:00, run_after=2023-04-20T20:38:21.467276+00:00
[2023-04-20 22:38:21,472] {processor.py:161} INFO - Processing /Users/brenda/miniconda3/lib/python3.10/site-packages/airflow/example_dags/example_skip_dag.py took 0.052 seconds
[2023-04-20 22:39:13,298] {processor.py:153} INFO - Started process (PID=56648) to work on /Users/brenda/miniconda3/lib/python3.10/site-packages/airflow/example_dags/example_skip_dag.py
[2023-04-20 22:39:13,299] {processor.py:641} INFO - Processing file /Users/brenda/miniconda3/lib/python3.10/site-packages/airflow/example_dags/example_skip_dag.py for tasks to queue
[2023-04-20 22:39:13,299] {logging_mixin.py:115} INFO - [2023-04-20 22:39:13,299] {dagbag.py:507} INFO - Filling up the DagBag from /Users/brenda/miniconda3/lib/python3.10/site-packages/airflow/example_dags/example_skip_dag.py
[2023-04-20 22:39:13,305] {processor.py:651} INFO - DAG(s) dict_keys(['example_skip_dag']) retrieved from /Users/brenda/miniconda3/lib/python3.10/site-packages/airflow/example_dags/example_skip_dag.py
[2023-04-20 22:39:13,336] {logging_mixin.py:115} INFO - [2023-04-20 22:39:13,336] {dag.py:2371} INFO - Sync 1 DAGs
[2023-04-20 22:39:13,343] {logging_mixin.py:115} INFO - [2023-04-20 22:39:13,343] {dag.py:2915} INFO - Setting next_dagrun for example_skip_dag to 2023-04-19T20:39:13.343618+00:00, run_after=2023-04-20T20:39:13.343618+00:00
[2023-04-20 22:39:13,348] {processor.py:161} INFO - Processing /Users/brenda/miniconda3/lib/python3.10/site-packages/airflow/example_dags/example_skip_dag.py took 0.051 seconds
[2023-04-20 22:40:03,823] {processor.py:153} INFO - Started process (PID=56693) to work on /Users/brenda/miniconda3/lib/python3.10/site-packages/airflow/example_dags/example_skip_dag.py
[2023-04-20 22:40:03,824] {processor.py:641} INFO - Processing file /Users/brenda/miniconda3/lib/python3.10/site-packages/airflow/example_dags/example_skip_dag.py for tasks to queue
[2023-04-20 22:40:03,824] {logging_mixin.py:115} INFO - [2023-04-20 22:40:03,824] {dagbag.py:507} INFO - Filling up the DagBag from /Users/brenda/miniconda3/lib/python3.10/site-packages/airflow/example_dags/example_skip_dag.py
[2023-04-20 22:40:03,831] {processor.py:651} INFO - DAG(s) dict_keys(['example_skip_dag']) retrieved from /Users/brenda/miniconda3/lib/python3.10/site-packages/airflow/example_dags/example_skip_dag.py
[2023-04-20 22:40:03,861] {logging_mixin.py:115} INFO - [2023-04-20 22:40:03,861] {dag.py:2371} INFO - Sync 1 DAGs
[2023-04-20 22:40:03,869] {logging_mixin.py:115} INFO - [2023-04-20 22:40:03,869] {dag.py:2915} INFO - Setting next_dagrun for example_skip_dag to 2023-04-19T20:40:03.869004+00:00, run_after=2023-04-20T20:40:03.869004+00:00
[2023-04-20 22:40:03,874] {processor.py:161} INFO - Processing /Users/brenda/miniconda3/lib/python3.10/site-packages/airflow/example_dags/example_skip_dag.py took 0.051 seconds
[2023-04-20 22:40:53,508] {processor.py:153} INFO - Started process (PID=56731) to work on /Users/brenda/miniconda3/lib/python3.10/site-packages/airflow/example_dags/example_skip_dag.py
[2023-04-20 22:40:53,509] {processor.py:641} INFO - Processing file /Users/brenda/miniconda3/lib/python3.10/site-packages/airflow/example_dags/example_skip_dag.py for tasks to queue
[2023-04-20 22:40:53,509] {logging_mixin.py:115} INFO - [2023-04-20 22:40:53,509] {dagbag.py:507} INFO - Filling up the DagBag from /Users/brenda/miniconda3/lib/python3.10/site-packages/airflow/example_dags/example_skip_dag.py
[2023-04-20 22:40:53,516] {processor.py:651} INFO - DAG(s) dict_keys(['example_skip_dag']) retrieved from /Users/brenda/miniconda3/lib/python3.10/site-packages/airflow/example_dags/example_skip_dag.py
[2023-04-20 22:40:53,546] {logging_mixin.py:115} INFO - [2023-04-20 22:40:53,546] {dag.py:2371} INFO - Sync 1 DAGs
[2023-04-20 22:40:53,553] {logging_mixin.py:115} INFO - [2023-04-20 22:40:53,553] {dag.py:2915} INFO - Setting next_dagrun for example_skip_dag to 2023-04-19T20:40:53.553749+00:00, run_after=2023-04-20T20:40:53.553749+00:00
[2023-04-20 22:40:53,559] {processor.py:161} INFO - Processing /Users/brenda/miniconda3/lib/python3.10/site-packages/airflow/example_dags/example_skip_dag.py took 0.051 seconds
[2023-04-20 22:41:43,147] {processor.py:153} INFO - Started process (PID=56767) to work on /Users/brenda/miniconda3/lib/python3.10/site-packages/airflow/example_dags/example_skip_dag.py
[2023-04-20 22:41:43,148] {processor.py:641} INFO - Processing file /Users/brenda/miniconda3/lib/python3.10/site-packages/airflow/example_dags/example_skip_dag.py for tasks to queue
[2023-04-20 22:41:43,149] {logging_mixin.py:115} INFO - [2023-04-20 22:41:43,149] {dagbag.py:507} INFO - Filling up the DagBag from /Users/brenda/miniconda3/lib/python3.10/site-packages/airflow/example_dags/example_skip_dag.py
[2023-04-20 22:41:43,154] {processor.py:651} INFO - DAG(s) dict_keys(['example_skip_dag']) retrieved from /Users/brenda/miniconda3/lib/python3.10/site-packages/airflow/example_dags/example_skip_dag.py
[2023-04-20 22:41:43,185] {logging_mixin.py:115} INFO - [2023-04-20 22:41:43,184] {dag.py:2371} INFO - Sync 1 DAGs
[2023-04-20 22:41:43,192] {logging_mixin.py:115} INFO - [2023-04-20 22:41:43,192] {dag.py:2915} INFO - Setting next_dagrun for example_skip_dag to 2023-04-19T20:41:43.192443+00:00, run_after=2023-04-20T20:41:43.192443+00:00
[2023-04-20 22:41:43,197] {processor.py:161} INFO - Processing /Users/brenda/miniconda3/lib/python3.10/site-packages/airflow/example_dags/example_skip_dag.py took 0.050 seconds
[2023-04-20 22:42:41,697] {processor.py:153} INFO - Started process (PID=56845) to work on /Users/brenda/miniconda3/lib/python3.10/site-packages/airflow/example_dags/example_skip_dag.py
[2023-04-20 22:42:41,697] {processor.py:641} INFO - Processing file /Users/brenda/miniconda3/lib/python3.10/site-packages/airflow/example_dags/example_skip_dag.py for tasks to queue
[2023-04-20 22:42:41,697] {logging_mixin.py:115} INFO - [2023-04-20 22:42:41,697] {dagbag.py:507} INFO - Filling up the DagBag from /Users/brenda/miniconda3/lib/python3.10/site-packages/airflow/example_dags/example_skip_dag.py
[2023-04-20 22:42:41,704] {processor.py:651} INFO - DAG(s) dict_keys(['example_skip_dag']) retrieved from /Users/brenda/miniconda3/lib/python3.10/site-packages/airflow/example_dags/example_skip_dag.py
[2023-04-20 22:42:41,735] {logging_mixin.py:115} INFO - [2023-04-20 22:42:41,735] {dag.py:2371} INFO - Sync 1 DAGs
[2023-04-20 22:42:41,743] {logging_mixin.py:115} INFO - [2023-04-20 22:42:41,742] {dag.py:2915} INFO - Setting next_dagrun for example_skip_dag to 2023-04-19T20:42:41.742879+00:00, run_after=2023-04-20T20:42:41.742879+00:00
[2023-04-20 22:42:41,748] {processor.py:161} INFO - Processing /Users/brenda/miniconda3/lib/python3.10/site-packages/airflow/example_dags/example_skip_dag.py took 0.051 seconds
[2023-04-20 22:43:29,413] {processor.py:153} INFO - Started process (PID=56885) to work on /Users/brenda/miniconda3/lib/python3.10/site-packages/airflow/example_dags/example_skip_dag.py
[2023-04-20 22:43:29,415] {processor.py:641} INFO - Processing file /Users/brenda/miniconda3/lib/python3.10/site-packages/airflow/example_dags/example_skip_dag.py for tasks to queue
[2023-04-20 22:43:29,415] {logging_mixin.py:115} INFO - [2023-04-20 22:43:29,415] {dagbag.py:507} INFO - Filling up the DagBag from /Users/brenda/miniconda3/lib/python3.10/site-packages/airflow/example_dags/example_skip_dag.py
[2023-04-20 22:43:29,421] {processor.py:651} INFO - DAG(s) dict_keys(['example_skip_dag']) retrieved from /Users/brenda/miniconda3/lib/python3.10/site-packages/airflow/example_dags/example_skip_dag.py
[2023-04-20 22:43:29,451] {logging_mixin.py:115} INFO - [2023-04-20 22:43:29,451] {dag.py:2371} INFO - Sync 1 DAGs
[2023-04-20 22:43:29,459] {logging_mixin.py:115} INFO - [2023-04-20 22:43:29,459] {dag.py:2915} INFO - Setting next_dagrun for example_skip_dag to 2023-04-19T20:43:29.459612+00:00, run_after=2023-04-20T20:43:29.459612+00:00
[2023-04-20 22:43:29,464] {processor.py:161} INFO - Processing /Users/brenda/miniconda3/lib/python3.10/site-packages/airflow/example_dags/example_skip_dag.py took 0.052 seconds
[2023-04-20 22:44:18,735] {processor.py:153} INFO - Started process (PID=56944) to work on /Users/brenda/miniconda3/lib/python3.10/site-packages/airflow/example_dags/example_skip_dag.py
[2023-04-20 22:44:18,736] {processor.py:641} INFO - Processing file /Users/brenda/miniconda3/lib/python3.10/site-packages/airflow/example_dags/example_skip_dag.py for tasks to queue
[2023-04-20 22:44:18,736] {logging_mixin.py:115} INFO - [2023-04-20 22:44:18,736] {dagbag.py:507} INFO - Filling up the DagBag from /Users/brenda/miniconda3/lib/python3.10/site-packages/airflow/example_dags/example_skip_dag.py
[2023-04-20 22:44:18,742] {processor.py:651} INFO - DAG(s) dict_keys(['example_skip_dag']) retrieved from /Users/brenda/miniconda3/lib/python3.10/site-packages/airflow/example_dags/example_skip_dag.py
[2023-04-20 22:44:18,772] {logging_mixin.py:115} INFO - [2023-04-20 22:44:18,772] {dag.py:2371} INFO - Sync 1 DAGs
[2023-04-20 22:44:18,780] {logging_mixin.py:115} INFO - [2023-04-20 22:44:18,780] {dag.py:2915} INFO - Setting next_dagrun for example_skip_dag to 2023-04-19T20:44:18.780060+00:00, run_after=2023-04-20T20:44:18.780060+00:00
[2023-04-20 22:44:18,785] {processor.py:161} INFO - Processing /Users/brenda/miniconda3/lib/python3.10/site-packages/airflow/example_dags/example_skip_dag.py took 0.051 seconds
[2023-04-20 22:45:07,594] {processor.py:153} INFO - Started process (PID=56991) to work on /Users/brenda/miniconda3/lib/python3.10/site-packages/airflow/example_dags/example_skip_dag.py
[2023-04-20 22:45:07,594] {processor.py:641} INFO - Processing file /Users/brenda/miniconda3/lib/python3.10/site-packages/airflow/example_dags/example_skip_dag.py for tasks to queue
[2023-04-20 22:45:07,594] {logging_mixin.py:115} INFO - [2023-04-20 22:45:07,594] {dagbag.py:507} INFO - Filling up the DagBag from /Users/brenda/miniconda3/lib/python3.10/site-packages/airflow/example_dags/example_skip_dag.py
[2023-04-20 22:45:07,601] {processor.py:651} INFO - DAG(s) dict_keys(['example_skip_dag']) retrieved from /Users/brenda/miniconda3/lib/python3.10/site-packages/airflow/example_dags/example_skip_dag.py
[2023-04-20 22:45:07,631] {logging_mixin.py:115} INFO - [2023-04-20 22:45:07,631] {dag.py:2371} INFO - Sync 1 DAGs
[2023-04-20 22:45:07,638] {logging_mixin.py:115} INFO - [2023-04-20 22:45:07,638] {dag.py:2915} INFO - Setting next_dagrun for example_skip_dag to 2023-04-19T20:45:07.638764+00:00, run_after=2023-04-20T20:45:07.638764+00:00
[2023-04-20 22:45:07,644] {processor.py:161} INFO - Processing /Users/brenda/miniconda3/lib/python3.10/site-packages/airflow/example_dags/example_skip_dag.py took 0.050 seconds
[2023-04-20 22:45:55,009] {processor.py:153} INFO - Started process (PID=57034) to work on /Users/brenda/miniconda3/lib/python3.10/site-packages/airflow/example_dags/example_skip_dag.py
[2023-04-20 22:45:55,009] {processor.py:641} INFO - Processing file /Users/brenda/miniconda3/lib/python3.10/site-packages/airflow/example_dags/example_skip_dag.py for tasks to queue
[2023-04-20 22:45:55,009] {logging_mixin.py:115} INFO - [2023-04-20 22:45:55,009] {dagbag.py:507} INFO - Filling up the DagBag from /Users/brenda/miniconda3/lib/python3.10/site-packages/airflow/example_dags/example_skip_dag.py
[2023-04-20 22:45:55,015] {processor.py:651} INFO - DAG(s) dict_keys(['example_skip_dag']) retrieved from /Users/brenda/miniconda3/lib/python3.10/site-packages/airflow/example_dags/example_skip_dag.py
[2023-04-20 22:45:55,046] {logging_mixin.py:115} INFO - [2023-04-20 22:45:55,045] {dag.py:2371} INFO - Sync 1 DAGs
[2023-04-20 22:45:55,053] {logging_mixin.py:115} INFO - [2023-04-20 22:45:55,053] {dag.py:2915} INFO - Setting next_dagrun for example_skip_dag to 2023-04-19T20:45:55.053564+00:00, run_after=2023-04-20T20:45:55.053564+00:00
[2023-04-20 22:45:55,058] {processor.py:161} INFO - Processing /Users/brenda/miniconda3/lib/python3.10/site-packages/airflow/example_dags/example_skip_dag.py took 0.050 seconds
[2023-04-20 22:46:46,405] {processor.py:153} INFO - Started process (PID=57076) to work on /Users/brenda/miniconda3/lib/python3.10/site-packages/airflow/example_dags/example_skip_dag.py
[2023-04-20 22:46:46,406] {processor.py:641} INFO - Processing file /Users/brenda/miniconda3/lib/python3.10/site-packages/airflow/example_dags/example_skip_dag.py for tasks to queue
[2023-04-20 22:46:46,406] {logging_mixin.py:115} INFO - [2023-04-20 22:46:46,406] {dagbag.py:507} INFO - Filling up the DagBag from /Users/brenda/miniconda3/lib/python3.10/site-packages/airflow/example_dags/example_skip_dag.py
[2023-04-20 22:46:46,412] {processor.py:651} INFO - DAG(s) dict_keys(['example_skip_dag']) retrieved from /Users/brenda/miniconda3/lib/python3.10/site-packages/airflow/example_dags/example_skip_dag.py
[2023-04-20 22:46:46,443] {logging_mixin.py:115} INFO - [2023-04-20 22:46:46,442] {dag.py:2371} INFO - Sync 1 DAGs
[2023-04-20 22:46:46,450] {logging_mixin.py:115} INFO - [2023-04-20 22:46:46,450] {dag.py:2915} INFO - Setting next_dagrun for example_skip_dag to 2023-04-19T20:46:46.450540+00:00, run_after=2023-04-20T20:46:46.450540+00:00
[2023-04-20 22:46:46,455] {processor.py:161} INFO - Processing /Users/brenda/miniconda3/lib/python3.10/site-packages/airflow/example_dags/example_skip_dag.py took 0.051 seconds
[2023-04-20 22:47:41,803] {processor.py:153} INFO - Started process (PID=57149) to work on /Users/brenda/miniconda3/lib/python3.10/site-packages/airflow/example_dags/example_skip_dag.py
[2023-04-20 22:47:41,806] {processor.py:641} INFO - Processing file /Users/brenda/miniconda3/lib/python3.10/site-packages/airflow/example_dags/example_skip_dag.py for tasks to queue
[2023-04-20 22:47:41,806] {logging_mixin.py:115} INFO - [2023-04-20 22:47:41,806] {dagbag.py:507} INFO - Filling up the DagBag from /Users/brenda/miniconda3/lib/python3.10/site-packages/airflow/example_dags/example_skip_dag.py
[2023-04-20 22:47:41,812] {processor.py:651} INFO - DAG(s) dict_keys(['example_skip_dag']) retrieved from /Users/brenda/miniconda3/lib/python3.10/site-packages/airflow/example_dags/example_skip_dag.py
[2023-04-20 22:47:41,842] {logging_mixin.py:115} INFO - [2023-04-20 22:47:41,842] {dag.py:2371} INFO - Sync 1 DAGs
[2023-04-20 22:47:41,850] {logging_mixin.py:115} INFO - [2023-04-20 22:47:41,850] {dag.py:2915} INFO - Setting next_dagrun for example_skip_dag to 2023-04-19T20:47:41.849935+00:00, run_after=2023-04-20T20:47:41.849935+00:00
[2023-04-20 22:47:41,855] {processor.py:161} INFO - Processing /Users/brenda/miniconda3/lib/python3.10/site-packages/airflow/example_dags/example_skip_dag.py took 0.052 seconds
[2023-04-20 22:48:32,346] {processor.py:153} INFO - Started process (PID=57208) to work on /Users/brenda/miniconda3/lib/python3.10/site-packages/airflow/example_dags/example_skip_dag.py
[2023-04-20 22:48:32,347] {processor.py:641} INFO - Processing file /Users/brenda/miniconda3/lib/python3.10/site-packages/airflow/example_dags/example_skip_dag.py for tasks to queue
[2023-04-20 22:48:32,347] {logging_mixin.py:115} INFO - [2023-04-20 22:48:32,347] {dagbag.py:507} INFO - Filling up the DagBag from /Users/brenda/miniconda3/lib/python3.10/site-packages/airflow/example_dags/example_skip_dag.py
[2023-04-20 22:48:32,363] {processor.py:651} INFO - DAG(s) dict_keys(['example_skip_dag']) retrieved from /Users/brenda/miniconda3/lib/python3.10/site-packages/airflow/example_dags/example_skip_dag.py
[2023-04-20 22:48:32,394] {logging_mixin.py:115} INFO - [2023-04-20 22:48:32,394] {dag.py:2371} INFO - Sync 1 DAGs
[2023-04-20 22:48:32,407] {logging_mixin.py:115} INFO - [2023-04-20 22:48:32,407] {dag.py:2915} INFO - Setting next_dagrun for example_skip_dag to 2023-04-19T20:48:32.407394+00:00, run_after=2023-04-20T20:48:32.407394+00:00
[2023-04-20 22:48:32,412] {processor.py:161} INFO - Processing /Users/brenda/miniconda3/lib/python3.10/site-packages/airflow/example_dags/example_skip_dag.py took 0.066 seconds
[2023-04-20 22:49:23,889] {processor.py:153} INFO - Started process (PID=57256) to work on /Users/brenda/miniconda3/lib/python3.10/site-packages/airflow/example_dags/example_skip_dag.py
[2023-04-20 22:49:23,889] {processor.py:641} INFO - Processing file /Users/brenda/miniconda3/lib/python3.10/site-packages/airflow/example_dags/example_skip_dag.py for tasks to queue
[2023-04-20 22:49:23,889] {logging_mixin.py:115} INFO - [2023-04-20 22:49:23,889] {dagbag.py:507} INFO - Filling up the DagBag from /Users/brenda/miniconda3/lib/python3.10/site-packages/airflow/example_dags/example_skip_dag.py
[2023-04-20 22:49:23,896] {processor.py:651} INFO - DAG(s) dict_keys(['example_skip_dag']) retrieved from /Users/brenda/miniconda3/lib/python3.10/site-packages/airflow/example_dags/example_skip_dag.py
[2023-04-20 22:49:23,930] {logging_mixin.py:115} INFO - [2023-04-20 22:49:23,930] {dag.py:2371} INFO - Sync 1 DAGs
[2023-04-20 22:49:23,939] {logging_mixin.py:115} INFO - [2023-04-20 22:49:23,939] {dag.py:2915} INFO - Setting next_dagrun for example_skip_dag to 2023-04-19T20:49:23.939256+00:00, run_after=2023-04-20T20:49:23.939256+00:00
[2023-04-20 22:49:23,946] {processor.py:161} INFO - Processing /Users/brenda/miniconda3/lib/python3.10/site-packages/airflow/example_dags/example_skip_dag.py took 0.057 seconds
[2023-04-20 22:50:13,447] {processor.py:153} INFO - Started process (PID=57294) to work on /Users/brenda/miniconda3/lib/python3.10/site-packages/airflow/example_dags/example_skip_dag.py
[2023-04-20 22:50:13,448] {processor.py:641} INFO - Processing file /Users/brenda/miniconda3/lib/python3.10/site-packages/airflow/example_dags/example_skip_dag.py for tasks to queue
[2023-04-20 22:50:13,448] {logging_mixin.py:115} INFO - [2023-04-20 22:50:13,448] {dagbag.py:507} INFO - Filling up the DagBag from /Users/brenda/miniconda3/lib/python3.10/site-packages/airflow/example_dags/example_skip_dag.py
[2023-04-20 22:50:13,454] {processor.py:651} INFO - DAG(s) dict_keys(['example_skip_dag']) retrieved from /Users/brenda/miniconda3/lib/python3.10/site-packages/airflow/example_dags/example_skip_dag.py
[2023-04-20 22:50:13,485] {logging_mixin.py:115} INFO - [2023-04-20 22:50:13,485] {dag.py:2371} INFO - Sync 1 DAGs
[2023-04-20 22:50:13,492] {logging_mixin.py:115} INFO - [2023-04-20 22:50:13,492] {dag.py:2915} INFO - Setting next_dagrun for example_skip_dag to 2023-04-19T20:50:13.492702+00:00, run_after=2023-04-20T20:50:13.492702+00:00
[2023-04-20 22:50:13,498] {processor.py:161} INFO - Processing /Users/brenda/miniconda3/lib/python3.10/site-packages/airflow/example_dags/example_skip_dag.py took 0.051 seconds
[2023-04-20 22:51:03,884] {processor.py:153} INFO - Started process (PID=57340) to work on /Users/brenda/miniconda3/lib/python3.10/site-packages/airflow/example_dags/example_skip_dag.py
[2023-04-20 22:51:03,884] {processor.py:641} INFO - Processing file /Users/brenda/miniconda3/lib/python3.10/site-packages/airflow/example_dags/example_skip_dag.py for tasks to queue
[2023-04-20 22:51:03,884] {logging_mixin.py:115} INFO - [2023-04-20 22:51:03,884] {dagbag.py:507} INFO - Filling up the DagBag from /Users/brenda/miniconda3/lib/python3.10/site-packages/airflow/example_dags/example_skip_dag.py
[2023-04-20 22:51:03,891] {processor.py:651} INFO - DAG(s) dict_keys(['example_skip_dag']) retrieved from /Users/brenda/miniconda3/lib/python3.10/site-packages/airflow/example_dags/example_skip_dag.py
[2023-04-20 22:51:03,922] {logging_mixin.py:115} INFO - [2023-04-20 22:51:03,922] {dag.py:2371} INFO - Sync 1 DAGs
[2023-04-20 22:51:03,929] {logging_mixin.py:115} INFO - [2023-04-20 22:51:03,929] {dag.py:2915} INFO - Setting next_dagrun for example_skip_dag to 2023-04-19T20:51:03.929532+00:00, run_after=2023-04-20T20:51:03.929532+00:00
[2023-04-20 22:51:03,935] {processor.py:161} INFO - Processing /Users/brenda/miniconda3/lib/python3.10/site-packages/airflow/example_dags/example_skip_dag.py took 0.051 seconds
[2023-04-20 22:51:56,559] {processor.py:153} INFO - Started process (PID=57381) to work on /Users/brenda/miniconda3/lib/python3.10/site-packages/airflow/example_dags/example_skip_dag.py
[2023-04-20 22:51:56,560] {processor.py:641} INFO - Processing file /Users/brenda/miniconda3/lib/python3.10/site-packages/airflow/example_dags/example_skip_dag.py for tasks to queue
[2023-04-20 22:51:56,561] {logging_mixin.py:115} INFO - [2023-04-20 22:51:56,561] {dagbag.py:507} INFO - Filling up the DagBag from /Users/brenda/miniconda3/lib/python3.10/site-packages/airflow/example_dags/example_skip_dag.py
[2023-04-20 22:51:56,567] {processor.py:651} INFO - DAG(s) dict_keys(['example_skip_dag']) retrieved from /Users/brenda/miniconda3/lib/python3.10/site-packages/airflow/example_dags/example_skip_dag.py
[2023-04-20 22:51:56,597] {logging_mixin.py:115} INFO - [2023-04-20 22:51:56,597] {dag.py:2371} INFO - Sync 1 DAGs
[2023-04-20 22:51:56,604] {logging_mixin.py:115} INFO - [2023-04-20 22:51:56,604] {dag.py:2915} INFO - Setting next_dagrun for example_skip_dag to 2023-04-19T20:51:56.604858+00:00, run_after=2023-04-20T20:51:56.604858+00:00
[2023-04-20 22:51:56,610] {processor.py:161} INFO - Processing /Users/brenda/miniconda3/lib/python3.10/site-packages/airflow/example_dags/example_skip_dag.py took 0.051 seconds
[2023-04-20 22:52:45,211] {processor.py:153} INFO - Started process (PID=57435) to work on /Users/brenda/miniconda3/lib/python3.10/site-packages/airflow/example_dags/example_skip_dag.py
[2023-04-20 22:52:45,212] {processor.py:641} INFO - Processing file /Users/brenda/miniconda3/lib/python3.10/site-packages/airflow/example_dags/example_skip_dag.py for tasks to queue
[2023-04-20 22:52:45,212] {logging_mixin.py:115} INFO - [2023-04-20 22:52:45,212] {dagbag.py:507} INFO - Filling up the DagBag from /Users/brenda/miniconda3/lib/python3.10/site-packages/airflow/example_dags/example_skip_dag.py
[2023-04-20 22:52:45,219] {processor.py:651} INFO - DAG(s) dict_keys(['example_skip_dag']) retrieved from /Users/brenda/miniconda3/lib/python3.10/site-packages/airflow/example_dags/example_skip_dag.py
[2023-04-20 22:52:45,249] {logging_mixin.py:115} INFO - [2023-04-20 22:52:45,249] {dag.py:2371} INFO - Sync 1 DAGs
[2023-04-20 22:52:45,257] {logging_mixin.py:115} INFO - [2023-04-20 22:52:45,257] {dag.py:2915} INFO - Setting next_dagrun for example_skip_dag to 2023-04-19T20:52:45.257548+00:00, run_after=2023-04-20T20:52:45.257548+00:00
[2023-04-20 22:52:45,263] {processor.py:161} INFO - Processing /Users/brenda/miniconda3/lib/python3.10/site-packages/airflow/example_dags/example_skip_dag.py took 0.052 seconds
[2023-04-20 22:53:35,862] {processor.py:153} INFO - Started process (PID=57485) to work on /Users/brenda/miniconda3/lib/python3.10/site-packages/airflow/example_dags/example_skip_dag.py
[2023-04-20 22:53:35,863] {processor.py:641} INFO - Processing file /Users/brenda/miniconda3/lib/python3.10/site-packages/airflow/example_dags/example_skip_dag.py for tasks to queue
[2023-04-20 22:53:35,864] {logging_mixin.py:115} INFO - [2023-04-20 22:53:35,864] {dagbag.py:507} INFO - Filling up the DagBag from /Users/brenda/miniconda3/lib/python3.10/site-packages/airflow/example_dags/example_skip_dag.py
[2023-04-20 22:53:35,870] {processor.py:651} INFO - DAG(s) dict_keys(['example_skip_dag']) retrieved from /Users/brenda/miniconda3/lib/python3.10/site-packages/airflow/example_dags/example_skip_dag.py
[2023-04-20 22:53:35,900] {logging_mixin.py:115} INFO - [2023-04-20 22:53:35,900] {dag.py:2371} INFO - Sync 1 DAGs
[2023-04-20 22:53:35,908] {logging_mixin.py:115} INFO - [2023-04-20 22:53:35,908] {dag.py:2915} INFO - Setting next_dagrun for example_skip_dag to 2023-04-19T20:53:35.908183+00:00, run_after=2023-04-20T20:53:35.908183+00:00
[2023-04-20 22:53:35,913] {processor.py:161} INFO - Processing /Users/brenda/miniconda3/lib/python3.10/site-packages/airflow/example_dags/example_skip_dag.py took 0.051 seconds
[2023-04-21 00:14:51,279] {processor.py:153} INFO - Started process (PID=57644) to work on /Users/brenda/miniconda3/lib/python3.10/site-packages/airflow/example_dags/example_skip_dag.py
[2023-04-21 00:14:51,280] {processor.py:641} INFO - Processing file /Users/brenda/miniconda3/lib/python3.10/site-packages/airflow/example_dags/example_skip_dag.py for tasks to queue
[2023-04-21 00:14:51,280] {logging_mixin.py:115} INFO - [2023-04-21 00:14:51,280] {dagbag.py:507} INFO - Filling up the DagBag from /Users/brenda/miniconda3/lib/python3.10/site-packages/airflow/example_dags/example_skip_dag.py
[2023-04-21 00:14:51,286] {processor.py:651} INFO - DAG(s) dict_keys(['example_skip_dag']) retrieved from /Users/brenda/miniconda3/lib/python3.10/site-packages/airflow/example_dags/example_skip_dag.py
[2023-04-21 00:14:51,316] {logging_mixin.py:115} INFO - [2023-04-21 00:14:51,316] {dag.py:2371} INFO - Sync 1 DAGs
[2023-04-21 00:14:51,323] {logging_mixin.py:115} INFO - [2023-04-21 00:14:51,323] {dag.py:2915} INFO - Setting next_dagrun for example_skip_dag to 2023-04-19T22:14:51.323572+00:00, run_after=2023-04-20T22:14:51.323572+00:00
[2023-04-21 00:14:51,329] {processor.py:161} INFO - Processing /Users/brenda/miniconda3/lib/python3.10/site-packages/airflow/example_dags/example_skip_dag.py took 0.050 seconds
[2023-04-21 01:41:15,847] {processor.py:153} INFO - Started process (PID=57718) to work on /Users/brenda/miniconda3/lib/python3.10/site-packages/airflow/example_dags/example_skip_dag.py
[2023-04-21 01:41:15,847] {processor.py:641} INFO - Processing file /Users/brenda/miniconda3/lib/python3.10/site-packages/airflow/example_dags/example_skip_dag.py for tasks to queue
[2023-04-21 01:41:15,848] {logging_mixin.py:115} INFO - [2023-04-21 01:41:15,848] {dagbag.py:507} INFO - Filling up the DagBag from /Users/brenda/miniconda3/lib/python3.10/site-packages/airflow/example_dags/example_skip_dag.py
[2023-04-21 01:41:15,854] {processor.py:651} INFO - DAG(s) dict_keys(['example_skip_dag']) retrieved from /Users/brenda/miniconda3/lib/python3.10/site-packages/airflow/example_dags/example_skip_dag.py
[2023-04-21 01:41:15,890] {logging_mixin.py:115} INFO - [2023-04-21 01:41:15,889] {dag.py:2371} INFO - Sync 1 DAGs
[2023-04-21 01:41:15,906] {logging_mixin.py:115} INFO - [2023-04-21 01:41:15,906] {dag.py:2915} INFO - Setting next_dagrun for example_skip_dag to 2023-04-19T23:41:15.906433+00:00, run_after=2023-04-20T23:41:15.906433+00:00
[2023-04-21 01:41:15,913] {processor.py:161} INFO - Processing /Users/brenda/miniconda3/lib/python3.10/site-packages/airflow/example_dags/example_skip_dag.py took 0.066 seconds
