[2023-04-20 22:36:56,105] {processor.py:153} INFO - Started process (PID=56533) to work on /Users/brenda/miniconda3/lib/python3.10/site-packages/airflow/example_dags/example_branch_operator_decorator.py
[2023-04-20 22:36:56,105] {processor.py:641} INFO - Processing file /Users/brenda/miniconda3/lib/python3.10/site-packages/airflow/example_dags/example_branch_operator_decorator.py for tasks to queue
[2023-04-20 22:36:56,105] {logging_mixin.py:115} INFO - [2023-04-20 22:36:56,105] {dagbag.py:507} INFO - Filling up the DagBag from /Users/brenda/miniconda3/lib/python3.10/site-packages/airflow/example_dags/example_branch_operator_decorator.py
[2023-04-20 22:36:56,124] {processor.py:651} INFO - DAG(s) dict_keys(['example_branch_python_operator_decorator']) retrieved from /Users/brenda/miniconda3/lib/python3.10/site-packages/airflow/example_dags/example_branch_operator_decorator.py
[2023-04-20 22:36:56,625] {logging_mixin.py:115} INFO - [2023-04-20 22:36:56,625] {manager.py:508} INFO - Created Permission View: can edit on DAG:example_branch_python_operator_decorator
[2023-04-20 22:36:56,629] {logging_mixin.py:115} INFO - [2023-04-20 22:36:56,629] {manager.py:508} INFO - Created Permission View: can read on DAG:example_branch_python_operator_decorator
[2023-04-20 22:36:56,632] {logging_mixin.py:115} INFO - [2023-04-20 22:36:56,632] {manager.py:508} INFO - Created Permission View: can delete on DAG:example_branch_python_operator_decorator
[2023-04-20 22:36:56,632] {logging_mixin.py:115} INFO - [2023-04-20 22:36:56,632] {dag.py:2371} INFO - Sync 1 DAGs
[2023-04-20 22:36:56,636] {logging_mixin.py:115} INFO - [2023-04-20 22:36:56,636] {dag.py:2390} INFO - Creating ORM DAG for example_branch_python_operator_decorator
[2023-04-20 22:36:56,641] {logging_mixin.py:115} INFO - [2023-04-20 22:36:56,641] {dag.py:2915} INFO - Setting next_dagrun for example_branch_python_operator_decorator to 2023-04-19T00:00:00+00:00, run_after=2023-04-20T00:00:00+00:00
[2023-04-20 22:36:56,647] {processor.py:161} INFO - Processing /Users/brenda/miniconda3/lib/python3.10/site-packages/airflow/example_dags/example_branch_operator_decorator.py took 0.542 seconds
[2023-04-20 22:37:51,108] {processor.py:153} INFO - Started process (PID=56581) to work on /Users/brenda/miniconda3/lib/python3.10/site-packages/airflow/example_dags/example_branch_operator_decorator.py
[2023-04-20 22:37:51,108] {processor.py:641} INFO - Processing file /Users/brenda/miniconda3/lib/python3.10/site-packages/airflow/example_dags/example_branch_operator_decorator.py for tasks to queue
[2023-04-20 22:37:51,108] {logging_mixin.py:115} INFO - [2023-04-20 22:37:51,108] {dagbag.py:507} INFO - Filling up the DagBag from /Users/brenda/miniconda3/lib/python3.10/site-packages/airflow/example_dags/example_branch_operator_decorator.py
[2023-04-20 22:37:51,126] {processor.py:651} INFO - DAG(s) dict_keys(['example_branch_python_operator_decorator']) retrieved from /Users/brenda/miniconda3/lib/python3.10/site-packages/airflow/example_dags/example_branch_operator_decorator.py
[2023-04-20 22:37:51,156] {logging_mixin.py:115} INFO - [2023-04-20 22:37:51,156] {dag.py:2371} INFO - Sync 1 DAGs
[2023-04-20 22:37:51,164] {logging_mixin.py:115} INFO - [2023-04-20 22:37:51,164] {dag.py:2915} INFO - Setting next_dagrun for example_branch_python_operator_decorator to 2023-04-19T00:00:00+00:00, run_after=2023-04-20T00:00:00+00:00
[2023-04-20 22:37:51,169] {processor.py:161} INFO - Processing /Users/brenda/miniconda3/lib/python3.10/site-packages/airflow/example_dags/example_branch_operator_decorator.py took 0.061 seconds
[2023-04-20 22:38:40,593] {processor.py:153} INFO - Started process (PID=56624) to work on /Users/brenda/miniconda3/lib/python3.10/site-packages/airflow/example_dags/example_branch_operator_decorator.py
[2023-04-20 22:38:40,594] {processor.py:641} INFO - Processing file /Users/brenda/miniconda3/lib/python3.10/site-packages/airflow/example_dags/example_branch_operator_decorator.py for tasks to queue
[2023-04-20 22:38:40,594] {logging_mixin.py:115} INFO - [2023-04-20 22:38:40,594] {dagbag.py:507} INFO - Filling up the DagBag from /Users/brenda/miniconda3/lib/python3.10/site-packages/airflow/example_dags/example_branch_operator_decorator.py
[2023-04-20 22:38:40,612] {processor.py:651} INFO - DAG(s) dict_keys(['example_branch_python_operator_decorator']) retrieved from /Users/brenda/miniconda3/lib/python3.10/site-packages/airflow/example_dags/example_branch_operator_decorator.py
[2023-04-20 22:38:40,642] {logging_mixin.py:115} INFO - [2023-04-20 22:38:40,642] {dag.py:2371} INFO - Sync 1 DAGs
[2023-04-20 22:38:40,650] {logging_mixin.py:115} INFO - [2023-04-20 22:38:40,649] {dag.py:2915} INFO - Setting next_dagrun for example_branch_python_operator_decorator to 2023-04-19T00:00:00+00:00, run_after=2023-04-20T00:00:00+00:00
[2023-04-20 22:38:40,655] {processor.py:161} INFO - Processing /Users/brenda/miniconda3/lib/python3.10/site-packages/airflow/example_dags/example_branch_operator_decorator.py took 0.062 seconds
[2023-04-20 22:39:32,051] {processor.py:153} INFO - Started process (PID=56669) to work on /Users/brenda/miniconda3/lib/python3.10/site-packages/airflow/example_dags/example_branch_operator_decorator.py
[2023-04-20 22:39:32,052] {processor.py:641} INFO - Processing file /Users/brenda/miniconda3/lib/python3.10/site-packages/airflow/example_dags/example_branch_operator_decorator.py for tasks to queue
[2023-04-20 22:39:32,052] {logging_mixin.py:115} INFO - [2023-04-20 22:39:32,052] {dagbag.py:507} INFO - Filling up the DagBag from /Users/brenda/miniconda3/lib/python3.10/site-packages/airflow/example_dags/example_branch_operator_decorator.py
[2023-04-20 22:39:32,070] {processor.py:651} INFO - DAG(s) dict_keys(['example_branch_python_operator_decorator']) retrieved from /Users/brenda/miniconda3/lib/python3.10/site-packages/airflow/example_dags/example_branch_operator_decorator.py
[2023-04-20 22:39:32,100] {logging_mixin.py:115} INFO - [2023-04-20 22:39:32,100] {dag.py:2371} INFO - Sync 1 DAGs
[2023-04-20 22:39:32,107] {logging_mixin.py:115} INFO - [2023-04-20 22:39:32,107] {dag.py:2915} INFO - Setting next_dagrun for example_branch_python_operator_decorator to 2023-04-19T00:00:00+00:00, run_after=2023-04-20T00:00:00+00:00
[2023-04-20 22:39:32,113] {processor.py:161} INFO - Processing /Users/brenda/miniconda3/lib/python3.10/site-packages/airflow/example_dags/example_branch_operator_decorator.py took 0.063 seconds
[2023-04-20 22:40:23,011] {processor.py:153} INFO - Started process (PID=56708) to work on /Users/brenda/miniconda3/lib/python3.10/site-packages/airflow/example_dags/example_branch_operator_decorator.py
[2023-04-20 22:40:23,012] {processor.py:641} INFO - Processing file /Users/brenda/miniconda3/lib/python3.10/site-packages/airflow/example_dags/example_branch_operator_decorator.py for tasks to queue
[2023-04-20 22:40:23,012] {logging_mixin.py:115} INFO - [2023-04-20 22:40:23,012] {dagbag.py:507} INFO - Filling up the DagBag from /Users/brenda/miniconda3/lib/python3.10/site-packages/airflow/example_dags/example_branch_operator_decorator.py
[2023-04-20 22:40:23,030] {processor.py:651} INFO - DAG(s) dict_keys(['example_branch_python_operator_decorator']) retrieved from /Users/brenda/miniconda3/lib/python3.10/site-packages/airflow/example_dags/example_branch_operator_decorator.py
[2023-04-20 22:40:23,060] {logging_mixin.py:115} INFO - [2023-04-20 22:40:23,060] {dag.py:2371} INFO - Sync 1 DAGs
[2023-04-20 22:40:23,068] {logging_mixin.py:115} INFO - [2023-04-20 22:40:23,068] {dag.py:2915} INFO - Setting next_dagrun for example_branch_python_operator_decorator to 2023-04-19T00:00:00+00:00, run_after=2023-04-20T00:00:00+00:00
[2023-04-20 22:40:23,073] {processor.py:161} INFO - Processing /Users/brenda/miniconda3/lib/python3.10/site-packages/airflow/example_dags/example_branch_operator_decorator.py took 0.062 seconds
[2023-04-20 22:41:12,185] {processor.py:153} INFO - Started process (PID=56745) to work on /Users/brenda/miniconda3/lib/python3.10/site-packages/airflow/example_dags/example_branch_operator_decorator.py
[2023-04-20 22:41:12,185] {processor.py:641} INFO - Processing file /Users/brenda/miniconda3/lib/python3.10/site-packages/airflow/example_dags/example_branch_operator_decorator.py for tasks to queue
[2023-04-20 22:41:12,186] {logging_mixin.py:115} INFO - [2023-04-20 22:41:12,186] {dagbag.py:507} INFO - Filling up the DagBag from /Users/brenda/miniconda3/lib/python3.10/site-packages/airflow/example_dags/example_branch_operator_decorator.py
[2023-04-20 22:41:12,204] {processor.py:651} INFO - DAG(s) dict_keys(['example_branch_python_operator_decorator']) retrieved from /Users/brenda/miniconda3/lib/python3.10/site-packages/airflow/example_dags/example_branch_operator_decorator.py
[2023-04-20 22:41:12,235] {logging_mixin.py:115} INFO - [2023-04-20 22:41:12,234] {dag.py:2371} INFO - Sync 1 DAGs
[2023-04-20 22:41:12,242] {logging_mixin.py:115} INFO - [2023-04-20 22:41:12,242] {dag.py:2915} INFO - Setting next_dagrun for example_branch_python_operator_decorator to 2023-04-19T00:00:00+00:00, run_after=2023-04-20T00:00:00+00:00
[2023-04-20 22:41:12,247] {processor.py:161} INFO - Processing /Users/brenda/miniconda3/lib/python3.10/site-packages/airflow/example_dags/example_branch_operator_decorator.py took 0.062 seconds
[2023-04-20 22:42:09,036] {processor.py:153} INFO - Started process (PID=56816) to work on /Users/brenda/miniconda3/lib/python3.10/site-packages/airflow/example_dags/example_branch_operator_decorator.py
[2023-04-20 22:42:09,040] {processor.py:641} INFO - Processing file /Users/brenda/miniconda3/lib/python3.10/site-packages/airflow/example_dags/example_branch_operator_decorator.py for tasks to queue
[2023-04-20 22:42:09,040] {logging_mixin.py:115} INFO - [2023-04-20 22:42:09,040] {dagbag.py:507} INFO - Filling up the DagBag from /Users/brenda/miniconda3/lib/python3.10/site-packages/airflow/example_dags/example_branch_operator_decorator.py
[2023-04-20 22:42:09,061] {processor.py:651} INFO - DAG(s) dict_keys(['example_branch_python_operator_decorator']) retrieved from /Users/brenda/miniconda3/lib/python3.10/site-packages/airflow/example_dags/example_branch_operator_decorator.py
[2023-04-20 22:42:09,091] {logging_mixin.py:115} INFO - [2023-04-20 22:42:09,091] {dag.py:2371} INFO - Sync 1 DAGs
[2023-04-20 22:42:09,098] {logging_mixin.py:115} INFO - [2023-04-20 22:42:09,098] {dag.py:2915} INFO - Setting next_dagrun for example_branch_python_operator_decorator to 2023-04-19T00:00:00+00:00, run_after=2023-04-20T00:00:00+00:00
[2023-04-20 22:42:09,107] {processor.py:161} INFO - Processing /Users/brenda/miniconda3/lib/python3.10/site-packages/airflow/example_dags/example_branch_operator_decorator.py took 0.071 seconds
[2023-04-20 22:42:59,923] {processor.py:153} INFO - Started process (PID=56860) to work on /Users/brenda/miniconda3/lib/python3.10/site-packages/airflow/example_dags/example_branch_operator_decorator.py
[2023-04-20 22:42:59,923] {processor.py:641} INFO - Processing file /Users/brenda/miniconda3/lib/python3.10/site-packages/airflow/example_dags/example_branch_operator_decorator.py for tasks to queue
[2023-04-20 22:42:59,923] {logging_mixin.py:115} INFO - [2023-04-20 22:42:59,923] {dagbag.py:507} INFO - Filling up the DagBag from /Users/brenda/miniconda3/lib/python3.10/site-packages/airflow/example_dags/example_branch_operator_decorator.py
[2023-04-20 22:42:59,942] {processor.py:651} INFO - DAG(s) dict_keys(['example_branch_python_operator_decorator']) retrieved from /Users/brenda/miniconda3/lib/python3.10/site-packages/airflow/example_dags/example_branch_operator_decorator.py
[2023-04-20 22:42:59,973] {logging_mixin.py:115} INFO - [2023-04-20 22:42:59,973] {dag.py:2371} INFO - Sync 1 DAGs
[2023-04-20 22:42:59,981] {logging_mixin.py:115} INFO - [2023-04-20 22:42:59,981] {dag.py:2915} INFO - Setting next_dagrun for example_branch_python_operator_decorator to 2023-04-19T00:00:00+00:00, run_after=2023-04-20T00:00:00+00:00
[2023-04-20 22:42:59,986] {processor.py:161} INFO - Processing /Users/brenda/miniconda3/lib/python3.10/site-packages/airflow/example_dags/example_branch_operator_decorator.py took 0.063 seconds
[2023-04-20 22:43:48,186] {processor.py:153} INFO - Started process (PID=56898) to work on /Users/brenda/miniconda3/lib/python3.10/site-packages/airflow/example_dags/example_branch_operator_decorator.py
[2023-04-20 22:43:48,186] {processor.py:641} INFO - Processing file /Users/brenda/miniconda3/lib/python3.10/site-packages/airflow/example_dags/example_branch_operator_decorator.py for tasks to queue
[2023-04-20 22:43:48,186] {logging_mixin.py:115} INFO - [2023-04-20 22:43:48,186] {dagbag.py:507} INFO - Filling up the DagBag from /Users/brenda/miniconda3/lib/python3.10/site-packages/airflow/example_dags/example_branch_operator_decorator.py
[2023-04-20 22:43:48,204] {processor.py:651} INFO - DAG(s) dict_keys(['example_branch_python_operator_decorator']) retrieved from /Users/brenda/miniconda3/lib/python3.10/site-packages/airflow/example_dags/example_branch_operator_decorator.py
[2023-04-20 22:43:48,235] {logging_mixin.py:115} INFO - [2023-04-20 22:43:48,234] {dag.py:2371} INFO - Sync 1 DAGs
[2023-04-20 22:43:48,242] {logging_mixin.py:115} INFO - [2023-04-20 22:43:48,242] {dag.py:2915} INFO - Setting next_dagrun for example_branch_python_operator_decorator to 2023-04-19T00:00:00+00:00, run_after=2023-04-20T00:00:00+00:00
[2023-04-20 22:43:48,247] {processor.py:161} INFO - Processing /Users/brenda/miniconda3/lib/python3.10/site-packages/airflow/example_dags/example_branch_operator_decorator.py took 0.062 seconds
[2023-04-20 22:44:36,265] {processor.py:153} INFO - Started process (PID=56961) to work on /Users/brenda/miniconda3/lib/python3.10/site-packages/airflow/example_dags/example_branch_operator_decorator.py
[2023-04-20 22:44:36,266] {processor.py:641} INFO - Processing file /Users/brenda/miniconda3/lib/python3.10/site-packages/airflow/example_dags/example_branch_operator_decorator.py for tasks to queue
[2023-04-20 22:44:36,266] {logging_mixin.py:115} INFO - [2023-04-20 22:44:36,266] {dagbag.py:507} INFO - Filling up the DagBag from /Users/brenda/miniconda3/lib/python3.10/site-packages/airflow/example_dags/example_branch_operator_decorator.py
[2023-04-20 22:44:36,284] {processor.py:651} INFO - DAG(s) dict_keys(['example_branch_python_operator_decorator']) retrieved from /Users/brenda/miniconda3/lib/python3.10/site-packages/airflow/example_dags/example_branch_operator_decorator.py
[2023-04-20 22:44:36,314] {logging_mixin.py:115} INFO - [2023-04-20 22:44:36,314] {dag.py:2371} INFO - Sync 1 DAGs
[2023-04-20 22:44:36,321] {logging_mixin.py:115} INFO - [2023-04-20 22:44:36,321] {dag.py:2915} INFO - Setting next_dagrun for example_branch_python_operator_decorator to 2023-04-19T00:00:00+00:00, run_after=2023-04-20T00:00:00+00:00
[2023-04-20 22:44:36,326] {processor.py:161} INFO - Processing /Users/brenda/miniconda3/lib/python3.10/site-packages/airflow/example_dags/example_branch_operator_decorator.py took 0.062 seconds
[2023-04-20 22:45:25,270] {processor.py:153} INFO - Started process (PID=57010) to work on /Users/brenda/miniconda3/lib/python3.10/site-packages/airflow/example_dags/example_branch_operator_decorator.py
[2023-04-20 22:45:25,270] {processor.py:641} INFO - Processing file /Users/brenda/miniconda3/lib/python3.10/site-packages/airflow/example_dags/example_branch_operator_decorator.py for tasks to queue
[2023-04-20 22:45:25,271] {logging_mixin.py:115} INFO - [2023-04-20 22:45:25,271] {dagbag.py:507} INFO - Filling up the DagBag from /Users/brenda/miniconda3/lib/python3.10/site-packages/airflow/example_dags/example_branch_operator_decorator.py
[2023-04-20 22:45:25,293] {processor.py:651} INFO - DAG(s) dict_keys(['example_branch_python_operator_decorator']) retrieved from /Users/brenda/miniconda3/lib/python3.10/site-packages/airflow/example_dags/example_branch_operator_decorator.py
[2023-04-20 22:45:25,325] {logging_mixin.py:115} INFO - [2023-04-20 22:45:25,325] {dag.py:2371} INFO - Sync 1 DAGs
[2023-04-20 22:45:25,333] {logging_mixin.py:115} INFO - [2023-04-20 22:45:25,333] {dag.py:2915} INFO - Setting next_dagrun for example_branch_python_operator_decorator to 2023-04-19T00:00:00+00:00, run_after=2023-04-20T00:00:00+00:00
[2023-04-20 22:45:25,338] {processor.py:161} INFO - Processing /Users/brenda/miniconda3/lib/python3.10/site-packages/airflow/example_dags/example_branch_operator_decorator.py took 0.068 seconds
[2023-04-20 22:46:12,943] {processor.py:153} INFO - Started process (PID=57050) to work on /Users/brenda/miniconda3/lib/python3.10/site-packages/airflow/example_dags/example_branch_operator_decorator.py
[2023-04-20 22:46:12,944] {processor.py:641} INFO - Processing file /Users/brenda/miniconda3/lib/python3.10/site-packages/airflow/example_dags/example_branch_operator_decorator.py for tasks to queue
[2023-04-20 22:46:12,944] {logging_mixin.py:115} INFO - [2023-04-20 22:46:12,944] {dagbag.py:507} INFO - Filling up the DagBag from /Users/brenda/miniconda3/lib/python3.10/site-packages/airflow/example_dags/example_branch_operator_decorator.py
[2023-04-20 22:46:12,963] {processor.py:651} INFO - DAG(s) dict_keys(['example_branch_python_operator_decorator']) retrieved from /Users/brenda/miniconda3/lib/python3.10/site-packages/airflow/example_dags/example_branch_operator_decorator.py
[2023-04-20 22:46:12,997] {logging_mixin.py:115} INFO - [2023-04-20 22:46:12,997] {dag.py:2371} INFO - Sync 1 DAGs
[2023-04-20 22:46:13,005] {logging_mixin.py:115} INFO - [2023-04-20 22:46:13,005] {dag.py:2915} INFO - Setting next_dagrun for example_branch_python_operator_decorator to 2023-04-19T00:00:00+00:00, run_after=2023-04-20T00:00:00+00:00
[2023-04-20 22:46:13,010] {processor.py:161} INFO - Processing /Users/brenda/miniconda3/lib/python3.10/site-packages/airflow/example_dags/example_branch_operator_decorator.py took 0.067 seconds
[2023-04-20 22:48:00,753] {processor.py:153} INFO - Started process (PID=57172) to work on /Users/brenda/miniconda3/lib/python3.10/site-packages/airflow/example_dags/example_branch_operator_decorator.py
[2023-04-20 22:48:00,753] {processor.py:641} INFO - Processing file /Users/brenda/miniconda3/lib/python3.10/site-packages/airflow/example_dags/example_branch_operator_decorator.py for tasks to queue
[2023-04-20 22:48:00,754] {logging_mixin.py:115} INFO - [2023-04-20 22:48:00,754] {dagbag.py:507} INFO - Filling up the DagBag from /Users/brenda/miniconda3/lib/python3.10/site-packages/airflow/example_dags/example_branch_operator_decorator.py
[2023-04-20 22:48:00,772] {processor.py:651} INFO - DAG(s) dict_keys(['example_branch_python_operator_decorator']) retrieved from /Users/brenda/miniconda3/lib/python3.10/site-packages/airflow/example_dags/example_branch_operator_decorator.py
[2023-04-20 22:48:00,802] {logging_mixin.py:115} INFO - [2023-04-20 22:48:00,802] {dag.py:2371} INFO - Sync 1 DAGs
[2023-04-20 22:48:00,810] {logging_mixin.py:115} INFO - [2023-04-20 22:48:00,810] {dag.py:2915} INFO - Setting next_dagrun for example_branch_python_operator_decorator to 2023-04-19T00:00:00+00:00, run_after=2023-04-20T00:00:00+00:00
[2023-04-20 22:48:00,815] {processor.py:161} INFO - Processing /Users/brenda/miniconda3/lib/python3.10/site-packages/airflow/example_dags/example_branch_operator_decorator.py took 0.063 seconds
[2023-04-20 22:48:51,175] {processor.py:153} INFO - Started process (PID=57231) to work on /Users/brenda/miniconda3/lib/python3.10/site-packages/airflow/example_dags/example_branch_operator_decorator.py
[2023-04-20 22:48:51,176] {processor.py:641} INFO - Processing file /Users/brenda/miniconda3/lib/python3.10/site-packages/airflow/example_dags/example_branch_operator_decorator.py for tasks to queue
[2023-04-20 22:48:51,176] {logging_mixin.py:115} INFO - [2023-04-20 22:48:51,176] {dagbag.py:507} INFO - Filling up the DagBag from /Users/brenda/miniconda3/lib/python3.10/site-packages/airflow/example_dags/example_branch_operator_decorator.py
[2023-04-20 22:48:51,194] {processor.py:651} INFO - DAG(s) dict_keys(['example_branch_python_operator_decorator']) retrieved from /Users/brenda/miniconda3/lib/python3.10/site-packages/airflow/example_dags/example_branch_operator_decorator.py
[2023-04-20 22:48:51,225] {logging_mixin.py:115} INFO - [2023-04-20 22:48:51,225] {dag.py:2371} INFO - Sync 1 DAGs
[2023-04-20 22:48:51,233] {logging_mixin.py:115} INFO - [2023-04-20 22:48:51,233] {dag.py:2915} INFO - Setting next_dagrun for example_branch_python_operator_decorator to 2023-04-19T00:00:00+00:00, run_after=2023-04-20T00:00:00+00:00
[2023-04-20 22:48:51,238] {processor.py:161} INFO - Processing /Users/brenda/miniconda3/lib/python3.10/site-packages/airflow/example_dags/example_branch_operator_decorator.py took 0.063 seconds
[2023-04-20 22:49:42,613] {processor.py:153} INFO - Started process (PID=57270) to work on /Users/brenda/miniconda3/lib/python3.10/site-packages/airflow/example_dags/example_branch_operator_decorator.py
[2023-04-20 22:49:42,613] {processor.py:641} INFO - Processing file /Users/brenda/miniconda3/lib/python3.10/site-packages/airflow/example_dags/example_branch_operator_decorator.py for tasks to queue
[2023-04-20 22:49:42,614] {logging_mixin.py:115} INFO - [2023-04-20 22:49:42,614] {dagbag.py:507} INFO - Filling up the DagBag from /Users/brenda/miniconda3/lib/python3.10/site-packages/airflow/example_dags/example_branch_operator_decorator.py
[2023-04-20 22:49:42,632] {processor.py:651} INFO - DAG(s) dict_keys(['example_branch_python_operator_decorator']) retrieved from /Users/brenda/miniconda3/lib/python3.10/site-packages/airflow/example_dags/example_branch_operator_decorator.py
[2023-04-20 22:49:42,663] {logging_mixin.py:115} INFO - [2023-04-20 22:49:42,663] {dag.py:2371} INFO - Sync 1 DAGs
[2023-04-20 22:49:42,671] {logging_mixin.py:115} INFO - [2023-04-20 22:49:42,671] {dag.py:2915} INFO - Setting next_dagrun for example_branch_python_operator_decorator to 2023-04-19T00:00:00+00:00, run_after=2023-04-20T00:00:00+00:00
[2023-04-20 22:49:42,677] {processor.py:161} INFO - Processing /Users/brenda/miniconda3/lib/python3.10/site-packages/airflow/example_dags/example_branch_operator_decorator.py took 0.064 seconds
[2023-04-20 22:50:31,999] {processor.py:153} INFO - Started process (PID=57317) to work on /Users/brenda/miniconda3/lib/python3.10/site-packages/airflow/example_dags/example_branch_operator_decorator.py
[2023-04-20 22:50:31,999] {processor.py:641} INFO - Processing file /Users/brenda/miniconda3/lib/python3.10/site-packages/airflow/example_dags/example_branch_operator_decorator.py for tasks to queue
[2023-04-20 22:50:32,000] {logging_mixin.py:115} INFO - [2023-04-20 22:50:32,000] {dagbag.py:507} INFO - Filling up the DagBag from /Users/brenda/miniconda3/lib/python3.10/site-packages/airflow/example_dags/example_branch_operator_decorator.py
[2023-04-20 22:50:32,017] {processor.py:651} INFO - DAG(s) dict_keys(['example_branch_python_operator_decorator']) retrieved from /Users/brenda/miniconda3/lib/python3.10/site-packages/airflow/example_dags/example_branch_operator_decorator.py
[2023-04-20 22:50:32,048] {logging_mixin.py:115} INFO - [2023-04-20 22:50:32,048] {dag.py:2371} INFO - Sync 1 DAGs
[2023-04-20 22:50:32,056] {logging_mixin.py:115} INFO - [2023-04-20 22:50:32,056] {dag.py:2915} INFO - Setting next_dagrun for example_branch_python_operator_decorator to 2023-04-19T00:00:00+00:00, run_after=2023-04-20T00:00:00+00:00
[2023-04-20 22:50:32,061] {processor.py:161} INFO - Processing /Users/brenda/miniconda3/lib/python3.10/site-packages/airflow/example_dags/example_branch_operator_decorator.py took 0.062 seconds
[2023-04-20 22:51:23,405] {processor.py:153} INFO - Started process (PID=57356) to work on /Users/brenda/miniconda3/lib/python3.10/site-packages/airflow/example_dags/example_branch_operator_decorator.py
[2023-04-20 22:51:23,406] {processor.py:641} INFO - Processing file /Users/brenda/miniconda3/lib/python3.10/site-packages/airflow/example_dags/example_branch_operator_decorator.py for tasks to queue
[2023-04-20 22:51:23,407] {logging_mixin.py:115} INFO - [2023-04-20 22:51:23,407] {dagbag.py:507} INFO - Filling up the DagBag from /Users/brenda/miniconda3/lib/python3.10/site-packages/airflow/example_dags/example_branch_operator_decorator.py
[2023-04-20 22:51:23,425] {processor.py:651} INFO - DAG(s) dict_keys(['example_branch_python_operator_decorator']) retrieved from /Users/brenda/miniconda3/lib/python3.10/site-packages/airflow/example_dags/example_branch_operator_decorator.py
[2023-04-20 22:51:23,468] {logging_mixin.py:115} INFO - [2023-04-20 22:51:23,468] {dag.py:2371} INFO - Sync 1 DAGs
[2023-04-20 22:51:23,476] {logging_mixin.py:115} INFO - [2023-04-20 22:51:23,476] {dag.py:2915} INFO - Setting next_dagrun for example_branch_python_operator_decorator to 2023-04-19T00:00:00+00:00, run_after=2023-04-20T00:00:00+00:00
[2023-04-20 22:51:23,481] {processor.py:161} INFO - Processing /Users/brenda/miniconda3/lib/python3.10/site-packages/airflow/example_dags/example_branch_operator_decorator.py took 0.076 seconds
[2023-04-20 22:52:13,456] {processor.py:153} INFO - Started process (PID=57395) to work on /Users/brenda/miniconda3/lib/python3.10/site-packages/airflow/example_dags/example_branch_operator_decorator.py
[2023-04-20 22:52:13,457] {processor.py:641} INFO - Processing file /Users/brenda/miniconda3/lib/python3.10/site-packages/airflow/example_dags/example_branch_operator_decorator.py for tasks to queue
[2023-04-20 22:52:13,457] {logging_mixin.py:115} INFO - [2023-04-20 22:52:13,457] {dagbag.py:507} INFO - Filling up the DagBag from /Users/brenda/miniconda3/lib/python3.10/site-packages/airflow/example_dags/example_branch_operator_decorator.py
[2023-04-20 22:52:13,475] {processor.py:651} INFO - DAG(s) dict_keys(['example_branch_python_operator_decorator']) retrieved from /Users/brenda/miniconda3/lib/python3.10/site-packages/airflow/example_dags/example_branch_operator_decorator.py
[2023-04-20 22:52:13,509] {logging_mixin.py:115} INFO - [2023-04-20 22:52:13,509] {dag.py:2371} INFO - Sync 1 DAGs
[2023-04-20 22:52:13,517] {logging_mixin.py:115} INFO - [2023-04-20 22:52:13,517] {dag.py:2915} INFO - Setting next_dagrun for example_branch_python_operator_decorator to 2023-04-19T00:00:00+00:00, run_after=2023-04-20T00:00:00+00:00
[2023-04-20 22:52:13,522] {processor.py:161} INFO - Processing /Users/brenda/miniconda3/lib/python3.10/site-packages/airflow/example_dags/example_branch_operator_decorator.py took 0.067 seconds
[2023-04-20 22:53:04,122] {processor.py:153} INFO - Started process (PID=57452) to work on /Users/brenda/miniconda3/lib/python3.10/site-packages/airflow/example_dags/example_branch_operator_decorator.py
[2023-04-20 22:53:04,123] {processor.py:641} INFO - Processing file /Users/brenda/miniconda3/lib/python3.10/site-packages/airflow/example_dags/example_branch_operator_decorator.py for tasks to queue
[2023-04-20 22:53:04,123] {logging_mixin.py:115} INFO - [2023-04-20 22:53:04,123] {dagbag.py:507} INFO - Filling up the DagBag from /Users/brenda/miniconda3/lib/python3.10/site-packages/airflow/example_dags/example_branch_operator_decorator.py
[2023-04-20 22:53:04,142] {processor.py:651} INFO - DAG(s) dict_keys(['example_branch_python_operator_decorator']) retrieved from /Users/brenda/miniconda3/lib/python3.10/site-packages/airflow/example_dags/example_branch_operator_decorator.py
[2023-04-20 22:53:04,173] {logging_mixin.py:115} INFO - [2023-04-20 22:53:04,173] {dag.py:2371} INFO - Sync 1 DAGs
[2023-04-20 22:53:04,181] {logging_mixin.py:115} INFO - [2023-04-20 22:53:04,181] {dag.py:2915} INFO - Setting next_dagrun for example_branch_python_operator_decorator to 2023-04-19T00:00:00+00:00, run_after=2023-04-20T00:00:00+00:00
[2023-04-20 22:53:04,187] {processor.py:161} INFO - Processing /Users/brenda/miniconda3/lib/python3.10/site-packages/airflow/example_dags/example_branch_operator_decorator.py took 0.065 seconds
[2023-04-20 23:10:45,585] {processor.py:153} INFO - Started process (PID=57554) to work on /Users/brenda/miniconda3/lib/python3.10/site-packages/airflow/example_dags/example_branch_operator_decorator.py
[2023-04-20 23:10:45,586] {processor.py:641} INFO - Processing file /Users/brenda/miniconda3/lib/python3.10/site-packages/airflow/example_dags/example_branch_operator_decorator.py for tasks to queue
[2023-04-20 23:10:45,586] {logging_mixin.py:115} INFO - [2023-04-20 23:10:45,586] {dagbag.py:507} INFO - Filling up the DagBag from /Users/brenda/miniconda3/lib/python3.10/site-packages/airflow/example_dags/example_branch_operator_decorator.py
[2023-04-20 23:10:45,607] {processor.py:651} INFO - DAG(s) dict_keys(['example_branch_python_operator_decorator']) retrieved from /Users/brenda/miniconda3/lib/python3.10/site-packages/airflow/example_dags/example_branch_operator_decorator.py
[2023-04-20 23:10:45,639] {logging_mixin.py:115} INFO - [2023-04-20 23:10:45,639] {dag.py:2371} INFO - Sync 1 DAGs
[2023-04-20 23:10:45,647] {logging_mixin.py:115} INFO - [2023-04-20 23:10:45,647] {dag.py:2915} INFO - Setting next_dagrun for example_branch_python_operator_decorator to 2023-04-19T00:00:00+00:00, run_after=2023-04-20T00:00:00+00:00
[2023-04-20 23:10:45,652] {processor.py:161} INFO - Processing /Users/brenda/miniconda3/lib/python3.10/site-packages/airflow/example_dags/example_branch_operator_decorator.py took 0.068 seconds
[2023-04-21 00:49:55,348] {processor.py:153} INFO - Started process (PID=57676) to work on /Users/brenda/miniconda3/lib/python3.10/site-packages/airflow/example_dags/example_branch_operator_decorator.py
[2023-04-21 00:49:55,350] {processor.py:641} INFO - Processing file /Users/brenda/miniconda3/lib/python3.10/site-packages/airflow/example_dags/example_branch_operator_decorator.py for tasks to queue
[2023-04-21 00:49:55,350] {logging_mixin.py:115} INFO - [2023-04-21 00:49:55,350] {dagbag.py:507} INFO - Filling up the DagBag from /Users/brenda/miniconda3/lib/python3.10/site-packages/airflow/example_dags/example_branch_operator_decorator.py
[2023-04-21 00:49:55,372] {processor.py:651} INFO - DAG(s) dict_keys(['example_branch_python_operator_decorator']) retrieved from /Users/brenda/miniconda3/lib/python3.10/site-packages/airflow/example_dags/example_branch_operator_decorator.py
[2023-04-21 00:49:55,402] {logging_mixin.py:115} INFO - [2023-04-21 00:49:55,402] {dag.py:2371} INFO - Sync 1 DAGs
[2023-04-21 00:49:55,410] {logging_mixin.py:115} INFO - [2023-04-21 00:49:55,410] {dag.py:2915} INFO - Setting next_dagrun for example_branch_python_operator_decorator to 2023-04-19T00:00:00+00:00, run_after=2023-04-20T00:00:00+00:00
[2023-04-21 00:49:55,415] {processor.py:161} INFO - Processing /Users/brenda/miniconda3/lib/python3.10/site-packages/airflow/example_dags/example_branch_operator_decorator.py took 0.067 seconds
