[2023-04-20 22:36:07,803] {processor.py:153} INFO - Started process (PID=56452) to work on /Users/brenda/miniconda3/lib/python3.10/site-packages/airflow/example_dags/tutorial_taskflow_api_etl.py
[2023-04-20 22:36:07,803] {processor.py:641} INFO - Processing file /Users/brenda/miniconda3/lib/python3.10/site-packages/airflow/example_dags/tutorial_taskflow_api_etl.py for tasks to queue
[2023-04-20 22:36:07,811] {logging_mixin.py:115} INFO - [2023-04-20 22:36:07,811] {dagbag.py:507} INFO - Filling up the DagBag from /Users/brenda/miniconda3/lib/python3.10/site-packages/airflow/example_dags/tutorial_taskflow_api_etl.py
[2023-04-20 22:36:07,828] {processor.py:651} INFO - DAG(s) dict_keys(['tutorial_taskflow_api_etl']) retrieved from /Users/brenda/miniconda3/lib/python3.10/site-packages/airflow/example_dags/tutorial_taskflow_api_etl.py
[2023-04-20 22:36:08,351] {logging_mixin.py:115} INFO - [2023-04-20 22:36:08,351] {manager.py:508} INFO - Created Permission View: can edit on DAG:tutorial_taskflow_api_etl
[2023-04-20 22:36:08,355] {logging_mixin.py:115} INFO - [2023-04-20 22:36:08,354] {manager.py:508} INFO - Created Permission View: can read on DAG:tutorial_taskflow_api_etl
[2023-04-20 22:36:08,357] {logging_mixin.py:115} INFO - [2023-04-20 22:36:08,357] {manager.py:508} INFO - Created Permission View: can delete on DAG:tutorial_taskflow_api_etl
[2023-04-20 22:36:08,358] {logging_mixin.py:115} INFO - [2023-04-20 22:36:08,357] {dag.py:2371} INFO - Sync 1 DAGs
[2023-04-20 22:36:08,361] {logging_mixin.py:115} INFO - [2023-04-20 22:36:08,361] {dag.py:2390} INFO - Creating ORM DAG for tutorial_taskflow_api_etl
[2023-04-20 22:36:08,365] {logging_mixin.py:115} INFO - [2023-04-20 22:36:08,365] {dag.py:2915} INFO - Setting next_dagrun for tutorial_taskflow_api_etl to None, run_after=None
[2023-04-20 22:36:08,371] {processor.py:161} INFO - Processing /Users/brenda/miniconda3/lib/python3.10/site-packages/airflow/example_dags/tutorial_taskflow_api_etl.py took 0.568 seconds
[2023-04-20 22:37:12,827] {processor.py:153} INFO - Started process (PID=56544) to work on /Users/brenda/miniconda3/lib/python3.10/site-packages/airflow/example_dags/tutorial_taskflow_api_etl.py
[2023-04-20 22:37:12,827] {processor.py:641} INFO - Processing file /Users/brenda/miniconda3/lib/python3.10/site-packages/airflow/example_dags/tutorial_taskflow_api_etl.py for tasks to queue
[2023-04-20 22:37:12,828] {logging_mixin.py:115} INFO - [2023-04-20 22:37:12,828] {dagbag.py:507} INFO - Filling up the DagBag from /Users/brenda/miniconda3/lib/python3.10/site-packages/airflow/example_dags/tutorial_taskflow_api_etl.py
[2023-04-20 22:37:12,845] {processor.py:651} INFO - DAG(s) dict_keys(['tutorial_taskflow_api_etl']) retrieved from /Users/brenda/miniconda3/lib/python3.10/site-packages/airflow/example_dags/tutorial_taskflow_api_etl.py
[2023-04-20 22:37:13,249] {logging_mixin.py:115} INFO - [2023-04-20 22:37:13,249] {dag.py:2371} INFO - Sync 1 DAGs
[2023-04-20 22:37:13,284] {logging_mixin.py:115} INFO - [2023-04-20 22:37:13,284] {dag.py:2915} INFO - Setting next_dagrun for tutorial_taskflow_api_etl to None, run_after=None
[2023-04-20 22:37:13,290] {processor.py:161} INFO - Processing /Users/brenda/miniconda3/lib/python3.10/site-packages/airflow/example_dags/tutorial_taskflow_api_etl.py took 0.463 seconds
[2023-04-20 22:38:03,766] {processor.py:153} INFO - Started process (PID=56592) to work on /Users/brenda/miniconda3/lib/python3.10/site-packages/airflow/example_dags/tutorial_taskflow_api_etl.py
[2023-04-20 22:38:03,766] {processor.py:641} INFO - Processing file /Users/brenda/miniconda3/lib/python3.10/site-packages/airflow/example_dags/tutorial_taskflow_api_etl.py for tasks to queue
[2023-04-20 22:38:03,766] {logging_mixin.py:115} INFO - [2023-04-20 22:38:03,766] {dagbag.py:507} INFO - Filling up the DagBag from /Users/brenda/miniconda3/lib/python3.10/site-packages/airflow/example_dags/tutorial_taskflow_api_etl.py
[2023-04-20 22:38:03,783] {processor.py:651} INFO - DAG(s) dict_keys(['tutorial_taskflow_api_etl']) retrieved from /Users/brenda/miniconda3/lib/python3.10/site-packages/airflow/example_dags/tutorial_taskflow_api_etl.py
[2023-04-20 22:38:04,417] {logging_mixin.py:115} INFO - [2023-04-20 22:38:04,412] {dag.py:2371} INFO - Sync 1 DAGs
[2023-04-20 22:38:04,491] {logging_mixin.py:115} INFO - [2023-04-20 22:38:04,491] {dag.py:2915} INFO - Setting next_dagrun for tutorial_taskflow_api_etl to None, run_after=None
[2023-04-20 22:38:04,500] {processor.py:161} INFO - Processing /Users/brenda/miniconda3/lib/python3.10/site-packages/airflow/example_dags/tutorial_taskflow_api_etl.py took 0.734 seconds
[2023-04-20 22:38:52,643] {processor.py:153} INFO - Started process (PID=56633) to work on /Users/brenda/miniconda3/lib/python3.10/site-packages/airflow/example_dags/tutorial_taskflow_api_etl.py
[2023-04-20 22:38:52,644] {processor.py:641} INFO - Processing file /Users/brenda/miniconda3/lib/python3.10/site-packages/airflow/example_dags/tutorial_taskflow_api_etl.py for tasks to queue
[2023-04-20 22:38:52,645] {logging_mixin.py:115} INFO - [2023-04-20 22:38:52,645] {dagbag.py:507} INFO - Filling up the DagBag from /Users/brenda/miniconda3/lib/python3.10/site-packages/airflow/example_dags/tutorial_taskflow_api_etl.py
[2023-04-20 22:38:52,665] {processor.py:651} INFO - DAG(s) dict_keys(['tutorial_taskflow_api_etl']) retrieved from /Users/brenda/miniconda3/lib/python3.10/site-packages/airflow/example_dags/tutorial_taskflow_api_etl.py
[2023-04-20 22:38:53,133] {logging_mixin.py:115} INFO - [2023-04-20 22:38:53,133] {dag.py:2371} INFO - Sync 1 DAGs
[2023-04-20 22:38:53,167] {logging_mixin.py:115} INFO - [2023-04-20 22:38:53,167] {dag.py:2915} INFO - Setting next_dagrun for tutorial_taskflow_api_etl to None, run_after=None
[2023-04-20 22:38:53,173] {processor.py:161} INFO - Processing /Users/brenda/miniconda3/lib/python3.10/site-packages/airflow/example_dags/tutorial_taskflow_api_etl.py took 0.530 seconds
[2023-04-20 22:39:44,048] {processor.py:153} INFO - Started process (PID=56679) to work on /Users/brenda/miniconda3/lib/python3.10/site-packages/airflow/example_dags/tutorial_taskflow_api_etl.py
[2023-04-20 22:39:44,049] {processor.py:641} INFO - Processing file /Users/brenda/miniconda3/lib/python3.10/site-packages/airflow/example_dags/tutorial_taskflow_api_etl.py for tasks to queue
[2023-04-20 22:39:44,049] {logging_mixin.py:115} INFO - [2023-04-20 22:39:44,049] {dagbag.py:507} INFO - Filling up the DagBag from /Users/brenda/miniconda3/lib/python3.10/site-packages/airflow/example_dags/tutorial_taskflow_api_etl.py
[2023-04-20 22:39:44,067] {processor.py:651} INFO - DAG(s) dict_keys(['tutorial_taskflow_api_etl']) retrieved from /Users/brenda/miniconda3/lib/python3.10/site-packages/airflow/example_dags/tutorial_taskflow_api_etl.py
[2023-04-20 22:39:44,532] {logging_mixin.py:115} INFO - [2023-04-20 22:39:44,532] {dag.py:2371} INFO - Sync 1 DAGs
[2023-04-20 22:39:44,567] {logging_mixin.py:115} INFO - [2023-04-20 22:39:44,567] {dag.py:2915} INFO - Setting next_dagrun for tutorial_taskflow_api_etl to None, run_after=None
[2023-04-20 22:39:44,573] {processor.py:161} INFO - Processing /Users/brenda/miniconda3/lib/python3.10/site-packages/airflow/example_dags/tutorial_taskflow_api_etl.py took 0.525 seconds
[2023-04-20 22:40:35,080] {processor.py:153} INFO - Started process (PID=56719) to work on /Users/brenda/miniconda3/lib/python3.10/site-packages/airflow/example_dags/tutorial_taskflow_api_etl.py
[2023-04-20 22:40:35,080] {processor.py:641} INFO - Processing file /Users/brenda/miniconda3/lib/python3.10/site-packages/airflow/example_dags/tutorial_taskflow_api_etl.py for tasks to queue
[2023-04-20 22:40:35,080] {logging_mixin.py:115} INFO - [2023-04-20 22:40:35,080] {dagbag.py:507} INFO - Filling up the DagBag from /Users/brenda/miniconda3/lib/python3.10/site-packages/airflow/example_dags/tutorial_taskflow_api_etl.py
[2023-04-20 22:40:35,097] {processor.py:651} INFO - DAG(s) dict_keys(['tutorial_taskflow_api_etl']) retrieved from /Users/brenda/miniconda3/lib/python3.10/site-packages/airflow/example_dags/tutorial_taskflow_api_etl.py
[2023-04-20 22:40:35,571] {logging_mixin.py:115} INFO - [2023-04-20 22:40:35,571] {dag.py:2371} INFO - Sync 1 DAGs
[2023-04-20 22:40:35,606] {logging_mixin.py:115} INFO - [2023-04-20 22:40:35,606] {dag.py:2915} INFO - Setting next_dagrun for tutorial_taskflow_api_etl to None, run_after=None
[2023-04-20 22:40:35,612] {processor.py:161} INFO - Processing /Users/brenda/miniconda3/lib/python3.10/site-packages/airflow/example_dags/tutorial_taskflow_api_etl.py took 0.532 seconds
[2023-04-20 22:41:24,811] {processor.py:153} INFO - Started process (PID=56755) to work on /Users/brenda/miniconda3/lib/python3.10/site-packages/airflow/example_dags/tutorial_taskflow_api_etl.py
[2023-04-20 22:41:24,812] {processor.py:641} INFO - Processing file /Users/brenda/miniconda3/lib/python3.10/site-packages/airflow/example_dags/tutorial_taskflow_api_etl.py for tasks to queue
[2023-04-20 22:41:24,812] {logging_mixin.py:115} INFO - [2023-04-20 22:41:24,812] {dagbag.py:507} INFO - Filling up the DagBag from /Users/brenda/miniconda3/lib/python3.10/site-packages/airflow/example_dags/tutorial_taskflow_api_etl.py
[2023-04-20 22:41:24,835] {processor.py:651} INFO - DAG(s) dict_keys(['tutorial_taskflow_api_etl']) retrieved from /Users/brenda/miniconda3/lib/python3.10/site-packages/airflow/example_dags/tutorial_taskflow_api_etl.py
[2023-04-20 22:41:25,356] {logging_mixin.py:115} INFO - [2023-04-20 22:41:25,355] {dag.py:2371} INFO - Sync 1 DAGs
[2023-04-20 22:41:25,391] {logging_mixin.py:115} INFO - [2023-04-20 22:41:25,391] {dag.py:2915} INFO - Setting next_dagrun for tutorial_taskflow_api_etl to None, run_after=None
[2023-04-20 22:41:25,397] {processor.py:161} INFO - Processing /Users/brenda/miniconda3/lib/python3.10/site-packages/airflow/example_dags/tutorial_taskflow_api_etl.py took 0.586 seconds
[2023-04-20 22:42:21,818] {processor.py:153} INFO - Started process (PID=56833) to work on /Users/brenda/miniconda3/lib/python3.10/site-packages/airflow/example_dags/tutorial_taskflow_api_etl.py
[2023-04-20 22:42:21,822] {processor.py:641} INFO - Processing file /Users/brenda/miniconda3/lib/python3.10/site-packages/airflow/example_dags/tutorial_taskflow_api_etl.py for tasks to queue
[2023-04-20 22:42:21,822] {logging_mixin.py:115} INFO - [2023-04-20 22:42:21,822] {dagbag.py:507} INFO - Filling up the DagBag from /Users/brenda/miniconda3/lib/python3.10/site-packages/airflow/example_dags/tutorial_taskflow_api_etl.py
[2023-04-20 22:42:21,840] {processor.py:651} INFO - DAG(s) dict_keys(['tutorial_taskflow_api_etl']) retrieved from /Users/brenda/miniconda3/lib/python3.10/site-packages/airflow/example_dags/tutorial_taskflow_api_etl.py
[2023-04-20 22:42:22,323] {logging_mixin.py:115} INFO - [2023-04-20 22:42:22,323] {dag.py:2371} INFO - Sync 1 DAGs
[2023-04-20 22:42:22,357] {logging_mixin.py:115} INFO - [2023-04-20 22:42:22,357] {dag.py:2915} INFO - Setting next_dagrun for tutorial_taskflow_api_etl to None, run_after=None
[2023-04-20 22:42:22,364] {processor.py:161} INFO - Processing /Users/brenda/miniconda3/lib/python3.10/site-packages/airflow/example_dags/tutorial_taskflow_api_etl.py took 0.545 seconds
[2023-04-20 22:43:12,448] {processor.py:153} INFO - Started process (PID=56871) to work on /Users/brenda/miniconda3/lib/python3.10/site-packages/airflow/example_dags/tutorial_taskflow_api_etl.py
[2023-04-20 22:43:12,449] {processor.py:641} INFO - Processing file /Users/brenda/miniconda3/lib/python3.10/site-packages/airflow/example_dags/tutorial_taskflow_api_etl.py for tasks to queue
[2023-04-20 22:43:12,449] {logging_mixin.py:115} INFO - [2023-04-20 22:43:12,449] {dagbag.py:507} INFO - Filling up the DagBag from /Users/brenda/miniconda3/lib/python3.10/site-packages/airflow/example_dags/tutorial_taskflow_api_etl.py
[2023-04-20 22:43:12,466] {processor.py:651} INFO - DAG(s) dict_keys(['tutorial_taskflow_api_etl']) retrieved from /Users/brenda/miniconda3/lib/python3.10/site-packages/airflow/example_dags/tutorial_taskflow_api_etl.py
[2023-04-20 22:43:12,946] {logging_mixin.py:115} INFO - [2023-04-20 22:43:12,946] {dag.py:2371} INFO - Sync 1 DAGs
[2023-04-20 22:43:12,981] {logging_mixin.py:115} INFO - [2023-04-20 22:43:12,981] {dag.py:2915} INFO - Setting next_dagrun for tutorial_taskflow_api_etl to None, run_after=None
[2023-04-20 22:43:12,987] {processor.py:161} INFO - Processing /Users/brenda/miniconda3/lib/python3.10/site-packages/airflow/example_dags/tutorial_taskflow_api_etl.py took 0.540 seconds
[2023-04-20 22:43:59,528] {processor.py:153} INFO - Started process (PID=56928) to work on /Users/brenda/miniconda3/lib/python3.10/site-packages/airflow/example_dags/tutorial_taskflow_api_etl.py
[2023-04-20 22:43:59,529] {processor.py:641} INFO - Processing file /Users/brenda/miniconda3/lib/python3.10/site-packages/airflow/example_dags/tutorial_taskflow_api_etl.py for tasks to queue
[2023-04-20 22:43:59,529] {logging_mixin.py:115} INFO - [2023-04-20 22:43:59,529] {dagbag.py:507} INFO - Filling up the DagBag from /Users/brenda/miniconda3/lib/python3.10/site-packages/airflow/example_dags/tutorial_taskflow_api_etl.py
[2023-04-20 22:43:59,546] {processor.py:651} INFO - DAG(s) dict_keys(['tutorial_taskflow_api_etl']) retrieved from /Users/brenda/miniconda3/lib/python3.10/site-packages/airflow/example_dags/tutorial_taskflow_api_etl.py
[2023-04-20 22:44:00,072] {logging_mixin.py:115} INFO - [2023-04-20 22:44:00,072] {dag.py:2371} INFO - Sync 1 DAGs
[2023-04-20 22:44:00,109] {logging_mixin.py:115} INFO - [2023-04-20 22:44:00,109] {dag.py:2915} INFO - Setting next_dagrun for tutorial_taskflow_api_etl to None, run_after=None
[2023-04-20 22:44:00,116] {processor.py:161} INFO - Processing /Users/brenda/miniconda3/lib/python3.10/site-packages/airflow/example_dags/tutorial_taskflow_api_etl.py took 0.588 seconds
[2023-04-20 22:44:48,895] {processor.py:153} INFO - Started process (PID=56977) to work on /Users/brenda/miniconda3/lib/python3.10/site-packages/airflow/example_dags/tutorial_taskflow_api_etl.py
[2023-04-20 22:44:48,895] {processor.py:641} INFO - Processing file /Users/brenda/miniconda3/lib/python3.10/site-packages/airflow/example_dags/tutorial_taskflow_api_etl.py for tasks to queue
[2023-04-20 22:44:48,895] {logging_mixin.py:115} INFO - [2023-04-20 22:44:48,895] {dagbag.py:507} INFO - Filling up the DagBag from /Users/brenda/miniconda3/lib/python3.10/site-packages/airflow/example_dags/tutorial_taskflow_api_etl.py
[2023-04-20 22:44:48,913] {processor.py:651} INFO - DAG(s) dict_keys(['tutorial_taskflow_api_etl']) retrieved from /Users/brenda/miniconda3/lib/python3.10/site-packages/airflow/example_dags/tutorial_taskflow_api_etl.py
[2023-04-20 22:44:49,420] {logging_mixin.py:115} INFO - [2023-04-20 22:44:49,420] {dag.py:2371} INFO - Sync 1 DAGs
[2023-04-20 22:44:49,454] {logging_mixin.py:115} INFO - [2023-04-20 22:44:49,454] {dag.py:2915} INFO - Setting next_dagrun for tutorial_taskflow_api_etl to None, run_after=None
[2023-04-20 22:44:49,460] {processor.py:161} INFO - Processing /Users/brenda/miniconda3/lib/python3.10/site-packages/airflow/example_dags/tutorial_taskflow_api_etl.py took 0.565 seconds
[2023-04-20 22:45:36,927] {processor.py:153} INFO - Started process (PID=57022) to work on /Users/brenda/miniconda3/lib/python3.10/site-packages/airflow/example_dags/tutorial_taskflow_api_etl.py
[2023-04-20 22:45:36,927] {processor.py:641} INFO - Processing file /Users/brenda/miniconda3/lib/python3.10/site-packages/airflow/example_dags/tutorial_taskflow_api_etl.py for tasks to queue
[2023-04-20 22:45:36,928] {logging_mixin.py:115} INFO - [2023-04-20 22:45:36,928] {dagbag.py:507} INFO - Filling up the DagBag from /Users/brenda/miniconda3/lib/python3.10/site-packages/airflow/example_dags/tutorial_taskflow_api_etl.py
[2023-04-20 22:45:36,945] {processor.py:651} INFO - DAG(s) dict_keys(['tutorial_taskflow_api_etl']) retrieved from /Users/brenda/miniconda3/lib/python3.10/site-packages/airflow/example_dags/tutorial_taskflow_api_etl.py
[2023-04-20 22:45:37,423] {logging_mixin.py:115} INFO - [2023-04-20 22:45:37,423] {dag.py:2371} INFO - Sync 1 DAGs
[2023-04-20 22:45:37,457] {logging_mixin.py:115} INFO - [2023-04-20 22:45:37,457] {dag.py:2915} INFO - Setting next_dagrun for tutorial_taskflow_api_etl to None, run_after=None
[2023-04-20 22:45:37,463] {processor.py:161} INFO - Processing /Users/brenda/miniconda3/lib/python3.10/site-packages/airflow/example_dags/tutorial_taskflow_api_etl.py took 0.536 seconds
[2023-04-20 22:46:26,356] {processor.py:153} INFO - Started process (PID=57061) to work on /Users/brenda/miniconda3/lib/python3.10/site-packages/airflow/example_dags/tutorial_taskflow_api_etl.py
[2023-04-20 22:46:26,357] {processor.py:641} INFO - Processing file /Users/brenda/miniconda3/lib/python3.10/site-packages/airflow/example_dags/tutorial_taskflow_api_etl.py for tasks to queue
[2023-04-20 22:46:26,357] {logging_mixin.py:115} INFO - [2023-04-20 22:46:26,357] {dagbag.py:507} INFO - Filling up the DagBag from /Users/brenda/miniconda3/lib/python3.10/site-packages/airflow/example_dags/tutorial_taskflow_api_etl.py
[2023-04-20 22:46:26,375] {processor.py:651} INFO - DAG(s) dict_keys(['tutorial_taskflow_api_etl']) retrieved from /Users/brenda/miniconda3/lib/python3.10/site-packages/airflow/example_dags/tutorial_taskflow_api_etl.py
[2023-04-20 22:46:26,883] {logging_mixin.py:115} INFO - [2023-04-20 22:46:26,883] {dag.py:2371} INFO - Sync 1 DAGs
[2023-04-20 22:46:26,917] {logging_mixin.py:115} INFO - [2023-04-20 22:46:26,917] {dag.py:2915} INFO - Setting next_dagrun for tutorial_taskflow_api_etl to None, run_after=None
[2023-04-20 22:46:26,923] {processor.py:161} INFO - Processing /Users/brenda/miniconda3/lib/python3.10/site-packages/airflow/example_dags/tutorial_taskflow_api_etl.py took 0.567 seconds
[2023-04-20 22:47:23,638] {processor.py:153} INFO - Started process (PID=57106) to work on /Users/brenda/miniconda3/lib/python3.10/site-packages/airflow/example_dags/tutorial_taskflow_api_etl.py
[2023-04-20 22:47:23,639] {processor.py:641} INFO - Processing file /Users/brenda/miniconda3/lib/python3.10/site-packages/airflow/example_dags/tutorial_taskflow_api_etl.py for tasks to queue
[2023-04-20 22:47:23,639] {logging_mixin.py:115} INFO - [2023-04-20 22:47:23,639] {dagbag.py:507} INFO - Filling up the DagBag from /Users/brenda/miniconda3/lib/python3.10/site-packages/airflow/example_dags/tutorial_taskflow_api_etl.py
[2023-04-20 22:47:23,656] {processor.py:651} INFO - DAG(s) dict_keys(['tutorial_taskflow_api_etl']) retrieved from /Users/brenda/miniconda3/lib/python3.10/site-packages/airflow/example_dags/tutorial_taskflow_api_etl.py
[2023-04-20 22:47:24,053] {logging_mixin.py:115} INFO - [2023-04-20 22:47:24,053] {dag.py:2371} INFO - Sync 1 DAGs
[2023-04-20 22:47:24,086] {logging_mixin.py:115} INFO - [2023-04-20 22:47:24,086] {dag.py:2915} INFO - Setting next_dagrun for tutorial_taskflow_api_etl to None, run_after=None
[2023-04-20 22:47:24,092] {processor.py:161} INFO - Processing /Users/brenda/miniconda3/lib/python3.10/site-packages/airflow/example_dags/tutorial_taskflow_api_etl.py took 0.455 seconds
[2023-04-20 22:48:12,798] {processor.py:153} INFO - Started process (PID=57181) to work on /Users/brenda/miniconda3/lib/python3.10/site-packages/airflow/example_dags/tutorial_taskflow_api_etl.py
[2023-04-20 22:48:12,798] {processor.py:641} INFO - Processing file /Users/brenda/miniconda3/lib/python3.10/site-packages/airflow/example_dags/tutorial_taskflow_api_etl.py for tasks to queue
[2023-04-20 22:48:12,799] {logging_mixin.py:115} INFO - [2023-04-20 22:48:12,799] {dagbag.py:507} INFO - Filling up the DagBag from /Users/brenda/miniconda3/lib/python3.10/site-packages/airflow/example_dags/tutorial_taskflow_api_etl.py
[2023-04-20 22:48:12,816] {processor.py:651} INFO - DAG(s) dict_keys(['tutorial_taskflow_api_etl']) retrieved from /Users/brenda/miniconda3/lib/python3.10/site-packages/airflow/example_dags/tutorial_taskflow_api_etl.py
[2023-04-20 22:48:13,339] {logging_mixin.py:115} INFO - [2023-04-20 22:48:13,339] {dag.py:2371} INFO - Sync 1 DAGs
[2023-04-20 22:48:13,373] {logging_mixin.py:115} INFO - [2023-04-20 22:48:13,373] {dag.py:2915} INFO - Setting next_dagrun for tutorial_taskflow_api_etl to None, run_after=None
[2023-04-20 22:48:13,379] {processor.py:161} INFO - Processing /Users/brenda/miniconda3/lib/python3.10/site-packages/airflow/example_dags/tutorial_taskflow_api_etl.py took 0.582 seconds
[2023-04-20 22:49:03,147] {processor.py:153} INFO - Started process (PID=57243) to work on /Users/brenda/miniconda3/lib/python3.10/site-packages/airflow/example_dags/tutorial_taskflow_api_etl.py
[2023-04-20 22:49:03,148] {processor.py:641} INFO - Processing file /Users/brenda/miniconda3/lib/python3.10/site-packages/airflow/example_dags/tutorial_taskflow_api_etl.py for tasks to queue
[2023-04-20 22:49:03,148] {logging_mixin.py:115} INFO - [2023-04-20 22:49:03,148] {dagbag.py:507} INFO - Filling up the DagBag from /Users/brenda/miniconda3/lib/python3.10/site-packages/airflow/example_dags/tutorial_taskflow_api_etl.py
[2023-04-20 22:49:03,166] {processor.py:651} INFO - DAG(s) dict_keys(['tutorial_taskflow_api_etl']) retrieved from /Users/brenda/miniconda3/lib/python3.10/site-packages/airflow/example_dags/tutorial_taskflow_api_etl.py
[2023-04-20 22:49:03,644] {logging_mixin.py:115} INFO - [2023-04-20 22:49:03,644] {dag.py:2371} INFO - Sync 1 DAGs
[2023-04-20 22:49:03,680] {logging_mixin.py:115} INFO - [2023-04-20 22:49:03,680] {dag.py:2915} INFO - Setting next_dagrun for tutorial_taskflow_api_etl to None, run_after=None
[2023-04-20 22:49:03,686] {processor.py:161} INFO - Processing /Users/brenda/miniconda3/lib/python3.10/site-packages/airflow/example_dags/tutorial_taskflow_api_etl.py took 0.539 seconds
[2023-04-20 22:49:54,947] {processor.py:153} INFO - Started process (PID=57281) to work on /Users/brenda/miniconda3/lib/python3.10/site-packages/airflow/example_dags/tutorial_taskflow_api_etl.py
[2023-04-20 22:49:54,947] {processor.py:641} INFO - Processing file /Users/brenda/miniconda3/lib/python3.10/site-packages/airflow/example_dags/tutorial_taskflow_api_etl.py for tasks to queue
[2023-04-20 22:49:54,948] {logging_mixin.py:115} INFO - [2023-04-20 22:49:54,948] {dagbag.py:507} INFO - Filling up the DagBag from /Users/brenda/miniconda3/lib/python3.10/site-packages/airflow/example_dags/tutorial_taskflow_api_etl.py
[2023-04-20 22:49:54,965] {processor.py:651} INFO - DAG(s) dict_keys(['tutorial_taskflow_api_etl']) retrieved from /Users/brenda/miniconda3/lib/python3.10/site-packages/airflow/example_dags/tutorial_taskflow_api_etl.py
[2023-04-20 22:49:55,441] {logging_mixin.py:115} INFO - [2023-04-20 22:49:55,441] {dag.py:2371} INFO - Sync 1 DAGs
[2023-04-20 22:49:55,474] {logging_mixin.py:115} INFO - [2023-04-20 22:49:55,474] {dag.py:2915} INFO - Setting next_dagrun for tutorial_taskflow_api_etl to None, run_after=None
[2023-04-20 22:49:55,480] {processor.py:161} INFO - Processing /Users/brenda/miniconda3/lib/python3.10/site-packages/airflow/example_dags/tutorial_taskflow_api_etl.py took 0.534 seconds
[2023-04-20 22:50:44,419] {processor.py:153} INFO - Started process (PID=57328) to work on /Users/brenda/miniconda3/lib/python3.10/site-packages/airflow/example_dags/tutorial_taskflow_api_etl.py
[2023-04-20 22:50:44,422] {processor.py:641} INFO - Processing file /Users/brenda/miniconda3/lib/python3.10/site-packages/airflow/example_dags/tutorial_taskflow_api_etl.py for tasks to queue
[2023-04-20 22:50:44,422] {logging_mixin.py:115} INFO - [2023-04-20 22:50:44,422] {dagbag.py:507} INFO - Filling up the DagBag from /Users/brenda/miniconda3/lib/python3.10/site-packages/airflow/example_dags/tutorial_taskflow_api_etl.py
[2023-04-20 22:50:44,439] {processor.py:651} INFO - DAG(s) dict_keys(['tutorial_taskflow_api_etl']) retrieved from /Users/brenda/miniconda3/lib/python3.10/site-packages/airflow/example_dags/tutorial_taskflow_api_etl.py
[2023-04-20 22:50:44,976] {logging_mixin.py:115} INFO - [2023-04-20 22:50:44,976] {dag.py:2371} INFO - Sync 1 DAGs
[2023-04-20 22:50:45,012] {logging_mixin.py:115} INFO - [2023-04-20 22:50:45,012] {dag.py:2915} INFO - Setting next_dagrun for tutorial_taskflow_api_etl to None, run_after=None
[2023-04-20 22:50:45,019] {processor.py:161} INFO - Processing /Users/brenda/miniconda3/lib/python3.10/site-packages/airflow/example_dags/tutorial_taskflow_api_etl.py took 0.600 seconds
[2023-04-20 22:51:35,966] {processor.py:153} INFO - Started process (PID=57369) to work on /Users/brenda/miniconda3/lib/python3.10/site-packages/airflow/example_dags/tutorial_taskflow_api_etl.py
[2023-04-20 22:51:35,966] {processor.py:641} INFO - Processing file /Users/brenda/miniconda3/lib/python3.10/site-packages/airflow/example_dags/tutorial_taskflow_api_etl.py for tasks to queue
[2023-04-20 22:51:35,967] {logging_mixin.py:115} INFO - [2023-04-20 22:51:35,967] {dagbag.py:507} INFO - Filling up the DagBag from /Users/brenda/miniconda3/lib/python3.10/site-packages/airflow/example_dags/tutorial_taskflow_api_etl.py
[2023-04-20 22:51:35,988] {processor.py:651} INFO - DAG(s) dict_keys(['tutorial_taskflow_api_etl']) retrieved from /Users/brenda/miniconda3/lib/python3.10/site-packages/airflow/example_dags/tutorial_taskflow_api_etl.py
[2023-04-20 22:51:36,479] {logging_mixin.py:115} INFO - [2023-04-20 22:51:36,479] {dag.py:2371} INFO - Sync 1 DAGs
[2023-04-20 22:51:36,514] {logging_mixin.py:115} INFO - [2023-04-20 22:51:36,514] {dag.py:2915} INFO - Setting next_dagrun for tutorial_taskflow_api_etl to None, run_after=None
[2023-04-20 22:51:36,521] {processor.py:161} INFO - Processing /Users/brenda/miniconda3/lib/python3.10/site-packages/airflow/example_dags/tutorial_taskflow_api_etl.py took 0.555 seconds
[2023-04-20 22:52:26,143] {processor.py:153} INFO - Started process (PID=57411) to work on /Users/brenda/miniconda3/lib/python3.10/site-packages/airflow/example_dags/tutorial_taskflow_api_etl.py
[2023-04-20 22:52:26,144] {processor.py:641} INFO - Processing file /Users/brenda/miniconda3/lib/python3.10/site-packages/airflow/example_dags/tutorial_taskflow_api_etl.py for tasks to queue
[2023-04-20 22:52:26,144] {logging_mixin.py:115} INFO - [2023-04-20 22:52:26,144] {dagbag.py:507} INFO - Filling up the DagBag from /Users/brenda/miniconda3/lib/python3.10/site-packages/airflow/example_dags/tutorial_taskflow_api_etl.py
[2023-04-20 22:52:26,162] {processor.py:651} INFO - DAG(s) dict_keys(['tutorial_taskflow_api_etl']) retrieved from /Users/brenda/miniconda3/lib/python3.10/site-packages/airflow/example_dags/tutorial_taskflow_api_etl.py
[2023-04-20 22:52:26,645] {logging_mixin.py:115} INFO - [2023-04-20 22:52:26,645] {dag.py:2371} INFO - Sync 1 DAGs
[2023-04-20 22:52:26,682] {logging_mixin.py:115} INFO - [2023-04-20 22:52:26,682] {dag.py:2915} INFO - Setting next_dagrun for tutorial_taskflow_api_etl to None, run_after=None
[2023-04-20 22:52:26,688] {processor.py:161} INFO - Processing /Users/brenda/miniconda3/lib/python3.10/site-packages/airflow/example_dags/tutorial_taskflow_api_etl.py took 0.545 seconds
[2023-04-20 22:53:16,504] {processor.py:153} INFO - Started process (PID=57465) to work on /Users/brenda/miniconda3/lib/python3.10/site-packages/airflow/example_dags/tutorial_taskflow_api_etl.py
[2023-04-20 22:53:16,504] {processor.py:641} INFO - Processing file /Users/brenda/miniconda3/lib/python3.10/site-packages/airflow/example_dags/tutorial_taskflow_api_etl.py for tasks to queue
[2023-04-20 22:53:16,504] {logging_mixin.py:115} INFO - [2023-04-20 22:53:16,504] {dagbag.py:507} INFO - Filling up the DagBag from /Users/brenda/miniconda3/lib/python3.10/site-packages/airflow/example_dags/tutorial_taskflow_api_etl.py
[2023-04-20 22:53:16,522] {processor.py:651} INFO - DAG(s) dict_keys(['tutorial_taskflow_api_etl']) retrieved from /Users/brenda/miniconda3/lib/python3.10/site-packages/airflow/example_dags/tutorial_taskflow_api_etl.py
[2023-04-20 22:53:17,056] {logging_mixin.py:115} INFO - [2023-04-20 22:53:17,056] {dag.py:2371} INFO - Sync 1 DAGs
[2023-04-20 22:53:17,090] {logging_mixin.py:115} INFO - [2023-04-20 22:53:17,090] {dag.py:2915} INFO - Setting next_dagrun for tutorial_taskflow_api_etl to None, run_after=None
[2023-04-20 22:53:17,100] {processor.py:161} INFO - Processing /Users/brenda/miniconda3/lib/python3.10/site-packages/airflow/example_dags/tutorial_taskflow_api_etl.py took 0.597 seconds
[2023-04-20 23:26:41,568] {processor.py:153} INFO - Started process (PID=57588) to work on /Users/brenda/miniconda3/lib/python3.10/site-packages/airflow/example_dags/tutorial_taskflow_api_etl.py
[2023-04-20 23:26:41,568] {processor.py:641} INFO - Processing file /Users/brenda/miniconda3/lib/python3.10/site-packages/airflow/example_dags/tutorial_taskflow_api_etl.py for tasks to queue
[2023-04-20 23:26:41,568] {logging_mixin.py:115} INFO - [2023-04-20 23:26:41,568] {dagbag.py:507} INFO - Filling up the DagBag from /Users/brenda/miniconda3/lib/python3.10/site-packages/airflow/example_dags/tutorial_taskflow_api_etl.py
[2023-04-20 23:26:41,586] {processor.py:651} INFO - DAG(s) dict_keys(['tutorial_taskflow_api_etl']) retrieved from /Users/brenda/miniconda3/lib/python3.10/site-packages/airflow/example_dags/tutorial_taskflow_api_etl.py
[2023-04-20 23:26:42,034] {logging_mixin.py:115} INFO - [2023-04-20 23:26:42,034] {dag.py:2371} INFO - Sync 1 DAGs
[2023-04-20 23:26:42,070] {logging_mixin.py:115} INFO - [2023-04-20 23:26:42,070] {dag.py:2915} INFO - Setting next_dagrun for tutorial_taskflow_api_etl to None, run_after=None
[2023-04-20 23:26:42,077] {processor.py:161} INFO - Processing /Users/brenda/miniconda3/lib/python3.10/site-packages/airflow/example_dags/tutorial_taskflow_api_etl.py took 0.509 seconds
[2023-04-21 01:06:09,148] {processor.py:153} INFO - Started process (PID=57695) to work on /Users/brenda/miniconda3/lib/python3.10/site-packages/airflow/example_dags/tutorial_taskflow_api_etl.py
[2023-04-21 01:06:09,148] {processor.py:641} INFO - Processing file /Users/brenda/miniconda3/lib/python3.10/site-packages/airflow/example_dags/tutorial_taskflow_api_etl.py for tasks to queue
[2023-04-21 01:06:09,148] {logging_mixin.py:115} INFO - [2023-04-21 01:06:09,148] {dagbag.py:507} INFO - Filling up the DagBag from /Users/brenda/miniconda3/lib/python3.10/site-packages/airflow/example_dags/tutorial_taskflow_api_etl.py
[2023-04-21 01:06:09,165] {processor.py:651} INFO - DAG(s) dict_keys(['tutorial_taskflow_api_etl']) retrieved from /Users/brenda/miniconda3/lib/python3.10/site-packages/airflow/example_dags/tutorial_taskflow_api_etl.py
[2023-04-21 01:06:09,647] {logging_mixin.py:115} INFO - [2023-04-21 01:06:09,646] {dag.py:2371} INFO - Sync 1 DAGs
[2023-04-21 01:06:09,681] {logging_mixin.py:115} INFO - [2023-04-21 01:06:09,681] {dag.py:2915} INFO - Setting next_dagrun for tutorial_taskflow_api_etl to None, run_after=None
[2023-04-21 01:06:09,687] {processor.py:161} INFO - Processing /Users/brenda/miniconda3/lib/python3.10/site-packages/airflow/example_dags/tutorial_taskflow_api_etl.py took 0.539 seconds
[2023-04-21 01:57:43,266] {processor.py:153} INFO - Started process (PID=57762) to work on /Users/brenda/miniconda3/lib/python3.10/site-packages/airflow/example_dags/tutorial_taskflow_api_etl.py
[2023-04-21 01:57:43,267] {processor.py:641} INFO - Processing file /Users/brenda/miniconda3/lib/python3.10/site-packages/airflow/example_dags/tutorial_taskflow_api_etl.py for tasks to queue
[2023-04-21 01:57:43,267] {logging_mixin.py:115} INFO - [2023-04-21 01:57:43,267] {dagbag.py:507} INFO - Filling up the DagBag from /Users/brenda/miniconda3/lib/python3.10/site-packages/airflow/example_dags/tutorial_taskflow_api_etl.py
[2023-04-21 01:57:43,284] {processor.py:651} INFO - DAG(s) dict_keys(['tutorial_taskflow_api_etl']) retrieved from /Users/brenda/miniconda3/lib/python3.10/site-packages/airflow/example_dags/tutorial_taskflow_api_etl.py
[2023-04-21 01:57:43,716] {logging_mixin.py:115} INFO - [2023-04-21 01:57:43,715] {dag.py:2371} INFO - Sync 1 DAGs
[2023-04-21 01:57:43,749] {logging_mixin.py:115} INFO - [2023-04-21 01:57:43,749] {dag.py:2915} INFO - Setting next_dagrun for tutorial_taskflow_api_etl to None, run_after=None
[2023-04-21 01:57:43,755] {processor.py:161} INFO - Processing /Users/brenda/miniconda3/lib/python3.10/site-packages/airflow/example_dags/tutorial_taskflow_api_etl.py took 0.490 seconds
