[2023-06-08T23:08:00.990+0200] {processor.py:156} INFO - Started process (PID=16305) to work on /Users/brenda/miniconda3/envs/airflow/lib/python3.8/site-packages/airflow/example_dags/subdags/subdag.py
[2023-06-08T23:08:00.993+0200] {processor.py:758} INFO - Processing file /Users/brenda/miniconda3/envs/airflow/lib/python3.8/site-packages/airflow/example_dags/subdags/subdag.py for tasks to queue
[2023-06-08T23:08:00.993+0200] {logging_mixin.py:117} INFO - [2023-06-08T23:08:00.993+0200] {dagbag.py:525} INFO - Filling up the DagBag from /Users/brenda/miniconda3/envs/airflow/lib/python3.8/site-packages/airflow/example_dags/subdags/subdag.py
[2023-06-08T23:08:01.002+0200] {processor.py:770} WARNING - No viable dags retrieved from /Users/brenda/miniconda3/envs/airflow/lib/python3.8/site-packages/airflow/example_dags/subdags/subdag.py
[2023-06-08T23:08:01.085+0200] {processor.py:178} INFO - Processing /Users/brenda/miniconda3/envs/airflow/lib/python3.8/site-packages/airflow/example_dags/subdags/subdag.py took 0.095 seconds
[2023-06-08T23:09:20.398+0200] {processor.py:156} INFO - Started process (PID=16593) to work on /Users/brenda/miniconda3/envs/airflow/lib/python3.8/site-packages/airflow/example_dags/subdags/subdag.py
[2023-06-08T23:09:20.401+0200] {processor.py:758} INFO - Processing file /Users/brenda/miniconda3/envs/airflow/lib/python3.8/site-packages/airflow/example_dags/subdags/subdag.py for tasks to queue
[2023-06-08T23:09:20.402+0200] {logging_mixin.py:117} INFO - [2023-06-08T23:09:20.402+0200] {dagbag.py:525} INFO - Filling up the DagBag from /Users/brenda/miniconda3/envs/airflow/lib/python3.8/site-packages/airflow/example_dags/subdags/subdag.py
[2023-06-08T23:09:20.411+0200] {processor.py:770} WARNING - No viable dags retrieved from /Users/brenda/miniconda3/envs/airflow/lib/python3.8/site-packages/airflow/example_dags/subdags/subdag.py
[2023-06-08T23:09:20.493+0200] {processor.py:178} INFO - Processing /Users/brenda/miniconda3/envs/airflow/lib/python3.8/site-packages/airflow/example_dags/subdags/subdag.py took 0.095 seconds
[2023-06-08T23:09:50.719+0200] {processor.py:156} INFO - Started process (PID=16660) to work on /Users/brenda/miniconda3/envs/airflow/lib/python3.8/site-packages/airflow/example_dags/subdags/subdag.py
[2023-06-08T23:09:50.723+0200] {processor.py:758} INFO - Processing file /Users/brenda/miniconda3/envs/airflow/lib/python3.8/site-packages/airflow/example_dags/subdags/subdag.py for tasks to queue
[2023-06-08T23:09:50.723+0200] {logging_mixin.py:117} INFO - [2023-06-08T23:09:50.723+0200] {dagbag.py:525} INFO - Filling up the DagBag from /Users/brenda/miniconda3/envs/airflow/lib/python3.8/site-packages/airflow/example_dags/subdags/subdag.py
[2023-06-08T23:09:50.732+0200] {processor.py:770} WARNING - No viable dags retrieved from /Users/brenda/miniconda3/envs/airflow/lib/python3.8/site-packages/airflow/example_dags/subdags/subdag.py
[2023-06-08T23:09:50.814+0200] {processor.py:178} INFO - Processing /Users/brenda/miniconda3/envs/airflow/lib/python3.8/site-packages/airflow/example_dags/subdags/subdag.py took 0.095 seconds
[2023-06-08T23:10:21.703+0200] {processor.py:156} INFO - Started process (PID=16732) to work on /Users/brenda/miniconda3/envs/airflow/lib/python3.8/site-packages/airflow/example_dags/subdags/subdag.py
[2023-06-08T23:10:21.707+0200] {processor.py:758} INFO - Processing file /Users/brenda/miniconda3/envs/airflow/lib/python3.8/site-packages/airflow/example_dags/subdags/subdag.py for tasks to queue
[2023-06-08T23:10:21.708+0200] {logging_mixin.py:117} INFO - [2023-06-08T23:10:21.708+0200] {dagbag.py:525} INFO - Filling up the DagBag from /Users/brenda/miniconda3/envs/airflow/lib/python3.8/site-packages/airflow/example_dags/subdags/subdag.py
[2023-06-08T23:10:21.717+0200] {processor.py:770} WARNING - No viable dags retrieved from /Users/brenda/miniconda3/envs/airflow/lib/python3.8/site-packages/airflow/example_dags/subdags/subdag.py
[2023-06-08T23:10:21.798+0200] {processor.py:178} INFO - Processing /Users/brenda/miniconda3/envs/airflow/lib/python3.8/site-packages/airflow/example_dags/subdags/subdag.py took 0.095 seconds
[2023-06-08T23:10:53.138+0200] {processor.py:156} INFO - Started process (PID=16810) to work on /Users/brenda/miniconda3/envs/airflow/lib/python3.8/site-packages/airflow/example_dags/subdags/subdag.py
[2023-06-08T23:10:53.142+0200] {processor.py:758} INFO - Processing file /Users/brenda/miniconda3/envs/airflow/lib/python3.8/site-packages/airflow/example_dags/subdags/subdag.py for tasks to queue
[2023-06-08T23:10:53.143+0200] {logging_mixin.py:117} INFO - [2023-06-08T23:10:53.143+0200] {dagbag.py:525} INFO - Filling up the DagBag from /Users/brenda/miniconda3/envs/airflow/lib/python3.8/site-packages/airflow/example_dags/subdags/subdag.py
[2023-06-08T23:10:53.152+0200] {processor.py:770} WARNING - No viable dags retrieved from /Users/brenda/miniconda3/envs/airflow/lib/python3.8/site-packages/airflow/example_dags/subdags/subdag.py
[2023-06-08T23:10:53.234+0200] {processor.py:178} INFO - Processing /Users/brenda/miniconda3/envs/airflow/lib/python3.8/site-packages/airflow/example_dags/subdags/subdag.py took 0.096 seconds
[2023-06-08T23:11:24.960+0200] {processor.py:156} INFO - Started process (PID=16885) to work on /Users/brenda/miniconda3/envs/airflow/lib/python3.8/site-packages/airflow/example_dags/subdags/subdag.py
[2023-06-08T23:11:24.964+0200] {processor.py:758} INFO - Processing file /Users/brenda/miniconda3/envs/airflow/lib/python3.8/site-packages/airflow/example_dags/subdags/subdag.py for tasks to queue
[2023-06-08T23:11:24.964+0200] {logging_mixin.py:117} INFO - [2023-06-08T23:11:24.964+0200] {dagbag.py:525} INFO - Filling up the DagBag from /Users/brenda/miniconda3/envs/airflow/lib/python3.8/site-packages/airflow/example_dags/subdags/subdag.py
[2023-06-08T23:11:24.973+0200] {processor.py:770} WARNING - No viable dags retrieved from /Users/brenda/miniconda3/envs/airflow/lib/python3.8/site-packages/airflow/example_dags/subdags/subdag.py
[2023-06-08T23:11:25.055+0200] {processor.py:178} INFO - Processing /Users/brenda/miniconda3/envs/airflow/lib/python3.8/site-packages/airflow/example_dags/subdags/subdag.py took 0.096 seconds
[2023-06-08T23:11:57.458+0200] {processor.py:156} INFO - Started process (PID=16961) to work on /Users/brenda/miniconda3/envs/airflow/lib/python3.8/site-packages/airflow/example_dags/subdags/subdag.py
[2023-06-08T23:11:57.462+0200] {processor.py:758} INFO - Processing file /Users/brenda/miniconda3/envs/airflow/lib/python3.8/site-packages/airflow/example_dags/subdags/subdag.py for tasks to queue
[2023-06-08T23:11:57.462+0200] {logging_mixin.py:117} INFO - [2023-06-08T23:11:57.462+0200] {dagbag.py:525} INFO - Filling up the DagBag from /Users/brenda/miniconda3/envs/airflow/lib/python3.8/site-packages/airflow/example_dags/subdags/subdag.py
[2023-06-08T23:11:57.471+0200] {processor.py:770} WARNING - No viable dags retrieved from /Users/brenda/miniconda3/envs/airflow/lib/python3.8/site-packages/airflow/example_dags/subdags/subdag.py
[2023-06-08T23:11:57.565+0200] {processor.py:178} INFO - Processing /Users/brenda/miniconda3/envs/airflow/lib/python3.8/site-packages/airflow/example_dags/subdags/subdag.py took 0.108 seconds
[2023-06-08T23:12:29.071+0200] {processor.py:156} INFO - Started process (PID=17029) to work on /Users/brenda/miniconda3/envs/airflow/lib/python3.8/site-packages/airflow/example_dags/subdags/subdag.py
[2023-06-08T23:12:29.074+0200] {processor.py:758} INFO - Processing file /Users/brenda/miniconda3/envs/airflow/lib/python3.8/site-packages/airflow/example_dags/subdags/subdag.py for tasks to queue
[2023-06-08T23:12:29.074+0200] {logging_mixin.py:117} INFO - [2023-06-08T23:12:29.074+0200] {dagbag.py:525} INFO - Filling up the DagBag from /Users/brenda/miniconda3/envs/airflow/lib/python3.8/site-packages/airflow/example_dags/subdags/subdag.py
[2023-06-08T23:12:29.083+0200] {processor.py:770} WARNING - No viable dags retrieved from /Users/brenda/miniconda3/envs/airflow/lib/python3.8/site-packages/airflow/example_dags/subdags/subdag.py
[2023-06-08T23:12:29.167+0200] {processor.py:178} INFO - Processing /Users/brenda/miniconda3/envs/airflow/lib/python3.8/site-packages/airflow/example_dags/subdags/subdag.py took 0.096 seconds
[2023-06-08T23:12:59.855+0200] {processor.py:156} INFO - Started process (PID=17097) to work on /Users/brenda/miniconda3/envs/airflow/lib/python3.8/site-packages/airflow/example_dags/subdags/subdag.py
[2023-06-08T23:12:59.859+0200] {processor.py:758} INFO - Processing file /Users/brenda/miniconda3/envs/airflow/lib/python3.8/site-packages/airflow/example_dags/subdags/subdag.py for tasks to queue
[2023-06-08T23:12:59.859+0200] {logging_mixin.py:117} INFO - [2023-06-08T23:12:59.859+0200] {dagbag.py:525} INFO - Filling up the DagBag from /Users/brenda/miniconda3/envs/airflow/lib/python3.8/site-packages/airflow/example_dags/subdags/subdag.py
[2023-06-08T23:12:59.868+0200] {processor.py:770} WARNING - No viable dags retrieved from /Users/brenda/miniconda3/envs/airflow/lib/python3.8/site-packages/airflow/example_dags/subdags/subdag.py
[2023-06-08T23:12:59.951+0200] {processor.py:178} INFO - Processing /Users/brenda/miniconda3/envs/airflow/lib/python3.8/site-packages/airflow/example_dags/subdags/subdag.py took 0.096 seconds
[2023-06-08T23:13:46.933+0200] {processor.py:156} INFO - Started process (PID=17228) to work on /Users/brenda/miniconda3/envs/airflow/lib/python3.8/site-packages/airflow/example_dags/subdags/subdag.py
[2023-06-08T23:13:46.937+0200] {processor.py:758} INFO - Processing file /Users/brenda/miniconda3/envs/airflow/lib/python3.8/site-packages/airflow/example_dags/subdags/subdag.py for tasks to queue
[2023-06-08T23:13:46.937+0200] {logging_mixin.py:117} INFO - [2023-06-08T23:13:46.937+0200] {dagbag.py:525} INFO - Filling up the DagBag from /Users/brenda/miniconda3/envs/airflow/lib/python3.8/site-packages/airflow/example_dags/subdags/subdag.py
[2023-06-08T23:13:46.945+0200] {processor.py:770} WARNING - No viable dags retrieved from /Users/brenda/miniconda3/envs/airflow/lib/python3.8/site-packages/airflow/example_dags/subdags/subdag.py
[2023-06-08T23:13:47.029+0200] {processor.py:178} INFO - Processing /Users/brenda/miniconda3/envs/airflow/lib/python3.8/site-packages/airflow/example_dags/subdags/subdag.py took 0.096 seconds
[2023-06-08T23:15:18.237+0200] {processor.py:156} INFO - Started process (PID=17571) to work on /Users/brenda/miniconda3/envs/airflow/lib/python3.8/site-packages/airflow/example_dags/subdags/subdag.py
[2023-06-08T23:15:18.241+0200] {processor.py:758} INFO - Processing file /Users/brenda/miniconda3/envs/airflow/lib/python3.8/site-packages/airflow/example_dags/subdags/subdag.py for tasks to queue
[2023-06-08T23:15:18.241+0200] {logging_mixin.py:117} INFO - [2023-06-08T23:15:18.241+0200] {dagbag.py:525} INFO - Filling up the DagBag from /Users/brenda/miniconda3/envs/airflow/lib/python3.8/site-packages/airflow/example_dags/subdags/subdag.py
[2023-06-08T23:15:18.251+0200] {processor.py:770} WARNING - No viable dags retrieved from /Users/brenda/miniconda3/envs/airflow/lib/python3.8/site-packages/airflow/example_dags/subdags/subdag.py
[2023-06-08T23:15:18.352+0200] {processor.py:178} INFO - Processing /Users/brenda/miniconda3/envs/airflow/lib/python3.8/site-packages/airflow/example_dags/subdags/subdag.py took 0.116 seconds
[2023-06-08T23:15:50.227+0200] {processor.py:156} INFO - Started process (PID=17651) to work on /Users/brenda/miniconda3/envs/airflow/lib/python3.8/site-packages/airflow/example_dags/subdags/subdag.py
[2023-06-08T23:15:50.231+0200] {processor.py:758} INFO - Processing file /Users/brenda/miniconda3/envs/airflow/lib/python3.8/site-packages/airflow/example_dags/subdags/subdag.py for tasks to queue
[2023-06-08T23:15:50.231+0200] {logging_mixin.py:117} INFO - [2023-06-08T23:15:50.231+0200] {dagbag.py:525} INFO - Filling up the DagBag from /Users/brenda/miniconda3/envs/airflow/lib/python3.8/site-packages/airflow/example_dags/subdags/subdag.py
[2023-06-08T23:15:50.240+0200] {processor.py:770} WARNING - No viable dags retrieved from /Users/brenda/miniconda3/envs/airflow/lib/python3.8/site-packages/airflow/example_dags/subdags/subdag.py
[2023-06-08T23:15:50.325+0200] {processor.py:178} INFO - Processing /Users/brenda/miniconda3/envs/airflow/lib/python3.8/site-packages/airflow/example_dags/subdags/subdag.py took 0.098 seconds
[2023-06-08T23:16:21.535+0200] {processor.py:156} INFO - Started process (PID=17718) to work on /Users/brenda/miniconda3/envs/airflow/lib/python3.8/site-packages/airflow/example_dags/subdags/subdag.py
[2023-06-08T23:16:21.539+0200] {processor.py:758} INFO - Processing file /Users/brenda/miniconda3/envs/airflow/lib/python3.8/site-packages/airflow/example_dags/subdags/subdag.py for tasks to queue
[2023-06-08T23:16:21.539+0200] {logging_mixin.py:117} INFO - [2023-06-08T23:16:21.539+0200] {dagbag.py:525} INFO - Filling up the DagBag from /Users/brenda/miniconda3/envs/airflow/lib/python3.8/site-packages/airflow/example_dags/subdags/subdag.py
[2023-06-08T23:16:21.548+0200] {processor.py:770} WARNING - No viable dags retrieved from /Users/brenda/miniconda3/envs/airflow/lib/python3.8/site-packages/airflow/example_dags/subdags/subdag.py
[2023-06-08T23:16:21.631+0200] {processor.py:178} INFO - Processing /Users/brenda/miniconda3/envs/airflow/lib/python3.8/site-packages/airflow/example_dags/subdags/subdag.py took 0.097 seconds
[2023-06-08T23:16:51.818+0200] {processor.py:156} INFO - Started process (PID=17782) to work on /Users/brenda/miniconda3/envs/airflow/lib/python3.8/site-packages/airflow/example_dags/subdags/subdag.py
[2023-06-08T23:16:51.822+0200] {processor.py:758} INFO - Processing file /Users/brenda/miniconda3/envs/airflow/lib/python3.8/site-packages/airflow/example_dags/subdags/subdag.py for tasks to queue
[2023-06-08T23:16:51.823+0200] {logging_mixin.py:117} INFO - [2023-06-08T23:16:51.823+0200] {dagbag.py:525} INFO - Filling up the DagBag from /Users/brenda/miniconda3/envs/airflow/lib/python3.8/site-packages/airflow/example_dags/subdags/subdag.py
[2023-06-08T23:16:51.832+0200] {processor.py:770} WARNING - No viable dags retrieved from /Users/brenda/miniconda3/envs/airflow/lib/python3.8/site-packages/airflow/example_dags/subdags/subdag.py
[2023-06-08T23:16:51.914+0200] {processor.py:178} INFO - Processing /Users/brenda/miniconda3/envs/airflow/lib/python3.8/site-packages/airflow/example_dags/subdags/subdag.py took 0.096 seconds
[2023-06-08T23:17:23.550+0200] {processor.py:156} INFO - Started process (PID=17850) to work on /Users/brenda/miniconda3/envs/airflow/lib/python3.8/site-packages/airflow/example_dags/subdags/subdag.py
[2023-06-08T23:17:23.554+0200] {processor.py:758} INFO - Processing file /Users/brenda/miniconda3/envs/airflow/lib/python3.8/site-packages/airflow/example_dags/subdags/subdag.py for tasks to queue
[2023-06-08T23:17:23.554+0200] {logging_mixin.py:117} INFO - [2023-06-08T23:17:23.554+0200] {dagbag.py:525} INFO - Filling up the DagBag from /Users/brenda/miniconda3/envs/airflow/lib/python3.8/site-packages/airflow/example_dags/subdags/subdag.py
[2023-06-08T23:17:23.564+0200] {processor.py:770} WARNING - No viable dags retrieved from /Users/brenda/miniconda3/envs/airflow/lib/python3.8/site-packages/airflow/example_dags/subdags/subdag.py
[2023-06-08T23:17:23.647+0200] {processor.py:178} INFO - Processing /Users/brenda/miniconda3/envs/airflow/lib/python3.8/site-packages/airflow/example_dags/subdags/subdag.py took 0.097 seconds
[2023-06-08T23:17:55.991+0200] {processor.py:156} INFO - Started process (PID=17948) to work on /Users/brenda/miniconda3/envs/airflow/lib/python3.8/site-packages/airflow/example_dags/subdags/subdag.py
[2023-06-08T23:17:55.994+0200] {processor.py:758} INFO - Processing file /Users/brenda/miniconda3/envs/airflow/lib/python3.8/site-packages/airflow/example_dags/subdags/subdag.py for tasks to queue
[2023-06-08T23:17:55.994+0200] {logging_mixin.py:117} INFO - [2023-06-08T23:17:55.994+0200] {dagbag.py:525} INFO - Filling up the DagBag from /Users/brenda/miniconda3/envs/airflow/lib/python3.8/site-packages/airflow/example_dags/subdags/subdag.py
[2023-06-08T23:17:56.003+0200] {processor.py:770} WARNING - No viable dags retrieved from /Users/brenda/miniconda3/envs/airflow/lib/python3.8/site-packages/airflow/example_dags/subdags/subdag.py
[2023-06-08T23:17:56.093+0200] {processor.py:178} INFO - Processing /Users/brenda/miniconda3/envs/airflow/lib/python3.8/site-packages/airflow/example_dags/subdags/subdag.py took 0.103 seconds
[2023-06-08T23:18:28.373+0200] {processor.py:156} INFO - Started process (PID=18017) to work on /Users/brenda/miniconda3/envs/airflow/lib/python3.8/site-packages/airflow/example_dags/subdags/subdag.py
[2023-06-08T23:18:28.377+0200] {processor.py:758} INFO - Processing file /Users/brenda/miniconda3/envs/airflow/lib/python3.8/site-packages/airflow/example_dags/subdags/subdag.py for tasks to queue
[2023-06-08T23:18:28.378+0200] {logging_mixin.py:117} INFO - [2023-06-08T23:18:28.378+0200] {dagbag.py:525} INFO - Filling up the DagBag from /Users/brenda/miniconda3/envs/airflow/lib/python3.8/site-packages/airflow/example_dags/subdags/subdag.py
[2023-06-08T23:18:28.387+0200] {processor.py:770} WARNING - No viable dags retrieved from /Users/brenda/miniconda3/envs/airflow/lib/python3.8/site-packages/airflow/example_dags/subdags/subdag.py
[2023-06-08T23:18:28.470+0200] {processor.py:178} INFO - Processing /Users/brenda/miniconda3/envs/airflow/lib/python3.8/site-packages/airflow/example_dags/subdags/subdag.py took 0.097 seconds
[2023-06-08T23:19:01.751+0200] {processor.py:156} INFO - Started process (PID=18098) to work on /Users/brenda/miniconda3/envs/airflow/lib/python3.8/site-packages/airflow/example_dags/subdags/subdag.py
[2023-06-08T23:19:01.760+0200] {processor.py:758} INFO - Processing file /Users/brenda/miniconda3/envs/airflow/lib/python3.8/site-packages/airflow/example_dags/subdags/subdag.py for tasks to queue
[2023-06-08T23:19:01.761+0200] {logging_mixin.py:117} INFO - [2023-06-08T23:19:01.761+0200] {dagbag.py:525} INFO - Filling up the DagBag from /Users/brenda/miniconda3/envs/airflow/lib/python3.8/site-packages/airflow/example_dags/subdags/subdag.py
[2023-06-08T23:19:01.771+0200] {processor.py:770} WARNING - No viable dags retrieved from /Users/brenda/miniconda3/envs/airflow/lib/python3.8/site-packages/airflow/example_dags/subdags/subdag.py
[2023-06-08T23:19:01.855+0200] {processor.py:178} INFO - Processing /Users/brenda/miniconda3/envs/airflow/lib/python3.8/site-packages/airflow/example_dags/subdags/subdag.py took 0.104 seconds
[2023-06-08T23:20:42.752+0200] {processor.py:156} INFO - Started process (PID=18492) to work on /Users/brenda/miniconda3/envs/airflow/lib/python3.8/site-packages/airflow/example_dags/subdags/subdag.py
[2023-06-08T23:20:42.756+0200] {processor.py:758} INFO - Processing file /Users/brenda/miniconda3/envs/airflow/lib/python3.8/site-packages/airflow/example_dags/subdags/subdag.py for tasks to queue
[2023-06-08T23:20:42.757+0200] {logging_mixin.py:117} INFO - [2023-06-08T23:20:42.757+0200] {dagbag.py:525} INFO - Filling up the DagBag from /Users/brenda/miniconda3/envs/airflow/lib/python3.8/site-packages/airflow/example_dags/subdags/subdag.py
[2023-06-08T23:20:42.765+0200] {processor.py:770} WARNING - No viable dags retrieved from /Users/brenda/miniconda3/envs/airflow/lib/python3.8/site-packages/airflow/example_dags/subdags/subdag.py
[2023-06-08T23:20:42.848+0200] {processor.py:178} INFO - Processing /Users/brenda/miniconda3/envs/airflow/lib/python3.8/site-packages/airflow/example_dags/subdags/subdag.py took 0.095 seconds
[2023-06-08T23:21:18.124+0200] {processor.py:156} INFO - Started process (PID=18598) to work on /Users/brenda/miniconda3/envs/airflow/lib/python3.8/site-packages/airflow/example_dags/subdags/subdag.py
[2023-06-08T23:21:18.128+0200] {processor.py:758} INFO - Processing file /Users/brenda/miniconda3/envs/airflow/lib/python3.8/site-packages/airflow/example_dags/subdags/subdag.py for tasks to queue
[2023-06-08T23:21:18.128+0200] {logging_mixin.py:117} INFO - [2023-06-08T23:21:18.128+0200] {dagbag.py:525} INFO - Filling up the DagBag from /Users/brenda/miniconda3/envs/airflow/lib/python3.8/site-packages/airflow/example_dags/subdags/subdag.py
[2023-06-08T23:21:18.137+0200] {processor.py:770} WARNING - No viable dags retrieved from /Users/brenda/miniconda3/envs/airflow/lib/python3.8/site-packages/airflow/example_dags/subdags/subdag.py
[2023-06-08T23:21:18.220+0200] {processor.py:178} INFO - Processing /Users/brenda/miniconda3/envs/airflow/lib/python3.8/site-packages/airflow/example_dags/subdags/subdag.py took 0.096 seconds
[2023-06-08T23:21:52.071+0200] {processor.py:156} INFO - Started process (PID=18684) to work on /Users/brenda/miniconda3/envs/airflow/lib/python3.8/site-packages/airflow/example_dags/subdags/subdag.py
[2023-06-08T23:21:52.074+0200] {processor.py:758} INFO - Processing file /Users/brenda/miniconda3/envs/airflow/lib/python3.8/site-packages/airflow/example_dags/subdags/subdag.py for tasks to queue
[2023-06-08T23:21:52.074+0200] {logging_mixin.py:117} INFO - [2023-06-08T23:21:52.074+0200] {dagbag.py:525} INFO - Filling up the DagBag from /Users/brenda/miniconda3/envs/airflow/lib/python3.8/site-packages/airflow/example_dags/subdags/subdag.py
[2023-06-08T23:21:52.083+0200] {processor.py:770} WARNING - No viable dags retrieved from /Users/brenda/miniconda3/envs/airflow/lib/python3.8/site-packages/airflow/example_dags/subdags/subdag.py
[2023-06-08T23:21:52.173+0200] {processor.py:178} INFO - Processing /Users/brenda/miniconda3/envs/airflow/lib/python3.8/site-packages/airflow/example_dags/subdags/subdag.py took 0.102 seconds
[2023-06-08T23:22:24.056+0200] {processor.py:156} INFO - Started process (PID=18758) to work on /Users/brenda/miniconda3/envs/airflow/lib/python3.8/site-packages/airflow/example_dags/subdags/subdag.py
[2023-06-08T23:22:24.060+0200] {processor.py:758} INFO - Processing file /Users/brenda/miniconda3/envs/airflow/lib/python3.8/site-packages/airflow/example_dags/subdags/subdag.py for tasks to queue
[2023-06-08T23:22:24.060+0200] {logging_mixin.py:117} INFO - [2023-06-08T23:22:24.060+0200] {dagbag.py:525} INFO - Filling up the DagBag from /Users/brenda/miniconda3/envs/airflow/lib/python3.8/site-packages/airflow/example_dags/subdags/subdag.py
[2023-06-08T23:22:24.070+0200] {processor.py:770} WARNING - No viable dags retrieved from /Users/brenda/miniconda3/envs/airflow/lib/python3.8/site-packages/airflow/example_dags/subdags/subdag.py
[2023-06-08T23:22:24.158+0200] {processor.py:178} INFO - Processing /Users/brenda/miniconda3/envs/airflow/lib/python3.8/site-packages/airflow/example_dags/subdags/subdag.py took 0.102 seconds
[2023-06-08T23:22:57.171+0200] {processor.py:156} INFO - Started process (PID=18831) to work on /Users/brenda/miniconda3/envs/airflow/lib/python3.8/site-packages/airflow/example_dags/subdags/subdag.py
[2023-06-08T23:22:57.174+0200] {processor.py:758} INFO - Processing file /Users/brenda/miniconda3/envs/airflow/lib/python3.8/site-packages/airflow/example_dags/subdags/subdag.py for tasks to queue
[2023-06-08T23:22:57.175+0200] {logging_mixin.py:117} INFO - [2023-06-08T23:22:57.175+0200] {dagbag.py:525} INFO - Filling up the DagBag from /Users/brenda/miniconda3/envs/airflow/lib/python3.8/site-packages/airflow/example_dags/subdags/subdag.py
[2023-06-08T23:22:57.184+0200] {processor.py:770} WARNING - No viable dags retrieved from /Users/brenda/miniconda3/envs/airflow/lib/python3.8/site-packages/airflow/example_dags/subdags/subdag.py
[2023-06-08T23:22:57.288+0200] {processor.py:178} INFO - Processing /Users/brenda/miniconda3/envs/airflow/lib/python3.8/site-packages/airflow/example_dags/subdags/subdag.py took 0.117 seconds
[2023-06-08T23:23:30.395+0200] {processor.py:156} INFO - Started process (PID=18926) to work on /Users/brenda/miniconda3/envs/airflow/lib/python3.8/site-packages/airflow/example_dags/subdags/subdag.py
[2023-06-08T23:23:30.399+0200] {processor.py:758} INFO - Processing file /Users/brenda/miniconda3/envs/airflow/lib/python3.8/site-packages/airflow/example_dags/subdags/subdag.py for tasks to queue
[2023-06-08T23:23:30.399+0200] {logging_mixin.py:117} INFO - [2023-06-08T23:23:30.399+0200] {dagbag.py:525} INFO - Filling up the DagBag from /Users/brenda/miniconda3/envs/airflow/lib/python3.8/site-packages/airflow/example_dags/subdags/subdag.py
[2023-06-08T23:23:30.408+0200] {processor.py:770} WARNING - No viable dags retrieved from /Users/brenda/miniconda3/envs/airflow/lib/python3.8/site-packages/airflow/example_dags/subdags/subdag.py
[2023-06-08T23:23:30.498+0200] {processor.py:178} INFO - Processing /Users/brenda/miniconda3/envs/airflow/lib/python3.8/site-packages/airflow/example_dags/subdags/subdag.py took 0.104 seconds
[2023-06-08T23:24:02.771+0200] {processor.py:156} INFO - Started process (PID=18998) to work on /Users/brenda/miniconda3/envs/airflow/lib/python3.8/site-packages/airflow/example_dags/subdags/subdag.py
[2023-06-08T23:24:02.775+0200] {processor.py:758} INFO - Processing file /Users/brenda/miniconda3/envs/airflow/lib/python3.8/site-packages/airflow/example_dags/subdags/subdag.py for tasks to queue
[2023-06-08T23:24:02.775+0200] {logging_mixin.py:117} INFO - [2023-06-08T23:24:02.775+0200] {dagbag.py:525} INFO - Filling up the DagBag from /Users/brenda/miniconda3/envs/airflow/lib/python3.8/site-packages/airflow/example_dags/subdags/subdag.py
[2023-06-08T23:24:02.784+0200] {processor.py:770} WARNING - No viable dags retrieved from /Users/brenda/miniconda3/envs/airflow/lib/python3.8/site-packages/airflow/example_dags/subdags/subdag.py
[2023-06-08T23:24:02.866+0200] {processor.py:178} INFO - Processing /Users/brenda/miniconda3/envs/airflow/lib/python3.8/site-packages/airflow/example_dags/subdags/subdag.py took 0.096 seconds
[2023-06-08T23:24:43.647+0200] {processor.py:156} INFO - Started process (PID=19100) to work on /Users/brenda/miniconda3/envs/airflow/lib/python3.8/site-packages/airflow/example_dags/subdags/subdag.py
[2023-06-08T23:24:43.651+0200] {processor.py:758} INFO - Processing file /Users/brenda/miniconda3/envs/airflow/lib/python3.8/site-packages/airflow/example_dags/subdags/subdag.py for tasks to queue
[2023-06-08T23:24:43.652+0200] {logging_mixin.py:117} INFO - [2023-06-08T23:24:43.652+0200] {dagbag.py:525} INFO - Filling up the DagBag from /Users/brenda/miniconda3/envs/airflow/lib/python3.8/site-packages/airflow/example_dags/subdags/subdag.py
[2023-06-08T23:24:43.660+0200] {processor.py:770} WARNING - No viable dags retrieved from /Users/brenda/miniconda3/envs/airflow/lib/python3.8/site-packages/airflow/example_dags/subdags/subdag.py
[2023-06-08T23:24:43.743+0200] {processor.py:178} INFO - Processing /Users/brenda/miniconda3/envs/airflow/lib/python3.8/site-packages/airflow/example_dags/subdags/subdag.py took 0.096 seconds
[2023-06-08T23:25:41.042+0200] {processor.py:156} INFO - Started process (PID=19289) to work on /Users/brenda/miniconda3/envs/airflow/lib/python3.8/site-packages/airflow/example_dags/subdags/subdag.py
[2023-06-08T23:25:41.046+0200] {processor.py:758} INFO - Processing file /Users/brenda/miniconda3/envs/airflow/lib/python3.8/site-packages/airflow/example_dags/subdags/subdag.py for tasks to queue
[2023-06-08T23:25:41.046+0200] {logging_mixin.py:117} INFO - [2023-06-08T23:25:41.046+0200] {dagbag.py:525} INFO - Filling up the DagBag from /Users/brenda/miniconda3/envs/airflow/lib/python3.8/site-packages/airflow/example_dags/subdags/subdag.py
[2023-06-08T23:25:41.055+0200] {processor.py:770} WARNING - No viable dags retrieved from /Users/brenda/miniconda3/envs/airflow/lib/python3.8/site-packages/airflow/example_dags/subdags/subdag.py
[2023-06-08T23:25:41.141+0200] {processor.py:178} INFO - Processing /Users/brenda/miniconda3/envs/airflow/lib/python3.8/site-packages/airflow/example_dags/subdags/subdag.py took 0.099 seconds
[2023-06-08T23:26:52.629+0200] {processor.py:156} INFO - Started process (PID=19558) to work on /Users/brenda/miniconda3/envs/airflow/lib/python3.8/site-packages/airflow/example_dags/subdags/subdag.py
[2023-06-08T23:26:52.633+0200] {processor.py:758} INFO - Processing file /Users/brenda/miniconda3/envs/airflow/lib/python3.8/site-packages/airflow/example_dags/subdags/subdag.py for tasks to queue
[2023-06-08T23:26:52.633+0200] {logging_mixin.py:117} INFO - [2023-06-08T23:26:52.633+0200] {dagbag.py:525} INFO - Filling up the DagBag from /Users/brenda/miniconda3/envs/airflow/lib/python3.8/site-packages/airflow/example_dags/subdags/subdag.py
[2023-06-08T23:26:52.642+0200] {processor.py:770} WARNING - No viable dags retrieved from /Users/brenda/miniconda3/envs/airflow/lib/python3.8/site-packages/airflow/example_dags/subdags/subdag.py
[2023-06-08T23:26:52.725+0200] {processor.py:178} INFO - Processing /Users/brenda/miniconda3/envs/airflow/lib/python3.8/site-packages/airflow/example_dags/subdags/subdag.py took 0.096 seconds
[2023-06-08T23:27:24.979+0200] {processor.py:156} INFO - Started process (PID=19625) to work on /Users/brenda/miniconda3/envs/airflow/lib/python3.8/site-packages/airflow/example_dags/subdags/subdag.py
[2023-06-08T23:27:24.982+0200] {processor.py:758} INFO - Processing file /Users/brenda/miniconda3/envs/airflow/lib/python3.8/site-packages/airflow/example_dags/subdags/subdag.py for tasks to queue
[2023-06-08T23:27:24.983+0200] {logging_mixin.py:117} INFO - [2023-06-08T23:27:24.983+0200] {dagbag.py:525} INFO - Filling up the DagBag from /Users/brenda/miniconda3/envs/airflow/lib/python3.8/site-packages/airflow/example_dags/subdags/subdag.py
[2023-06-08T23:27:24.992+0200] {processor.py:770} WARNING - No viable dags retrieved from /Users/brenda/miniconda3/envs/airflow/lib/python3.8/site-packages/airflow/example_dags/subdags/subdag.py
[2023-06-08T23:27:25.075+0200] {processor.py:178} INFO - Processing /Users/brenda/miniconda3/envs/airflow/lib/python3.8/site-packages/airflow/example_dags/subdags/subdag.py took 0.097 seconds
[2023-06-08T23:27:57.132+0200] {processor.py:156} INFO - Started process (PID=19701) to work on /Users/brenda/miniconda3/envs/airflow/lib/python3.8/site-packages/airflow/example_dags/subdags/subdag.py
[2023-06-08T23:27:57.136+0200] {processor.py:758} INFO - Processing file /Users/brenda/miniconda3/envs/airflow/lib/python3.8/site-packages/airflow/example_dags/subdags/subdag.py for tasks to queue
[2023-06-08T23:27:57.137+0200] {logging_mixin.py:117} INFO - [2023-06-08T23:27:57.136+0200] {dagbag.py:525} INFO - Filling up the DagBag from /Users/brenda/miniconda3/envs/airflow/lib/python3.8/site-packages/airflow/example_dags/subdags/subdag.py
[2023-06-08T23:27:57.145+0200] {processor.py:770} WARNING - No viable dags retrieved from /Users/brenda/miniconda3/envs/airflow/lib/python3.8/site-packages/airflow/example_dags/subdags/subdag.py
[2023-06-08T23:27:57.227+0200] {processor.py:178} INFO - Processing /Users/brenda/miniconda3/envs/airflow/lib/python3.8/site-packages/airflow/example_dags/subdags/subdag.py took 0.095 seconds
[2023-06-08T23:28:29.452+0200] {processor.py:156} INFO - Started process (PID=19769) to work on /Users/brenda/miniconda3/envs/airflow/lib/python3.8/site-packages/airflow/example_dags/subdags/subdag.py
[2023-06-08T23:28:29.456+0200] {processor.py:758} INFO - Processing file /Users/brenda/miniconda3/envs/airflow/lib/python3.8/site-packages/airflow/example_dags/subdags/subdag.py for tasks to queue
[2023-06-08T23:28:29.456+0200] {logging_mixin.py:117} INFO - [2023-06-08T23:28:29.456+0200] {dagbag.py:525} INFO - Filling up the DagBag from /Users/brenda/miniconda3/envs/airflow/lib/python3.8/site-packages/airflow/example_dags/subdags/subdag.py
[2023-06-08T23:28:29.465+0200] {processor.py:770} WARNING - No viable dags retrieved from /Users/brenda/miniconda3/envs/airflow/lib/python3.8/site-packages/airflow/example_dags/subdags/subdag.py
[2023-06-08T23:28:29.550+0200] {processor.py:178} INFO - Processing /Users/brenda/miniconda3/envs/airflow/lib/python3.8/site-packages/airflow/example_dags/subdags/subdag.py took 0.098 seconds
[2023-06-08T23:29:02.920+0200] {processor.py:156} INFO - Started process (PID=19855) to work on /Users/brenda/miniconda3/envs/airflow/lib/python3.8/site-packages/airflow/example_dags/subdags/subdag.py
[2023-06-08T23:29:02.924+0200] {processor.py:758} INFO - Processing file /Users/brenda/miniconda3/envs/airflow/lib/python3.8/site-packages/airflow/example_dags/subdags/subdag.py for tasks to queue
[2023-06-08T23:29:02.924+0200] {logging_mixin.py:117} INFO - [2023-06-08T23:29:02.924+0200] {dagbag.py:525} INFO - Filling up the DagBag from /Users/brenda/miniconda3/envs/airflow/lib/python3.8/site-packages/airflow/example_dags/subdags/subdag.py
[2023-06-08T23:29:02.933+0200] {processor.py:770} WARNING - No viable dags retrieved from /Users/brenda/miniconda3/envs/airflow/lib/python3.8/site-packages/airflow/example_dags/subdags/subdag.py
[2023-06-08T23:29:03.016+0200] {processor.py:178} INFO - Processing /Users/brenda/miniconda3/envs/airflow/lib/python3.8/site-packages/airflow/example_dags/subdags/subdag.py took 0.097 seconds
[2023-06-08T23:29:34.916+0200] {processor.py:156} INFO - Started process (PID=19922) to work on /Users/brenda/miniconda3/envs/airflow/lib/python3.8/site-packages/airflow/example_dags/subdags/subdag.py
[2023-06-08T23:29:34.920+0200] {processor.py:758} INFO - Processing file /Users/brenda/miniconda3/envs/airflow/lib/python3.8/site-packages/airflow/example_dags/subdags/subdag.py for tasks to queue
[2023-06-08T23:29:34.920+0200] {logging_mixin.py:117} INFO - [2023-06-08T23:29:34.920+0200] {dagbag.py:525} INFO - Filling up the DagBag from /Users/brenda/miniconda3/envs/airflow/lib/python3.8/site-packages/airflow/example_dags/subdags/subdag.py
[2023-06-08T23:29:34.929+0200] {processor.py:770} WARNING - No viable dags retrieved from /Users/brenda/miniconda3/envs/airflow/lib/python3.8/site-packages/airflow/example_dags/subdags/subdag.py
[2023-06-08T23:29:35.013+0200] {processor.py:178} INFO - Processing /Users/brenda/miniconda3/envs/airflow/lib/python3.8/site-packages/airflow/example_dags/subdags/subdag.py took 0.097 seconds
[2023-06-08T23:30:17.131+0200] {processor.py:156} INFO - Started process (PID=20040) to work on /Users/brenda/miniconda3/envs/airflow/lib/python3.8/site-packages/airflow/example_dags/subdags/subdag.py
[2023-06-08T23:30:17.135+0200] {processor.py:758} INFO - Processing file /Users/brenda/miniconda3/envs/airflow/lib/python3.8/site-packages/airflow/example_dags/subdags/subdag.py for tasks to queue
[2023-06-08T23:30:17.137+0200] {logging_mixin.py:117} INFO - [2023-06-08T23:30:17.137+0200] {dagbag.py:525} INFO - Filling up the DagBag from /Users/brenda/miniconda3/envs/airflow/lib/python3.8/site-packages/airflow/example_dags/subdags/subdag.py
[2023-06-08T23:30:17.145+0200] {processor.py:770} WARNING - No viable dags retrieved from /Users/brenda/miniconda3/envs/airflow/lib/python3.8/site-packages/airflow/example_dags/subdags/subdag.py
[2023-06-08T23:30:17.228+0200] {processor.py:178} INFO - Processing /Users/brenda/miniconda3/envs/airflow/lib/python3.8/site-packages/airflow/example_dags/subdags/subdag.py took 0.098 seconds
[2023-06-08T23:31:06.636+0200] {processor.py:156} INFO - Started process (PID=20181) to work on /Users/brenda/miniconda3/envs/airflow/lib/python3.8/site-packages/airflow/example_dags/subdags/subdag.py
[2023-06-08T23:31:06.639+0200] {processor.py:758} INFO - Processing file /Users/brenda/miniconda3/envs/airflow/lib/python3.8/site-packages/airflow/example_dags/subdags/subdag.py for tasks to queue
[2023-06-08T23:31:06.640+0200] {logging_mixin.py:117} INFO - [2023-06-08T23:31:06.640+0200] {dagbag.py:525} INFO - Filling up the DagBag from /Users/brenda/miniconda3/envs/airflow/lib/python3.8/site-packages/airflow/example_dags/subdags/subdag.py
[2023-06-08T23:31:06.649+0200] {processor.py:770} WARNING - No viable dags retrieved from /Users/brenda/miniconda3/envs/airflow/lib/python3.8/site-packages/airflow/example_dags/subdags/subdag.py
[2023-06-08T23:31:06.738+0200] {processor.py:178} INFO - Processing /Users/brenda/miniconda3/envs/airflow/lib/python3.8/site-packages/airflow/example_dags/subdags/subdag.py took 0.103 seconds
[2023-06-08T23:32:20.794+0200] {processor.py:156} INFO - Started process (PID=20472) to work on /Users/brenda/miniconda3/envs/airflow/lib/python3.8/site-packages/airflow/example_dags/subdags/subdag.py
[2023-06-08T23:32:20.798+0200] {processor.py:758} INFO - Processing file /Users/brenda/miniconda3/envs/airflow/lib/python3.8/site-packages/airflow/example_dags/subdags/subdag.py for tasks to queue
[2023-06-08T23:32:20.798+0200] {logging_mixin.py:117} INFO - [2023-06-08T23:32:20.798+0200] {dagbag.py:525} INFO - Filling up the DagBag from /Users/brenda/miniconda3/envs/airflow/lib/python3.8/site-packages/airflow/example_dags/subdags/subdag.py
[2023-06-08T23:32:20.807+0200] {processor.py:770} WARNING - No viable dags retrieved from /Users/brenda/miniconda3/envs/airflow/lib/python3.8/site-packages/airflow/example_dags/subdags/subdag.py
[2023-06-08T23:32:20.890+0200] {processor.py:178} INFO - Processing /Users/brenda/miniconda3/envs/airflow/lib/python3.8/site-packages/airflow/example_dags/subdags/subdag.py took 0.096 seconds
[2023-06-08T23:32:48.913+0200] {processor.py:156} INFO - Started process (PID=20548) to work on /Users/brenda/miniconda3/envs/airflow/lib/python3.8/site-packages/airflow/example_dags/subdags/subdag.py
[2023-06-08T23:32:48.917+0200] {processor.py:758} INFO - Processing file /Users/brenda/miniconda3/envs/airflow/lib/python3.8/site-packages/airflow/example_dags/subdags/subdag.py for tasks to queue
[2023-06-08T23:32:48.917+0200] {logging_mixin.py:117} INFO - [2023-06-08T23:32:48.917+0200] {dagbag.py:525} INFO - Filling up the DagBag from /Users/brenda/miniconda3/envs/airflow/lib/python3.8/site-packages/airflow/example_dags/subdags/subdag.py
[2023-06-08T23:32:48.926+0200] {processor.py:770} WARNING - No viable dags retrieved from /Users/brenda/miniconda3/envs/airflow/lib/python3.8/site-packages/airflow/example_dags/subdags/subdag.py
[2023-06-08T23:32:49.009+0200] {processor.py:178} INFO - Processing /Users/brenda/miniconda3/envs/airflow/lib/python3.8/site-packages/airflow/example_dags/subdags/subdag.py took 0.096 seconds
[2023-06-08T23:33:20.669+0200] {processor.py:156} INFO - Started process (PID=20627) to work on /Users/brenda/miniconda3/envs/airflow/lib/python3.8/site-packages/airflow/example_dags/subdags/subdag.py
[2023-06-08T23:33:20.673+0200] {processor.py:758} INFO - Processing file /Users/brenda/miniconda3/envs/airflow/lib/python3.8/site-packages/airflow/example_dags/subdags/subdag.py for tasks to queue
[2023-06-08T23:33:20.673+0200] {logging_mixin.py:117} INFO - [2023-06-08T23:33:20.673+0200] {dagbag.py:525} INFO - Filling up the DagBag from /Users/brenda/miniconda3/envs/airflow/lib/python3.8/site-packages/airflow/example_dags/subdags/subdag.py
[2023-06-08T23:33:20.682+0200] {processor.py:770} WARNING - No viable dags retrieved from /Users/brenda/miniconda3/envs/airflow/lib/python3.8/site-packages/airflow/example_dags/subdags/subdag.py
[2023-06-08T23:33:20.766+0200] {processor.py:178} INFO - Processing /Users/brenda/miniconda3/envs/airflow/lib/python3.8/site-packages/airflow/example_dags/subdags/subdag.py took 0.097 seconds
[2023-06-08T23:33:52.304+0200] {processor.py:156} INFO - Started process (PID=20695) to work on /Users/brenda/miniconda3/envs/airflow/lib/python3.8/site-packages/airflow/example_dags/subdags/subdag.py
[2023-06-08T23:33:52.308+0200] {processor.py:758} INFO - Processing file /Users/brenda/miniconda3/envs/airflow/lib/python3.8/site-packages/airflow/example_dags/subdags/subdag.py for tasks to queue
[2023-06-08T23:33:52.308+0200] {logging_mixin.py:117} INFO - [2023-06-08T23:33:52.308+0200] {dagbag.py:525} INFO - Filling up the DagBag from /Users/brenda/miniconda3/envs/airflow/lib/python3.8/site-packages/airflow/example_dags/subdags/subdag.py
[2023-06-08T23:33:52.317+0200] {processor.py:770} WARNING - No viable dags retrieved from /Users/brenda/miniconda3/envs/airflow/lib/python3.8/site-packages/airflow/example_dags/subdags/subdag.py
[2023-06-08T23:33:52.400+0200] {processor.py:178} INFO - Processing /Users/brenda/miniconda3/envs/airflow/lib/python3.8/site-packages/airflow/example_dags/subdags/subdag.py took 0.096 seconds
[2023-06-08T23:34:24.220+0200] {processor.py:156} INFO - Started process (PID=20763) to work on /Users/brenda/miniconda3/envs/airflow/lib/python3.8/site-packages/airflow/example_dags/subdags/subdag.py
[2023-06-08T23:34:24.224+0200] {processor.py:758} INFO - Processing file /Users/brenda/miniconda3/envs/airflow/lib/python3.8/site-packages/airflow/example_dags/subdags/subdag.py for tasks to queue
[2023-06-08T23:34:24.224+0200] {logging_mixin.py:117} INFO - [2023-06-08T23:34:24.224+0200] {dagbag.py:525} INFO - Filling up the DagBag from /Users/brenda/miniconda3/envs/airflow/lib/python3.8/site-packages/airflow/example_dags/subdags/subdag.py
[2023-06-08T23:34:24.233+0200] {processor.py:770} WARNING - No viable dags retrieved from /Users/brenda/miniconda3/envs/airflow/lib/python3.8/site-packages/airflow/example_dags/subdags/subdag.py
[2023-06-08T23:34:24.315+0200] {processor.py:178} INFO - Processing /Users/brenda/miniconda3/envs/airflow/lib/python3.8/site-packages/airflow/example_dags/subdags/subdag.py took 0.096 seconds
[2023-06-08T23:34:57.750+0200] {processor.py:156} INFO - Started process (PID=20848) to work on /Users/brenda/miniconda3/envs/airflow/lib/python3.8/site-packages/airflow/example_dags/subdags/subdag.py
[2023-06-08T23:34:57.755+0200] {processor.py:758} INFO - Processing file /Users/brenda/miniconda3/envs/airflow/lib/python3.8/site-packages/airflow/example_dags/subdags/subdag.py for tasks to queue
[2023-06-08T23:34:57.755+0200] {logging_mixin.py:117} INFO - [2023-06-08T23:34:57.755+0200] {dagbag.py:525} INFO - Filling up the DagBag from /Users/brenda/miniconda3/envs/airflow/lib/python3.8/site-packages/airflow/example_dags/subdags/subdag.py
[2023-06-08T23:34:57.766+0200] {processor.py:770} WARNING - No viable dags retrieved from /Users/brenda/miniconda3/envs/airflow/lib/python3.8/site-packages/airflow/example_dags/subdags/subdag.py
[2023-06-08T23:34:57.866+0200] {processor.py:178} INFO - Processing /Users/brenda/miniconda3/envs/airflow/lib/python3.8/site-packages/airflow/example_dags/subdags/subdag.py took 0.117 seconds
[2023-06-08T23:35:48.126+0200] {processor.py:156} INFO - Started process (PID=20973) to work on /Users/brenda/miniconda3/envs/airflow/lib/python3.8/site-packages/airflow/example_dags/subdags/subdag.py
[2023-06-08T23:35:48.130+0200] {processor.py:758} INFO - Processing file /Users/brenda/miniconda3/envs/airflow/lib/python3.8/site-packages/airflow/example_dags/subdags/subdag.py for tasks to queue
[2023-06-08T23:35:48.130+0200] {logging_mixin.py:117} INFO - [2023-06-08T23:35:48.130+0200] {dagbag.py:525} INFO - Filling up the DagBag from /Users/brenda/miniconda3/envs/airflow/lib/python3.8/site-packages/airflow/example_dags/subdags/subdag.py
[2023-06-08T23:35:48.139+0200] {processor.py:770} WARNING - No viable dags retrieved from /Users/brenda/miniconda3/envs/airflow/lib/python3.8/site-packages/airflow/example_dags/subdags/subdag.py
[2023-06-08T23:35:48.222+0200] {processor.py:178} INFO - Processing /Users/brenda/miniconda3/envs/airflow/lib/python3.8/site-packages/airflow/example_dags/subdags/subdag.py took 0.096 seconds
[2023-06-08T23:36:27.609+0200] {processor.py:156} INFO - Started process (PID=21073) to work on /Users/brenda/miniconda3/envs/airflow/lib/python3.8/site-packages/airflow/example_dags/subdags/subdag.py
[2023-06-08T23:36:27.612+0200] {processor.py:758} INFO - Processing file /Users/brenda/miniconda3/envs/airflow/lib/python3.8/site-packages/airflow/example_dags/subdags/subdag.py for tasks to queue
[2023-06-08T23:36:27.613+0200] {logging_mixin.py:117} INFO - [2023-06-08T23:36:27.613+0200] {dagbag.py:525} INFO - Filling up the DagBag from /Users/brenda/miniconda3/envs/airflow/lib/python3.8/site-packages/airflow/example_dags/subdags/subdag.py
[2023-06-08T23:36:27.621+0200] {processor.py:770} WARNING - No viable dags retrieved from /Users/brenda/miniconda3/envs/airflow/lib/python3.8/site-packages/airflow/example_dags/subdags/subdag.py
[2023-06-08T23:36:27.706+0200] {processor.py:178} INFO - Processing /Users/brenda/miniconda3/envs/airflow/lib/python3.8/site-packages/airflow/example_dags/subdags/subdag.py took 0.098 seconds
[2023-06-08T23:37:54.834+0200] {processor.py:156} INFO - Started process (PID=21390) to work on /Users/brenda/miniconda3/envs/airflow/lib/python3.8/site-packages/airflow/example_dags/subdags/subdag.py
[2023-06-08T23:37:54.837+0200] {processor.py:758} INFO - Processing file /Users/brenda/miniconda3/envs/airflow/lib/python3.8/site-packages/airflow/example_dags/subdags/subdag.py for tasks to queue
[2023-06-08T23:37:54.838+0200] {logging_mixin.py:117} INFO - [2023-06-08T23:37:54.838+0200] {dagbag.py:525} INFO - Filling up the DagBag from /Users/brenda/miniconda3/envs/airflow/lib/python3.8/site-packages/airflow/example_dags/subdags/subdag.py
[2023-06-08T23:37:54.846+0200] {processor.py:770} WARNING - No viable dags retrieved from /Users/brenda/miniconda3/envs/airflow/lib/python3.8/site-packages/airflow/example_dags/subdags/subdag.py
[2023-06-08T23:37:54.931+0200] {processor.py:178} INFO - Processing /Users/brenda/miniconda3/envs/airflow/lib/python3.8/site-packages/airflow/example_dags/subdags/subdag.py took 0.098 seconds
[2023-06-08T23:38:24.939+0200] {processor.py:156} INFO - Started process (PID=21458) to work on /Users/brenda/miniconda3/envs/airflow/lib/python3.8/site-packages/airflow/example_dags/subdags/subdag.py
[2023-06-08T23:38:24.943+0200] {processor.py:758} INFO - Processing file /Users/brenda/miniconda3/envs/airflow/lib/python3.8/site-packages/airflow/example_dags/subdags/subdag.py for tasks to queue
[2023-06-08T23:38:24.943+0200] {logging_mixin.py:117} INFO - [2023-06-08T23:38:24.943+0200] {dagbag.py:525} INFO - Filling up the DagBag from /Users/brenda/miniconda3/envs/airflow/lib/python3.8/site-packages/airflow/example_dags/subdags/subdag.py
[2023-06-08T23:38:24.953+0200] {processor.py:770} WARNING - No viable dags retrieved from /Users/brenda/miniconda3/envs/airflow/lib/python3.8/site-packages/airflow/example_dags/subdags/subdag.py
[2023-06-08T23:38:25.038+0200] {processor.py:178} INFO - Processing /Users/brenda/miniconda3/envs/airflow/lib/python3.8/site-packages/airflow/example_dags/subdags/subdag.py took 0.100 seconds
[2023-06-08T23:38:56.038+0200] {processor.py:156} INFO - Started process (PID=21528) to work on /Users/brenda/miniconda3/envs/airflow/lib/python3.8/site-packages/airflow/example_dags/subdags/subdag.py
[2023-06-08T23:38:56.041+0200] {processor.py:758} INFO - Processing file /Users/brenda/miniconda3/envs/airflow/lib/python3.8/site-packages/airflow/example_dags/subdags/subdag.py for tasks to queue
[2023-06-08T23:38:56.042+0200] {logging_mixin.py:117} INFO - [2023-06-08T23:38:56.041+0200] {dagbag.py:525} INFO - Filling up the DagBag from /Users/brenda/miniconda3/envs/airflow/lib/python3.8/site-packages/airflow/example_dags/subdags/subdag.py
[2023-06-08T23:38:56.050+0200] {processor.py:770} WARNING - No viable dags retrieved from /Users/brenda/miniconda3/envs/airflow/lib/python3.8/site-packages/airflow/example_dags/subdags/subdag.py
[2023-06-08T23:38:56.136+0200] {processor.py:178} INFO - Processing /Users/brenda/miniconda3/envs/airflow/lib/python3.8/site-packages/airflow/example_dags/subdags/subdag.py took 0.099 seconds
[2023-06-08T23:39:27.511+0200] {processor.py:156} INFO - Started process (PID=21606) to work on /Users/brenda/miniconda3/envs/airflow/lib/python3.8/site-packages/airflow/example_dags/subdags/subdag.py
[2023-06-08T23:39:27.515+0200] {processor.py:758} INFO - Processing file /Users/brenda/miniconda3/envs/airflow/lib/python3.8/site-packages/airflow/example_dags/subdags/subdag.py for tasks to queue
[2023-06-08T23:39:27.515+0200] {logging_mixin.py:117} INFO - [2023-06-08T23:39:27.515+0200] {dagbag.py:525} INFO - Filling up the DagBag from /Users/brenda/miniconda3/envs/airflow/lib/python3.8/site-packages/airflow/example_dags/subdags/subdag.py
[2023-06-08T23:39:27.524+0200] {processor.py:770} WARNING - No viable dags retrieved from /Users/brenda/miniconda3/envs/airflow/lib/python3.8/site-packages/airflow/example_dags/subdags/subdag.py
[2023-06-08T23:39:27.607+0200] {processor.py:178} INFO - Processing /Users/brenda/miniconda3/envs/airflow/lib/python3.8/site-packages/airflow/example_dags/subdags/subdag.py took 0.096 seconds
[2023-06-08T23:39:57.916+0200] {processor.py:156} INFO - Started process (PID=21672) to work on /Users/brenda/miniconda3/envs/airflow/lib/python3.8/site-packages/airflow/example_dags/subdags/subdag.py
[2023-06-08T23:39:57.919+0200] {processor.py:758} INFO - Processing file /Users/brenda/miniconda3/envs/airflow/lib/python3.8/site-packages/airflow/example_dags/subdags/subdag.py for tasks to queue
[2023-06-08T23:39:57.919+0200] {logging_mixin.py:117} INFO - [2023-06-08T23:39:57.919+0200] {dagbag.py:525} INFO - Filling up the DagBag from /Users/brenda/miniconda3/envs/airflow/lib/python3.8/site-packages/airflow/example_dags/subdags/subdag.py
[2023-06-08T23:39:57.928+0200] {processor.py:770} WARNING - No viable dags retrieved from /Users/brenda/miniconda3/envs/airflow/lib/python3.8/site-packages/airflow/example_dags/subdags/subdag.py
[2023-06-08T23:39:58.011+0200] {processor.py:178} INFO - Processing /Users/brenda/miniconda3/envs/airflow/lib/python3.8/site-packages/airflow/example_dags/subdags/subdag.py took 0.095 seconds
[2023-06-08T23:40:29.909+0200] {processor.py:156} INFO - Started process (PID=21742) to work on /Users/brenda/miniconda3/envs/airflow/lib/python3.8/site-packages/airflow/example_dags/subdags/subdag.py
[2023-06-08T23:40:29.914+0200] {processor.py:758} INFO - Processing file /Users/brenda/miniconda3/envs/airflow/lib/python3.8/site-packages/airflow/example_dags/subdags/subdag.py for tasks to queue
[2023-06-08T23:40:29.914+0200] {logging_mixin.py:117} INFO - [2023-06-08T23:40:29.914+0200] {dagbag.py:525} INFO - Filling up the DagBag from /Users/brenda/miniconda3/envs/airflow/lib/python3.8/site-packages/airflow/example_dags/subdags/subdag.py
[2023-06-08T23:40:29.923+0200] {processor.py:770} WARNING - No viable dags retrieved from /Users/brenda/miniconda3/envs/airflow/lib/python3.8/site-packages/airflow/example_dags/subdags/subdag.py
[2023-06-08T23:40:30.006+0200] {processor.py:178} INFO - Processing /Users/brenda/miniconda3/envs/airflow/lib/python3.8/site-packages/airflow/example_dags/subdags/subdag.py took 0.098 seconds
[2023-06-08T23:41:16.089+0200] {processor.py:156} INFO - Started process (PID=21873) to work on /Users/brenda/miniconda3/envs/airflow/lib/python3.8/site-packages/airflow/example_dags/subdags/subdag.py
[2023-06-08T23:41:16.093+0200] {processor.py:758} INFO - Processing file /Users/brenda/miniconda3/envs/airflow/lib/python3.8/site-packages/airflow/example_dags/subdags/subdag.py for tasks to queue
[2023-06-08T23:41:16.093+0200] {logging_mixin.py:117} INFO - [2023-06-08T23:41:16.093+0200] {dagbag.py:525} INFO - Filling up the DagBag from /Users/brenda/miniconda3/envs/airflow/lib/python3.8/site-packages/airflow/example_dags/subdags/subdag.py
[2023-06-08T23:41:16.102+0200] {processor.py:770} WARNING - No viable dags retrieved from /Users/brenda/miniconda3/envs/airflow/lib/python3.8/site-packages/airflow/example_dags/subdags/subdag.py
[2023-06-08T23:41:16.185+0200] {processor.py:178} INFO - Processing /Users/brenda/miniconda3/envs/airflow/lib/python3.8/site-packages/airflow/example_dags/subdags/subdag.py took 0.096 seconds
[2023-06-08T23:41:49.233+0200] {processor.py:156} INFO - Started process (PID=21958) to work on /Users/brenda/miniconda3/envs/airflow/lib/python3.8/site-packages/airflow/example_dags/subdags/subdag.py
[2023-06-08T23:41:49.236+0200] {processor.py:758} INFO - Processing file /Users/brenda/miniconda3/envs/airflow/lib/python3.8/site-packages/airflow/example_dags/subdags/subdag.py for tasks to queue
[2023-06-08T23:41:49.236+0200] {logging_mixin.py:117} INFO - [2023-06-08T23:41:49.236+0200] {dagbag.py:525} INFO - Filling up the DagBag from /Users/brenda/miniconda3/envs/airflow/lib/python3.8/site-packages/airflow/example_dags/subdags/subdag.py
[2023-06-08T23:41:49.245+0200] {processor.py:770} WARNING - No viable dags retrieved from /Users/brenda/miniconda3/envs/airflow/lib/python3.8/site-packages/airflow/example_dags/subdags/subdag.py
[2023-06-08T23:41:49.329+0200] {processor.py:178} INFO - Processing /Users/brenda/miniconda3/envs/airflow/lib/python3.8/site-packages/airflow/example_dags/subdags/subdag.py took 0.097 seconds
[2023-06-08T23:43:12.700+0200] {processor.py:156} INFO - Started process (PID=22238) to work on /Users/brenda/miniconda3/envs/airflow/lib/python3.8/site-packages/airflow/example_dags/subdags/subdag.py
[2023-06-08T23:43:12.704+0200] {processor.py:758} INFO - Processing file /Users/brenda/miniconda3/envs/airflow/lib/python3.8/site-packages/airflow/example_dags/subdags/subdag.py for tasks to queue
[2023-06-08T23:43:12.705+0200] {logging_mixin.py:117} INFO - [2023-06-08T23:43:12.705+0200] {dagbag.py:525} INFO - Filling up the DagBag from /Users/brenda/miniconda3/envs/airflow/lib/python3.8/site-packages/airflow/example_dags/subdags/subdag.py
[2023-06-08T23:43:12.714+0200] {processor.py:770} WARNING - No viable dags retrieved from /Users/brenda/miniconda3/envs/airflow/lib/python3.8/site-packages/airflow/example_dags/subdags/subdag.py
[2023-06-08T23:43:12.803+0200] {processor.py:178} INFO - Processing /Users/brenda/miniconda3/envs/airflow/lib/python3.8/site-packages/airflow/example_dags/subdags/subdag.py took 0.103 seconds
[2023-06-08T23:43:54.000+0200] {processor.py:156} INFO - Started process (PID=22352) to work on /Users/brenda/miniconda3/envs/airflow/lib/python3.8/site-packages/airflow/example_dags/subdags/subdag.py
[2023-06-08T23:43:54.003+0200] {processor.py:758} INFO - Processing file /Users/brenda/miniconda3/envs/airflow/lib/python3.8/site-packages/airflow/example_dags/subdags/subdag.py for tasks to queue
[2023-06-08T23:43:54.003+0200] {logging_mixin.py:117} INFO - [2023-06-08T23:43:54.003+0200] {dagbag.py:525} INFO - Filling up the DagBag from /Users/brenda/miniconda3/envs/airflow/lib/python3.8/site-packages/airflow/example_dags/subdags/subdag.py
[2023-06-08T23:43:54.012+0200] {processor.py:770} WARNING - No viable dags retrieved from /Users/brenda/miniconda3/envs/airflow/lib/python3.8/site-packages/airflow/example_dags/subdags/subdag.py
[2023-06-08T23:43:54.096+0200] {processor.py:178} INFO - Processing /Users/brenda/miniconda3/envs/airflow/lib/python3.8/site-packages/airflow/example_dags/subdags/subdag.py took 0.096 seconds
[2023-06-08T23:44:27.144+0200] {processor.py:156} INFO - Started process (PID=22428) to work on /Users/brenda/miniconda3/envs/airflow/lib/python3.8/site-packages/airflow/example_dags/subdags/subdag.py
[2023-06-08T23:44:27.148+0200] {processor.py:758} INFO - Processing file /Users/brenda/miniconda3/envs/airflow/lib/python3.8/site-packages/airflow/example_dags/subdags/subdag.py for tasks to queue
[2023-06-08T23:44:27.148+0200] {logging_mixin.py:117} INFO - [2023-06-08T23:44:27.148+0200] {dagbag.py:525} INFO - Filling up the DagBag from /Users/brenda/miniconda3/envs/airflow/lib/python3.8/site-packages/airflow/example_dags/subdags/subdag.py
[2023-06-08T23:44:27.157+0200] {processor.py:770} WARNING - No viable dags retrieved from /Users/brenda/miniconda3/envs/airflow/lib/python3.8/site-packages/airflow/example_dags/subdags/subdag.py
[2023-06-08T23:44:27.240+0200] {processor.py:178} INFO - Processing /Users/brenda/miniconda3/envs/airflow/lib/python3.8/site-packages/airflow/example_dags/subdags/subdag.py took 0.097 seconds
[2023-06-08T23:45:00.816+0200] {processor.py:156} INFO - Started process (PID=22496) to work on /Users/brenda/miniconda3/envs/airflow/lib/python3.8/site-packages/airflow/example_dags/subdags/subdag.py
[2023-06-08T23:45:00.820+0200] {processor.py:758} INFO - Processing file /Users/brenda/miniconda3/envs/airflow/lib/python3.8/site-packages/airflow/example_dags/subdags/subdag.py for tasks to queue
[2023-06-08T23:45:00.820+0200] {logging_mixin.py:117} INFO - [2023-06-08T23:45:00.820+0200] {dagbag.py:525} INFO - Filling up the DagBag from /Users/brenda/miniconda3/envs/airflow/lib/python3.8/site-packages/airflow/example_dags/subdags/subdag.py
[2023-06-08T23:45:00.830+0200] {processor.py:770} WARNING - No viable dags retrieved from /Users/brenda/miniconda3/envs/airflow/lib/python3.8/site-packages/airflow/example_dags/subdags/subdag.py
[2023-06-08T23:45:00.914+0200] {processor.py:178} INFO - Processing /Users/brenda/miniconda3/envs/airflow/lib/python3.8/site-packages/airflow/example_dags/subdags/subdag.py took 0.099 seconds
[2023-06-08T23:45:32.183+0200] {processor.py:156} INFO - Started process (PID=22575) to work on /Users/brenda/miniconda3/envs/airflow/lib/python3.8/site-packages/airflow/example_dags/subdags/subdag.py
[2023-06-08T23:45:32.186+0200] {processor.py:758} INFO - Processing file /Users/brenda/miniconda3/envs/airflow/lib/python3.8/site-packages/airflow/example_dags/subdags/subdag.py for tasks to queue
[2023-06-08T23:45:32.187+0200] {logging_mixin.py:117} INFO - [2023-06-08T23:45:32.187+0200] {dagbag.py:525} INFO - Filling up the DagBag from /Users/brenda/miniconda3/envs/airflow/lib/python3.8/site-packages/airflow/example_dags/subdags/subdag.py
[2023-06-08T23:45:32.196+0200] {processor.py:770} WARNING - No viable dags retrieved from /Users/brenda/miniconda3/envs/airflow/lib/python3.8/site-packages/airflow/example_dags/subdags/subdag.py
[2023-06-08T23:45:32.279+0200] {processor.py:178} INFO - Processing /Users/brenda/miniconda3/envs/airflow/lib/python3.8/site-packages/airflow/example_dags/subdags/subdag.py took 0.096 seconds
[2023-06-08T23:46:09.271+0200] {processor.py:156} INFO - Started process (PID=22704) to work on /Users/brenda/miniconda3/envs/airflow/lib/python3.8/site-packages/airflow/example_dags/subdags/subdag.py
[2023-06-08T23:46:09.274+0200] {processor.py:758} INFO - Processing file /Users/brenda/miniconda3/envs/airflow/lib/python3.8/site-packages/airflow/example_dags/subdags/subdag.py for tasks to queue
[2023-06-08T23:46:09.275+0200] {logging_mixin.py:117} INFO - [2023-06-08T23:46:09.274+0200] {dagbag.py:525} INFO - Filling up the DagBag from /Users/brenda/miniconda3/envs/airflow/lib/python3.8/site-packages/airflow/example_dags/subdags/subdag.py
[2023-06-08T23:46:09.283+0200] {processor.py:770} WARNING - No viable dags retrieved from /Users/brenda/miniconda3/envs/airflow/lib/python3.8/site-packages/airflow/example_dags/subdags/subdag.py
[2023-06-08T23:46:09.368+0200] {processor.py:178} INFO - Processing /Users/brenda/miniconda3/envs/airflow/lib/python3.8/site-packages/airflow/example_dags/subdags/subdag.py took 0.097 seconds
[2023-06-08T23:46:54.627+0200] {processor.py:156} INFO - Started process (PID=22846) to work on /Users/brenda/miniconda3/envs/airflow/lib/python3.8/site-packages/airflow/example_dags/subdags/subdag.py
[2023-06-08T23:46:54.631+0200] {processor.py:758} INFO - Processing file /Users/brenda/miniconda3/envs/airflow/lib/python3.8/site-packages/airflow/example_dags/subdags/subdag.py for tasks to queue
[2023-06-08T23:46:54.631+0200] {logging_mixin.py:117} INFO - [2023-06-08T23:46:54.631+0200] {dagbag.py:525} INFO - Filling up the DagBag from /Users/brenda/miniconda3/envs/airflow/lib/python3.8/site-packages/airflow/example_dags/subdags/subdag.py
[2023-06-08T23:46:54.640+0200] {processor.py:770} WARNING - No viable dags retrieved from /Users/brenda/miniconda3/envs/airflow/lib/python3.8/site-packages/airflow/example_dags/subdags/subdag.py
[2023-06-08T23:46:54.723+0200] {processor.py:178} INFO - Processing /Users/brenda/miniconda3/envs/airflow/lib/python3.8/site-packages/airflow/example_dags/subdags/subdag.py took 0.096 seconds
[2023-06-08T23:47:37.677+0200] {processor.py:156} INFO - Started process (PID=22959) to work on /Users/brenda/miniconda3/envs/airflow/lib/python3.8/site-packages/airflow/example_dags/subdags/subdag.py
[2023-06-08T23:47:37.681+0200] {processor.py:758} INFO - Processing file /Users/brenda/miniconda3/envs/airflow/lib/python3.8/site-packages/airflow/example_dags/subdags/subdag.py for tasks to queue
[2023-06-08T23:47:37.681+0200] {logging_mixin.py:117} INFO - [2023-06-08T23:47:37.681+0200] {dagbag.py:525} INFO - Filling up the DagBag from /Users/brenda/miniconda3/envs/airflow/lib/python3.8/site-packages/airflow/example_dags/subdags/subdag.py
[2023-06-08T23:47:37.690+0200] {processor.py:770} WARNING - No viable dags retrieved from /Users/brenda/miniconda3/envs/airflow/lib/python3.8/site-packages/airflow/example_dags/subdags/subdag.py
[2023-06-08T23:47:37.776+0200] {processor.py:178} INFO - Processing /Users/brenda/miniconda3/envs/airflow/lib/python3.8/site-packages/airflow/example_dags/subdags/subdag.py took 0.100 seconds
[2023-06-08T23:48:46.017+0200] {processor.py:156} INFO - Started process (PID=23214) to work on /Users/brenda/miniconda3/envs/airflow/lib/python3.8/site-packages/airflow/example_dags/subdags/subdag.py
[2023-06-08T23:48:46.023+0200] {processor.py:758} INFO - Processing file /Users/brenda/miniconda3/envs/airflow/lib/python3.8/site-packages/airflow/example_dags/subdags/subdag.py for tasks to queue
[2023-06-08T23:48:46.023+0200] {logging_mixin.py:117} INFO - [2023-06-08T23:48:46.023+0200] {dagbag.py:525} INFO - Filling up the DagBag from /Users/brenda/miniconda3/envs/airflow/lib/python3.8/site-packages/airflow/example_dags/subdags/subdag.py
[2023-06-08T23:48:46.032+0200] {processor.py:770} WARNING - No viable dags retrieved from /Users/brenda/miniconda3/envs/airflow/lib/python3.8/site-packages/airflow/example_dags/subdags/subdag.py
[2023-06-08T23:48:46.115+0200] {processor.py:178} INFO - Processing /Users/brenda/miniconda3/envs/airflow/lib/python3.8/site-packages/airflow/example_dags/subdags/subdag.py took 0.098 seconds
[2023-06-08T23:49:27.025+0200] {processor.py:156} INFO - Started process (PID=23332) to work on /Users/brenda/miniconda3/envs/airflow/lib/python3.8/site-packages/airflow/example_dags/subdags/subdag.py
[2023-06-08T23:49:27.031+0200] {processor.py:758} INFO - Processing file /Users/brenda/miniconda3/envs/airflow/lib/python3.8/site-packages/airflow/example_dags/subdags/subdag.py for tasks to queue
[2023-06-08T23:49:27.031+0200] {logging_mixin.py:117} INFO - [2023-06-08T23:49:27.031+0200] {dagbag.py:525} INFO - Filling up the DagBag from /Users/brenda/miniconda3/envs/airflow/lib/python3.8/site-packages/airflow/example_dags/subdags/subdag.py
[2023-06-08T23:49:27.041+0200] {processor.py:770} WARNING - No viable dags retrieved from /Users/brenda/miniconda3/envs/airflow/lib/python3.8/site-packages/airflow/example_dags/subdags/subdag.py
[2023-06-08T23:49:27.133+0200] {processor.py:178} INFO - Processing /Users/brenda/miniconda3/envs/airflow/lib/python3.8/site-packages/airflow/example_dags/subdags/subdag.py took 0.109 seconds
[2023-06-08T23:50:00.360+0200] {processor.py:156} INFO - Started process (PID=23401) to work on /Users/brenda/miniconda3/envs/airflow/lib/python3.8/site-packages/airflow/example_dags/subdags/subdag.py
[2023-06-08T23:50:00.364+0200] {processor.py:758} INFO - Processing file /Users/brenda/miniconda3/envs/airflow/lib/python3.8/site-packages/airflow/example_dags/subdags/subdag.py for tasks to queue
[2023-06-08T23:50:00.364+0200] {logging_mixin.py:117} INFO - [2023-06-08T23:50:00.364+0200] {dagbag.py:525} INFO - Filling up the DagBag from /Users/brenda/miniconda3/envs/airflow/lib/python3.8/site-packages/airflow/example_dags/subdags/subdag.py
[2023-06-08T23:50:00.373+0200] {processor.py:770} WARNING - No viable dags retrieved from /Users/brenda/miniconda3/envs/airflow/lib/python3.8/site-packages/airflow/example_dags/subdags/subdag.py
[2023-06-08T23:50:00.473+0200] {processor.py:178} INFO - Processing /Users/brenda/miniconda3/envs/airflow/lib/python3.8/site-packages/airflow/example_dags/subdags/subdag.py took 0.114 seconds
[2023-06-08T23:50:30.538+0200] {processor.py:156} INFO - Started process (PID=23476) to work on /Users/brenda/miniconda3/envs/airflow/lib/python3.8/site-packages/airflow/example_dags/subdags/subdag.py
[2023-06-08T23:50:30.542+0200] {processor.py:758} INFO - Processing file /Users/brenda/miniconda3/envs/airflow/lib/python3.8/site-packages/airflow/example_dags/subdags/subdag.py for tasks to queue
[2023-06-08T23:50:30.542+0200] {logging_mixin.py:117} INFO - [2023-06-08T23:50:30.542+0200] {dagbag.py:525} INFO - Filling up the DagBag from /Users/brenda/miniconda3/envs/airflow/lib/python3.8/site-packages/airflow/example_dags/subdags/subdag.py
[2023-06-08T23:50:30.551+0200] {processor.py:770} WARNING - No viable dags retrieved from /Users/brenda/miniconda3/envs/airflow/lib/python3.8/site-packages/airflow/example_dags/subdags/subdag.py
[2023-06-08T23:50:30.637+0200] {processor.py:178} INFO - Processing /Users/brenda/miniconda3/envs/airflow/lib/python3.8/site-packages/airflow/example_dags/subdags/subdag.py took 0.099 seconds
[2023-06-08T23:51:03.719+0200] {processor.py:156} INFO - Started process (PID=23547) to work on /Users/brenda/miniconda3/envs/airflow/lib/python3.8/site-packages/airflow/example_dags/subdags/subdag.py
[2023-06-08T23:51:03.722+0200] {processor.py:758} INFO - Processing file /Users/brenda/miniconda3/envs/airflow/lib/python3.8/site-packages/airflow/example_dags/subdags/subdag.py for tasks to queue
[2023-06-08T23:51:03.722+0200] {logging_mixin.py:117} INFO - [2023-06-08T23:51:03.722+0200] {dagbag.py:525} INFO - Filling up the DagBag from /Users/brenda/miniconda3/envs/airflow/lib/python3.8/site-packages/airflow/example_dags/subdags/subdag.py
[2023-06-08T23:51:03.731+0200] {processor.py:770} WARNING - No viable dags retrieved from /Users/brenda/miniconda3/envs/airflow/lib/python3.8/site-packages/airflow/example_dags/subdags/subdag.py
[2023-06-08T23:51:03.817+0200] {processor.py:178} INFO - Processing /Users/brenda/miniconda3/envs/airflow/lib/python3.8/site-packages/airflow/example_dags/subdags/subdag.py took 0.099 seconds
[2023-06-08T23:51:41.301+0200] {processor.py:156} INFO - Started process (PID=23623) to work on /Users/brenda/miniconda3/envs/airflow/lib/python3.8/site-packages/airflow/example_dags/subdags/subdag.py
[2023-06-08T23:51:41.305+0200] {processor.py:758} INFO - Processing file /Users/brenda/miniconda3/envs/airflow/lib/python3.8/site-packages/airflow/example_dags/subdags/subdag.py for tasks to queue
[2023-06-08T23:51:41.305+0200] {logging_mixin.py:117} INFO - [2023-06-08T23:51:41.305+0200] {dagbag.py:525} INFO - Filling up the DagBag from /Users/brenda/miniconda3/envs/airflow/lib/python3.8/site-packages/airflow/example_dags/subdags/subdag.py
[2023-06-08T23:51:41.318+0200] {processor.py:770} WARNING - No viable dags retrieved from /Users/brenda/miniconda3/envs/airflow/lib/python3.8/site-packages/airflow/example_dags/subdags/subdag.py
[2023-06-08T23:51:41.572+0200] {processor.py:178} INFO - Processing /Users/brenda/miniconda3/envs/airflow/lib/python3.8/site-packages/airflow/example_dags/subdags/subdag.py took 0.272 seconds
[2023-06-08T23:52:26.087+0200] {processor.py:156} INFO - Started process (PID=23753) to work on /Users/brenda/miniconda3/envs/airflow/lib/python3.8/site-packages/airflow/example_dags/subdags/subdag.py
[2023-06-08T23:52:26.091+0200] {processor.py:758} INFO - Processing file /Users/brenda/miniconda3/envs/airflow/lib/python3.8/site-packages/airflow/example_dags/subdags/subdag.py for tasks to queue
[2023-06-08T23:52:26.091+0200] {logging_mixin.py:117} INFO - [2023-06-08T23:52:26.091+0200] {dagbag.py:525} INFO - Filling up the DagBag from /Users/brenda/miniconda3/envs/airflow/lib/python3.8/site-packages/airflow/example_dags/subdags/subdag.py
[2023-06-08T23:52:26.101+0200] {processor.py:770} WARNING - No viable dags retrieved from /Users/brenda/miniconda3/envs/airflow/lib/python3.8/site-packages/airflow/example_dags/subdags/subdag.py
[2023-06-08T23:52:26.185+0200] {processor.py:178} INFO - Processing /Users/brenda/miniconda3/envs/airflow/lib/python3.8/site-packages/airflow/example_dags/subdags/subdag.py took 0.099 seconds
[2023-06-08T23:53:16.810+0200] {processor.py:156} INFO - Started process (PID=23899) to work on /Users/brenda/miniconda3/envs/airflow/lib/python3.8/site-packages/airflow/example_dags/subdags/subdag.py
[2023-06-08T23:53:16.813+0200] {processor.py:758} INFO - Processing file /Users/brenda/miniconda3/envs/airflow/lib/python3.8/site-packages/airflow/example_dags/subdags/subdag.py for tasks to queue
[2023-06-08T23:53:16.814+0200] {logging_mixin.py:117} INFO - [2023-06-08T23:53:16.814+0200] {dagbag.py:525} INFO - Filling up the DagBag from /Users/brenda/miniconda3/envs/airflow/lib/python3.8/site-packages/airflow/example_dags/subdags/subdag.py
[2023-06-08T23:53:16.822+0200] {processor.py:770} WARNING - No viable dags retrieved from /Users/brenda/miniconda3/envs/airflow/lib/python3.8/site-packages/airflow/example_dags/subdags/subdag.py
[2023-06-08T23:53:16.906+0200] {processor.py:178} INFO - Processing /Users/brenda/miniconda3/envs/airflow/lib/python3.8/site-packages/airflow/example_dags/subdags/subdag.py took 0.097 seconds
[2023-06-08T23:54:31.109+0200] {processor.py:156} INFO - Started process (PID=24205) to work on /Users/brenda/miniconda3/envs/airflow/lib/python3.8/site-packages/airflow/example_dags/subdags/subdag.py
[2023-06-08T23:54:31.113+0200] {processor.py:758} INFO - Processing file /Users/brenda/miniconda3/envs/airflow/lib/python3.8/site-packages/airflow/example_dags/subdags/subdag.py for tasks to queue
[2023-06-08T23:54:31.113+0200] {logging_mixin.py:117} INFO - [2023-06-08T23:54:31.113+0200] {dagbag.py:525} INFO - Filling up the DagBag from /Users/brenda/miniconda3/envs/airflow/lib/python3.8/site-packages/airflow/example_dags/subdags/subdag.py
[2023-06-08T23:54:31.121+0200] {processor.py:770} WARNING - No viable dags retrieved from /Users/brenda/miniconda3/envs/airflow/lib/python3.8/site-packages/airflow/example_dags/subdags/subdag.py
[2023-06-08T23:54:31.226+0200] {processor.py:178} INFO - Processing /Users/brenda/miniconda3/envs/airflow/lib/python3.8/site-packages/airflow/example_dags/subdags/subdag.py took 0.117 seconds
[2023-06-08T23:55:02.516+0200] {processor.py:156} INFO - Started process (PID=24291) to work on /Users/brenda/miniconda3/envs/airflow/lib/python3.8/site-packages/airflow/example_dags/subdags/subdag.py
[2023-06-08T23:55:02.520+0200] {processor.py:758} INFO - Processing file /Users/brenda/miniconda3/envs/airflow/lib/python3.8/site-packages/airflow/example_dags/subdags/subdag.py for tasks to queue
[2023-06-08T23:55:02.520+0200] {logging_mixin.py:117} INFO - [2023-06-08T23:55:02.520+0200] {dagbag.py:525} INFO - Filling up the DagBag from /Users/brenda/miniconda3/envs/airflow/lib/python3.8/site-packages/airflow/example_dags/subdags/subdag.py
[2023-06-08T23:55:02.529+0200] {processor.py:770} WARNING - No viable dags retrieved from /Users/brenda/miniconda3/envs/airflow/lib/python3.8/site-packages/airflow/example_dags/subdags/subdag.py
[2023-06-08T23:55:02.613+0200] {processor.py:178} INFO - Processing /Users/brenda/miniconda3/envs/airflow/lib/python3.8/site-packages/airflow/example_dags/subdags/subdag.py took 0.097 seconds
[2023-06-08T23:55:33.609+0200] {processor.py:156} INFO - Started process (PID=24361) to work on /Users/brenda/miniconda3/envs/airflow/lib/python3.8/site-packages/airflow/example_dags/subdags/subdag.py
[2023-06-08T23:55:33.613+0200] {processor.py:758} INFO - Processing file /Users/brenda/miniconda3/envs/airflow/lib/python3.8/site-packages/airflow/example_dags/subdags/subdag.py for tasks to queue
[2023-06-08T23:55:33.614+0200] {logging_mixin.py:117} INFO - [2023-06-08T23:55:33.614+0200] {dagbag.py:525} INFO - Filling up the DagBag from /Users/brenda/miniconda3/envs/airflow/lib/python3.8/site-packages/airflow/example_dags/subdags/subdag.py
[2023-06-08T23:55:33.623+0200] {processor.py:770} WARNING - No viable dags retrieved from /Users/brenda/miniconda3/envs/airflow/lib/python3.8/site-packages/airflow/example_dags/subdags/subdag.py
[2023-06-08T23:55:33.706+0200] {processor.py:178} INFO - Processing /Users/brenda/miniconda3/envs/airflow/lib/python3.8/site-packages/airflow/example_dags/subdags/subdag.py took 0.097 seconds
[2023-06-08T23:56:05.134+0200] {processor.py:156} INFO - Started process (PID=24427) to work on /Users/brenda/miniconda3/envs/airflow/lib/python3.8/site-packages/airflow/example_dags/subdags/subdag.py
[2023-06-08T23:56:05.138+0200] {processor.py:758} INFO - Processing file /Users/brenda/miniconda3/envs/airflow/lib/python3.8/site-packages/airflow/example_dags/subdags/subdag.py for tasks to queue
[2023-06-08T23:56:05.138+0200] {logging_mixin.py:117} INFO - [2023-06-08T23:56:05.138+0200] {dagbag.py:525} INFO - Filling up the DagBag from /Users/brenda/miniconda3/envs/airflow/lib/python3.8/site-packages/airflow/example_dags/subdags/subdag.py
[2023-06-08T23:56:05.147+0200] {processor.py:770} WARNING - No viable dags retrieved from /Users/brenda/miniconda3/envs/airflow/lib/python3.8/site-packages/airflow/example_dags/subdags/subdag.py
[2023-06-08T23:56:05.230+0200] {processor.py:178} INFO - Processing /Users/brenda/miniconda3/envs/airflow/lib/python3.8/site-packages/airflow/example_dags/subdags/subdag.py took 0.097 seconds
[2023-06-08T23:56:37.257+0200] {processor.py:156} INFO - Started process (PID=24500) to work on /Users/brenda/miniconda3/envs/airflow/lib/python3.8/site-packages/airflow/example_dags/subdags/subdag.py
[2023-06-08T23:56:37.262+0200] {processor.py:758} INFO - Processing file /Users/brenda/miniconda3/envs/airflow/lib/python3.8/site-packages/airflow/example_dags/subdags/subdag.py for tasks to queue
[2023-06-08T23:56:37.262+0200] {logging_mixin.py:117} INFO - [2023-06-08T23:56:37.262+0200] {dagbag.py:525} INFO - Filling up the DagBag from /Users/brenda/miniconda3/envs/airflow/lib/python3.8/site-packages/airflow/example_dags/subdags/subdag.py
[2023-06-08T23:56:37.272+0200] {processor.py:770} WARNING - No viable dags retrieved from /Users/brenda/miniconda3/envs/airflow/lib/python3.8/site-packages/airflow/example_dags/subdags/subdag.py
[2023-06-08T23:56:37.367+0200] {processor.py:178} INFO - Processing /Users/brenda/miniconda3/envs/airflow/lib/python3.8/site-packages/airflow/example_dags/subdags/subdag.py took 0.111 seconds
[2023-06-08T23:57:12.327+0200] {processor.py:156} INFO - Started process (PID=24583) to work on /Users/brenda/miniconda3/envs/airflow/lib/python3.8/site-packages/airflow/example_dags/subdags/subdag.py
[2023-06-08T23:57:12.331+0200] {processor.py:758} INFO - Processing file /Users/brenda/miniconda3/envs/airflow/lib/python3.8/site-packages/airflow/example_dags/subdags/subdag.py for tasks to queue
[2023-06-08T23:57:12.331+0200] {logging_mixin.py:117} INFO - [2023-06-08T23:57:12.331+0200] {dagbag.py:525} INFO - Filling up the DagBag from /Users/brenda/miniconda3/envs/airflow/lib/python3.8/site-packages/airflow/example_dags/subdags/subdag.py
[2023-06-08T23:57:12.340+0200] {processor.py:770} WARNING - No viable dags retrieved from /Users/brenda/miniconda3/envs/airflow/lib/python3.8/site-packages/airflow/example_dags/subdags/subdag.py
[2023-06-08T23:57:12.422+0200] {processor.py:178} INFO - Processing /Users/brenda/miniconda3/envs/airflow/lib/python3.8/site-packages/airflow/example_dags/subdags/subdag.py took 0.095 seconds
[2023-06-08T23:57:55.125+0200] {processor.py:156} INFO - Started process (PID=24702) to work on /Users/brenda/miniconda3/envs/airflow/lib/python3.8/site-packages/airflow/example_dags/subdags/subdag.py
[2023-06-08T23:57:55.129+0200] {processor.py:758} INFO - Processing file /Users/brenda/miniconda3/envs/airflow/lib/python3.8/site-packages/airflow/example_dags/subdags/subdag.py for tasks to queue
[2023-06-08T23:57:55.129+0200] {logging_mixin.py:117} INFO - [2023-06-08T23:57:55.129+0200] {dagbag.py:525} INFO - Filling up the DagBag from /Users/brenda/miniconda3/envs/airflow/lib/python3.8/site-packages/airflow/example_dags/subdags/subdag.py
[2023-06-08T23:57:55.138+0200] {processor.py:770} WARNING - No viable dags retrieved from /Users/brenda/miniconda3/envs/airflow/lib/python3.8/site-packages/airflow/example_dags/subdags/subdag.py
[2023-06-08T23:57:55.220+0200] {processor.py:178} INFO - Processing /Users/brenda/miniconda3/envs/airflow/lib/python3.8/site-packages/airflow/example_dags/subdags/subdag.py took 0.096 seconds
[2023-06-08T23:58:36.711+0200] {processor.py:156} INFO - Started process (PID=24813) to work on /Users/brenda/miniconda3/envs/airflow/lib/python3.8/site-packages/airflow/example_dags/subdags/subdag.py
[2023-06-08T23:58:36.715+0200] {processor.py:758} INFO - Processing file /Users/brenda/miniconda3/envs/airflow/lib/python3.8/site-packages/airflow/example_dags/subdags/subdag.py for tasks to queue
[2023-06-08T23:58:36.715+0200] {logging_mixin.py:117} INFO - [2023-06-08T23:58:36.715+0200] {dagbag.py:525} INFO - Filling up the DagBag from /Users/brenda/miniconda3/envs/airflow/lib/python3.8/site-packages/airflow/example_dags/subdags/subdag.py
[2023-06-08T23:58:36.724+0200] {processor.py:770} WARNING - No viable dags retrieved from /Users/brenda/miniconda3/envs/airflow/lib/python3.8/site-packages/airflow/example_dags/subdags/subdag.py
[2023-06-08T23:58:36.808+0200] {processor.py:178} INFO - Processing /Users/brenda/miniconda3/envs/airflow/lib/python3.8/site-packages/airflow/example_dags/subdags/subdag.py took 0.097 seconds
[2023-06-08T23:59:40.611+0200] {processor.py:156} INFO - Started process (PID=25035) to work on /Users/brenda/miniconda3/envs/airflow/lib/python3.8/site-packages/airflow/example_dags/subdags/subdag.py
[2023-06-08T23:59:40.614+0200] {processor.py:758} INFO - Processing file /Users/brenda/miniconda3/envs/airflow/lib/python3.8/site-packages/airflow/example_dags/subdags/subdag.py for tasks to queue
[2023-06-08T23:59:40.615+0200] {logging_mixin.py:117} INFO - [2023-06-08T23:59:40.615+0200] {dagbag.py:525} INFO - Filling up the DagBag from /Users/brenda/miniconda3/envs/airflow/lib/python3.8/site-packages/airflow/example_dags/subdags/subdag.py
[2023-06-08T23:59:40.623+0200] {processor.py:770} WARNING - No viable dags retrieved from /Users/brenda/miniconda3/envs/airflow/lib/python3.8/site-packages/airflow/example_dags/subdags/subdag.py
[2023-06-08T23:59:40.706+0200] {processor.py:178} INFO - Processing /Users/brenda/miniconda3/envs/airflow/lib/python3.8/site-packages/airflow/example_dags/subdags/subdag.py took 0.096 seconds
[2023-06-09T00:00:16.599+0200] {processor.py:156} INFO - Started process (PID=25217) to work on /Users/brenda/miniconda3/envs/airflow/lib/python3.8/site-packages/airflow/example_dags/subdags/subdag.py
[2023-06-09T00:00:16.602+0200] {processor.py:758} INFO - Processing file /Users/brenda/miniconda3/envs/airflow/lib/python3.8/site-packages/airflow/example_dags/subdags/subdag.py for tasks to queue
[2023-06-09T00:00:16.603+0200] {logging_mixin.py:117} INFO - [2023-06-09T00:00:16.603+0200] {dagbag.py:525} INFO - Filling up the DagBag from /Users/brenda/miniconda3/envs/airflow/lib/python3.8/site-packages/airflow/example_dags/subdags/subdag.py
[2023-06-09T00:00:16.611+0200] {processor.py:770} WARNING - No viable dags retrieved from /Users/brenda/miniconda3/envs/airflow/lib/python3.8/site-packages/airflow/example_dags/subdags/subdag.py
[2023-06-09T00:00:16.696+0200] {processor.py:178} INFO - Processing /Users/brenda/miniconda3/envs/airflow/lib/python3.8/site-packages/airflow/example_dags/subdags/subdag.py took 0.097 seconds
[2023-06-09T00:00:50.403+0200] {processor.py:156} INFO - Started process (PID=25324) to work on /Users/brenda/miniconda3/envs/airflow/lib/python3.8/site-packages/airflow/example_dags/subdags/subdag.py
[2023-06-09T00:00:50.407+0200] {processor.py:758} INFO - Processing file /Users/brenda/miniconda3/envs/airflow/lib/python3.8/site-packages/airflow/example_dags/subdags/subdag.py for tasks to queue
[2023-06-09T00:00:50.407+0200] {logging_mixin.py:117} INFO - [2023-06-09T00:00:50.407+0200] {dagbag.py:525} INFO - Filling up the DagBag from /Users/brenda/miniconda3/envs/airflow/lib/python3.8/site-packages/airflow/example_dags/subdags/subdag.py
[2023-06-09T00:00:50.416+0200] {processor.py:770} WARNING - No viable dags retrieved from /Users/brenda/miniconda3/envs/airflow/lib/python3.8/site-packages/airflow/example_dags/subdags/subdag.py
[2023-06-09T00:00:50.499+0200] {processor.py:178} INFO - Processing /Users/brenda/miniconda3/envs/airflow/lib/python3.8/site-packages/airflow/example_dags/subdags/subdag.py took 0.096 seconds
[2023-06-09T00:01:21.446+0200] {processor.py:156} INFO - Started process (PID=25418) to work on /Users/brenda/miniconda3/envs/airflow/lib/python3.8/site-packages/airflow/example_dags/subdags/subdag.py
[2023-06-09T00:01:21.450+0200] {processor.py:758} INFO - Processing file /Users/brenda/miniconda3/envs/airflow/lib/python3.8/site-packages/airflow/example_dags/subdags/subdag.py for tasks to queue
[2023-06-09T00:01:21.450+0200] {logging_mixin.py:117} INFO - [2023-06-09T00:01:21.450+0200] {dagbag.py:525} INFO - Filling up the DagBag from /Users/brenda/miniconda3/envs/airflow/lib/python3.8/site-packages/airflow/example_dags/subdags/subdag.py
[2023-06-09T00:01:21.459+0200] {processor.py:770} WARNING - No viable dags retrieved from /Users/brenda/miniconda3/envs/airflow/lib/python3.8/site-packages/airflow/example_dags/subdags/subdag.py
[2023-06-09T00:01:21.542+0200] {processor.py:178} INFO - Processing /Users/brenda/miniconda3/envs/airflow/lib/python3.8/site-packages/airflow/example_dags/subdags/subdag.py took 0.096 seconds
[2023-06-09T00:01:53.263+0200] {processor.py:156} INFO - Started process (PID=25494) to work on /Users/brenda/miniconda3/envs/airflow/lib/python3.8/site-packages/airflow/example_dags/subdags/subdag.py
[2023-06-09T00:01:53.267+0200] {processor.py:758} INFO - Processing file /Users/brenda/miniconda3/envs/airflow/lib/python3.8/site-packages/airflow/example_dags/subdags/subdag.py for tasks to queue
[2023-06-09T00:01:53.267+0200] {logging_mixin.py:117} INFO - [2023-06-09T00:01:53.267+0200] {dagbag.py:525} INFO - Filling up the DagBag from /Users/brenda/miniconda3/envs/airflow/lib/python3.8/site-packages/airflow/example_dags/subdags/subdag.py
[2023-06-09T00:01:53.276+0200] {processor.py:770} WARNING - No viable dags retrieved from /Users/brenda/miniconda3/envs/airflow/lib/python3.8/site-packages/airflow/example_dags/subdags/subdag.py
[2023-06-09T00:01:53.360+0200] {processor.py:178} INFO - Processing /Users/brenda/miniconda3/envs/airflow/lib/python3.8/site-packages/airflow/example_dags/subdags/subdag.py took 0.097 seconds
[2023-06-09T00:02:25.120+0200] {processor.py:156} INFO - Started process (PID=25560) to work on /Users/brenda/miniconda3/envs/airflow/lib/python3.8/site-packages/airflow/example_dags/subdags/subdag.py
[2023-06-09T00:02:25.124+0200] {processor.py:758} INFO - Processing file /Users/brenda/miniconda3/envs/airflow/lib/python3.8/site-packages/airflow/example_dags/subdags/subdag.py for tasks to queue
[2023-06-09T00:02:25.124+0200] {logging_mixin.py:117} INFO - [2023-06-09T00:02:25.124+0200] {dagbag.py:525} INFO - Filling up the DagBag from /Users/brenda/miniconda3/envs/airflow/lib/python3.8/site-packages/airflow/example_dags/subdags/subdag.py
[2023-06-09T00:02:25.135+0200] {processor.py:770} WARNING - No viable dags retrieved from /Users/brenda/miniconda3/envs/airflow/lib/python3.8/site-packages/airflow/example_dags/subdags/subdag.py
[2023-06-09T00:02:25.220+0200] {processor.py:178} INFO - Processing /Users/brenda/miniconda3/envs/airflow/lib/python3.8/site-packages/airflow/example_dags/subdags/subdag.py took 0.100 seconds
