[2023-06-08T23:25:18.455+0200] {taskinstance.py:1165} INFO - Dependencies all met for <TaskInstance: player_success_rate.get_baseball_data_task scheduled__2023-01-20T00:00:00+00:00 [queued]>
[2023-06-08T23:25:18.480+0200] {taskinstance.py:1165} INFO - Dependencies all met for <TaskInstance: player_success_rate.get_baseball_data_task scheduled__2023-01-20T00:00:00+00:00 [queued]>
[2023-06-08T23:25:18.480+0200] {taskinstance.py:1362} INFO - 
--------------------------------------------------------------------------------
[2023-06-08T23:25:18.480+0200] {taskinstance.py:1363} INFO - Starting attempt 2 of 2
[2023-06-08T23:25:18.480+0200] {taskinstance.py:1364} INFO - 
--------------------------------------------------------------------------------
[2023-06-08T23:25:18.486+0200] {taskinstance.py:1383} INFO - Executing <Task(PythonOperator): get_baseball_data_task> on 2023-01-20 00:00:00+00:00
[2023-06-08T23:25:18.488+0200] {standard_task_runner.py:54} INFO - Started process 19203 to run task
[2023-06-08T23:25:18.491+0200] {standard_task_runner.py:82} INFO - Running: ['airflow', 'tasks', 'run', 'player_success_rate', 'get_baseball_data_task', 'scheduled__2023-01-20T00:00:00+00:00', '--job-id', '722', '--raw', '--subdir', 'DAGS_FOLDER/data_baseball.py', '--cfg-path', '/var/folders/tf/f0rvty4s1yd90__k0gtqx_5h0000gn/T/tmpyvv0avpa']
[2023-06-08T23:25:18.492+0200] {standard_task_runner.py:83} INFO - Job 722: Subtask get_baseball_data_task
[2023-06-08T23:25:18.493+0200] {dagbag.py:525} INFO - Filling up the DagBag from /Users/brenda/airflow/dags/data_baseball.py
[2023-06-08T23:25:18.604+0200] {example_local_kubernetes_executor.py:39} WARNING - Could not import DAGs in example_local_kubernetes_executor.py
Traceback (most recent call last):
  File "/Users/brenda/miniconda3/envs/airflow/lib/python3.8/site-packages/airflow/example_dags/example_local_kubernetes_executor.py", line 37, in <module>
    from kubernetes.client import models as k8s
ModuleNotFoundError: No module named 'kubernetes'
[2023-06-08T23:25:18.605+0200] {example_local_kubernetes_executor.py:40} WARNING - Install Kubernetes dependencies with: pip install apache-airflow[cncf.kubernetes]
[2023-06-08T23:25:18.607+0200] {taskmixin.py:205} WARNING - Dependency <Task(_PythonDecoratedOperator): task_group_function.task_1>, task_group_function.task_2 already registered for DAG: example_task_group_decorator
[2023-06-08T23:25:18.607+0200] {taskmixin.py:205} WARNING - Dependency <Task(_PythonDecoratedOperator): task_group_function.task_2>, task_group_function.task_1 already registered for DAG: example_task_group_decorator
[2023-06-08T23:25:18.607+0200] {taskmixin.py:205} WARNING - Dependency <Task(_PythonDecoratedOperator): task_group_function.task_1>, task_group_function.task_2 already registered for DAG: example_task_group_decorator
[2023-06-08T23:25:18.608+0200] {taskmixin.py:205} WARNING - Dependency <Task(_PythonDecoratedOperator): task_group_function.task_2>, task_group_function.task_1 already registered for DAG: example_task_group_decorator
[2023-06-08T23:25:18.608+0200] {taskmixin.py:205} WARNING - Dependency <Task(_PythonDecoratedOperator): task_group_function.task_1>, task_group_function.task_2 already registered for DAG: example_task_group_decorator
[2023-06-08T23:25:18.608+0200] {taskmixin.py:205} WARNING - Dependency <Task(_PythonDecoratedOperator): task_group_function.task_2>, task_group_function.task_1 already registered for DAG: example_task_group_decorator
[2023-06-08T23:25:18.608+0200] {taskmixin.py:205} WARNING - Dependency <Task(_PythonDecoratedOperator): task_group_function.task_1>, task_group_function.task_2 already registered for DAG: example_task_group_decorator
[2023-06-08T23:25:18.608+0200] {taskmixin.py:205} WARNING - Dependency <Task(_PythonDecoratedOperator): task_group_function.task_2>, task_group_function.task_1 already registered for DAG: example_task_group_decorator
[2023-06-08T23:25:18.609+0200] {taskmixin.py:205} WARNING - Dependency <Task(_PythonDecoratedOperator): task_group_function.task_1>, task_group_function.task_2 already registered for DAG: example_task_group_decorator
[2023-06-08T23:25:18.609+0200] {taskmixin.py:205} WARNING - Dependency <Task(_PythonDecoratedOperator): task_group_function.task_2>, task_group_function.task_1 already registered for DAG: example_task_group_decorator
[2023-06-08T23:25:18.609+0200] {taskmixin.py:205} WARNING - Dependency <Task(_PythonDecoratedOperator): task_group_function.task_1>, task_group_function.task_2 already registered for DAG: example_task_group_decorator
[2023-06-08T23:25:18.609+0200] {taskmixin.py:205} WARNING - Dependency <Task(_PythonDecoratedOperator): task_group_function.task_2>, task_group_function.task_1 already registered for DAG: example_task_group_decorator
[2023-06-08T23:25:18.610+0200] {taskmixin.py:205} WARNING - Dependency <Task(_PythonDecoratedOperator): task_group_function.task_2>, task_group_function.task_3 already registered for DAG: example_task_group_decorator
[2023-06-08T23:25:18.610+0200] {taskmixin.py:205} WARNING - Dependency <Task(_PythonDecoratedOperator): task_group_function.task_3>, task_group_function.task_2 already registered for DAG: example_task_group_decorator
[2023-06-08T23:25:18.610+0200] {taskmixin.py:205} WARNING - Dependency <Task(_PythonDecoratedOperator): task_group_function.task_2>, task_group_function.task_3 already registered for DAG: example_task_group_decorator
[2023-06-08T23:25:18.610+0200] {taskmixin.py:205} WARNING - Dependency <Task(_PythonDecoratedOperator): task_group_function.task_3>, task_group_function.task_2 already registered for DAG: example_task_group_decorator
[2023-06-08T23:25:18.611+0200] {taskmixin.py:205} WARNING - Dependency <Task(_PythonDecoratedOperator): task_group_function.task_2>, task_group_function.task_3 already registered for DAG: example_task_group_decorator
[2023-06-08T23:25:18.611+0200] {taskmixin.py:205} WARNING - Dependency <Task(_PythonDecoratedOperator): task_group_function.task_3>, task_group_function.task_2 already registered for DAG: example_task_group_decorator
[2023-06-08T23:25:18.611+0200] {taskmixin.py:205} WARNING - Dependency <Task(_PythonDecoratedOperator): task_group_function.task_2>, task_group_function.task_3 already registered for DAG: example_task_group_decorator
[2023-06-08T23:25:18.611+0200] {taskmixin.py:205} WARNING - Dependency <Task(_PythonDecoratedOperator): task_group_function.task_3>, task_group_function.task_2 already registered for DAG: example_task_group_decorator
[2023-06-08T23:25:18.612+0200] {taskmixin.py:205} WARNING - Dependency <Task(_PythonDecoratedOperator): task_group_function.task_2>, task_group_function.task_3 already registered for DAG: example_task_group_decorator
[2023-06-08T23:25:18.612+0200] {taskmixin.py:205} WARNING - Dependency <Task(_PythonDecoratedOperator): task_group_function.task_3>, task_group_function.task_2 already registered for DAG: example_task_group_decorator
[2023-06-08T23:25:18.612+0200] {taskmixin.py:205} WARNING - Dependency <Task(_PythonDecoratedOperator): task_group_function.task_2>, task_group_function.task_3 already registered for DAG: example_task_group_decorator
[2023-06-08T23:25:18.612+0200] {taskmixin.py:205} WARNING - Dependency <Task(_PythonDecoratedOperator): task_group_function.task_3>, task_group_function.task_2 already registered for DAG: example_task_group_decorator
[2023-06-08T23:25:18.613+0200] {taskmixin.py:205} WARNING - Dependency <Task(_PythonDecoratedOperator): task_group_function__1.task_1>, task_group_function__1.task_2 already registered for DAG: example_task_group_decorator
[2023-06-08T23:25:18.613+0200] {taskmixin.py:205} WARNING - Dependency <Task(_PythonDecoratedOperator): task_group_function__1.task_2>, task_group_function__1.task_1 already registered for DAG: example_task_group_decorator
[2023-06-08T23:25:18.614+0200] {taskmixin.py:205} WARNING - Dependency <Task(_PythonDecoratedOperator): task_group_function__1.task_1>, task_group_function__1.task_2 already registered for DAG: example_task_group_decorator
[2023-06-08T23:25:18.614+0200] {taskmixin.py:205} WARNING - Dependency <Task(_PythonDecoratedOperator): task_group_function__1.task_2>, task_group_function__1.task_1 already registered for DAG: example_task_group_decorator
[2023-06-08T23:25:18.614+0200] {taskmixin.py:205} WARNING - Dependency <Task(_PythonDecoratedOperator): task_group_function__1.task_1>, task_group_function__1.task_2 already registered for DAG: example_task_group_decorator
[2023-06-08T23:25:18.614+0200] {taskmixin.py:205} WARNING - Dependency <Task(_PythonDecoratedOperator): task_group_function__1.task_2>, task_group_function__1.task_1 already registered for DAG: example_task_group_decorator
[2023-06-08T23:25:18.614+0200] {taskmixin.py:205} WARNING - Dependency <Task(_PythonDecoratedOperator): task_group_function__1.task_1>, task_group_function__1.task_2 already registered for DAG: example_task_group_decorator
[2023-06-08T23:25:18.615+0200] {taskmixin.py:205} WARNING - Dependency <Task(_PythonDecoratedOperator): task_group_function__1.task_2>, task_group_function__1.task_1 already registered for DAG: example_task_group_decorator
[2023-06-08T23:25:18.615+0200] {taskmixin.py:205} WARNING - Dependency <Task(_PythonDecoratedOperator): task_group_function__1.task_1>, task_group_function__1.task_2 already registered for DAG: example_task_group_decorator
[2023-06-08T23:25:18.615+0200] {taskmixin.py:205} WARNING - Dependency <Task(_PythonDecoratedOperator): task_group_function__1.task_2>, task_group_function__1.task_1 already registered for DAG: example_task_group_decorator
[2023-06-08T23:25:18.615+0200] {taskmixin.py:205} WARNING - Dependency <Task(_PythonDecoratedOperator): task_group_function__1.task_1>, task_group_function__1.task_2 already registered for DAG: example_task_group_decorator
[2023-06-08T23:25:18.615+0200] {taskmixin.py:205} WARNING - Dependency <Task(_PythonDecoratedOperator): task_group_function__1.task_2>, task_group_function__1.task_1 already registered for DAG: example_task_group_decorator
[2023-06-08T23:25:18.616+0200] {taskmixin.py:205} WARNING - Dependency <Task(_PythonDecoratedOperator): task_group_function__1.task_2>, task_group_function__1.task_3 already registered for DAG: example_task_group_decorator
[2023-06-08T23:25:18.616+0200] {taskmixin.py:205} WARNING - Dependency <Task(_PythonDecoratedOperator): task_group_function__1.task_3>, task_group_function__1.task_2 already registered for DAG: example_task_group_decorator
[2023-06-08T23:25:18.616+0200] {taskmixin.py:205} WARNING - Dependency <Task(_PythonDecoratedOperator): task_group_function__1.task_2>, task_group_function__1.task_3 already registered for DAG: example_task_group_decorator
[2023-06-08T23:25:18.616+0200] {taskmixin.py:205} WARNING - Dependency <Task(_PythonDecoratedOperator): task_group_function__1.task_3>, task_group_function__1.task_2 already registered for DAG: example_task_group_decorator
[2023-06-08T23:25:18.617+0200] {taskmixin.py:205} WARNING - Dependency <Task(_PythonDecoratedOperator): task_group_function__1.task_2>, task_group_function__1.task_3 already registered for DAG: example_task_group_decorator
[2023-06-08T23:25:18.617+0200] {taskmixin.py:205} WARNING - Dependency <Task(_PythonDecoratedOperator): task_group_function__1.task_3>, task_group_function__1.task_2 already registered for DAG: example_task_group_decorator
[2023-06-08T23:25:18.617+0200] {taskmixin.py:205} WARNING - Dependency <Task(_PythonDecoratedOperator): task_group_function__1.task_2>, task_group_function__1.task_3 already registered for DAG: example_task_group_decorator
[2023-06-08T23:25:18.617+0200] {taskmixin.py:205} WARNING - Dependency <Task(_PythonDecoratedOperator): task_group_function__1.task_3>, task_group_function__1.task_2 already registered for DAG: example_task_group_decorator
[2023-06-08T23:25:18.618+0200] {taskmixin.py:205} WARNING - Dependency <Task(_PythonDecoratedOperator): task_group_function__1.task_2>, task_group_function__1.task_3 already registered for DAG: example_task_group_decorator
[2023-06-08T23:25:18.618+0200] {taskmixin.py:205} WARNING - Dependency <Task(_PythonDecoratedOperator): task_group_function__1.task_3>, task_group_function__1.task_2 already registered for DAG: example_task_group_decorator
[2023-06-08T23:25:18.618+0200] {taskmixin.py:205} WARNING - Dependency <Task(_PythonDecoratedOperator): task_group_function__1.task_2>, task_group_function__1.task_3 already registered for DAG: example_task_group_decorator
[2023-06-08T23:25:18.618+0200] {taskmixin.py:205} WARNING - Dependency <Task(_PythonDecoratedOperator): task_group_function__1.task_3>, task_group_function__1.task_2 already registered for DAG: example_task_group_decorator
[2023-06-08T23:25:18.619+0200] {taskmixin.py:205} WARNING - Dependency <Task(_PythonDecoratedOperator): task_group_function__2.task_1>, task_group_function__2.task_2 already registered for DAG: example_task_group_decorator
[2023-06-08T23:25:18.619+0200] {taskmixin.py:205} WARNING - Dependency <Task(_PythonDecoratedOperator): task_group_function__2.task_2>, task_group_function__2.task_1 already registered for DAG: example_task_group_decorator
[2023-06-08T23:25:18.619+0200] {taskmixin.py:205} WARNING - Dependency <Task(_PythonDecoratedOperator): task_group_function__2.task_1>, task_group_function__2.task_2 already registered for DAG: example_task_group_decorator
[2023-06-08T23:25:18.620+0200] {taskmixin.py:205} WARNING - Dependency <Task(_PythonDecoratedOperator): task_group_function__2.task_2>, task_group_function__2.task_1 already registered for DAG: example_task_group_decorator
[2023-06-08T23:25:18.620+0200] {taskmixin.py:205} WARNING - Dependency <Task(_PythonDecoratedOperator): task_group_function__2.task_1>, task_group_function__2.task_2 already registered for DAG: example_task_group_decorator
[2023-06-08T23:25:18.620+0200] {taskmixin.py:205} WARNING - Dependency <Task(_PythonDecoratedOperator): task_group_function__2.task_2>, task_group_function__2.task_1 already registered for DAG: example_task_group_decorator
[2023-06-08T23:25:18.620+0200] {taskmixin.py:205} WARNING - Dependency <Task(_PythonDecoratedOperator): task_group_function__2.task_1>, task_group_function__2.task_2 already registered for DAG: example_task_group_decorator
[2023-06-08T23:25:18.620+0200] {taskmixin.py:205} WARNING - Dependency <Task(_PythonDecoratedOperator): task_group_function__2.task_2>, task_group_function__2.task_1 already registered for DAG: example_task_group_decorator
[2023-06-08T23:25:18.621+0200] {taskmixin.py:205} WARNING - Dependency <Task(_PythonDecoratedOperator): task_group_function__2.task_1>, task_group_function__2.task_2 already registered for DAG: example_task_group_decorator
[2023-06-08T23:25:18.621+0200] {taskmixin.py:205} WARNING - Dependency <Task(_PythonDecoratedOperator): task_group_function__2.task_2>, task_group_function__2.task_1 already registered for DAG: example_task_group_decorator
[2023-06-08T23:25:18.621+0200] {taskmixin.py:205} WARNING - Dependency <Task(_PythonDecoratedOperator): task_group_function__2.task_1>, task_group_function__2.task_2 already registered for DAG: example_task_group_decorator
[2023-06-08T23:25:18.621+0200] {taskmixin.py:205} WARNING - Dependency <Task(_PythonDecoratedOperator): task_group_function__2.task_2>, task_group_function__2.task_1 already registered for DAG: example_task_group_decorator
[2023-06-08T23:25:18.622+0200] {taskmixin.py:205} WARNING - Dependency <Task(_PythonDecoratedOperator): task_group_function__2.task_2>, task_group_function__2.task_3 already registered for DAG: example_task_group_decorator
[2023-06-08T23:25:18.622+0200] {taskmixin.py:205} WARNING - Dependency <Task(_PythonDecoratedOperator): task_group_function__2.task_3>, task_group_function__2.task_2 already registered for DAG: example_task_group_decorator
[2023-06-08T23:25:18.622+0200] {taskmixin.py:205} WARNING - Dependency <Task(_PythonDecoratedOperator): task_group_function__2.task_2>, task_group_function__2.task_3 already registered for DAG: example_task_group_decorator
[2023-06-08T23:25:18.622+0200] {taskmixin.py:205} WARNING - Dependency <Task(_PythonDecoratedOperator): task_group_function__2.task_3>, task_group_function__2.task_2 already registered for DAG: example_task_group_decorator
[2023-06-08T23:25:18.622+0200] {taskmixin.py:205} WARNING - Dependency <Task(_PythonDecoratedOperator): task_group_function__2.task_2>, task_group_function__2.task_3 already registered for DAG: example_task_group_decorator
[2023-06-08T23:25:18.623+0200] {taskmixin.py:205} WARNING - Dependency <Task(_PythonDecoratedOperator): task_group_function__2.task_3>, task_group_function__2.task_2 already registered for DAG: example_task_group_decorator
[2023-06-08T23:25:18.623+0200] {taskmixin.py:205} WARNING - Dependency <Task(_PythonDecoratedOperator): task_group_function__2.task_2>, task_group_function__2.task_3 already registered for DAG: example_task_group_decorator
[2023-06-08T23:25:18.623+0200] {taskmixin.py:205} WARNING - Dependency <Task(_PythonDecoratedOperator): task_group_function__2.task_3>, task_group_function__2.task_2 already registered for DAG: example_task_group_decorator
[2023-06-08T23:25:18.623+0200] {taskmixin.py:205} WARNING - Dependency <Task(_PythonDecoratedOperator): task_group_function__2.task_2>, task_group_function__2.task_3 already registered for DAG: example_task_group_decorator
[2023-06-08T23:25:18.624+0200] {taskmixin.py:205} WARNING - Dependency <Task(_PythonDecoratedOperator): task_group_function__2.task_3>, task_group_function__2.task_2 already registered for DAG: example_task_group_decorator
[2023-06-08T23:25:18.624+0200] {taskmixin.py:205} WARNING - Dependency <Task(_PythonDecoratedOperator): task_group_function__2.task_2>, task_group_function__2.task_3 already registered for DAG: example_task_group_decorator
[2023-06-08T23:25:18.624+0200] {taskmixin.py:205} WARNING - Dependency <Task(_PythonDecoratedOperator): task_group_function__2.task_3>, task_group_function__2.task_2 already registered for DAG: example_task_group_decorator
[2023-06-08T23:25:18.625+0200] {taskmixin.py:205} WARNING - Dependency <Task(_PythonDecoratedOperator): task_group_function__3.task_1>, task_group_function__3.task_2 already registered for DAG: example_task_group_decorator
[2023-06-08T23:25:18.625+0200] {taskmixin.py:205} WARNING - Dependency <Task(_PythonDecoratedOperator): task_group_function__3.task_2>, task_group_function__3.task_1 already registered for DAG: example_task_group_decorator
[2023-06-08T23:25:18.625+0200] {taskmixin.py:205} WARNING - Dependency <Task(_PythonDecoratedOperator): task_group_function__3.task_1>, task_group_function__3.task_2 already registered for DAG: example_task_group_decorator
[2023-06-08T23:25:18.625+0200] {taskmixin.py:205} WARNING - Dependency <Task(_PythonDecoratedOperator): task_group_function__3.task_2>, task_group_function__3.task_1 already registered for DAG: example_task_group_decorator
[2023-06-08T23:25:18.625+0200] {taskmixin.py:205} WARNING - Dependency <Task(_PythonDecoratedOperator): task_group_function__3.task_1>, task_group_function__3.task_2 already registered for DAG: example_task_group_decorator
[2023-06-08T23:25:18.626+0200] {taskmixin.py:205} WARNING - Dependency <Task(_PythonDecoratedOperator): task_group_function__3.task_2>, task_group_function__3.task_1 already registered for DAG: example_task_group_decorator
[2023-06-08T23:25:18.626+0200] {taskmixin.py:205} WARNING - Dependency <Task(_PythonDecoratedOperator): task_group_function__3.task_1>, task_group_function__3.task_2 already registered for DAG: example_task_group_decorator
[2023-06-08T23:25:18.626+0200] {taskmixin.py:205} WARNING - Dependency <Task(_PythonDecoratedOperator): task_group_function__3.task_2>, task_group_function__3.task_1 already registered for DAG: example_task_group_decorator
[2023-06-08T23:25:18.626+0200] {taskmixin.py:205} WARNING - Dependency <Task(_PythonDecoratedOperator): task_group_function__3.task_1>, task_group_function__3.task_2 already registered for DAG: example_task_group_decorator
[2023-06-08T23:25:18.627+0200] {taskmixin.py:205} WARNING - Dependency <Task(_PythonDecoratedOperator): task_group_function__3.task_2>, task_group_function__3.task_1 already registered for DAG: example_task_group_decorator
[2023-06-08T23:25:18.627+0200] {taskmixin.py:205} WARNING - Dependency <Task(_PythonDecoratedOperator): task_group_function__3.task_1>, task_group_function__3.task_2 already registered for DAG: example_task_group_decorator
[2023-06-08T23:25:18.627+0200] {taskmixin.py:205} WARNING - Dependency <Task(_PythonDecoratedOperator): task_group_function__3.task_2>, task_group_function__3.task_1 already registered for DAG: example_task_group_decorator
[2023-06-08T23:25:18.627+0200] {taskmixin.py:205} WARNING - Dependency <Task(_PythonDecoratedOperator): task_group_function__3.task_2>, task_group_function__3.task_3 already registered for DAG: example_task_group_decorator
[2023-06-08T23:25:18.628+0200] {taskmixin.py:205} WARNING - Dependency <Task(_PythonDecoratedOperator): task_group_function__3.task_3>, task_group_function__3.task_2 already registered for DAG: example_task_group_decorator
[2023-06-08T23:25:18.628+0200] {taskmixin.py:205} WARNING - Dependency <Task(_PythonDecoratedOperator): task_group_function__3.task_2>, task_group_function__3.task_3 already registered for DAG: example_task_group_decorator
[2023-06-08T23:25:18.628+0200] {taskmixin.py:205} WARNING - Dependency <Task(_PythonDecoratedOperator): task_group_function__3.task_3>, task_group_function__3.task_2 already registered for DAG: example_task_group_decorator
[2023-06-08T23:25:18.628+0200] {taskmixin.py:205} WARNING - Dependency <Task(_PythonDecoratedOperator): task_group_function__3.task_2>, task_group_function__3.task_3 already registered for DAG: example_task_group_decorator
[2023-06-08T23:25:18.628+0200] {taskmixin.py:205} WARNING - Dependency <Task(_PythonDecoratedOperator): task_group_function__3.task_3>, task_group_function__3.task_2 already registered for DAG: example_task_group_decorator
[2023-06-08T23:25:18.629+0200] {taskmixin.py:205} WARNING - Dependency <Task(_PythonDecoratedOperator): task_group_function__3.task_2>, task_group_function__3.task_3 already registered for DAG: example_task_group_decorator
[2023-06-08T23:25:18.629+0200] {taskmixin.py:205} WARNING - Dependency <Task(_PythonDecoratedOperator): task_group_function__3.task_3>, task_group_function__3.task_2 already registered for DAG: example_task_group_decorator
[2023-06-08T23:25:18.629+0200] {taskmixin.py:205} WARNING - Dependency <Task(_PythonDecoratedOperator): task_group_function__3.task_2>, task_group_function__3.task_3 already registered for DAG: example_task_group_decorator
[2023-06-08T23:25:18.629+0200] {taskmixin.py:205} WARNING - Dependency <Task(_PythonDecoratedOperator): task_group_function__3.task_3>, task_group_function__3.task_2 already registered for DAG: example_task_group_decorator
[2023-06-08T23:25:18.630+0200] {taskmixin.py:205} WARNING - Dependency <Task(_PythonDecoratedOperator): task_group_function__3.task_2>, task_group_function__3.task_3 already registered for DAG: example_task_group_decorator
[2023-06-08T23:25:18.630+0200] {taskmixin.py:205} WARNING - Dependency <Task(_PythonDecoratedOperator): task_group_function__3.task_3>, task_group_function__3.task_2 already registered for DAG: example_task_group_decorator
[2023-06-08T23:25:18.630+0200] {taskmixin.py:205} WARNING - Dependency <Task(_PythonDecoratedOperator): task_group_function__4.task_1>, task_group_function__4.task_2 already registered for DAG: example_task_group_decorator
[2023-06-08T23:25:18.631+0200] {taskmixin.py:205} WARNING - Dependency <Task(_PythonDecoratedOperator): task_group_function__4.task_2>, task_group_function__4.task_1 already registered for DAG: example_task_group_decorator
[2023-06-08T23:25:18.631+0200] {taskmixin.py:205} WARNING - Dependency <Task(_PythonDecoratedOperator): task_group_function__4.task_1>, task_group_function__4.task_2 already registered for DAG: example_task_group_decorator
[2023-06-08T23:25:18.631+0200] {taskmixin.py:205} WARNING - Dependency <Task(_PythonDecoratedOperator): task_group_function__4.task_2>, task_group_function__4.task_1 already registered for DAG: example_task_group_decorator
[2023-06-08T23:25:18.631+0200] {taskmixin.py:205} WARNING - Dependency <Task(_PythonDecoratedOperator): task_group_function__4.task_1>, task_group_function__4.task_2 already registered for DAG: example_task_group_decorator
[2023-06-08T23:25:18.631+0200] {taskmixin.py:205} WARNING - Dependency <Task(_PythonDecoratedOperator): task_group_function__4.task_2>, task_group_function__4.task_1 already registered for DAG: example_task_group_decorator
[2023-06-08T23:25:18.632+0200] {taskmixin.py:205} WARNING - Dependency <Task(_PythonDecoratedOperator): task_group_function__4.task_1>, task_group_function__4.task_2 already registered for DAG: example_task_group_decorator
[2023-06-08T23:25:18.632+0200] {taskmixin.py:205} WARNING - Dependency <Task(_PythonDecoratedOperator): task_group_function__4.task_2>, task_group_function__4.task_1 already registered for DAG: example_task_group_decorator
[2023-06-08T23:25:18.632+0200] {taskmixin.py:205} WARNING - Dependency <Task(_PythonDecoratedOperator): task_group_function__4.task_1>, task_group_function__4.task_2 already registered for DAG: example_task_group_decorator
[2023-06-08T23:25:18.632+0200] {taskmixin.py:205} WARNING - Dependency <Task(_PythonDecoratedOperator): task_group_function__4.task_2>, task_group_function__4.task_1 already registered for DAG: example_task_group_decorator
[2023-06-08T23:25:18.633+0200] {taskmixin.py:205} WARNING - Dependency <Task(_PythonDecoratedOperator): task_group_function__4.task_1>, task_group_function__4.task_2 already registered for DAG: example_task_group_decorator
[2023-06-08T23:25:18.633+0200] {taskmixin.py:205} WARNING - Dependency <Task(_PythonDecoratedOperator): task_group_function__4.task_2>, task_group_function__4.task_1 already registered for DAG: example_task_group_decorator
[2023-06-08T23:25:18.633+0200] {taskmixin.py:205} WARNING - Dependency <Task(_PythonDecoratedOperator): task_group_function__4.task_2>, task_group_function__4.task_3 already registered for DAG: example_task_group_decorator
[2023-06-08T23:25:18.633+0200] {taskmixin.py:205} WARNING - Dependency <Task(_PythonDecoratedOperator): task_group_function__4.task_3>, task_group_function__4.task_2 already registered for DAG: example_task_group_decorator
[2023-06-08T23:25:18.634+0200] {taskmixin.py:205} WARNING - Dependency <Task(_PythonDecoratedOperator): task_group_function__4.task_2>, task_group_function__4.task_3 already registered for DAG: example_task_group_decorator
[2023-06-08T23:25:18.634+0200] {taskmixin.py:205} WARNING - Dependency <Task(_PythonDecoratedOperator): task_group_function__4.task_3>, task_group_function__4.task_2 already registered for DAG: example_task_group_decorator
[2023-06-08T23:25:18.634+0200] {taskmixin.py:205} WARNING - Dependency <Task(_PythonDecoratedOperator): task_group_function__4.task_2>, task_group_function__4.task_3 already registered for DAG: example_task_group_decorator
[2023-06-08T23:25:18.634+0200] {taskmixin.py:205} WARNING - Dependency <Task(_PythonDecoratedOperator): task_group_function__4.task_3>, task_group_function__4.task_2 already registered for DAG: example_task_group_decorator
[2023-06-08T23:25:18.634+0200] {taskmixin.py:205} WARNING - Dependency <Task(_PythonDecoratedOperator): task_group_function__4.task_2>, task_group_function__4.task_3 already registered for DAG: example_task_group_decorator
[2023-06-08T23:25:18.635+0200] {taskmixin.py:205} WARNING - Dependency <Task(_PythonDecoratedOperator): task_group_function__4.task_3>, task_group_function__4.task_2 already registered for DAG: example_task_group_decorator
[2023-06-08T23:25:18.635+0200] {taskmixin.py:205} WARNING - Dependency <Task(_PythonDecoratedOperator): task_group_function__4.task_2>, task_group_function__4.task_3 already registered for DAG: example_task_group_decorator
[2023-06-08T23:25:18.635+0200] {taskmixin.py:205} WARNING - Dependency <Task(_PythonDecoratedOperator): task_group_function__4.task_3>, task_group_function__4.task_2 already registered for DAG: example_task_group_decorator
[2023-06-08T23:25:18.635+0200] {taskmixin.py:205} WARNING - Dependency <Task(_PythonDecoratedOperator): task_group_function__4.task_2>, task_group_function__4.task_3 already registered for DAG: example_task_group_decorator
[2023-06-08T23:25:18.635+0200] {taskmixin.py:205} WARNING - Dependency <Task(_PythonDecoratedOperator): task_group_function__4.task_3>, task_group_function__4.task_2 already registered for DAG: example_task_group_decorator
[2023-06-08T23:25:18.641+0200] {taskmixin.py:205} WARNING - Dependency <Task(BashOperator): create_entry_group>, delete_entry_group already registered for DAG: example_complex
[2023-06-08T23:25:18.642+0200] {taskmixin.py:205} WARNING - Dependency <Task(BashOperator): delete_entry_group>, create_entry_group already registered for DAG: example_complex
[2023-06-08T23:25:18.642+0200] {taskmixin.py:205} WARNING - Dependency <Task(BashOperator): create_entry_gcs>, delete_entry already registered for DAG: example_complex
[2023-06-08T23:25:18.642+0200] {taskmixin.py:205} WARNING - Dependency <Task(BashOperator): delete_entry>, create_entry_gcs already registered for DAG: example_complex
[2023-06-08T23:25:18.642+0200] {taskmixin.py:205} WARNING - Dependency <Task(BashOperator): create_tag>, delete_tag already registered for DAG: example_complex
[2023-06-08T23:25:18.643+0200] {taskmixin.py:205} WARNING - Dependency <Task(BashOperator): delete_tag>, create_tag already registered for DAG: example_complex
[2023-06-08T23:25:18.645+0200] {taskmixin.py:205} WARNING - Dependency <Task(_PythonDecoratedOperator): print_the_context>, log_sql_query already registered for DAG: example_python_operator
[2023-06-08T23:25:18.645+0200] {taskmixin.py:205} WARNING - Dependency <Task(_PythonDecoratedOperator): log_sql_query>, print_the_context already registered for DAG: example_python_operator
[2023-06-08T23:25:18.646+0200] {taskmixin.py:205} WARNING - Dependency <Task(_PythonDecoratedOperator): print_the_context>, log_sql_query already registered for DAG: example_python_operator
[2023-06-08T23:25:18.646+0200] {taskmixin.py:205} WARNING - Dependency <Task(_PythonDecoratedOperator): log_sql_query>, print_the_context already registered for DAG: example_python_operator
[2023-06-08T23:25:18.647+0200] {taskmixin.py:205} WARNING - Dependency <Task(_PythonDecoratedOperator): print_the_context>, log_sql_query already registered for DAG: example_python_operator
[2023-06-08T23:25:18.647+0200] {taskmixin.py:205} WARNING - Dependency <Task(_PythonDecoratedOperator): log_sql_query>, print_the_context already registered for DAG: example_python_operator
[2023-06-08T23:25:18.647+0200] {taskmixin.py:205} WARNING - Dependency <Task(_PythonDecoratedOperator): print_the_context>, log_sql_query already registered for DAG: example_python_operator
[2023-06-08T23:25:18.648+0200] {taskmixin.py:205} WARNING - Dependency <Task(_PythonDecoratedOperator): log_sql_query>, print_the_context already registered for DAG: example_python_operator
[2023-06-08T23:25:18.648+0200] {example_python_operator.py:85} WARNING - The virtalenv_python example task requires virtualenv, please install it.
[2023-06-08T23:25:18.649+0200] {tutorial_taskflow_api_virtualenv.py:29} WARNING - The tutorial_taskflow_api_virtualenv example DAG requires virtualenv, please install it.
[2023-06-08T23:25:18.675+0200] {taskmixin.py:205} WARNING - Dependency <Task(_PythonDecoratedOperator): extract>, transform already registered for DAG: tutorial_taskflow_api
[2023-06-08T23:25:18.676+0200] {taskmixin.py:205} WARNING - Dependency <Task(_PythonDecoratedOperator): transform>, extract already registered for DAG: tutorial_taskflow_api
[2023-06-08T23:25:18.676+0200] {taskmixin.py:205} WARNING - Dependency <Task(_PythonDecoratedOperator): extract>, transform already registered for DAG: tutorial_taskflow_api
[2023-06-08T23:25:18.676+0200] {taskmixin.py:205} WARNING - Dependency <Task(_PythonDecoratedOperator): transform>, extract already registered for DAG: tutorial_taskflow_api
[2023-06-08T23:25:18.676+0200] {taskmixin.py:205} WARNING - Dependency <Task(_PythonDecoratedOperator): extract>, transform already registered for DAG: tutorial_taskflow_api
[2023-06-08T23:25:18.676+0200] {taskmixin.py:205} WARNING - Dependency <Task(_PythonDecoratedOperator): transform>, extract already registered for DAG: tutorial_taskflow_api
[2023-06-08T23:25:18.677+0200] {taskmixin.py:205} WARNING - Dependency <Task(_PythonDecoratedOperator): extract>, transform already registered for DAG: tutorial_taskflow_api
[2023-06-08T23:25:18.677+0200] {taskmixin.py:205} WARNING - Dependency <Task(_PythonDecoratedOperator): transform>, extract already registered for DAG: tutorial_taskflow_api
[2023-06-08T23:25:18.677+0200] {taskmixin.py:205} WARNING - Dependency <Task(_PythonDecoratedOperator): extract>, transform already registered for DAG: tutorial_taskflow_api
[2023-06-08T23:25:18.677+0200] {taskmixin.py:205} WARNING - Dependency <Task(_PythonDecoratedOperator): transform>, extract already registered for DAG: tutorial_taskflow_api
[2023-06-08T23:25:18.678+0200] {taskmixin.py:205} WARNING - Dependency <Task(_PythonDecoratedOperator): extract>, transform already registered for DAG: tutorial_taskflow_api
[2023-06-08T23:25:18.678+0200] {taskmixin.py:205} WARNING - Dependency <Task(_PythonDecoratedOperator): transform>, extract already registered for DAG: tutorial_taskflow_api
[2023-06-08T23:25:18.678+0200] {taskmixin.py:205} WARNING - Dependency <Task(_PythonDecoratedOperator): transform>, load already registered for DAG: tutorial_taskflow_api
[2023-06-08T23:25:18.678+0200] {taskmixin.py:205} WARNING - Dependency <Task(_PythonDecoratedOperator): load>, transform already registered for DAG: tutorial_taskflow_api
[2023-06-08T23:25:18.679+0200] {taskmixin.py:205} WARNING - Dependency <Task(_PythonDecoratedOperator): transform>, load already registered for DAG: tutorial_taskflow_api
[2023-06-08T23:25:18.679+0200] {taskmixin.py:205} WARNING - Dependency <Task(_PythonDecoratedOperator): load>, transform already registered for DAG: tutorial_taskflow_api
[2023-06-08T23:25:18.679+0200] {taskmixin.py:205} WARNING - Dependency <Task(_PythonDecoratedOperator): transform>, load already registered for DAG: tutorial_taskflow_api
[2023-06-08T23:25:18.679+0200] {taskmixin.py:205} WARNING - Dependency <Task(_PythonDecoratedOperator): load>, transform already registered for DAG: tutorial_taskflow_api
[2023-06-08T23:25:18.679+0200] {taskmixin.py:205} WARNING - Dependency <Task(_PythonDecoratedOperator): transform>, load already registered for DAG: tutorial_taskflow_api
[2023-06-08T23:25:18.680+0200] {taskmixin.py:205} WARNING - Dependency <Task(_PythonDecoratedOperator): load>, transform already registered for DAG: tutorial_taskflow_api
[2023-06-08T23:25:18.680+0200] {taskmixin.py:205} WARNING - Dependency <Task(_PythonDecoratedOperator): transform>, load already registered for DAG: tutorial_taskflow_api
[2023-06-08T23:25:18.680+0200] {taskmixin.py:205} WARNING - Dependency <Task(_PythonDecoratedOperator): load>, transform already registered for DAG: tutorial_taskflow_api
[2023-06-08T23:25:18.680+0200] {taskmixin.py:205} WARNING - Dependency <Task(_PythonDecoratedOperator): transform>, load already registered for DAG: tutorial_taskflow_api
[2023-06-08T23:25:18.681+0200] {taskmixin.py:205} WARNING - Dependency <Task(_PythonDecoratedOperator): load>, transform already registered for DAG: tutorial_taskflow_api
[2023-06-08T23:25:18.757+0200] {taskmixin.py:205} WARNING - Dependency <Task(GetRequestOperator): get_ip>, prepare_email already registered for DAG: example_dag_decorator
[2023-06-08T23:25:18.757+0200] {taskmixin.py:205} WARNING - Dependency <Task(_PythonDecoratedOperator): prepare_email>, get_ip already registered for DAG: example_dag_decorator
[2023-06-08T23:25:18.757+0200] {taskmixin.py:205} WARNING - Dependency <Task(GetRequestOperator): get_ip>, prepare_email already registered for DAG: example_dag_decorator
[2023-06-08T23:25:18.757+0200] {taskmixin.py:205} WARNING - Dependency <Task(_PythonDecoratedOperator): prepare_email>, get_ip already registered for DAG: example_dag_decorator
[2023-06-08T23:25:18.758+0200] {taskmixin.py:205} WARNING - Dependency <Task(GetRequestOperator): get_ip>, prepare_email already registered for DAG: example_dag_decorator
[2023-06-08T23:25:18.758+0200] {taskmixin.py:205} WARNING - Dependency <Task(_PythonDecoratedOperator): prepare_email>, get_ip already registered for DAG: example_dag_decorator
[2023-06-08T23:25:18.758+0200] {taskmixin.py:205} WARNING - Dependency <Task(GetRequestOperator): get_ip>, prepare_email already registered for DAG: example_dag_decorator
[2023-06-08T23:25:18.758+0200] {taskmixin.py:205} WARNING - Dependency <Task(_PythonDecoratedOperator): prepare_email>, get_ip already registered for DAG: example_dag_decorator
[2023-06-08T23:25:18.758+0200] {taskmixin.py:205} WARNING - Dependency <Task(GetRequestOperator): get_ip>, prepare_email already registered for DAG: example_dag_decorator
[2023-06-08T23:25:18.759+0200] {taskmixin.py:205} WARNING - Dependency <Task(_PythonDecoratedOperator): prepare_email>, get_ip already registered for DAG: example_dag_decorator
[2023-06-08T23:25:18.759+0200] {taskmixin.py:205} WARNING - Dependency <Task(GetRequestOperator): get_ip>, prepare_email already registered for DAG: example_dag_decorator
[2023-06-08T23:25:18.759+0200] {taskmixin.py:205} WARNING - Dependency <Task(_PythonDecoratedOperator): prepare_email>, get_ip already registered for DAG: example_dag_decorator
[2023-06-08T23:25:18.760+0200] {taskmixin.py:205} WARNING - Dependency <Task(_PythonDecoratedOperator): prepare_email>, send_email already registered for DAG: example_dag_decorator
[2023-06-08T23:25:18.760+0200] {taskmixin.py:205} WARNING - Dependency <Task(EmailOperator): send_email>, prepare_email already registered for DAG: example_dag_decorator
[2023-06-08T23:25:18.760+0200] {taskmixin.py:205} WARNING - Dependency <Task(_PythonDecoratedOperator): prepare_email>, send_email already registered for DAG: example_dag_decorator
[2023-06-08T23:25:18.760+0200] {taskmixin.py:205} WARNING - Dependency <Task(EmailOperator): send_email>, prepare_email already registered for DAG: example_dag_decorator
[2023-06-08T23:25:18.761+0200] {taskmixin.py:205} WARNING - Dependency <Task(_PythonDecoratedOperator): prepare_email>, send_email already registered for DAG: example_dag_decorator
[2023-06-08T23:25:18.761+0200] {taskmixin.py:205} WARNING - Dependency <Task(EmailOperator): send_email>, prepare_email already registered for DAG: example_dag_decorator
[2023-06-08T23:25:18.761+0200] {taskmixin.py:205} WARNING - Dependency <Task(_PythonDecoratedOperator): prepare_email>, send_email already registered for DAG: example_dag_decorator
[2023-06-08T23:25:18.761+0200] {taskmixin.py:205} WARNING - Dependency <Task(EmailOperator): send_email>, prepare_email already registered for DAG: example_dag_decorator
[2023-06-08T23:25:18.762+0200] {taskmixin.py:205} WARNING - Dependency <Task(_PythonDecoratedOperator): prepare_email>, send_email already registered for DAG: example_dag_decorator
[2023-06-08T23:25:18.762+0200] {taskmixin.py:205} WARNING - Dependency <Task(EmailOperator): send_email>, prepare_email already registered for DAG: example_dag_decorator
[2023-06-08T23:25:18.762+0200] {taskmixin.py:205} WARNING - Dependency <Task(_PythonDecoratedOperator): prepare_email>, send_email already registered for DAG: example_dag_decorator
[2023-06-08T23:25:18.762+0200] {taskmixin.py:205} WARNING - Dependency <Task(EmailOperator): send_email>, prepare_email already registered for DAG: example_dag_decorator
[2023-06-08T23:25:18.766+0200] {taskmixin.py:205} WARNING - Dependency <Task(_PythonDecoratedOperator): push_by_returning>, puller already registered for DAG: example_xcom
[2023-06-08T23:25:18.766+0200] {taskmixin.py:205} WARNING - Dependency <Task(_PythonDecoratedOperator): puller>, push_by_returning already registered for DAG: example_xcom
[2023-06-08T23:25:18.766+0200] {taskmixin.py:205} WARNING - Dependency <Task(_PythonDecoratedOperator): push_by_returning>, puller already registered for DAG: example_xcom
[2023-06-08T23:25:18.767+0200] {taskmixin.py:205} WARNING - Dependency <Task(_PythonDecoratedOperator): puller>, push_by_returning already registered for DAG: example_xcom
[2023-06-08T23:25:18.767+0200] {taskmixin.py:205} WARNING - Dependency <Task(_PythonDecoratedOperator): push_by_returning>, puller already registered for DAG: example_xcom
[2023-06-08T23:25:18.767+0200] {taskmixin.py:205} WARNING - Dependency <Task(_PythonDecoratedOperator): puller>, push_by_returning already registered for DAG: example_xcom
[2023-06-08T23:25:18.767+0200] {taskmixin.py:205} WARNING - Dependency <Task(_PythonDecoratedOperator): push_by_returning>, puller already registered for DAG: example_xcom
[2023-06-08T23:25:18.767+0200] {taskmixin.py:205} WARNING - Dependency <Task(_PythonDecoratedOperator): puller>, push_by_returning already registered for DAG: example_xcom
[2023-06-08T23:25:18.768+0200] {taskmixin.py:205} WARNING - Dependency <Task(_PythonDecoratedOperator): push_by_returning>, puller already registered for DAG: example_xcom
[2023-06-08T23:25:18.768+0200] {taskmixin.py:205} WARNING - Dependency <Task(_PythonDecoratedOperator): puller>, push_by_returning already registered for DAG: example_xcom
[2023-06-08T23:25:18.768+0200] {taskmixin.py:205} WARNING - Dependency <Task(_PythonDecoratedOperator): push_by_returning>, puller already registered for DAG: example_xcom
[2023-06-08T23:25:18.768+0200] {taskmixin.py:205} WARNING - Dependency <Task(_PythonDecoratedOperator): puller>, push_by_returning already registered for DAG: example_xcom
[2023-06-08T23:25:18.770+0200] {taskmixin.py:205} WARNING - Dependency <Task(_PythonDecoratedOperator): generate_value>, print_value already registered for DAG: example_xcom_args
[2023-06-08T23:25:18.770+0200] {taskmixin.py:205} WARNING - Dependency <Task(_PythonDecoratedOperator): print_value>, generate_value already registered for DAG: example_xcom_args
[2023-06-08T23:25:18.770+0200] {taskmixin.py:205} WARNING - Dependency <Task(_PythonDecoratedOperator): generate_value>, print_value already registered for DAG: example_xcom_args
[2023-06-08T23:25:18.770+0200] {taskmixin.py:205} WARNING - Dependency <Task(_PythonDecoratedOperator): print_value>, generate_value already registered for DAG: example_xcom_args
[2023-06-08T23:25:18.771+0200] {taskmixin.py:205} WARNING - Dependency <Task(_PythonDecoratedOperator): generate_value>, print_value already registered for DAG: example_xcom_args
[2023-06-08T23:25:18.771+0200] {taskmixin.py:205} WARNING - Dependency <Task(_PythonDecoratedOperator): print_value>, generate_value already registered for DAG: example_xcom_args
[2023-06-08T23:25:18.771+0200] {taskmixin.py:205} WARNING - Dependency <Task(_PythonDecoratedOperator): generate_value>, print_value already registered for DAG: example_xcom_args
[2023-06-08T23:25:18.771+0200] {taskmixin.py:205} WARNING - Dependency <Task(_PythonDecoratedOperator): print_value>, generate_value already registered for DAG: example_xcom_args
[2023-06-08T23:25:18.772+0200] {taskmixin.py:205} WARNING - Dependency <Task(_PythonDecoratedOperator): generate_value>, print_value already registered for DAG: example_xcom_args
[2023-06-08T23:25:18.772+0200] {taskmixin.py:205} WARNING - Dependency <Task(_PythonDecoratedOperator): print_value>, generate_value already registered for DAG: example_xcom_args
[2023-06-08T23:25:18.772+0200] {taskmixin.py:205} WARNING - Dependency <Task(_PythonDecoratedOperator): generate_value>, print_value already registered for DAG: example_xcom_args
[2023-06-08T23:25:18.772+0200] {taskmixin.py:205} WARNING - Dependency <Task(_PythonDecoratedOperator): print_value>, generate_value already registered for DAG: example_xcom_args
[2023-06-08T23:25:18.787+0200] {example_kubernetes_executor.py:41} WARNING - The example_kubernetes_executor example DAG requires the kubernetes provider. Please install it with: pip install apache-airflow[cncf.kubernetes]
[2023-06-08T23:25:18.825+0200] {task_command.py:384} INFO - Running <TaskInstance: player_success_rate.get_baseball_data_task scheduled__2023-01-20T00:00:00+00:00 [running]> on host 1.0.0.0.0.0.0.0.0.0.0.0.0.0.0.0.0.0.0.0.0.0.0.0.0.0.0.0.0.0.0.0.ip6.arpa
[2023-06-08T23:25:18.849+0200] {taskinstance.py:1590} INFO - Exporting the following env vars:
AIRFLOW_CTX_DAG_OWNER=airflow
AIRFLOW_CTX_DAG_ID=player_success_rate
AIRFLOW_CTX_TASK_ID=get_baseball_data_task
AIRFLOW_CTX_EXECUTION_DATE=2023-01-20T00:00:00+00:00
AIRFLOW_CTX_TRY_NUMBER=2
AIRFLOW_CTX_DAG_RUN_ID=scheduled__2023-01-20T00:00:00+00:00
[2023-06-08T23:25:18.867+0200] {local_task_job.py:164} INFO - Task exited with return code Negsignal.SIGSEGV
[2023-06-08T23:25:18.878+0200] {local_task_job.py:273} INFO - 0 downstream tasks scheduled from follow-on schedule check
