[2023-05-04T18:49:49.516+0200] {processor.py:156} INFO - Started process (PID=7416) to work on /Users/brenda/miniconda3/envs/airflow/lib/python3.8/site-packages/airflow/example_dags/subdags/subdag.py
[2023-05-04T18:49:49.521+0200] {processor.py:758} INFO - Processing file /Users/brenda/miniconda3/envs/airflow/lib/python3.8/site-packages/airflow/example_dags/subdags/subdag.py for tasks to queue
[2023-05-04T18:49:49.521+0200] {logging_mixin.py:117} INFO - [2023-05-04T18:49:49.521+0200] {dagbag.py:525} INFO - Filling up the DagBag from /Users/brenda/miniconda3/envs/airflow/lib/python3.8/site-packages/airflow/example_dags/subdags/subdag.py
[2023-05-04T18:49:49.537+0200] {processor.py:770} WARNING - No viable dags retrieved from /Users/brenda/miniconda3/envs/airflow/lib/python3.8/site-packages/airflow/example_dags/subdags/subdag.py
[2023-05-04T18:49:49.767+0200] {processor.py:178} INFO - Processing /Users/brenda/miniconda3/envs/airflow/lib/python3.8/site-packages/airflow/example_dags/subdags/subdag.py took 0.252 seconds
[2023-05-04T18:50:44.040+0200] {processor.py:156} INFO - Started process (PID=7505) to work on /Users/brenda/miniconda3/envs/airflow/lib/python3.8/site-packages/airflow/example_dags/subdags/subdag.py
[2023-05-04T18:50:44.044+0200] {processor.py:758} INFO - Processing file /Users/brenda/miniconda3/envs/airflow/lib/python3.8/site-packages/airflow/example_dags/subdags/subdag.py for tasks to queue
[2023-05-04T18:50:44.044+0200] {logging_mixin.py:117} INFO - [2023-05-04T18:50:44.044+0200] {dagbag.py:525} INFO - Filling up the DagBag from /Users/brenda/miniconda3/envs/airflow/lib/python3.8/site-packages/airflow/example_dags/subdags/subdag.py
[2023-05-04T18:50:44.053+0200] {processor.py:770} WARNING - No viable dags retrieved from /Users/brenda/miniconda3/envs/airflow/lib/python3.8/site-packages/airflow/example_dags/subdags/subdag.py
[2023-05-04T18:50:44.138+0200] {processor.py:178} INFO - Processing /Users/brenda/miniconda3/envs/airflow/lib/python3.8/site-packages/airflow/example_dags/subdags/subdag.py took 0.098 seconds
[2023-05-04T18:51:43.193+0200] {processor.py:156} INFO - Started process (PID=7621) to work on /Users/brenda/miniconda3/envs/airflow/lib/python3.8/site-packages/airflow/example_dags/subdags/subdag.py
[2023-05-04T18:51:43.197+0200] {processor.py:758} INFO - Processing file /Users/brenda/miniconda3/envs/airflow/lib/python3.8/site-packages/airflow/example_dags/subdags/subdag.py for tasks to queue
[2023-05-04T18:51:43.197+0200] {logging_mixin.py:117} INFO - [2023-05-04T18:51:43.197+0200] {dagbag.py:525} INFO - Filling up the DagBag from /Users/brenda/miniconda3/envs/airflow/lib/python3.8/site-packages/airflow/example_dags/subdags/subdag.py
[2023-05-04T18:51:43.206+0200] {processor.py:770} WARNING - No viable dags retrieved from /Users/brenda/miniconda3/envs/airflow/lib/python3.8/site-packages/airflow/example_dags/subdags/subdag.py
[2023-05-04T18:51:43.289+0200] {processor.py:178} INFO - Processing /Users/brenda/miniconda3/envs/airflow/lib/python3.8/site-packages/airflow/example_dags/subdags/subdag.py took 0.096 seconds
[2023-05-04T18:52:36.453+0200] {processor.py:156} INFO - Started process (PID=7760) to work on /Users/brenda/miniconda3/envs/airflow/lib/python3.8/site-packages/airflow/example_dags/subdags/subdag.py
[2023-05-04T18:52:36.456+0200] {processor.py:758} INFO - Processing file /Users/brenda/miniconda3/envs/airflow/lib/python3.8/site-packages/airflow/example_dags/subdags/subdag.py for tasks to queue
[2023-05-04T18:52:36.457+0200] {logging_mixin.py:117} INFO - [2023-05-04T18:52:36.457+0200] {dagbag.py:525} INFO - Filling up the DagBag from /Users/brenda/miniconda3/envs/airflow/lib/python3.8/site-packages/airflow/example_dags/subdags/subdag.py
[2023-05-04T18:52:36.466+0200] {processor.py:770} WARNING - No viable dags retrieved from /Users/brenda/miniconda3/envs/airflow/lib/python3.8/site-packages/airflow/example_dags/subdags/subdag.py
[2023-05-04T18:52:36.555+0200] {processor.py:178} INFO - Processing /Users/brenda/miniconda3/envs/airflow/lib/python3.8/site-packages/airflow/example_dags/subdags/subdag.py took 0.103 seconds
[2023-05-04T18:53:26.751+0200] {processor.py:156} INFO - Started process (PID=7842) to work on /Users/brenda/miniconda3/envs/airflow/lib/python3.8/site-packages/airflow/example_dags/subdags/subdag.py
[2023-05-04T18:53:26.755+0200] {processor.py:758} INFO - Processing file /Users/brenda/miniconda3/envs/airflow/lib/python3.8/site-packages/airflow/example_dags/subdags/subdag.py for tasks to queue
[2023-05-04T18:53:26.755+0200] {logging_mixin.py:117} INFO - [2023-05-04T18:53:26.755+0200] {dagbag.py:525} INFO - Filling up the DagBag from /Users/brenda/miniconda3/envs/airflow/lib/python3.8/site-packages/airflow/example_dags/subdags/subdag.py
[2023-05-04T18:53:26.764+0200] {processor.py:770} WARNING - No viable dags retrieved from /Users/brenda/miniconda3/envs/airflow/lib/python3.8/site-packages/airflow/example_dags/subdags/subdag.py
[2023-05-04T18:53:26.847+0200] {processor.py:178} INFO - Processing /Users/brenda/miniconda3/envs/airflow/lib/python3.8/site-packages/airflow/example_dags/subdags/subdag.py took 0.096 seconds
[2023-05-04T18:54:57.303+0200] {processor.py:156} INFO - Started process (PID=7928) to work on /Users/brenda/miniconda3/envs/airflow/lib/python3.8/site-packages/airflow/example_dags/subdags/subdag.py
[2023-05-04T18:54:57.307+0200] {processor.py:758} INFO - Processing file /Users/brenda/miniconda3/envs/airflow/lib/python3.8/site-packages/airflow/example_dags/subdags/subdag.py for tasks to queue
[2023-05-04T18:54:57.307+0200] {logging_mixin.py:117} INFO - [2023-05-04T18:54:57.307+0200] {dagbag.py:525} INFO - Filling up the DagBag from /Users/brenda/miniconda3/envs/airflow/lib/python3.8/site-packages/airflow/example_dags/subdags/subdag.py
[2023-05-04T18:54:57.315+0200] {processor.py:770} WARNING - No viable dags retrieved from /Users/brenda/miniconda3/envs/airflow/lib/python3.8/site-packages/airflow/example_dags/subdags/subdag.py
[2023-05-04T18:54:57.404+0200] {processor.py:178} INFO - Processing /Users/brenda/miniconda3/envs/airflow/lib/python3.8/site-packages/airflow/example_dags/subdags/subdag.py took 0.101 seconds
[2023-05-04T19:27:33.568+0200] {processor.py:156} INFO - Started process (PID=8058) to work on /Users/brenda/miniconda3/envs/airflow/lib/python3.8/site-packages/airflow/example_dags/subdags/subdag.py
[2023-05-04T19:27:33.572+0200] {processor.py:758} INFO - Processing file /Users/brenda/miniconda3/envs/airflow/lib/python3.8/site-packages/airflow/example_dags/subdags/subdag.py for tasks to queue
[2023-05-04T19:27:33.572+0200] {logging_mixin.py:117} INFO - [2023-05-04T19:27:33.572+0200] {dagbag.py:525} INFO - Filling up the DagBag from /Users/brenda/miniconda3/envs/airflow/lib/python3.8/site-packages/airflow/example_dags/subdags/subdag.py
[2023-05-04T19:27:33.581+0200] {processor.py:770} WARNING - No viable dags retrieved from /Users/brenda/miniconda3/envs/airflow/lib/python3.8/site-packages/airflow/example_dags/subdags/subdag.py
[2023-05-04T19:27:33.678+0200] {processor.py:178} INFO - Processing /Users/brenda/miniconda3/envs/airflow/lib/python3.8/site-packages/airflow/example_dags/subdags/subdag.py took 0.110 seconds
[2023-05-04T20:33:07.009+0200] {processor.py:156} INFO - Started process (PID=8147) to work on /Users/brenda/miniconda3/envs/airflow/lib/python3.8/site-packages/airflow/example_dags/subdags/subdag.py
[2023-05-04T20:33:07.012+0200] {processor.py:758} INFO - Processing file /Users/brenda/miniconda3/envs/airflow/lib/python3.8/site-packages/airflow/example_dags/subdags/subdag.py for tasks to queue
[2023-05-04T20:33:07.013+0200] {logging_mixin.py:117} INFO - [2023-05-04T20:33:07.013+0200] {dagbag.py:525} INFO - Filling up the DagBag from /Users/brenda/miniconda3/envs/airflow/lib/python3.8/site-packages/airflow/example_dags/subdags/subdag.py
[2023-05-04T20:33:07.022+0200] {processor.py:770} WARNING - No viable dags retrieved from /Users/brenda/miniconda3/envs/airflow/lib/python3.8/site-packages/airflow/example_dags/subdags/subdag.py
[2023-05-04T20:33:07.107+0200] {processor.py:178} INFO - Processing /Users/brenda/miniconda3/envs/airflow/lib/python3.8/site-packages/airflow/example_dags/subdags/subdag.py took 0.099 seconds
[2023-05-04T21:55:55.203+0200] {processor.py:156} INFO - Started process (PID=8259) to work on /Users/brenda/miniconda3/envs/airflow/lib/python3.8/site-packages/airflow/example_dags/subdags/subdag.py
[2023-05-04T21:55:55.207+0200] {processor.py:758} INFO - Processing file /Users/brenda/miniconda3/envs/airflow/lib/python3.8/site-packages/airflow/example_dags/subdags/subdag.py for tasks to queue
[2023-05-04T21:55:55.208+0200] {logging_mixin.py:117} INFO - [2023-05-04T21:55:55.208+0200] {dagbag.py:525} INFO - Filling up the DagBag from /Users/brenda/miniconda3/envs/airflow/lib/python3.8/site-packages/airflow/example_dags/subdags/subdag.py
[2023-05-04T21:55:55.216+0200] {processor.py:770} WARNING - No viable dags retrieved from /Users/brenda/miniconda3/envs/airflow/lib/python3.8/site-packages/airflow/example_dags/subdags/subdag.py
[2023-05-04T21:55:55.302+0200] {processor.py:178} INFO - Processing /Users/brenda/miniconda3/envs/airflow/lib/python3.8/site-packages/airflow/example_dags/subdags/subdag.py took 0.099 seconds
[2023-05-04T23:22:04.294+0200] {processor.py:156} INFO - Started process (PID=8405) to work on /Users/brenda/miniconda3/envs/airflow/lib/python3.8/site-packages/airflow/example_dags/subdags/subdag.py
[2023-05-04T23:22:04.298+0200] {processor.py:758} INFO - Processing file /Users/brenda/miniconda3/envs/airflow/lib/python3.8/site-packages/airflow/example_dags/subdags/subdag.py for tasks to queue
[2023-05-04T23:22:04.298+0200] {logging_mixin.py:117} INFO - [2023-05-04T23:22:04.298+0200] {dagbag.py:525} INFO - Filling up the DagBag from /Users/brenda/miniconda3/envs/airflow/lib/python3.8/site-packages/airflow/example_dags/subdags/subdag.py
[2023-05-04T23:22:04.306+0200] {processor.py:770} WARNING - No viable dags retrieved from /Users/brenda/miniconda3/envs/airflow/lib/python3.8/site-packages/airflow/example_dags/subdags/subdag.py
[2023-05-04T23:22:04.390+0200] {processor.py:178} INFO - Processing /Users/brenda/miniconda3/envs/airflow/lib/python3.8/site-packages/airflow/example_dags/subdags/subdag.py took 0.096 seconds
[2023-05-05T00:42:05.176+0200] {processor.py:156} INFO - Started process (PID=8534) to work on /Users/brenda/miniconda3/envs/airflow/lib/python3.8/site-packages/airflow/example_dags/subdags/subdag.py
[2023-05-05T00:42:05.180+0200] {processor.py:758} INFO - Processing file /Users/brenda/miniconda3/envs/airflow/lib/python3.8/site-packages/airflow/example_dags/subdags/subdag.py for tasks to queue
[2023-05-05T00:42:05.181+0200] {logging_mixin.py:117} INFO - [2023-05-05T00:42:05.181+0200] {dagbag.py:525} INFO - Filling up the DagBag from /Users/brenda/miniconda3/envs/airflow/lib/python3.8/site-packages/airflow/example_dags/subdags/subdag.py
[2023-05-05T00:42:05.189+0200] {processor.py:770} WARNING - No viable dags retrieved from /Users/brenda/miniconda3/envs/airflow/lib/python3.8/site-packages/airflow/example_dags/subdags/subdag.py
[2023-05-05T00:42:05.273+0200] {processor.py:178} INFO - Processing /Users/brenda/miniconda3/envs/airflow/lib/python3.8/site-packages/airflow/example_dags/subdags/subdag.py took 0.097 seconds
